[ 2015-09-02T19:11:46+08:00 ] 127.0.0.1 /index.php/Home/Index/ajaxChkLogin
INFO: [ app_begin ] --START--
INFO: Run Behavior\ReadHtmlCacheBehavior [ RunTime:0.000000s ]
INFO: [ app_begin ] --END-- [ RunTime:0.015625s ]
SQL: SHOW COLUMNS FROM `sh_article_cat` [ RunTime:0.6719s ]
SQL: SELECT * FROM `sh_article_cat`  [ RunTime:0.0000s ]
SQL: SHOW COLUMNS FROM `sh_article` [ RunTime:0.0625s ]
SQL: SELECT * FROM `sh_article` WHERE ( cat_id=3 )  [ RunTime:0.0469s ]
SQL: SELECT * FROM `sh_article` WHERE ( cat_id=2 )  [ RunTime:0.0000s ]
SQL: SELECT * FROM `sh_article` WHERE ( cat_id=4 )  [ RunTime:0.0000s ]
SQL: SELECT * FROM `sh_article` WHERE ( cat_id=5 )  [ RunTime:0.0000s ]
SQL: SELECT * FROM `sh_article` WHERE ( cat_id=6 )  [ RunTime:0.0000s ]
SQL: SHOW COLUMNS FROM `sh_buttons` [ RunTime:0.0313s ]
SQL: SELECT * FROM `sh_buttons`  [ RunTime:0.0000s ]
SQL: SHOW COLUMNS FROM `sh_shop_config` [ RunTime:0.0625s ]
SQL: SELECT * FROM `sh_shop_config`  [ RunTime:0.0000s ]
SQL: SHOW COLUMNS FROM `sh_category` [ RunTime:0.0469s ]
SQL: SELECT * FROM `sh_category` WHERE ( parent_id=0 )  [ RunTime:0.0000s ]
SQL: SELECT * FROM `sh_category` WHERE ( parent_id=55 )  [ RunTime:0.0000s ]
SQL: SELECT * FROM `sh_category` WHERE ( parent_id=67 )  [ RunTime:0.0000s ]
SQL: SELECT * FROM `sh_category` WHERE ( parent_id=54 )  [ RunTime:0.0000s ]
SQL: SELECT * FROM `sh_category` WHERE ( parent_id=71 )  [ RunTime:0.0000s ]
SQL: SELECT * FROM `sh_category` WHERE ( parent_id=58 )  [ RunTime:0.0000s ]
SQL: SELECT * FROM `sh_category` WHERE ( parent_id=73 )  [ RunTime:0.0000s ]
SQL: SELECT * FROM `sh_category` WHERE ( parent_id=57 )  [ RunTime:0.0000s ]
SQL: SELECT * FROM `sh_category` WHERE ( parent_id=75 )  [ RunTime:0.0000s ]
SQL: SELECT * FROM `sh_category` WHERE ( parent_id=56 )  [ RunTime:0.0000s ]
SQL: SELECT * FROM `sh_category` WHERE ( parent_id=77 )  [ RunTime:0.0000s ]
SQL: SELECT * FROM `sh_category` WHERE ( parent_id=59 )  [ RunTime:0.0000s ]
SQL: SELECT * FROM `sh_category` WHERE ( parent_id=79 )  [ RunTime:0.0000s ]
SQL: SELECT * FROM `sh_category` WHERE ( parent_id=60 )  [ RunTime:0.0000s ]
SQL: SELECT * FROM `sh_category` WHERE ( parent_id=81 )  [ RunTime:0.0000s ]
SQL: SELECT * FROM `sh_category` WHERE ( parent_id=61 )  [ RunTime:0.0000s ]
SQL: SELECT * FROM `sh_category` WHERE ( parent_id=83 )  [ RunTime:0.0000s ]
SQL: SELECT * FROM `sh_category` WHERE ( parent_id=62 )  [ RunTime:0.0000s ]
SQL: SELECT * FROM `sh_category` WHERE ( parent_id=85 )  [ RunTime:0.0000s ]
SQL: SELECT * FROM `sh_category` WHERE ( parent_id=63 )  [ RunTime:0.0000s ]
SQL: SELECT * FROM `sh_category` WHERE ( parent_id=87 )  [ RunTime:0.0000s ]
SQL: SELECT * FROM `sh_category` WHERE ( parent_id=64 )  [ RunTime:0.0000s ]
SQL: SELECT * FROM `sh_category` WHERE ( parent_id=89 )  [ RunTime:0.0000s ]
SQL: SELECT * FROM `sh_category` WHERE ( parent_id=65 )  [ RunTime:0.0000s ]
SQL: SELECT * FROM `sh_category` WHERE ( parent_id=91 )  [ RunTime:0.0000s ]
SQL: SELECT * FROM `sh_category` WHERE ( parent_id=66 )  [ RunTime:0.0000s ]
SQL: SELECT * FROM `sh_category` WHERE ( parent_id=93 )  [ RunTime:0.0000s ]
INFO: [ app_end ] --START--
INFO: Run Behavior\ShowPageTraceBehavior [ RunTime:0.031250s ]
INFO: [ app_end ] --END-- [ RunTime:0.031250s ]

[ 2015-09-02T19:13:23+08:00 ] 127.0.0.1 /index.php/Home/Index/ajaxChkLogin
INFO: [ app_begin ] --START--
INFO: Run Behavior\ReadHtmlCacheBehavior [ RunTime:0.000000s ]
INFO: [ app_begin ] --END-- [ RunTime:0.000000s ]
SQL: SHOW COLUMNS FROM `sh_article_cat` [ RunTime:0.0156s ]
SQL: SELECT * FROM `sh_article_cat`  [ RunTime:0.0000s ]
SQL: SHOW COLUMNS FROM `sh_article` [ RunTime:0.0000s ]
SQL: SELECT * FROM `sh_article` WHERE ( cat_id=3 )  [ RunTime:0.0000s ]
SQL: SELECT * FROM `sh_article` WHERE ( cat_id=2 )  [ RunTime:0.0000s ]
SQL: SELECT * FROM `sh_article` WHERE ( cat_id=4 )  [ RunTime:0.0000s ]
SQL: SELECT * FROM `sh_article` WHERE ( cat_id=5 )  [ RunTime:0.0000s ]
SQL: SELECT * FROM `sh_article` WHERE ( cat_id=6 )  [ RunTime:0.0000s ]
SQL: SHOW COLUMNS FROM `sh_buttons` [ RunTime:0.0156s ]
SQL: SELECT * FROM `sh_buttons`  [ RunTime:0.0000s ]
SQL: SHOW COLUMNS FROM `sh_shop_config` [ RunTime:0.0156s ]
SQL: SELECT * FROM `sh_shop_config`  [ RunTime:0.0000s ]
SQL: SHOW COLUMNS FROM `sh_category` [ RunTime:0.0156s ]
SQL: SELECT * FROM `sh_category` WHERE ( parent_id=0 )  [ RunTime:0.0000s ]
SQL: SELECT * FROM `sh_category` WHERE ( parent_id=55 )  [ RunTime:0.0000s ]
SQL: SELECT * FROM `sh_category` WHERE ( parent_id=67 )  [ RunTime:0.0000s ]
SQL: SELECT * FROM `sh_category` WHERE ( parent_id=54 )  [ RunTime:0.0000s ]
SQL: SELECT * FROM `sh_category` WHERE ( parent_id=71 )  [ RunTime:0.0000s ]
SQL: SELECT * FROM `sh_category` WHERE ( parent_id=58 )  [ RunTime:0.0156s ]
SQL: SELECT * FROM `sh_category` WHERE ( parent_id=73 )  [ RunTime:0.0000s ]
SQL: SELECT * FROM `sh_category` WHERE ( parent_id=57 )  [ RunTime:0.0000s ]
SQL: SELECT * FROM `sh_category` WHERE ( parent_id=75 )  [ RunTime:0.0000s ]
SQL: SELECT * FROM `sh_category` WHERE ( parent_id=56 )  [ RunTime:0.0000s ]
SQL: SELECT * FROM `sh_category` WHERE ( parent_id=77 )  [ RunTime:0.0000s ]
SQL: SELECT * FROM `sh_category` WHERE ( parent_id=59 )  [ RunTime:0.0000s ]
SQL: SELECT * FROM `sh_category` WHERE ( parent_id=79 )  [ RunTime:0.0000s ]
SQL: SELECT * FROM `sh_category` WHERE ( parent_id=60 )  [ RunTime:0.0000s ]
SQL: SELECT * FROM `sh_category` WHERE ( parent_id=81 )  [ RunTime:0.0000s ]
SQL: SELECT * FROM `sh_category` WHERE ( parent_id=61 )  [ RunTime:0.0000s ]
SQL: SELECT * FROM `sh_category` WHERE ( parent_id=83 )  [ RunTime:0.0000s ]
SQL: SELECT * FROM `sh_category` WHERE ( parent_id=62 )  [ RunTime:0.0000s ]
SQL: SELECT * FROM `sh_category` WHERE ( parent_id=85 )  [ RunTime:0.0000s ]
SQL: SELECT * FROM `sh_category` WHERE ( parent_id=63 )  [ RunTime:0.0000s ]
SQL: SELECT * FROM `sh_category` WHERE ( parent_id=87 )  [ RunTime:0.0000s ]
SQL: SELECT * FROM `sh_category` WHERE ( parent_id=64 )  [ RunTime:0.0000s ]
SQL: SELECT * FROM `sh_category` WHERE ( parent_id=89 )  [ RunTime:0.0000s ]
SQL: SELECT * FROM `sh_category` WHERE ( parent_id=65 )  [ RunTime:0.0000s ]
SQL: SELECT * FROM `sh_category` WHERE ( parent_id=91 )  [ RunTime:0.0000s ]
SQL: SELECT * FROM `sh_category` WHERE ( parent_id=66 )  [ RunTime:0.0000s ]
SQL: SELECT * FROM `sh_category` WHERE ( parent_id=93 )  [ RunTime:0.0000s ]
INFO: [ app_end ] --START--
INFO: Run Behavior\ShowPageTraceBehavior [ RunTime:0.000000s ]
INFO: [ app_end ] --END-- [ RunTime:0.000000s ]

[ 2015-09-02T19:13:23+08:00 ] 127.0.0.1 /Home/Index/ajaxGetRemarkConfig/
INFO: [ app_begin ] --START--
INFO: Run Behavior\ReadHtmlCacheBehavior [ RunTime:0.000000s ]
INFO: [ app_begin ] --END-- [ RunTime:0.000000s ]
SQL: SHOW COLUMNS FROM `sh_article_cat` [ RunTime:0.0156s ]
SQL: SELECT * FROM `sh_article_cat`  [ RunTime:0.0000s ]
SQL: SHOW COLUMNS FROM `sh_article` [ RunTime:0.0156s ]
SQL: SELECT * FROM `sh_article` WHERE ( cat_id=3 )  [ RunTime:0.0000s ]
SQL: SELECT * FROM `sh_article` WHERE ( cat_id=2 )  [ RunTime:0.0000s ]
SQL: SELECT * FROM `sh_article` WHERE ( cat_id=4 )  [ RunTime:0.0000s ]
SQL: SELECT * FROM `sh_article` WHERE ( cat_id=5 )  [ RunTime:0.0000s ]
SQL: SELECT * FROM `sh_article` WHERE ( cat_id=6 )  [ RunTime:0.0000s ]
SQL: SHOW COLUMNS FROM `sh_buttons` [ RunTime:0.0156s ]
SQL: SELECT * FROM `sh_buttons`  [ RunTime:0.0000s ]
SQL: SHOW COLUMNS FROM `sh_shop_config` [ RunTime:0.0000s ]
SQL: SELECT * FROM `sh_shop_config`  [ RunTime:0.0000s ]
SQL: SHOW COLUMNS FROM `sh_category` [ RunTime:0.0000s ]
SQL: SELECT * FROM `sh_category` WHERE ( parent_id=0 )  [ RunTime:0.0000s ]
SQL: SELECT * FROM `sh_category` WHERE ( parent_id=55 )  [ RunTime:0.0000s ]
SQL: SELECT * FROM `sh_category` WHERE ( parent_id=67 )  [ RunTime:0.0000s ]
SQL: SELECT * FROM `sh_category` WHERE ( parent_id=54 )  [ RunTime:0.0000s ]
SQL: SELECT * FROM `sh_category` WHERE ( parent_id=71 )  [ RunTime:0.0000s ]
SQL: SELECT * FROM `sh_category` WHERE ( parent_id=58 )  [ RunTime:0.0000s ]
SQL: SELECT * FROM `sh_category` WHERE ( parent_id=73 )  [ RunTime:0.0156s ]
SQL: SELECT * FROM `sh_category` WHERE ( parent_id=57 )  [ RunTime:0.0000s ]
SQL: SELECT * FROM `sh_category` WHERE ( parent_id=75 )  [ RunTime:0.0000s ]
SQL: SELECT * FROM `sh_category` WHERE ( parent_id=56 )  [ RunTime:0.0000s ]
SQL: SELECT * FROM `sh_category` WHERE ( parent_id=77 )  [ RunTime:0.0000s ]
SQL: SELECT * FROM `sh_category` WHERE ( parent_id=59 )  [ RunTime:0.0000s ]
SQL: SELECT * FROM `sh_category` WHERE ( parent_id=79 )  [ RunTime:0.0000s ]
SQL: SELECT * FROM `sh_category` WHERE ( parent_id=60 )  [ RunTime:0.0000s ]
SQL: SELECT * FROM `sh_category` WHERE ( parent_id=81 )  [ RunTime:0.0000s ]
SQL: SELECT * FROM `sh_category` WHERE ( parent_id=61 )  [ RunTime:0.0000s ]
SQL: SELECT * FROM `sh_category` WHERE ( parent_id=83 )  [ RunTime:0.0000s ]
SQL: SELECT * FROM `sh_category` WHERE ( parent_id=62 )  [ RunTime:0.0000s ]
SQL: SELECT * FROM `sh_category` WHERE ( parent_id=85 )  [ RunTime:0.0000s ]
SQL: SELECT * FROM `sh_category` WHERE ( parent_id=63 )  [ RunTime:0.0000s ]
SQL: SELECT * FROM `sh_category` WHERE ( parent_id=87 )  [ RunTime:0.0000s ]
SQL: SELECT * FROM `sh_category` WHERE ( parent_id=64 )  [ RunTime:0.0000s ]
SQL: SELECT * FROM `sh_category` WHERE ( parent_id=89 )  [ RunTime:0.0000s ]
SQL: SELECT * FROM `sh_category` WHERE ( parent_id=65 )  [ RunTime:0.0000s ]
SQL: SELECT * FROM `sh_category` WHERE ( parent_id=91 )  [ RunTime:0.0000s ]
SQL: SELECT * FROM `sh_category` WHERE ( parent_id=66 )  [ RunTime:0.0000s ]
SQL: SELECT * FROM `sh_category` WHERE ( parent_id=93 )  [ RunTime:0.0000s ]
INFO: [ app_end ] --START--
INFO: Run Behavior\ShowPageTraceBehavior [ RunTime:0.015625s ]
INFO: [ app_end ] --END-- [ RunTime:0.015625s ]

[ 2015-09-02T19:17:26+08:00 ] 127.0.0.1 /Home/Index/ajaxRemark
INFO: [ app_begin ] --START--
INFO: Run Behavior\ReadHtmlCacheBehavior [ RunTime:0.000000s ]
INFO: [ app_begin ] --END-- [ RunTime:0.000000s ]
SQL: SHOW COLUMNS FROM `sh_article_cat` [ RunTime:0.0156s ]
SQL: SELECT * FROM `sh_article_cat`  [ RunTime:0.0000s ]
SQL: SHOW COLUMNS FROM `sh_article` [ RunTime:0.0000s ]
SQL: SELECT * FROM `sh_article` WHERE ( cat_id=3 )  [ RunTime:0.0000s ]
SQL: SELECT * FROM `sh_article` WHERE ( cat_id=2 )  [ RunTime:0.0000s ]
SQL: SELECT * FROM `sh_article` WHERE ( cat_id=4 )  [ RunTime:0.0000s ]
SQL: SELECT * FROM `sh_article` WHERE ( cat_id=5 )  [ RunTime:0.0000s ]
SQL: SELECT * FROM `sh_article` WHERE ( cat_id=6 )  [ RunTime:0.0000s ]
SQL: SHOW COLUMNS FROM `sh_buttons` [ RunTime:0.0313s ]
SQL: SELECT * FROM `sh_buttons`  [ RunTime:0.0000s ]
SQL: SHOW COLUMNS FROM `sh_shop_config` [ RunTime:0.0000s ]
SQL: SELECT * FROM `sh_shop_config`  [ RunTime:0.0000s ]
SQL: SHOW COLUMNS FROM `sh_category` [ RunTime:0.0156s ]
SQL: SELECT * FROM `sh_category` WHERE ( parent_id=0 )  [ RunTime:0.0000s ]
SQL: SELECT * FROM `sh_category` WHERE ( parent_id=55 )  [ RunTime:0.0000s ]
SQL: SELECT * FROM `sh_category` WHERE ( parent_id=67 )  [ RunTime:0.0000s ]
SQL: SELECT * FROM `sh_category` WHERE ( parent_id=54 )  [ RunTime:0.0000s ]
SQL: SELECT * FROM `sh_category` WHERE ( parent_id=71 )  [ RunTime:0.0000s ]
SQL: SELECT * FROM `sh_category` WHERE ( parent_id=58 )  [ RunTime:0.0156s ]
SQL: SELECT * FROM `sh_category` WHERE ( parent_id=73 )  [ RunTime:0.0000s ]
SQL: SELECT * FROM `sh_category` WHERE ( parent_id=57 )  [ RunTime:0.0000s ]
SQL: SELECT * FROM `sh_category` WHERE ( parent_id=75 )  [ RunTime:0.0000s ]
SQL: SELECT * FROM `sh_category` WHERE ( parent_id=56 )  [ RunTime:0.0000s ]
SQL: SELECT * FROM `sh_category` WHERE ( parent_id=77 )  [ RunTime:0.0000s ]
SQL: SELECT * FROM `sh_category` WHERE ( parent_id=59 )  [ RunTime:0.0000s ]
SQL: SELECT * FROM `sh_category` WHERE ( parent_id=79 )  [ RunTime:0.0000s ]
SQL: SELECT * FROM `sh_category` WHERE ( parent_id=60 )  [ RunTime:0.0000s ]
SQL: SELECT * FROM `sh_category` WHERE ( parent_id=81 )  [ RunTime:0.0000s ]
SQL: SELECT * FROM `sh_category` WHERE ( parent_id=61 )  [ RunTime:0.0000s ]
SQL: SELECT * FROM `sh_category` WHERE ( parent_id=83 )  [ RunTime:0.0000s ]
SQL: SELECT * FROM `sh_category` WHERE ( parent_id=62 )  [ RunTime:0.0000s ]
SQL: SELECT * FROM `sh_category` WHERE ( parent_id=85 )  [ RunTime:0.0000s ]
SQL: SELECT * FROM `sh_category` WHERE ( parent_id=63 )  [ RunTime:0.0000s ]
SQL: SELECT * FROM `sh_category` WHERE ( parent_id=87 )  [ RunTime:0.0000s ]
SQL: SELECT * FROM `sh_category` WHERE ( parent_id=64 )  [ RunTime:0.0000s ]
SQL: SELECT * FROM `sh_category` WHERE ( parent_id=89 )  [ RunTime:0.0000s ]
SQL: SELECT * FROM `sh_category` WHERE ( parent_id=65 )  [ RunTime:0.0000s ]
SQL: SELECT * FROM `sh_category` WHERE ( parent_id=91 )  [ RunTime:0.0000s ]
SQL: SELECT * FROM `sh_category` WHERE ( parent_id=66 )  [ RunTime:0.0000s ]
SQL: SELECT * FROM `sh_category` WHERE ( parent_id=93 )  [ RunTime:0.0000s ]
SQL: SHOW COLUMNS FROM `sh_remark` [ RunTime:0.0156s ]

[ 2015-09-02T19:18:57+08:00 ] 127.0.0.1 /Home/Index/ajaxRemark
INFO: [ app_begin ] --START--
INFO: Run Behavior\ReadHtmlCacheBehavior [ RunTime:0.000000s ]
INFO: [ app_begin ] --END-- [ RunTime:0.000000s ]
SQL: SHOW COLUMNS FROM `sh_article_cat` [ RunTime:0.0000s ]
SQL: SELECT * FROM `sh_article_cat`  [ RunTime:0.0000s ]
SQL: SHOW COLUMNS FROM `sh_article` [ RunTime:0.0156s ]
SQL: SELECT * FROM `sh_article` WHERE ( cat_id=3 )  [ RunTime:0.0000s ]
SQL: SELECT * FROM `sh_article` WHERE ( cat_id=2 )  [ RunTime:0.0000s ]
SQL: SELECT * FROM `sh_article` WHERE ( cat_id=4 )  [ RunTime:0.0000s ]
SQL: SELECT * FROM `sh_article` WHERE ( cat_id=5 )  [ RunTime:0.0000s ]
SQL: SELECT * FROM `sh_article` WHERE ( cat_id=6 )  [ RunTime:0.0000s ]
SQL: SHOW COLUMNS FROM `sh_buttons` [ RunTime:0.0000s ]
SQL: SELECT * FROM `sh_buttons`  [ RunTime:0.0156s ]
SQL: SHOW COLUMNS FROM `sh_shop_config` [ RunTime:0.0000s ]
SQL: SELECT * FROM `sh_shop_config`  [ RunTime:0.0000s ]
SQL: SHOW COLUMNS FROM `sh_category` [ RunTime:0.0156s ]
SQL: SELECT * FROM `sh_category` WHERE ( parent_id=0 )  [ RunTime:0.0000s ]
SQL: SELECT * FROM `sh_category` WHERE ( parent_id=55 )  [ RunTime:0.0000s ]
SQL: SELECT * FROM `sh_category` WHERE ( parent_id=67 )  [ RunTime:0.0000s ]
SQL: SELECT * FROM `sh_category` WHERE ( parent_id=54 )  [ RunTime:0.0000s ]
SQL: SELECT * FROM `sh_category` WHERE ( parent_id=71 )  [ RunTime:0.0000s ]
SQL: SELECT * FROM `sh_category` WHERE ( parent_id=58 )  [ RunTime:0.0000s ]
SQL: SELECT * FROM `sh_category` WHERE ( parent_id=73 )  [ RunTime:0.0000s ]
SQL: SELECT * FROM `sh_category` WHERE ( parent_id=57 )  [ RunTime:0.0000s ]
SQL: SELECT * FROM `sh_category` WHERE ( parent_id=75 )  [ RunTime:0.0000s ]
SQL: SELECT * FROM `sh_category` WHERE ( parent_id=56 )  [ RunTime:0.0000s ]
SQL: SELECT * FROM `sh_category` WHERE ( parent_id=77 )  [ RunTime:0.0000s ]
SQL: SELECT * FROM `sh_category` WHERE ( parent_id=59 )  [ RunTime:0.0000s ]
SQL: SELECT * FROM `sh_category` WHERE ( parent_id=79 )  [ RunTime:0.0000s ]
SQL: SELECT * FROM `sh_category` WHERE ( parent_id=60 )  [ RunTime:0.0000s ]
SQL: SELECT * FROM `sh_category` WHERE ( parent_id=81 )  [ RunTime:0.0000s ]
SQL: SELECT * FROM `sh_category` WHERE ( parent_id=61 )  [ RunTime:0.0000s ]
SQL: SELECT * FROM `sh_category` WHERE ( parent_id=83 )  [ RunTime:0.0000s ]
SQL: SELECT * FROM `sh_category` WHERE ( parent_id=62 )  [ RunTime:0.0000s ]
SQL: SELECT * FROM `sh_category` WHERE ( parent_id=85 )  [ RunTime:0.0000s ]
SQL: SELECT * FROM `sh_category` WHERE ( parent_id=63 )  [ RunTime:0.0000s ]
SQL: SELECT * FROM `sh_category` WHERE ( parent_id=87 )  [ RunTime:0.0000s ]
SQL: SELECT * FROM `sh_category` WHERE ( parent_id=64 )  [ RunTime:0.0000s ]
SQL: SELECT * FROM `sh_category` WHERE ( parent_id=89 )  [ RunTime:0.0000s ]
SQL: SELECT * FROM `sh_category` WHERE ( parent_id=65 )  [ RunTime:0.0000s ]
SQL: SELECT * FROM `sh_category` WHERE ( parent_id=91 )  [ RunTime:0.0000s ]
SQL: SELECT * FROM `sh_category` WHERE ( parent_id=66 )  [ RunTime:0.0000s ]
SQL: SELECT * FROM `sh_category` WHERE ( parent_id=93 )  [ RunTime:0.0000s ]

[ 2015-09-02T19:19:21+08:00 ] 127.0.0.1 /index.php/Home/Index/ajaxChkLogin
INFO: [ app_begin ] --START--
INFO: Run Behavior\ReadHtmlCacheBehavior [ RunTime:0.000000s ]
INFO: [ app_begin ] --END-- [ RunTime:0.000000s ]
SQL: SHOW COLUMNS FROM `sh_article_cat` [ RunTime:0.0000s ]
SQL: SELECT * FROM `sh_article_cat`  [ RunTime:0.0000s ]
SQL: SHOW COLUMNS FROM `sh_article` [ RunTime:0.0156s ]
SQL: SELECT * FROM `sh_article` WHERE ( cat_id=3 )  [ RunTime:0.0000s ]
SQL: SELECT * FROM `sh_article` WHERE ( cat_id=2 )  [ RunTime:0.0000s ]
SQL: SELECT * FROM `sh_article` WHERE ( cat_id=4 )  [ RunTime:0.0000s ]
SQL: SELECT * FROM `sh_article` WHERE ( cat_id=5 )  [ RunTime:0.0000s ]
SQL: SELECT * FROM `sh_article` WHERE ( cat_id=6 )  [ RunTime:0.0000s ]
SQL: SHOW COLUMNS FROM `sh_buttons` [ RunTime:0.0000s ]
SQL: SELECT * FROM `sh_buttons`  [ RunTime:0.0000s ]
SQL: SHOW COLUMNS FROM `sh_shop_config` [ RunTime:0.0156s ]
SQL: SELECT * FROM `sh_shop_config`  [ RunTime:0.0000s ]
SQL: SHOW COLUMNS FROM `sh_category` [ RunTime:0.0000s ]
SQL: SELECT * FROM `sh_category` WHERE ( parent_id=0 )  [ RunTime:0.0000s ]
SQL: SELECT * FROM `sh_category` WHERE ( parent_id=55 )  [ RunTime:0.0000s ]
SQL: SELECT * FROM `sh_category` WHERE ( parent_id=67 )  [ RunTime:0.0000s ]
SQL: SELECT * FROM `sh_category` WHERE ( parent_id=54 )  [ RunTime:0.0000s ]
SQL: SELECT * FROM `sh_category` WHERE ( parent_id=71 )  [ RunTime:0.0000s ]
SQL: SELECT * FROM `sh_category` WHERE ( parent_id=58 )  [ RunTime:0.0000s ]
SQL: SELECT * FROM `sh_category` WHERE ( parent_id=73 )  [ RunTime:0.0000s ]
SQL: SELECT * FROM `sh_category` WHERE ( parent_id=57 )  [ RunTime:0.0000s ]
SQL: SELECT * FROM `sh_category` WHERE ( parent_id=75 )  [ RunTime:0.0000s ]
SQL: SELECT * FROM `sh_category` WHERE ( parent_id=56 )  [ RunTime:0.0000s ]
SQL: SELECT * FROM `sh_category` WHERE ( parent_id=77 )  [ RunTime:0.0000s ]
SQL: SELECT * FROM `sh_category` WHERE ( parent_id=59 )  [ RunTime:0.0000s ]
SQL: SELECT * FROM `sh_category` WHERE ( parent_id=79 )  [ RunTime:0.0000s ]
SQL: SELECT * FROM `sh_category` WHERE ( parent_id=60 )  [ RunTime:0.0000s ]
SQL: SELECT * FROM `sh_category` WHERE ( parent_id=81 )  [ RunTime:0.0000s ]
SQL: SELECT * FROM `sh_category` WHERE ( parent_id=61 )  [ RunTime:0.0000s ]
SQL: SELECT * FROM `sh_category` WHERE ( parent_id=83 )  [ RunTime:0.0000s ]
SQL: SELECT * FROM `sh_category` WHERE ( parent_id=62 )  [ RunTime:0.0000s ]
SQL: SELECT * FROM `sh_category` WHERE ( parent_id=85 )  [ RunTime:0.0000s ]
SQL: SELECT * FROM `sh_category` WHERE ( parent_id=63 )  [ RunTime:0.0000s ]
SQL: SELECT * FROM `sh_category` WHERE ( parent_id=87 )  [ RunTime:0.0000s ]
SQL: SELECT * FROM `sh_category` WHERE ( parent_id=64 )  [ RunTime:0.0000s ]
SQL: SELECT * FROM `sh_category` WHERE ( parent_id=89 )  [ RunTime:0.0000s ]
SQL: SELECT * FROM `sh_category` WHERE ( parent_id=65 )  [ RunTime:0.0000s ]
SQL: SELECT * FROM `sh_category` WHERE ( parent_id=91 )  [ RunTime:0.0000s ]
SQL: SELECT * FROM `sh_category` WHERE ( parent_id=66 )  [ RunTime:0.0000s ]
SQL: SELECT * FROM `sh_category` WHERE ( parent_id=93 )  [ RunTime:0.0000s ]
INFO: [ app_end ] --START--
INFO: Run Behavior\ShowPageTraceBehavior [ RunTime:0.015625s ]
INFO: [ app_end ] --END-- [ RunTime:0.015625s ]

[ 2015-09-02T19:19:21+08:00 ] 127.0.0.1 /Home/Index/ajaxGetRemarkConfig/
INFO: [ app_begin ] --START--
INFO: Run Behavior\ReadHtmlCacheBehavior [ RunTime:0.000000s ]
INFO: [ app_begin ] --END-- [ RunTime:0.000000s ]
SQL: SHOW COLUMNS FROM `sh_article_cat` [ RunTime:0.0156s ]
SQL: SELECT * FROM `sh_article_cat`  [ RunTime:0.0000s ]
SQL: SHOW COLUMNS FROM `sh_article` [ RunTime:0.0000s ]
SQL: SELECT * FROM `sh_article` WHERE ( cat_id=3 )  [ RunTime:0.0000s ]
SQL: SELECT * FROM `sh_article` WHERE ( cat_id=2 )  [ RunTime:0.0000s ]
SQL: SELECT * FROM `sh_article` WHERE ( cat_id=4 )  [ RunTime:0.0000s ]
SQL: SELECT * FROM `sh_article` WHERE ( cat_id=5 )  [ RunTime:0.0000s ]
SQL: SELECT * FROM `sh_article` WHERE ( cat_id=6 )  [ RunTime:0.0000s ]
SQL: SHOW COLUMNS FROM `sh_buttons` [ RunTime:0.0156s ]
SQL: SELECT * FROM `sh_buttons`  [ RunTime:0.0000s ]
SQL: SHOW COLUMNS FROM `sh_shop_config` [ RunTime:0.0000s ]
SQL: SELECT * FROM `sh_shop_config`  [ RunTime:0.0156s ]
SQL: SHOW COLUMNS FROM `sh_category` [ RunTime:0.0000s ]
SQL: SELECT * FROM `sh_category` WHERE ( parent_id=0 )  [ RunTime:0.0000s ]
SQL: SELECT * FROM `sh_category` WHERE ( parent_id=55 )  [ RunTime:0.0000s ]
SQL: SELECT * FROM `sh_category` WHERE ( parent_id=67 )  [ RunTime:0.0000s ]
SQL: SELECT * FROM `sh_category` WHERE ( parent_id=54 )  [ RunTime:0.0000s ]
SQL: SELECT * FROM `sh_category` WHERE ( parent_id=71 )  [ RunTime:0.0000s ]
SQL: SELECT * FROM `sh_category` WHERE ( parent_id=58 )  [ RunTime:0.0000s ]
SQL: SELECT * FROM `sh_category` WHERE ( parent_id=73 )  [ RunTime:0.0000s ]
SQL: SELECT * FROM `sh_category` WHERE ( parent_id=57 )  [ RunTime:0.0000s ]
SQL: SELECT * FROM `sh_category` WHERE ( parent_id=75 )  [ RunTime:0.0156s ]
SQL: SELECT * FROM `sh_category` WHERE ( parent_id=56 )  [ RunTime:0.0000s ]
SQL: SELECT * FROM `sh_category` WHERE ( parent_id=77 )  [ RunTime:0.0000s ]
SQL: SELECT * FROM `sh_category` WHERE ( parent_id=59 )  [ RunTime:0.0000s ]
SQL: SELECT * FROM `sh_category` WHERE ( parent_id=79 )  [ RunTime:0.0000s ]
SQL: SELECT * FROM `sh_category` WHERE ( parent_id=60 )  [ RunTime:0.0000s ]
SQL: SELECT * FROM `sh_category` WHERE ( parent_id=81 )  [ RunTime:0.0000s ]
SQL: SELECT * FROM `sh_category` WHERE ( parent_id=61 )  [ RunTime:0.0000s ]
SQL: SELECT * FROM `sh_category` WHERE ( parent_id=83 )  [ RunTime:0.0000s ]
SQL: SELECT * FROM `sh_category` WHERE ( parent_id=62 )  [ RunTime:0.0000s ]
SQL: SELECT * FROM `sh_category` WHERE ( parent_id=85 )  [ RunTime:0.0000s ]
SQL: SELECT * FROM `sh_category` WHERE ( parent_id=63 )  [ RunTime:0.0000s ]
SQL: SELECT * FROM `sh_category` WHERE ( parent_id=87 )  [ RunTime:0.0000s ]
SQL: SELECT * FROM `sh_category` WHERE ( parent_id=64 )  [ RunTime:0.0000s ]
SQL: SELECT * FROM `sh_category` WHERE ( parent_id=89 )  [ RunTime:0.0000s ]
SQL: SELECT * FROM `sh_category` WHERE ( parent_id=65 )  [ RunTime:0.0000s ]
SQL: SELECT * FROM `sh_category` WHERE ( parent_id=91 )  [ RunTime:0.0000s ]
SQL: SELECT * FROM `sh_category` WHERE ( parent_id=66 )  [ RunTime:0.0000s ]
SQL: SELECT * FROM `sh_category` WHERE ( parent_id=93 )  [ RunTime:0.0000s ]
INFO: [ app_end ] --START--
INFO: Run Behavior\ShowPageTraceBehavior [ RunTime:0.000000s ]
INFO: [ app_end ] --END-- [ RunTime:0.000000s ]

[ 2015-09-02T19:19:27+08:00 ] 127.0.0.1 /Home/Index/ajaxRemark
INFO: [ app_begin ] --START--
INFO: Run Behavior\ReadHtmlCacheBehavior [ RunTime:0.000000s ]
INFO: [ app_begin ] --END-- [ RunTime:0.000000s ]
SQL: SHOW COLUMNS FROM `sh_article_cat` [ RunTime:0.0000s ]
SQL: SELECT * FROM `sh_article_cat`  [ RunTime:0.0000s ]
SQL: SHOW COLUMNS FROM `sh_article` [ RunTime:0.0156s ]
SQL: SELECT * FROM `sh_article` WHERE ( cat_id=3 )  [ RunTime:0.0000s ]
SQL: SELECT * FROM `sh_article` WHERE ( cat_id=2 )  [ RunTime:0.0000s ]
SQL: SELECT * FROM `sh_article` WHERE ( cat_id=4 )  [ RunTime:0.0000s ]
SQL: SELECT * FROM `sh_article` WHERE ( cat_id=5 )  [ RunTime:0.0000s ]
SQL: SELECT * FROM `sh_article` WHERE ( cat_id=6 )  [ RunTime:0.0000s ]
SQL: SHOW COLUMNS FROM `sh_buttons` [ RunTime:0.0000s ]
SQL: SELECT * FROM `sh_buttons`  [ RunTime:0.0000s ]
SQL: SHOW COLUMNS FROM `sh_shop_config` [ RunTime:0.0156s ]
SQL: SELECT * FROM `sh_shop_config`  [ RunTime:0.0000s ]
SQL: SHOW COLUMNS FROM `sh_category` [ RunTime:0.0156s ]
SQL: SELECT * FROM `sh_category` WHERE ( parent_id=0 )  [ RunTime:0.0000s ]
SQL: SELECT * FROM `sh_category` WHERE ( parent_id=55 )  [ RunTime:0.0000s ]
SQL: SELECT * FROM `sh_category` WHERE ( parent_id=67 )  [ RunTime:0.0000s ]
SQL: SELECT * FROM `sh_category` WHERE ( parent_id=54 )  [ RunTime:0.0000s ]
SQL: SELECT * FROM `sh_category` WHERE ( parent_id=71 )  [ RunTime:0.0000s ]
SQL: SELECT * FROM `sh_category` WHERE ( parent_id=58 )  [ RunTime:0.0000s ]
SQL: SELECT * FROM `sh_category` WHERE ( parent_id=73 )  [ RunTime:0.0000s ]
SQL: SELECT * FROM `sh_category` WHERE ( parent_id=57 )  [ RunTime:0.0000s ]
SQL: SELECT * FROM `sh_category` WHERE ( parent_id=75 )  [ RunTime:0.0000s ]
SQL: SELECT * FROM `sh_category` WHERE ( parent_id=56 )  [ RunTime:0.0000s ]
SQL: SELECT * FROM `sh_category` WHERE ( parent_id=77 )  [ RunTime:0.0000s ]
SQL: SELECT * FROM `sh_category` WHERE ( parent_id=59 )  [ RunTime:0.0000s ]
SQL: SELECT * FROM `sh_category` WHERE ( parent_id=79 )  [ RunTime:0.0000s ]
SQL: SELECT * FROM `sh_category` WHERE ( parent_id=60 )  [ RunTime:0.0000s ]
SQL: SELECT * FROM `sh_category` WHERE ( parent_id=81 )  [ RunTime:0.0000s ]
SQL: SELECT * FROM `sh_category` WHERE ( parent_id=61 )  [ RunTime:0.0000s ]
SQL: SELECT * FROM `sh_category` WHERE ( parent_id=83 )  [ RunTime:0.0000s ]
SQL: SELECT * FROM `sh_category` WHERE ( parent_id=62 )  [ RunTime:0.0000s ]
SQL: SELECT * FROM `sh_category` WHERE ( parent_id=85 )  [ RunTime:0.0000s ]
SQL: SELECT * FROM `sh_category` WHERE ( parent_id=63 )  [ RunTime:0.0000s ]
SQL: SELECT * FROM `sh_category` WHERE ( parent_id=87 )  [ RunTime:0.0000s ]
SQL: SELECT * FROM `sh_category` WHERE ( parent_id=64 )  [ RunTime:0.0000s ]
SQL: SELECT * FROM `sh_category` WHERE ( parent_id=89 )  [ RunTime:0.0000s ]
SQL: SELECT * FROM `sh_category` WHERE ( parent_id=65 )  [ RunTime:0.0000s ]
SQL: SELECT * FROM `sh_category` WHERE ( parent_id=91 )  [ RunTime:0.0000s ]
SQL: SELECT * FROM `sh_category` WHERE ( parent_id=66 )  [ RunTime:0.0000s ]
SQL: SELECT * FROM `sh_category` WHERE ( parent_id=93 )  [ RunTime:0.0000s ]

[ 2015-09-02T19:19:56+08:00 ] 127.0.0.1 /Home/Index/ajaxRemark
INFO: [ app_begin ] --START--
INFO: Run Behavior\ReadHtmlCacheBehavior [ RunTime:0.000000s ]
INFO: [ app_begin ] --END-- [ RunTime:0.000000s ]
SQL: SHOW COLUMNS FROM `sh_article_cat` [ RunTime:0.0156s ]
SQL: SELECT * FROM `sh_article_cat`  [ RunTime:0.0000s ]
SQL: SHOW COLUMNS FROM `sh_article` [ RunTime:0.0000s ]
SQL: SELECT * FROM `sh_article` WHERE ( cat_id=3 )  [ RunTime:0.0000s ]
SQL: SELECT * FROM `sh_article` WHERE ( cat_id=2 )  [ RunTime:0.0000s ]
SQL: SELECT * FROM `sh_article` WHERE ( cat_id=4 )  [ RunTime:0.0000s ]
SQL: SELECT * FROM `sh_article` WHERE ( cat_id=5 )  [ RunTime:0.0000s ]
SQL: SELECT * FROM `sh_article` WHERE ( cat_id=6 )  [ RunTime:0.0000s ]
SQL: SHOW COLUMNS FROM `sh_buttons` [ RunTime:0.0156s ]
SQL: SELECT * FROM `sh_buttons`  [ RunTime:0.0000s ]
SQL: SHOW COLUMNS FROM `sh_shop_config` [ RunTime:0.0000s ]
SQL: SELECT * FROM `sh_shop_config`  [ RunTime:0.0000s ]
SQL: SHOW COLUMNS FROM `sh_category` [ RunTime:0.0156s ]
SQL: SELECT * FROM `sh_category` WHERE ( parent_id=0 )  [ RunTime:0.0000s ]
SQL: SELECT * FROM `sh_category` WHERE ( parent_id=55 )  [ RunTime:0.0000s ]
SQL: SELECT * FROM `sh_category` WHERE ( parent_id=67 )  [ RunTime:0.0000s ]
SQL: SELECT * FROM `sh_category` WHERE ( parent_id=54 )  [ RunTime:0.0000s ]
SQL: SELECT * FROM `sh_category` WHERE ( parent_id=71 )  [ RunTime:0.0000s ]
SQL: SELECT * FROM `sh_category` WHERE ( parent_id=58 )  [ RunTime:0.0000s ]
SQL: SELECT * FROM `sh_category` WHERE ( parent_id=73 )  [ RunTime:0.0000s ]
SQL: SELECT * FROM `sh_category` WHERE ( parent_id=57 )  [ RunTime:0.0000s ]
SQL: SELECT * FROM `sh_category` WHERE ( parent_id=75 )  [ RunTime:0.0000s ]
SQL: SELECT * FROM `sh_category` WHERE ( parent_id=56 )  [ RunTime:0.0000s ]
SQL: SELECT * FROM `sh_category` WHERE ( parent_id=77 )  [ RunTime:0.0000s ]
SQL: SELECT * FROM `sh_category` WHERE ( parent_id=59 )  [ RunTime:0.0000s ]
SQL: SELECT * FROM `sh_category` WHERE ( parent_id=79 )  [ RunTime:0.0000s ]
SQL: SELECT * FROM `sh_category` WHERE ( parent_id=60 )  [ RunTime:0.0156s ]
SQL: SELECT * FROM `sh_category` WHERE ( parent_id=81 )  [ RunTime:0.0000s ]
SQL: SELECT * FROM `sh_category` WHERE ( parent_id=61 )  [ RunTime:0.0000s ]
SQL: SELECT * FROM `sh_category` WHERE ( parent_id=83 )  [ RunTime:0.0000s ]
SQL: SELECT * FROM `sh_category` WHERE ( parent_id=62 )  [ RunTime:0.0000s ]
SQL: SELECT * FROM `sh_category` WHERE ( parent_id=85 )  [ RunTime:0.0000s ]
SQL: SELECT * FROM `sh_category` WHERE ( parent_id=63 )  [ RunTime:0.0000s ]
SQL: SELECT * FROM `sh_category` WHERE ( parent_id=87 )  [ RunTime:0.0000s ]
SQL: SELECT * FROM `sh_category` WHERE ( parent_id=64 )  [ RunTime:0.0000s ]
SQL: SELECT * FROM `sh_category` WHERE ( parent_id=89 )  [ RunTime:0.0000s ]
SQL: SELECT * FROM `sh_category` WHERE ( parent_id=65 )  [ RunTime:0.0000s ]
SQL: SELECT * FROM `sh_category` WHERE ( parent_id=91 )  [ RunTime:0.0000s ]
SQL: SELECT * FROM `sh_category` WHERE ( parent_id=66 )  [ RunTime:0.0000s ]
SQL: SELECT * FROM `sh_category` WHERE ( parent_id=93 )  [ RunTime:0.0000s ]

[ 2015-09-02T19:20:38+08:00 ] 127.0.0.1 /Home/Index/ajaxGetRemarkConfig/
INFO: [ app_begin ] --START--
INFO: Run Behavior\ReadHtmlCacheBehavior [ RunTime:0.000000s ]
INFO: [ app_begin ] --END-- [ RunTime:0.000000s ]
SQL: SHOW COLUMNS FROM `sh_article_cat` [ RunTime:0.0313s ]
SQL: SELECT * FROM `sh_article_cat`  [ RunTime:0.0000s ]
SQL: SHOW COLUMNS FROM `sh_article` [ RunTime:0.0156s ]
SQL: SELECT * FROM `sh_article` WHERE ( cat_id=3 )  [ RunTime:0.0000s ]
SQL: SELECT * FROM `sh_article` WHERE ( cat_id=2 )  [ RunTime:0.0000s ]
SQL: SELECT * FROM `sh_article` WHERE ( cat_id=4 )  [ RunTime:0.0000s ]
SQL: SELECT * FROM `sh_article` WHERE ( cat_id=5 )  [ RunTime:0.0000s ]
SQL: SELECT * FROM `sh_article` WHERE ( cat_id=6 )  [ RunTime:0.0000s ]
SQL: SHOW COLUMNS FROM `sh_buttons` [ RunTime:0.0156s ]
SQL: SELECT * FROM `sh_buttons`  [ RunTime:0.0000s ]
SQL: SHOW COLUMNS FROM `sh_shop_config` [ RunTime:0.0000s ]
SQL: SELECT * FROM `sh_shop_config`  [ RunTime:0.0000s ]
SQL: SHOW COLUMNS FROM `sh_category` [ RunTime:0.0000s ]
SQL: SELECT * FROM `sh_category` WHERE ( parent_id=0 )  [ RunTime:0.0000s ]
SQL: SELECT * FROM `sh_category` WHERE ( parent_id=55 )  [ RunTime:0.0000s ]
SQL: SELECT * FROM `sh_category` WHERE ( parent_id=67 )  [ RunTime:0.0000s ]
SQL: SELECT * FROM `sh_category` WHERE ( parent_id=54 )  [ RunTime:0.0000s ]
SQL: SELECT * FROM `sh_category` WHERE ( parent_id=71 )  [ RunTime:0.0000s ]
SQL: SELECT * FROM `sh_category` WHERE ( parent_id=58 )  [ RunTime:0.0000s ]
SQL: SELECT * FROM `sh_category` WHERE ( parent_id=73 )  [ RunTime:0.0000s ]
SQL: SELECT * FROM `sh_category` WHERE ( parent_id=57 )  [ RunTime:0.0000s ]
SQL: SELECT * FROM `sh_category` WHERE ( parent_id=75 )  [ RunTime:0.0000s ]
SQL: SELECT * FROM `sh_category` WHERE ( parent_id=56 )  [ RunTime:0.0000s ]
SQL: SELECT * FROM `sh_category` WHERE ( parent_id=77 )  [ RunTime:0.0000s ]
SQL: SELECT * FROM `sh_category` WHERE ( parent_id=59 )  [ RunTime:0.0000s ]
SQL: SELECT * FROM `sh_category` WHERE ( parent_id=79 )  [ RunTime:0.0000s ]
SQL: SELECT * FROM `sh_category` WHERE ( parent_id=60 )  [ RunTime:0.0000s ]
SQL: SELECT * FROM `sh_category` WHERE ( parent_id=81 )  [ RunTime:0.0000s ]
SQL: SELECT * FROM `sh_category` WHERE ( parent_id=61 )  [ RunTime:0.0000s ]
SQL: SELECT * FROM `sh_category` WHERE ( parent_id=83 )  [ RunTime:0.0000s ]
SQL: SELECT * FROM `sh_category` WHERE ( parent_id=62 )  [ RunTime:0.0000s ]
SQL: SELECT * FROM `sh_category` WHERE ( parent_id=85 )  [ RunTime:0.0000s ]
SQL: SELECT * FROM `sh_category` WHERE ( parent_id=63 )  [ RunTime:0.0000s ]
SQL: SELECT * FROM `sh_category` WHERE ( parent_id=87 )  [ RunTime:0.0000s ]
SQL: SELECT * FROM `sh_category` WHERE ( parent_id=64 )  [ RunTime:0.0000s ]
SQL: SELECT * FROM `sh_category` WHERE ( parent_id=89 )  [ RunTime:0.0000s ]
SQL: SELECT * FROM `sh_category` WHERE ( parent_id=65 )  [ RunTime:0.0000s ]
SQL: SELECT * FROM `sh_category` WHERE ( parent_id=91 )  [ RunTime:0.0000s ]
SQL: SELECT * FROM `sh_category` WHERE ( parent_id=66 )  [ RunTime:0.0000s ]
SQL: SELECT * FROM `sh_category` WHERE ( parent_id=93 )  [ RunTime:0.0000s ]
INFO: [ app_end ] --START--
INFO: Run Behavior\ShowPageTraceBehavior [ RunTime:0.000000s ]
INFO: [ app_end ] --END-- [ RunTime:0.000000s ]

[ 2015-09-02T19:20:38+08:00 ] 127.0.0.1 /index.php/Home/Index/ajaxChkLogin
INFO: [ app_begin ] --START--
INFO: Run Behavior\ReadHtmlCacheBehavior [ RunTime:0.046875s ]
INFO: [ app_begin ] --END-- [ RunTime:0.046875s ]
SQL: SHOW COLUMNS FROM `sh_article_cat` [ RunTime:0.0156s ]
SQL: SELECT * FROM `sh_article_cat`  [ RunTime:0.0000s ]
SQL: SHOW COLUMNS FROM `sh_article` [ RunTime:0.0000s ]
SQL: SELECT * FROM `sh_article` WHERE ( cat_id=3 )  [ RunTime:0.0000s ]
SQL: SELECT * FROM `sh_article` WHERE ( cat_id=2 )  [ RunTime:0.0000s ]
SQL: SELECT * FROM `sh_article` WHERE ( cat_id=4 )  [ RunTime:0.0000s ]
SQL: SELECT * FROM `sh_article` WHERE ( cat_id=5 )  [ RunTime:0.0000s ]
SQL: SELECT * FROM `sh_article` WHERE ( cat_id=6 )  [ RunTime:0.0000s ]
SQL: SHOW COLUMNS FROM `sh_buttons` [ RunTime:0.0156s ]
SQL: SELECT * FROM `sh_buttons`  [ RunTime:0.0000s ]
SQL: SHOW COLUMNS FROM `sh_shop_config` [ RunTime:0.0000s ]
SQL: SELECT * FROM `sh_shop_config`  [ RunTime:0.0156s ]
SQL: SHOW COLUMNS FROM `sh_category` [ RunTime:0.0000s ]
SQL: SELECT * FROM `sh_category` WHERE ( parent_id=0 )  [ RunTime:0.0000s ]
SQL: SELECT * FROM `sh_category` WHERE ( parent_id=55 )  [ RunTime:0.0000s ]
SQL: SELECT * FROM `sh_category` WHERE ( parent_id=67 )  [ RunTime:0.0000s ]
SQL: SELECT * FROM `sh_category` WHERE ( parent_id=54 )  [ RunTime:0.0000s ]
SQL: SELECT * FROM `sh_category` WHERE ( parent_id=71 )  [ RunTime:0.0000s ]
SQL: SELECT * FROM `sh_category` WHERE ( parent_id=58 )  [ RunTime:0.0000s ]
SQL: SELECT * FROM `sh_category` WHERE ( parent_id=73 )  [ RunTime:0.0000s ]
SQL: SELECT * FROM `sh_category` WHERE ( parent_id=57 )  [ RunTime:0.0000s ]
SQL: SELECT * FROM `sh_category` WHERE ( parent_id=75 )  [ RunTime:0.0000s ]
SQL: SELECT * FROM `sh_category` WHERE ( parent_id=56 )  [ RunTime:0.0000s ]
SQL: SELECT * FROM `sh_category` WHERE ( parent_id=77 )  [ RunTime:0.0000s ]
SQL: SELECT * FROM `sh_category` WHERE ( parent_id=59 )  [ RunTime:0.0156s ]
SQL: SELECT * FROM `sh_category` WHERE ( parent_id=79 )  [ RunTime:0.0000s ]
SQL: SELECT * FROM `sh_category` WHERE ( parent_id=60 )  [ RunTime:0.0000s ]
SQL: SELECT * FROM `sh_category` WHERE ( parent_id=81 )  [ RunTime:0.0000s ]
SQL: SELECT * FROM `sh_category` WHERE ( parent_id=61 )  [ RunTime:0.0000s ]
SQL: SELECT * FROM `sh_category` WHERE ( parent_id=83 )  [ RunTime:0.0000s ]
SQL: SELECT * FROM `sh_category` WHERE ( parent_id=62 )  [ RunTime:0.0000s ]
SQL: SELECT * FROM `sh_category` WHERE ( parent_id=85 )  [ RunTime:0.0000s ]
SQL: SELECT * FROM `sh_category` WHERE ( parent_id=63 )  [ RunTime:0.0000s ]
SQL: SELECT * FROM `sh_category` WHERE ( parent_id=87 )  [ RunTime:0.0000s ]
SQL: SELECT * FROM `sh_category` WHERE ( parent_id=64 )  [ RunTime:0.0000s ]
SQL: SELECT * FROM `sh_category` WHERE ( parent_id=89 )  [ RunTime:0.0000s ]
SQL: SELECT * FROM `sh_category` WHERE ( parent_id=65 )  [ RunTime:0.0000s ]
SQL: SELECT * FROM `sh_category` WHERE ( parent_id=91 )  [ RunTime:0.0000s ]
SQL: SELECT * FROM `sh_category` WHERE ( parent_id=66 )  [ RunTime:0.0000s ]
SQL: SELECT * FROM `sh_category` WHERE ( parent_id=93 )  [ RunTime:0.0000s ]
INFO: [ app_end ] --START--
INFO: Run Behavior\ShowPageTraceBehavior [ RunTime:0.000000s ]
INFO: [ app_end ] --END-- [ RunTime:0.000000s ]

[ 2015-09-02T19:20:46+08:00 ] 127.0.0.1 /Home/Index/ajaxRemark
INFO: [ app_begin ] --START--
INFO: Run Behavior\ReadHtmlCacheBehavior [ RunTime:0.000000s ]
INFO: [ app_begin ] --END-- [ RunTime:0.000000s ]
SQL: SHOW COLUMNS FROM `sh_article_cat` [ RunTime:0.0313s ]
SQL: SELECT * FROM `sh_article_cat`  [ RunTime:0.0000s ]
SQL: SHOW COLUMNS FROM `sh_article` [ RunTime:0.0000s ]
SQL: SELECT * FROM `sh_article` WHERE ( cat_id=3 )  [ RunTime:0.0000s ]
SQL: SELECT * FROM `sh_article` WHERE ( cat_id=2 )  [ RunTime:0.0000s ]
SQL: SELECT * FROM `sh_article` WHERE ( cat_id=4 )  [ RunTime:0.0000s ]
SQL: SELECT * FROM `sh_article` WHERE ( cat_id=5 )  [ RunTime:0.0000s ]
SQL: SELECT * FROM `sh_article` WHERE ( cat_id=6 )  [ RunTime:0.0000s ]
SQL: SHOW COLUMNS FROM `sh_buttons` [ RunTime:0.0000s ]
SQL: SELECT * FROM `sh_buttons`  [ RunTime:0.0000s ]
SQL: SHOW COLUMNS FROM `sh_shop_config` [ RunTime:0.0156s ]
SQL: SELECT * FROM `sh_shop_config`  [ RunTime:0.0000s ]
SQL: SHOW COLUMNS FROM `sh_category` [ RunTime:0.0000s ]
SQL: SELECT * FROM `sh_category` WHERE ( parent_id=0 )  [ RunTime:0.0000s ]
SQL: SELECT * FROM `sh_category` WHERE ( parent_id=55 )  [ RunTime:0.0000s ]
SQL: SELECT * FROM `sh_category` WHERE ( parent_id=67 )  [ RunTime:0.0000s ]
SQL: SELECT * FROM `sh_category` WHERE ( parent_id=54 )  [ RunTime:0.0000s ]
SQL: SELECT * FROM `sh_category` WHERE ( parent_id=71 )  [ RunTime:0.0000s ]
SQL: SELECT * FROM `sh_category` WHERE ( parent_id=58 )  [ RunTime:0.0000s ]
SQL: SELECT * FROM `sh_category` WHERE ( parent_id=73 )  [ RunTime:0.0000s ]
SQL: SELECT * FROM `sh_category` WHERE ( parent_id=57 )  [ RunTime:0.0156s ]
SQL: SELECT * FROM `sh_category` WHERE ( parent_id=75 )  [ RunTime:0.0000s ]
SQL: SELECT * FROM `sh_category` WHERE ( parent_id=56 )  [ RunTime:0.0000s ]
SQL: SELECT * FROM `sh_category` WHERE ( parent_id=77 )  [ RunTime:0.0000s ]
SQL: SELECT * FROM `sh_category` WHERE ( parent_id=59 )  [ RunTime:0.0000s ]
SQL: SELECT * FROM `sh_category` WHERE ( parent_id=79 )  [ RunTime:0.0000s ]
SQL: SELECT * FROM `sh_category` WHERE ( parent_id=60 )  [ RunTime:0.0000s ]
SQL: SELECT * FROM `sh_category` WHERE ( parent_id=81 )  [ RunTime:0.0000s ]
SQL: SELECT * FROM `sh_category` WHERE ( parent_id=61 )  [ RunTime:0.0000s ]
SQL: SELECT * FROM `sh_category` WHERE ( parent_id=83 )  [ RunTime:0.0000s ]
SQL: SELECT * FROM `sh_category` WHERE ( parent_id=62 )  [ RunTime:0.0000s ]
SQL: SELECT * FROM `sh_category` WHERE ( parent_id=85 )  [ RunTime:0.0000s ]
SQL: SELECT * FROM `sh_category` WHERE ( parent_id=63 )  [ RunTime:0.0000s ]
SQL: SELECT * FROM `sh_category` WHERE ( parent_id=87 )  [ RunTime:0.0000s ]
SQL: SELECT * FROM `sh_category` WHERE ( parent_id=64 )  [ RunTime:0.0000s ]
SQL: SELECT * FROM `sh_category` WHERE ( parent_id=89 )  [ RunTime:0.0000s ]
SQL: SELECT * FROM `sh_category` WHERE ( parent_id=65 )  [ RunTime:0.0000s ]
SQL: SELECT * FROM `sh_category` WHERE ( parent_id=91 )  [ RunTime:0.0000s ]
SQL: SELECT * FROM `sh_category` WHERE ( parent_id=66 )  [ RunTime:0.0000s ]
SQL: SELECT * FROM `sh_category` WHERE ( parent_id=93 )  [ RunTime:0.0000s ]

[ 2015-09-02T19:22:16+08:00 ] 127.0.0.1 /Home/Index/ajaxRemark
INFO: [ app_begin ] --START--
INFO: Run Behavior\ReadHtmlCacheBehavior [ RunTime:0.000000s ]
INFO: [ app_begin ] --END-- [ RunTime:0.000000s ]
SQL: SHOW COLUMNS FROM `sh_article_cat` [ RunTime:0.0000s ]
SQL: SELECT * FROM `sh_article_cat`  [ RunTime:0.0000s ]
SQL: SHOW COLUMNS FROM `sh_article` [ RunTime:0.0000s ]
SQL: SELECT * FROM `sh_article` WHERE ( cat_id=3 )  [ RunTime:0.0000s ]
SQL: SELECT * FROM `sh_article` WHERE ( cat_id=2 )  [ RunTime:0.0000s ]
SQL: SELECT * FROM `sh_article` WHERE ( cat_id=4 )  [ RunTime:0.0000s ]
SQL: SELECT * FROM `sh_article` WHERE ( cat_id=5 )  [ RunTime:0.0000s ]
SQL: SELECT * FROM `sh_article` WHERE ( cat_id=6 )  [ RunTime:0.0000s ]
SQL: SHOW COLUMNS FROM `sh_buttons` [ RunTime:0.0000s ]
SQL: SELECT * FROM `sh_buttons`  [ RunTime:0.0000s ]
SQL: SHOW COLUMNS FROM `sh_shop_config` [ RunTime:0.0156s ]
SQL: SELECT * FROM `sh_shop_config`  [ RunTime:0.0000s ]
SQL: SHOW COLUMNS FROM `sh_category` [ RunTime:0.0000s ]
SQL: SELECT * FROM `sh_category` WHERE ( parent_id=0 )  [ RunTime:0.0000s ]
SQL: SELECT * FROM `sh_category` WHERE ( parent_id=55 )  [ RunTime:0.0000s ]
SQL: SELECT * FROM `sh_category` WHERE ( parent_id=67 )  [ RunTime:0.0000s ]
SQL: SELECT * FROM `sh_category` WHERE ( parent_id=54 )  [ RunTime:0.0000s ]
SQL: SELECT * FROM `sh_category` WHERE ( parent_id=71 )  [ RunTime:0.0000s ]
SQL: SELECT * FROM `sh_category` WHERE ( parent_id=58 )  [ RunTime:0.0156s ]
SQL: SELECT * FROM `sh_category` WHERE ( parent_id=73 )  [ RunTime:0.0000s ]
SQL: SELECT * FROM `sh_category` WHERE ( parent_id=57 )  [ RunTime:0.0000s ]
SQL: SELECT * FROM `sh_category` WHERE ( parent_id=75 )  [ RunTime:0.0000s ]
SQL: SELECT * FROM `sh_category` WHERE ( parent_id=56 )  [ RunTime:0.0000s ]
SQL: SELECT * FROM `sh_category` WHERE ( parent_id=77 )  [ RunTime:0.0000s ]
SQL: SELECT * FROM `sh_category` WHERE ( parent_id=59 )  [ RunTime:0.0000s ]
SQL: SELECT * FROM `sh_category` WHERE ( parent_id=79 )  [ RunTime:0.0000s ]
SQL: SELECT * FROM `sh_category` WHERE ( parent_id=60 )  [ RunTime:0.0000s ]
SQL: SELECT * FROM `sh_category` WHERE ( parent_id=81 )  [ RunTime:0.0000s ]
SQL: SELECT * FROM `sh_category` WHERE ( parent_id=61 )  [ RunTime:0.0000s ]
SQL: SELECT * FROM `sh_category` WHERE ( parent_id=83 )  [ RunTime:0.0000s ]
SQL: SELECT * FROM `sh_category` WHERE ( parent_id=62 )  [ RunTime:0.0000s ]
SQL: SELECT * FROM `sh_category` WHERE ( parent_id=85 )  [ RunTime:0.0000s ]
SQL: SELECT * FROM `sh_category` WHERE ( parent_id=63 )  [ RunTime:0.0000s ]
SQL: SELECT * FROM `sh_category` WHERE ( parent_id=87 )  [ RunTime:0.0000s ]
SQL: SELECT * FROM `sh_category` WHERE ( parent_id=64 )  [ RunTime:0.0000s ]
SQL: SELECT * FROM `sh_category` WHERE ( parent_id=89 )  [ RunTime:0.0000s ]
SQL: SELECT * FROM `sh_category` WHERE ( parent_id=65 )  [ RunTime:0.0000s ]
SQL: SELECT * FROM `sh_category` WHERE ( parent_id=91 )  [ RunTime:0.0000s ]
SQL: SELECT * FROM `sh_category` WHERE ( parent_id=66 )  [ RunTime:0.0000s ]
SQL: SELECT * FROM `sh_category` WHERE ( parent_id=93 )  [ RunTime:0.0000s ]
SQL: SHOW COLUMNS FROM `sh_remark` [ RunTime:0.0156s ]
SQL: INSERT INTO `sh_remark` (`goods_id`,`star`,`content`,`addtime`) VALUES ('77','5','asdfasdfasdfas','2015-09-02 19:22:16') [ RunTime:0.0625s ]

[ 2015-09-02T20:35:04+08:00 ] 127.0.0.1 /Home/Index/ajaxRemark
INFO: [ app_begin ] --START--
INFO: Run Behavior\ReadHtmlCacheBehavior [ RunTime:0.015625s ]
INFO: [ app_begin ] --END-- [ RunTime:0.031250s ]
SQL: SHOW COLUMNS FROM `sh_article_cat` [ RunTime:0.0469s ]
SQL: SELECT * FROM `sh_article_cat`  [ RunTime:0.0000s ]
SQL: SHOW COLUMNS FROM `sh_article` [ RunTime:0.0313s ]
SQL: SELECT * FROM `sh_article` WHERE ( cat_id=3 )  [ RunTime:0.0000s ]
SQL: SELECT * FROM `sh_article` WHERE ( cat_id=2 )  [ RunTime:0.0000s ]
SQL: SELECT * FROM `sh_article` WHERE ( cat_id=4 )  [ RunTime:0.0000s ]
SQL: SELECT * FROM `sh_article` WHERE ( cat_id=5 )  [ RunTime:0.0000s ]
SQL: SELECT * FROM `sh_article` WHERE ( cat_id=6 )  [ RunTime:0.0000s ]
SQL: SHOW COLUMNS FROM `sh_buttons` [ RunTime:0.0469s ]
SQL: SELECT * FROM `sh_buttons`  [ RunTime:0.0000s ]
SQL: SHOW COLUMNS FROM `sh_shop_config` [ RunTime:0.0313s ]
SQL: SELECT * FROM `sh_shop_config`  [ RunTime:0.0000s ]
SQL: SHOW COLUMNS FROM `sh_category` [ RunTime:0.0000s ]
SQL: SELECT * FROM `sh_category` WHERE ( parent_id=0 )  [ RunTime:0.0000s ]
SQL: SELECT * FROM `sh_category` WHERE ( parent_id=55 )  [ RunTime:0.0000s ]
SQL: SELECT * FROM `sh_category` WHERE ( parent_id=67 )  [ RunTime:0.0000s ]
SQL: SELECT * FROM `sh_category` WHERE ( parent_id=54 )  [ RunTime:0.0000s ]
SQL: SELECT * FROM `sh_category` WHERE ( parent_id=71 )  [ RunTime:0.0156s ]
SQL: SELECT * FROM `sh_category` WHERE ( parent_id=58 )  [ RunTime:0.0000s ]
SQL: SELECT * FROM `sh_category` WHERE ( parent_id=73 )  [ RunTime:0.0000s ]
SQL: SELECT * FROM `sh_category` WHERE ( parent_id=57 )  [ RunTime:0.0000s ]
SQL: SELECT * FROM `sh_category` WHERE ( parent_id=75 )  [ RunTime:0.0000s ]
SQL: SELECT * FROM `sh_category` WHERE ( parent_id=56 )  [ RunTime:0.0000s ]
SQL: SELECT * FROM `sh_category` WHERE ( parent_id=77 )  [ RunTime:0.0000s ]
SQL: SELECT * FROM `sh_category` WHERE ( parent_id=59 )  [ RunTime:0.0000s ]
SQL: SELECT * FROM `sh_category` WHERE ( parent_id=79 )  [ RunTime:0.0000s ]
SQL: SELECT * FROM `sh_category` WHERE ( parent_id=60 )  [ RunTime:0.0000s ]
SQL: SELECT * FROM `sh_category` WHERE ( parent_id=81 )  [ RunTime:0.0000s ]
SQL: SELECT * FROM `sh_category` WHERE ( parent_id=61 )  [ RunTime:0.0000s ]
SQL: SELECT * FROM `sh_category` WHERE ( parent_id=83 )  [ RunTime:0.0000s ]
SQL: SELECT * FROM `sh_category` WHERE ( parent_id=62 )  [ RunTime:0.0000s ]
SQL: SELECT * FROM `sh_category` WHERE ( parent_id=85 )  [ RunTime:0.0000s ]
SQL: SELECT * FROM `sh_category` WHERE ( parent_id=63 )  [ RunTime:0.0000s ]
SQL: SELECT * FROM `sh_category` WHERE ( parent_id=87 )  [ RunTime:0.0000s ]
SQL: SELECT * FROM `sh_category` WHERE ( parent_id=64 )  [ RunTime:0.0000s ]
SQL: SELECT * FROM `sh_category` WHERE ( parent_id=89 )  [ RunTime:0.0000s ]
SQL: SELECT * FROM `sh_category` WHERE ( parent_id=65 )  [ RunTime:0.0000s ]
SQL: SELECT * FROM `sh_category` WHERE ( parent_id=91 )  [ RunTime:0.0000s ]
SQL: SELECT * FROM `sh_category` WHERE ( parent_id=66 )  [ RunTime:0.0000s ]
SQL: SELECT * FROM `sh_category` WHERE ( parent_id=93 )  [ RunTime:0.0000s ]
SQL: SHOW COLUMNS FROM `sh_remark` [ RunTime:0.0156s ]

[ 2015-09-02T20:35:37+08:00 ] 127.0.0.1 /Home/Index/ajaxRemark
INFO: [ app_begin ] --START--
INFO: Run Behavior\ReadHtmlCacheBehavior [ RunTime:0.000000s ]
INFO: [ app_begin ] --END-- [ RunTime:0.000000s ]
SQL: SHOW COLUMNS FROM `sh_article_cat` [ RunTime:0.0000s ]
SQL: SELECT * FROM `sh_article_cat`  [ RunTime:0.0000s ]
SQL: SHOW COLUMNS FROM `sh_article` [ RunTime:0.0156s ]
SQL: SELECT * FROM `sh_article` WHERE ( cat_id=3 )  [ RunTime:0.0000s ]
SQL: SELECT * FROM `sh_article` WHERE ( cat_id=2 )  [ RunTime:0.0000s ]
SQL: SELECT * FROM `sh_article` WHERE ( cat_id=4 )  [ RunTime:0.0000s ]
SQL: SELECT * FROM `sh_article` WHERE ( cat_id=5 )  [ RunTime:0.0000s ]
SQL: SELECT * FROM `sh_article` WHERE ( cat_id=6 )  [ RunTime:0.0000s ]
SQL: SHOW COLUMNS FROM `sh_buttons` [ RunTime:0.0000s ]
SQL: SELECT * FROM `sh_buttons`  [ RunTime:0.0000s ]
SQL: SHOW COLUMNS FROM `sh_shop_config` [ RunTime:0.0156s ]
SQL: SELECT * FROM `sh_shop_config`  [ RunTime:0.0000s ]
SQL: SHOW COLUMNS FROM `sh_category` [ RunTime:0.0000s ]
SQL: SELECT * FROM `sh_category` WHERE ( parent_id=0 )  [ RunTime:0.0000s ]
SQL: SELECT * FROM `sh_category` WHERE ( parent_id=55 )  [ RunTime:0.0000s ]
SQL: SELECT * FROM `sh_category` WHERE ( parent_id=67 )  [ RunTime:0.0000s ]
SQL: SELECT * FROM `sh_category` WHERE ( parent_id=54 )  [ RunTime:0.0000s ]
SQL: SELECT * FROM `sh_category` WHERE ( parent_id=71 )  [ RunTime:0.0000s ]
SQL: SELECT * FROM `sh_category` WHERE ( parent_id=58 )  [ RunTime:0.0000s ]
SQL: SELECT * FROM `sh_category` WHERE ( parent_id=73 )  [ RunTime:0.0000s ]
SQL: SELECT * FROM `sh_category` WHERE ( parent_id=57 )  [ RunTime:0.0000s ]
SQL: SELECT * FROM `sh_category` WHERE ( parent_id=75 )  [ RunTime:0.0000s ]
SQL: SELECT * FROM `sh_category` WHERE ( parent_id=56 )  [ RunTime:0.0000s ]
SQL: SELECT * FROM `sh_category` WHERE ( parent_id=77 )  [ RunTime:0.0000s ]
SQL: SELECT * FROM `sh_category` WHERE ( parent_id=59 )  [ RunTime:0.0000s ]
SQL: SELECT * FROM `sh_category` WHERE ( parent_id=79 )  [ RunTime:0.0000s ]
SQL: SELECT * FROM `sh_category` WHERE ( parent_id=60 )  [ RunTime:0.0000s ]
SQL: SELECT * FROM `sh_category` WHERE ( parent_id=81 )  [ RunTime:0.0000s ]
SQL: SELECT * FROM `sh_category` WHERE ( parent_id=61 )  [ RunTime:0.0000s ]
SQL: SELECT * FROM `sh_category` WHERE ( parent_id=83 )  [ RunTime:0.0000s ]
SQL: SELECT * FROM `sh_category` WHERE ( parent_id=62 )  [ RunTime:0.0000s ]
SQL: SELECT * FROM `sh_category` WHERE ( parent_id=85 )  [ RunTime:0.0000s ]
SQL: SELECT * FROM `sh_category` WHERE ( parent_id=63 )  [ RunTime:0.0000s ]
SQL: SELECT * FROM `sh_category` WHERE ( parent_id=87 )  [ RunTime:0.0000s ]
SQL: SELECT * FROM `sh_category` WHERE ( parent_id=64 )  [ RunTime:0.0000s ]
SQL: SELECT * FROM `sh_category` WHERE ( parent_id=89 )  [ RunTime:0.0000s ]
SQL: SELECT * FROM `sh_category` WHERE ( parent_id=65 )  [ RunTime:0.0000s ]
SQL: SELECT * FROM `sh_category` WHERE ( parent_id=91 )  [ RunTime:0.0000s ]
SQL: SELECT * FROM `sh_category` WHERE ( parent_id=66 )  [ RunTime:0.0000s ]
SQL: SELECT * FROM `sh_category` WHERE ( parent_id=93 )  [ RunTime:0.0000s ]
SQL: SHOW COLUMNS FROM `sh_remark` [ RunTime:0.0000s ]

[ 2015-09-02T20:36:19+08:00 ] 127.0.0.1 /index.php/Home/Index/ajaxChkLogin
INFO: [ app_begin ] --START--
INFO: Run Behavior\ReadHtmlCacheBehavior [ RunTime:0.000000s ]
INFO: [ app_begin ] --END-- [ RunTime:0.015625s ]
SQL: SHOW COLUMNS FROM `sh_article_cat` [ RunTime:0.0156s ]
SQL: SELECT * FROM `sh_article_cat`  [ RunTime:0.0000s ]
SQL: SHOW COLUMNS FROM `sh_article` [ RunTime:0.0156s ]
SQL: SELECT * FROM `sh_article` WHERE ( cat_id=3 )  [ RunTime:0.0000s ]
SQL: SELECT * FROM `sh_article` WHERE ( cat_id=2 )  [ RunTime:0.0000s ]
SQL: SELECT * FROM `sh_article` WHERE ( cat_id=4 )  [ RunTime:0.0000s ]
SQL: SELECT * FROM `sh_article` WHERE ( cat_id=5 )  [ RunTime:0.0000s ]
SQL: SELECT * FROM `sh_article` WHERE ( cat_id=6 )  [ RunTime:0.0000s ]
SQL: SHOW COLUMNS FROM `sh_buttons` [ RunTime:0.0156s ]
SQL: SELECT * FROM `sh_buttons`  [ RunTime:0.0000s ]
SQL: SHOW COLUMNS FROM `sh_shop_config` [ RunTime:0.0000s ]
SQL: SELECT * FROM `sh_shop_config`  [ RunTime:0.0000s ]
SQL: SHOW COLUMNS FROM `sh_category` [ RunTime:0.0156s ]
SQL: SELECT * FROM `sh_category` WHERE ( parent_id=0 )  [ RunTime:0.0000s ]
SQL: SELECT * FROM `sh_category` WHERE ( parent_id=55 )  [ RunTime:0.0000s ]
SQL: SELECT * FROM `sh_category` WHERE ( parent_id=67 )  [ RunTime:0.0000s ]
SQL: SELECT * FROM `sh_category` WHERE ( parent_id=54 )  [ RunTime:0.0000s ]
SQL: SELECT * FROM `sh_category` WHERE ( parent_id=71 )  [ RunTime:0.0000s ]
SQL: SELECT * FROM `sh_category` WHERE ( parent_id=58 )  [ RunTime:0.0000s ]
SQL: SELECT * FROM `sh_category` WHERE ( parent_id=73 )  [ RunTime:0.0000s ]
SQL: SELECT * FROM `sh_category` WHERE ( parent_id=57 )  [ RunTime:0.0000s ]
SQL: SELECT * FROM `sh_category` WHERE ( parent_id=75 )  [ RunTime:0.0000s ]
SQL: SELECT * FROM `sh_category` WHERE ( parent_id=56 )  [ RunTime:0.0000s ]
SQL: SELECT * FROM `sh_category` WHERE ( parent_id=77 )  [ RunTime:0.0000s ]
SQL: SELECT * FROM `sh_category` WHERE ( parent_id=59 )  [ RunTime:0.0000s ]
SQL: SELECT * FROM `sh_category` WHERE ( parent_id=79 )  [ RunTime:0.0000s ]
SQL: SELECT * FROM `sh_category` WHERE ( parent_id=60 )  [ RunTime:0.0000s ]
SQL: SELECT * FROM `sh_category` WHERE ( parent_id=81 )  [ RunTime:0.0000s ]
SQL: SELECT * FROM `sh_category` WHERE ( parent_id=61 )  [ RunTime:0.0000s ]
SQL: SELECT * FROM `sh_category` WHERE ( parent_id=83 )  [ RunTime:0.0000s ]
SQL: SELECT * FROM `sh_category` WHERE ( parent_id=62 )  [ RunTime:0.0000s ]
SQL: SELECT * FROM `sh_category` WHERE ( parent_id=85 )  [ RunTime:0.0000s ]
SQL: SELECT * FROM `sh_category` WHERE ( parent_id=63 )  [ RunTime:0.0000s ]
SQL: SELECT * FROM `sh_category` WHERE ( parent_id=87 )  [ RunTime:0.0000s ]
SQL: SELECT * FROM `sh_category` WHERE ( parent_id=64 )  [ RunTime:0.0000s ]
SQL: SELECT * FROM `sh_category` WHERE ( parent_id=89 )  [ RunTime:0.0000s ]
SQL: SELECT * FROM `sh_category` WHERE ( parent_id=65 )  [ RunTime:0.0000s ]
SQL: SELECT * FROM `sh_category` WHERE ( parent_id=91 )  [ RunTime:0.0000s ]
SQL: SELECT * FROM `sh_category` WHERE ( parent_id=66 )  [ RunTime:0.0000s ]
SQL: SELECT * FROM `sh_category` WHERE ( parent_id=93 )  [ RunTime:0.0000s ]
INFO: [ app_end ] --START--
INFO: Run Behavior\ShowPageTraceBehavior [ RunTime:0.015625s ]
INFO: [ app_end ] --END-- [ RunTime:0.015625s ]

[ 2015-09-02T20:36:19+08:00 ] 127.0.0.1 /Home/Index/ajaxGetRemarkConfig/
INFO: [ app_begin ] --START--
INFO: Run Behavior\ReadHtmlCacheBehavior [ RunTime:0.015625s ]
INFO: [ app_begin ] --END-- [ RunTime:0.015625s ]
SQL: SHOW COLUMNS FROM `sh_article_cat` [ RunTime:0.0156s ]
SQL: SELECT * FROM `sh_article_cat`  [ RunTime:0.0000s ]
SQL: SHOW COLUMNS FROM `sh_article` [ RunTime:0.0156s ]
SQL: SELECT * FROM `sh_article` WHERE ( cat_id=3 )  [ RunTime:0.0000s ]
SQL: SELECT * FROM `sh_article` WHERE ( cat_id=2 )  [ RunTime:0.0000s ]
SQL: SELECT * FROM `sh_article` WHERE ( cat_id=4 )  [ RunTime:0.0000s ]
SQL: SELECT * FROM `sh_article` WHERE ( cat_id=5 )  [ RunTime:0.0000s ]
SQL: SELECT * FROM `sh_article` WHERE ( cat_id=6 )  [ RunTime:0.0000s ]
SQL: SHOW COLUMNS FROM `sh_buttons` [ RunTime:0.0000s ]
SQL: SELECT * FROM `sh_buttons`  [ RunTime:0.0000s ]
SQL: SHOW COLUMNS FROM `sh_shop_config` [ RunTime:0.0000s ]
SQL: SELECT * FROM `sh_shop_config`  [ RunTime:0.0000s ]
SQL: SHOW COLUMNS FROM `sh_category` [ RunTime:0.0156s ]
SQL: SELECT * FROM `sh_category` WHERE ( parent_id=0 )  [ RunTime:0.0000s ]
SQL: SELECT * FROM `sh_category` WHERE ( parent_id=55 )  [ RunTime:0.0000s ]
SQL: SELECT * FROM `sh_category` WHERE ( parent_id=67 )  [ RunTime:0.0000s ]
SQL: SELECT * FROM `sh_category` WHERE ( parent_id=54 )  [ RunTime:0.0000s ]
SQL: SELECT * FROM `sh_category` WHERE ( parent_id=71 )  [ RunTime:0.0000s ]
SQL: SELECT * FROM `sh_category` WHERE ( parent_id=58 )  [ RunTime:0.0000s ]
SQL: SELECT * FROM `sh_category` WHERE ( parent_id=73 )  [ RunTime:0.0000s ]
SQL: SELECT * FROM `sh_category` WHERE ( parent_id=57 )  [ RunTime:0.0000s ]
SQL: SELECT * FROM `sh_category` WHERE ( parent_id=75 )  [ RunTime:0.0000s ]
SQL: SELECT * FROM `sh_category` WHERE ( parent_id=56 )  [ RunTime:0.0000s ]
SQL: SELECT * FROM `sh_category` WHERE ( parent_id=77 )  [ RunTime:0.0000s ]
SQL: SELECT * FROM `sh_category` WHERE ( parent_id=59 )  [ RunTime:0.0000s ]
SQL: SELECT * FROM `sh_category` WHERE ( parent_id=79 )  [ RunTime:0.0156s ]
SQL: SELECT * FROM `sh_category` WHERE ( parent_id=60 )  [ RunTime:0.0000s ]
SQL: SELECT * FROM `sh_category` WHERE ( parent_id=81 )  [ RunTime:0.0000s ]
SQL: SELECT * FROM `sh_category` WHERE ( parent_id=61 )  [ RunTime:0.0000s ]
SQL: SELECT * FROM `sh_category` WHERE ( parent_id=83 )  [ RunTime:0.0000s ]
SQL: SELECT * FROM `sh_category` WHERE ( parent_id=62 )  [ RunTime:0.0000s ]
SQL: SELECT * FROM `sh_category` WHERE ( parent_id=85 )  [ RunTime:0.0000s ]
SQL: SELECT * FROM `sh_category` WHERE ( parent_id=63 )  [ RunTime:0.0000s ]
SQL: SELECT * FROM `sh_category` WHERE ( parent_id=87 )  [ RunTime:0.0000s ]
SQL: SELECT * FROM `sh_category` WHERE ( parent_id=64 )  [ RunTime:0.0000s ]
SQL: SELECT * FROM `sh_category` WHERE ( parent_id=89 )  [ RunTime:0.0000s ]
SQL: SELECT * FROM `sh_category` WHERE ( parent_id=65 )  [ RunTime:0.0000s ]
SQL: SELECT * FROM `sh_category` WHERE ( parent_id=91 )  [ RunTime:0.0000s ]
SQL: SELECT * FROM `sh_category` WHERE ( parent_id=66 )  [ RunTime:0.0000s ]
SQL: SELECT * FROM `sh_category` WHERE ( parent_id=93 )  [ RunTime:0.0000s ]
INFO: [ app_end ] --START--
INFO: Run Behavior\ShowPageTraceBehavior [ RunTime:0.000000s ]
INFO: [ app_end ] --END-- [ RunTime:0.000000s ]

[ 2015-09-02T20:36:22+08:00 ] 127.0.0.1 /Home/Index/ajaxRemark
INFO: [ app_begin ] --START--
INFO: Run Behavior\ReadHtmlCacheBehavior [ RunTime:0.000000s ]
INFO: [ app_begin ] --END-- [ RunTime:0.000000s ]
SQL: SHOW COLUMNS FROM `sh_article_cat` [ RunTime:0.0000s ]
SQL: SELECT * FROM `sh_article_cat`  [ RunTime:0.0000s ]
SQL: SHOW COLUMNS FROM `sh_article` [ RunTime:0.0156s ]
SQL: SELECT * FROM `sh_article` WHERE ( cat_id=3 )  [ RunTime:0.0000s ]
SQL: SELECT * FROM `sh_article` WHERE ( cat_id=2 )  [ RunTime:0.0000s ]
SQL: SELECT * FROM `sh_article` WHERE ( cat_id=4 )  [ RunTime:0.0000s ]
SQL: SELECT * FROM `sh_article` WHERE ( cat_id=5 )  [ RunTime:0.0000s ]
SQL: SELECT * FROM `sh_article` WHERE ( cat_id=6 )  [ RunTime:0.0000s ]
SQL: SHOW COLUMNS FROM `sh_buttons` [ RunTime:0.0000s ]
SQL: SELECT * FROM `sh_buttons`  [ RunTime:0.0000s ]
SQL: SHOW COLUMNS FROM `sh_shop_config` [ RunTime:0.0156s ]
SQL: SELECT * FROM `sh_shop_config`  [ RunTime:0.0000s ]
SQL: SHOW COLUMNS FROM `sh_category` [ RunTime:0.0000s ]
SQL: SELECT * FROM `sh_category` WHERE ( parent_id=0 )  [ RunTime:0.0156s ]
SQL: SELECT * FROM `sh_category` WHERE ( parent_id=55 )  [ RunTime:0.0000s ]
SQL: SELECT * FROM `sh_category` WHERE ( parent_id=67 )  [ RunTime:0.0000s ]
SQL: SELECT * FROM `sh_category` WHERE ( parent_id=54 )  [ RunTime:0.0000s ]
SQL: SELECT * FROM `sh_category` WHERE ( parent_id=71 )  [ RunTime:0.0000s ]
SQL: SELECT * FROM `sh_category` WHERE ( parent_id=58 )  [ RunTime:0.0000s ]
SQL: SELECT * FROM `sh_category` WHERE ( parent_id=73 )  [ RunTime:0.0000s ]
SQL: SELECT * FROM `sh_category` WHERE ( parent_id=57 )  [ RunTime:0.0000s ]
SQL: SELECT * FROM `sh_category` WHERE ( parent_id=75 )  [ RunTime:0.0000s ]
SQL: SELECT * FROM `sh_category` WHERE ( parent_id=56 )  [ RunTime:0.0000s ]
SQL: SELECT * FROM `sh_category` WHERE ( parent_id=77 )  [ RunTime:0.0000s ]
SQL: SELECT * FROM `sh_category` WHERE ( parent_id=59 )  [ RunTime:0.0000s ]
SQL: SELECT * FROM `sh_category` WHERE ( parent_id=79 )  [ RunTime:0.0000s ]
SQL: SELECT * FROM `sh_category` WHERE ( parent_id=60 )  [ RunTime:0.0000s ]
SQL: SELECT * FROM `sh_category` WHERE ( parent_id=81 )  [ RunTime:0.0000s ]
SQL: SELECT * FROM `sh_category` WHERE ( parent_id=61 )  [ RunTime:0.0000s ]
SQL: SELECT * FROM `sh_category` WHERE ( parent_id=83 )  [ RunTime:0.0000s ]
SQL: SELECT * FROM `sh_category` WHERE ( parent_id=62 )  [ RunTime:0.0000s ]
SQL: SELECT * FROM `sh_category` WHERE ( parent_id=85 )  [ RunTime:0.0000s ]
SQL: SELECT * FROM `sh_category` WHERE ( parent_id=63 )  [ RunTime:0.0000s ]
SQL: SELECT * FROM `sh_category` WHERE ( parent_id=87 )  [ RunTime:0.0000s ]
SQL: SELECT * FROM `sh_category` WHERE ( parent_id=64 )  [ RunTime:0.0000s ]
SQL: SELECT * FROM `sh_category` WHERE ( parent_id=89 )  [ RunTime:0.0000s ]
SQL: SELECT * FROM `sh_category` WHERE ( parent_id=65 )  [ RunTime:0.0000s ]
SQL: SELECT * FROM `sh_category` WHERE ( parent_id=91 )  [ RunTime:0.0000s ]
SQL: SELECT * FROM `sh_category` WHERE ( parent_id=66 )  [ RunTime:0.0156s ]
SQL: SELECT * FROM `sh_category` WHERE ( parent_id=93 )  [ RunTime:0.0000s ]
SQL: SHOW COLUMNS FROM `sh_remark` [ RunTime:0.0000s ]

[ 2015-09-02T20:37:40+08:00 ] 127.0.0.1 /Home/Index/ajaxRemark
INFO: [ app_begin ] --START--
INFO: Run Behavior\ReadHtmlCacheBehavior [ RunTime:0.000000s ]
INFO: [ app_begin ] --END-- [ RunTime:0.000000s ]
SQL: SHOW COLUMNS FROM `sh_article_cat` [ RunTime:0.0000s ]
SQL: SELECT * FROM `sh_article_cat`  [ RunTime:0.0000s ]
SQL: SHOW COLUMNS FROM `sh_article` [ RunTime:0.0156s ]
SQL: SELECT * FROM `sh_article` WHERE ( cat_id=3 )  [ RunTime:0.0000s ]
SQL: SELECT * FROM `sh_article` WHERE ( cat_id=2 )  [ RunTime:0.0000s ]
SQL: SELECT * FROM `sh_article` WHERE ( cat_id=4 )  [ RunTime:0.0000s ]
SQL: SELECT * FROM `sh_article` WHERE ( cat_id=5 )  [ RunTime:0.0000s ]
SQL: SELECT * FROM `sh_article` WHERE ( cat_id=6 )  [ RunTime:0.0000s ]
SQL: SHOW COLUMNS FROM `sh_buttons` [ RunTime:0.0000s ]
SQL: SELECT * FROM `sh_buttons`  [ RunTime:0.0000s ]
SQL: SHOW COLUMNS FROM `sh_shop_config` [ RunTime:0.0156s ]
SQL: SELECT * FROM `sh_shop_config`  [ RunTime:0.0000s ]
SQL: SHOW COLUMNS FROM `sh_category` [ RunTime:0.0000s ]
SQL: SELECT * FROM `sh_category` WHERE ( parent_id=0 )  [ RunTime:0.0000s ]
SQL: SELECT * FROM `sh_category` WHERE ( parent_id=55 )  [ RunTime:0.0000s ]
SQL: SELECT * FROM `sh_category` WHERE ( parent_id=67 )  [ RunTime:0.0000s ]
SQL: SELECT * FROM `sh_category` WHERE ( parent_id=54 )  [ RunTime:0.0000s ]
SQL: SELECT * FROM `sh_category` WHERE ( parent_id=71 )  [ RunTime:0.0000s ]
SQL: SELECT * FROM `sh_category` WHERE ( parent_id=58 )  [ RunTime:0.0000s ]
SQL: SELECT * FROM `sh_category` WHERE ( parent_id=73 )  [ RunTime:0.0000s ]
SQL: SELECT * FROM `sh_category` WHERE ( parent_id=57 )  [ RunTime:0.0000s ]
SQL: SELECT * FROM `sh_category` WHERE ( parent_id=75 )  [ RunTime:0.0000s ]
SQL: SELECT * FROM `sh_category` WHERE ( parent_id=56 )  [ RunTime:0.0000s ]
SQL: SELECT * FROM `sh_category` WHERE ( parent_id=77 )  [ RunTime:0.0000s ]
SQL: SELECT * FROM `sh_category` WHERE ( parent_id=59 )  [ RunTime:0.0000s ]
SQL: SELECT * FROM `sh_category` WHERE ( parent_id=79 )  [ RunTime:0.0000s ]
SQL: SELECT * FROM `sh_category` WHERE ( parent_id=60 )  [ RunTime:0.0000s ]
SQL: SELECT * FROM `sh_category` WHERE ( parent_id=81 )  [ RunTime:0.0000s ]
SQL: SELECT * FROM `sh_category` WHERE ( parent_id=61 )  [ RunTime:0.0000s ]
SQL: SELECT * FROM `sh_category` WHERE ( parent_id=83 )  [ RunTime:0.0000s ]
SQL: SELECT * FROM `sh_category` WHERE ( parent_id=62 )  [ RunTime:0.0000s ]
SQL: SELECT * FROM `sh_category` WHERE ( parent_id=85 )  [ RunTime:0.0000s ]
SQL: SELECT * FROM `sh_category` WHERE ( parent_id=63 )  [ RunTime:0.0000s ]
SQL: SELECT * FROM `sh_category` WHERE ( parent_id=87 )  [ RunTime:0.0000s ]
SQL: SELECT * FROM `sh_category` WHERE ( parent_id=64 )  [ RunTime:0.0000s ]
SQL: SELECT * FROM `sh_category` WHERE ( parent_id=89 )  [ RunTime:0.0000s ]
SQL: SELECT * FROM `sh_category` WHERE ( parent_id=65 )  [ RunTime:0.0000s ]
SQL: SELECT * FROM `sh_category` WHERE ( parent_id=91 )  [ RunTime:0.0000s ]
SQL: SELECT * FROM `sh_category` WHERE ( parent_id=66 )  [ RunTime:0.0000s ]
SQL: SELECT * FROM `sh_category` WHERE ( parent_id=93 )  [ RunTime:0.0000s ]
SQL: SHOW COLUMNS FROM `sh_remark` [ RunTime:0.0156s ]

[ 2015-09-02T21:21:40+08:00 ] 127.0.0.1 /Home/Index/ajaxRemark
INFO: [ app_begin ] --START--
INFO: Run Behavior\ReadHtmlCacheBehavior [ RunTime:0.000000s ]
INFO: [ app_begin ] --END-- [ RunTime:0.000000s ]

[ 2015-09-02T21:22:59+08:00 ] 127.0.0.1 /Home/Index/ajaxRemark
INFO: [ app_begin ] --START--
INFO: Run Behavior\ReadHtmlCacheBehavior [ RunTime:0.000000s ]
INFO: [ app_begin ] --END-- [ RunTime:0.000000s ]
SQL: SHOW COLUMNS FROM `sh_article_cat` [ RunTime:0.0156s ]
SQL: SELECT * FROM `sh_article_cat`  [ RunTime:0.0000s ]
SQL: SHOW COLUMNS FROM `sh_article` [ RunTime:0.0000s ]
SQL: SELECT * FROM `sh_article` WHERE ( cat_id=3 )  [ RunTime:0.0000s ]
SQL: SELECT * FROM `sh_article` WHERE ( cat_id=2 )  [ RunTime:0.0000s ]
SQL: SELECT * FROM `sh_article` WHERE ( cat_id=4 )  [ RunTime:0.0000s ]
SQL: SELECT * FROM `sh_article` WHERE ( cat_id=5 )  [ RunTime:0.0000s ]
SQL: SELECT * FROM `sh_article` WHERE ( cat_id=6 )  [ RunTime:0.0000s ]
SQL: SHOW COLUMNS FROM `sh_buttons` [ RunTime:0.0000s ]
SQL: SELECT * FROM `sh_buttons`  [ RunTime:0.0000s ]
SQL: SHOW COLUMNS FROM `sh_shop_config` [ RunTime:0.0156s ]
SQL: SELECT * FROM `sh_shop_config`  [ RunTime:0.0000s ]
SQL: SHOW COLUMNS FROM `sh_category` [ RunTime:0.0000s ]
SQL: SELECT * FROM `sh_category` WHERE ( parent_id=0 )  [ RunTime:0.0000s ]
SQL: SELECT * FROM `sh_category` WHERE ( parent_id=55 )  [ RunTime:0.0000s ]
SQL: SELECT * FROM `sh_category` WHERE ( parent_id=67 )  [ RunTime:0.0156s ]
SQL: SELECT * FROM `sh_category` WHERE ( parent_id=54 )  [ RunTime:0.0000s ]
SQL: SELECT * FROM `sh_category` WHERE ( parent_id=71 )  [ RunTime:0.0000s ]
SQL: SELECT * FROM `sh_category` WHERE ( parent_id=58 )  [ RunTime:0.0000s ]
SQL: SELECT * FROM `sh_category` WHERE ( parent_id=73 )  [ RunTime:0.0000s ]
SQL: SELECT * FROM `sh_category` WHERE ( parent_id=57 )  [ RunTime:0.0000s ]
SQL: SELECT * FROM `sh_category` WHERE ( parent_id=75 )  [ RunTime:0.0000s ]
SQL: SELECT * FROM `sh_category` WHERE ( parent_id=56 )  [ RunTime:0.0000s ]
SQL: SELECT * FROM `sh_category` WHERE ( parent_id=77 )  [ RunTime:0.0000s ]
SQL: SELECT * FROM `sh_category` WHERE ( parent_id=59 )  [ RunTime:0.0000s ]
SQL: SELECT * FROM `sh_category` WHERE ( parent_id=79 )  [ RunTime:0.0000s ]
SQL: SELECT * FROM `sh_category` WHERE ( parent_id=60 )  [ RunTime:0.0000s ]
SQL: SELECT * FROM `sh_category` WHERE ( parent_id=81 )  [ RunTime:0.0000s ]
SQL: SELECT * FROM `sh_category` WHERE ( parent_id=61 )  [ RunTime:0.0000s ]
SQL: SELECT * FROM `sh_category` WHERE ( parent_id=83 )  [ RunTime:0.0000s ]
SQL: SELECT * FROM `sh_category` WHERE ( parent_id=62 )  [ RunTime:0.0000s ]
SQL: SELECT * FROM `sh_category` WHERE ( parent_id=85 )  [ RunTime:0.0000s ]
SQL: SELECT * FROM `sh_category` WHERE ( parent_id=63 )  [ RunTime:0.0000s ]
SQL: SELECT * FROM `sh_category` WHERE ( parent_id=87 )  [ RunTime:0.0000s ]
SQL: SELECT * FROM `sh_category` WHERE ( parent_id=64 )  [ RunTime:0.0000s ]
SQL: SELECT * FROM `sh_category` WHERE ( parent_id=89 )  [ RunTime:0.0000s ]
SQL: SELECT * FROM `sh_category` WHERE ( parent_id=65 )  [ RunTime:0.0000s ]
SQL: SELECT * FROM `sh_category` WHERE ( parent_id=91 )  [ RunTime:0.0000s ]
SQL: SELECT * FROM `sh_category` WHERE ( parent_id=66 )  [ RunTime:0.0000s ]
SQL: SELECT * FROM `sh_category` WHERE ( parent_id=93 )  [ RunTime:0.0000s ]
SQL: SHOW COLUMNS FROM `sh_remark` [ RunTime:0.0156s ]
SQL: INSERT INTO `sh_remark` (`goods_id`,`star`,`content`,`addtime`) VALUES ('77','5','','2015-09-02 21:22:59') [ RunTime:0.0000s ]
SQL: SHOW COLUMNS FROM `sh_yinxiang` [ RunTime:0.0000s ]
ERR: SQLSTATE[42S22]: Column not found: 1054 Unknown column '$goods_id' in 'where clause'

[ 2015-09-02T21:24:03+08:00 ] 127.0.0.1 /Home/Index/ajaxRemark
INFO: [ app_begin ] --START--
INFO: Run Behavior\ReadHtmlCacheBehavior [ RunTime:0.015625s ]
INFO: [ app_begin ] --END-- [ RunTime:0.015625s ]
SQL: SHOW COLUMNS FROM `sh_article_cat` [ RunTime:0.0000s ]
SQL: SELECT * FROM `sh_article_cat`  [ RunTime:0.0000s ]
SQL: SHOW COLUMNS FROM `sh_article` [ RunTime:0.0156s ]
SQL: SELECT * FROM `sh_article` WHERE ( cat_id=3 )  [ RunTime:0.0000s ]
SQL: SELECT * FROM `sh_article` WHERE ( cat_id=2 )  [ RunTime:0.0000s ]
SQL: SELECT * FROM `sh_article` WHERE ( cat_id=4 )  [ RunTime:0.0000s ]
SQL: SELECT * FROM `sh_article` WHERE ( cat_id=5 )  [ RunTime:0.0000s ]
SQL: SELECT * FROM `sh_article` WHERE ( cat_id=6 )  [ RunTime:0.0000s ]
SQL: SHOW COLUMNS FROM `sh_buttons` [ RunTime:0.0000s ]
SQL: SELECT * FROM `sh_buttons`  [ RunTime:0.0000s ]
SQL: SHOW COLUMNS FROM `sh_shop_config` [ RunTime:0.0156s ]
SQL: SELECT * FROM `sh_shop_config`  [ RunTime:0.0000s ]
SQL: SHOW COLUMNS FROM `sh_category` [ RunTime:0.0000s ]
SQL: SELECT * FROM `sh_category` WHERE ( parent_id=0 )  [ RunTime:0.0000s ]
SQL: SELECT * FROM `sh_category` WHERE ( parent_id=55 )  [ RunTime:0.0000s ]
SQL: SELECT * FROM `sh_category` WHERE ( parent_id=67 )  [ RunTime:0.0156s ]
SQL: SELECT * FROM `sh_category` WHERE ( parent_id=54 )  [ RunTime:0.0000s ]
SQL: SELECT * FROM `sh_category` WHERE ( parent_id=71 )  [ RunTime:0.0000s ]
SQL: SELECT * FROM `sh_category` WHERE ( parent_id=58 )  [ RunTime:0.0000s ]
SQL: SELECT * FROM `sh_category` WHERE ( parent_id=73 )  [ RunTime:0.0000s ]
SQL: SELECT * FROM `sh_category` WHERE ( parent_id=57 )  [ RunTime:0.0000s ]
SQL: SELECT * FROM `sh_category` WHERE ( parent_id=75 )  [ RunTime:0.0000s ]
SQL: SELECT * FROM `sh_category` WHERE ( parent_id=56 )  [ RunTime:0.0000s ]
SQL: SELECT * FROM `sh_category` WHERE ( parent_id=77 )  [ RunTime:0.0000s ]
SQL: SELECT * FROM `sh_category` WHERE ( parent_id=59 )  [ RunTime:0.0000s ]
SQL: SELECT * FROM `sh_category` WHERE ( parent_id=79 )  [ RunTime:0.0000s ]
SQL: SELECT * FROM `sh_category` WHERE ( parent_id=60 )  [ RunTime:0.0000s ]
SQL: SELECT * FROM `sh_category` WHERE ( parent_id=81 )  [ RunTime:0.0000s ]
SQL: SELECT * FROM `sh_category` WHERE ( parent_id=61 )  [ RunTime:0.0000s ]
SQL: SELECT * FROM `sh_category` WHERE ( parent_id=83 )  [ RunTime:0.0000s ]
SQL: SELECT * FROM `sh_category` WHERE ( parent_id=62 )  [ RunTime:0.0000s ]
SQL: SELECT * FROM `sh_category` WHERE ( parent_id=85 )  [ RunTime:0.0000s ]
SQL: SELECT * FROM `sh_category` WHERE ( parent_id=63 )  [ RunTime:0.0000s ]
SQL: SELECT * FROM `sh_category` WHERE ( parent_id=87 )  [ RunTime:0.0000s ]
SQL: SELECT * FROM `sh_category` WHERE ( parent_id=64 )  [ RunTime:0.0000s ]
SQL: SELECT * FROM `sh_category` WHERE ( parent_id=89 )  [ RunTime:0.0000s ]
SQL: SELECT * FROM `sh_category` WHERE ( parent_id=65 )  [ RunTime:0.0000s ]
SQL: SELECT * FROM `sh_category` WHERE ( parent_id=91 )  [ RunTime:0.0000s ]
SQL: SELECT * FROM `sh_category` WHERE ( parent_id=66 )  [ RunTime:0.0000s ]
SQL: SELECT * FROM `sh_category` WHERE ( parent_id=93 )  [ RunTime:0.0000s ]
SQL: SHOW COLUMNS FROM `sh_remark` [ RunTime:0.0156s ]
SQL: INSERT INTO `sh_remark` (`goods_id`,`star`,`content`,`addtime`) VALUES ('77','5','','2015-09-02 21:24:03') [ RunTime:0.0000s ]
SQL: SHOW COLUMNS FROM `sh_yinxiang` [ RunTime:0.0156s ]
ERR: SQLSTATE[42S22]: Column not found: 1054 Unknown column '$goods_id' in 'where clause'

[ 2015-09-02T21:24:37+08:00 ] 127.0.0.1 /Home/Index/ajaxRemark
INFO: [ app_begin ] --START--
INFO: Run Behavior\ReadHtmlCacheBehavior [ RunTime:0.000000s ]
INFO: [ app_begin ] --END-- [ RunTime:0.000000s ]

[ 2015-09-02T21:25:37+08:00 ] 127.0.0.1 /Home/Index/ajaxRemark
INFO: [ app_begin ] --START--
INFO: Run Behavior\ReadHtmlCacheBehavior [ RunTime:0.000000s ]
INFO: [ app_begin ] --END-- [ RunTime:0.000000s ]
SQL: SHOW COLUMNS FROM `sh_article_cat` [ RunTime:0.0156s ]
SQL: SELECT * FROM `sh_article_cat`  [ RunTime:0.0000s ]
SQL: SHOW COLUMNS FROM `sh_article` [ RunTime:0.0000s ]
SQL: SELECT * FROM `sh_article` WHERE ( cat_id=3 )  [ RunTime:0.0000s ]
SQL: SELECT * FROM `sh_article` WHERE ( cat_id=2 )  [ RunTime:0.0156s ]
SQL: SELECT * FROM `sh_article` WHERE ( cat_id=4 )  [ RunTime:0.0000s ]
SQL: SELECT * FROM `sh_article` WHERE ( cat_id=5 )  [ RunTime:0.0000s ]
SQL: SELECT * FROM `sh_article` WHERE ( cat_id=6 )  [ RunTime:0.0000s ]
SQL: SHOW COLUMNS FROM `sh_buttons` [ RunTime:0.0000s ]
SQL: SELECT * FROM `sh_buttons`  [ RunTime:0.0000s ]
SQL: SHOW COLUMNS FROM `sh_shop_config` [ RunTime:0.0156s ]
SQL: SELECT * FROM `sh_shop_config`  [ RunTime:0.0000s ]
SQL: SHOW COLUMNS FROM `sh_category` [ RunTime:0.0000s ]
SQL: SELECT * FROM `sh_category` WHERE ( parent_id=0 )  [ RunTime:0.0000s ]
SQL: SELECT * FROM `sh_category` WHERE ( parent_id=55 )  [ RunTime:0.0000s ]
SQL: SELECT * FROM `sh_category` WHERE ( parent_id=67 )  [ RunTime:0.0000s ]
SQL: SELECT * FROM `sh_category` WHERE ( parent_id=54 )  [ RunTime:0.0000s ]
SQL: SELECT * FROM `sh_category` WHERE ( parent_id=71 )  [ RunTime:0.0000s ]
SQL: SELECT * FROM `sh_category` WHERE ( parent_id=58 )  [ RunTime:0.0000s ]
SQL: SELECT * FROM `sh_category` WHERE ( parent_id=73 )  [ RunTime:0.0000s ]
SQL: SELECT * FROM `sh_category` WHERE ( parent_id=57 )  [ RunTime:0.0156s ]
SQL: SELECT * FROM `sh_category` WHERE ( parent_id=75 )  [ RunTime:0.0000s ]
SQL: SELECT * FROM `sh_category` WHERE ( parent_id=56 )  [ RunTime:0.0000s ]
SQL: SELECT * FROM `sh_category` WHERE ( parent_id=77 )  [ RunTime:0.0000s ]
SQL: SELECT * FROM `sh_category` WHERE ( parent_id=59 )  [ RunTime:0.0000s ]
SQL: SELECT * FROM `sh_category` WHERE ( parent_id=79 )  [ RunTime:0.0000s ]
SQL: SELECT * FROM `sh_category` WHERE ( parent_id=60 )  [ RunTime:0.0000s ]
SQL: SELECT * FROM `sh_category` WHERE ( parent_id=81 )  [ RunTime:0.0000s ]
SQL: SELECT * FROM `sh_category` WHERE ( parent_id=61 )  [ RunTime:0.0000s ]
SQL: SELECT * FROM `sh_category` WHERE ( parent_id=83 )  [ RunTime:0.0000s ]
SQL: SELECT * FROM `sh_category` WHERE ( parent_id=62 )  [ RunTime:0.0000s ]
SQL: SELECT * FROM `sh_category` WHERE ( parent_id=85 )  [ RunTime:0.0000s ]
SQL: SELECT * FROM `sh_category` WHERE ( parent_id=63 )  [ RunTime:0.0000s ]
SQL: SELECT * FROM `sh_category` WHERE ( parent_id=87 )  [ RunTime:0.0000s ]
SQL: SELECT * FROM `sh_category` WHERE ( parent_id=64 )  [ RunTime:0.0000s ]
SQL: SELECT * FROM `sh_category` WHERE ( parent_id=89 )  [ RunTime:0.0000s ]
SQL: SELECT * FROM `sh_category` WHERE ( parent_id=65 )  [ RunTime:0.0000s ]
SQL: SELECT * FROM `sh_category` WHERE ( parent_id=91 )  [ RunTime:0.0000s ]
SQL: SELECT * FROM `sh_category` WHERE ( parent_id=66 )  [ RunTime:0.0000s ]
SQL: SELECT * FROM `sh_category` WHERE ( parent_id=93 )  [ RunTime:0.0000s ]
SQL: SHOW COLUMNS FROM `sh_remark` [ RunTime:0.0156s ]
SQL: INSERT INTO `sh_remark` (`goods_id`,`star`,`content`,`addtime`) VALUES ('77','5','','2015-09-02 21:25:37') [ RunTime:0.0000s ]
SQL: SHOW COLUMNS FROM `sh_yinxiang` [ RunTime:0.0000s ]
SQL: SELECT COUNT(*) AS tp_count FROM `sh_yinxiang` WHERE ( yx_name="" and goods_id="77" ) LIMIT 1   [ RunTime:0.0625s ]
SQL: INSERT INTO `sh_yinxiang` (`yx_name`,`yx_count`,`goods_id`) VALUES ('','1','77') [ RunTime:0.0000s ]
SQL: SELECT COUNT(*) AS tp_count FROM `sh_yinxiang` WHERE ( yx_name="" and goods_id="77" ) LIMIT 1   [ RunTime:0.0000s ]
SQL: INSERT INTO `sh_yinxiang` (`yx_name`,`yx_count`,`goods_id`) VALUES ('','1','77') [ RunTime:0.0000s ]

[ 2015-09-02T21:38:34+08:00 ] 127.0.0.1 /index.php/Home/Index/ajaxChkLogin
INFO: [ app_begin ] --START--
INFO: Run Behavior\ReadHtmlCacheBehavior [ RunTime:0.000000s ]
INFO: [ app_begin ] --END-- [ RunTime:0.000000s ]
SQL: SHOW COLUMNS FROM `sh_article_cat` [ RunTime:0.0000s ]
SQL: SELECT * FROM `sh_article_cat`  [ RunTime:0.0000s ]
SQL: SHOW COLUMNS FROM `sh_article` [ RunTime:0.0156s ]
SQL: SELECT * FROM `sh_article` WHERE ( cat_id=3 )  [ RunTime:0.0000s ]
SQL: SELECT * FROM `sh_article` WHERE ( cat_id=2 )  [ RunTime:0.0000s ]
SQL: SELECT * FROM `sh_article` WHERE ( cat_id=4 )  [ RunTime:0.0000s ]
SQL: SELECT * FROM `sh_article` WHERE ( cat_id=5 )  [ RunTime:0.0000s ]
SQL: SELECT * FROM `sh_article` WHERE ( cat_id=6 )  [ RunTime:0.0000s ]
SQL: SHOW COLUMNS FROM `sh_buttons` [ RunTime:0.0000s ]
SQL: SELECT * FROM `sh_buttons`  [ RunTime:0.0156s ]
SQL: SHOW COLUMNS FROM `sh_shop_config` [ RunTime:0.0000s ]
SQL: SELECT * FROM `sh_shop_config`  [ RunTime:0.0000s ]
SQL: SHOW COLUMNS FROM `sh_category` [ RunTime:0.0156s ]
SQL: SELECT * FROM `sh_category` WHERE ( parent_id=0 )  [ RunTime:0.0000s ]
SQL: SELECT * FROM `sh_category` WHERE ( parent_id=55 )  [ RunTime:0.0000s ]
SQL: SELECT * FROM `sh_category` WHERE ( parent_id=67 )  [ RunTime:0.0000s ]
SQL: SELECT * FROM `sh_category` WHERE ( parent_id=54 )  [ RunTime:0.0000s ]
SQL: SELECT * FROM `sh_category` WHERE ( parent_id=71 )  [ RunTime:0.0000s ]
SQL: SELECT * FROM `sh_category` WHERE ( parent_id=58 )  [ RunTime:0.0000s ]
SQL: SELECT * FROM `sh_category` WHERE ( parent_id=73 )  [ RunTime:0.0000s ]
SQL: SELECT * FROM `sh_category` WHERE ( parent_id=57 )  [ RunTime:0.0000s ]
SQL: SELECT * FROM `sh_category` WHERE ( parent_id=75 )  [ RunTime:0.0000s ]
SQL: SELECT * FROM `sh_category` WHERE ( parent_id=56 )  [ RunTime:0.0000s ]
SQL: SELECT * FROM `sh_category` WHERE ( parent_id=77 )  [ RunTime:0.0000s ]
SQL: SELECT * FROM `sh_category` WHERE ( parent_id=59 )  [ RunTime:0.0000s ]
SQL: SELECT * FROM `sh_category` WHERE ( parent_id=79 )  [ RunTime:0.0000s ]
SQL: SELECT * FROM `sh_category` WHERE ( parent_id=60 )  [ RunTime:0.0000s ]
SQL: SELECT * FROM `sh_category` WHERE ( parent_id=81 )  [ RunTime:0.0000s ]
SQL: SELECT * FROM `sh_category` WHERE ( parent_id=61 )  [ RunTime:0.0000s ]
SQL: SELECT * FROM `sh_category` WHERE ( parent_id=83 )  [ RunTime:0.0000s ]
SQL: SELECT * FROM `sh_category` WHERE ( parent_id=62 )  [ RunTime:0.0000s ]
SQL: SELECT * FROM `sh_category` WHERE ( parent_id=85 )  [ RunTime:0.0000s ]
SQL: SELECT * FROM `sh_category` WHERE ( parent_id=63 )  [ RunTime:0.0000s ]
SQL: SELECT * FROM `sh_category` WHERE ( parent_id=87 )  [ RunTime:0.0000s ]
SQL: SELECT * FROM `sh_category` WHERE ( parent_id=64 )  [ RunTime:0.0000s ]
SQL: SELECT * FROM `sh_category` WHERE ( parent_id=89 )  [ RunTime:0.0000s ]
SQL: SELECT * FROM `sh_category` WHERE ( parent_id=65 )  [ RunTime:0.0000s ]
SQL: SELECT * FROM `sh_category` WHERE ( parent_id=91 )  [ RunTime:0.0000s ]
SQL: SELECT * FROM `sh_category` WHERE ( parent_id=66 )  [ RunTime:0.0000s ]
SQL: SELECT * FROM `sh_category` WHERE ( parent_id=93 )  [ RunTime:0.0000s ]
INFO: [ app_end ] --START--
INFO: Run Behavior\ShowPageTraceBehavior [ RunTime:0.000000s ]
INFO: [ app_end ] --END-- [ RunTime:0.000000s ]

[ 2015-09-02T21:38:35+08:00 ] 127.0.0.1 /Home/Index/ajaxGetRemarkConfig/
INFO: [ app_begin ] --START--
INFO: Run Behavior\ReadHtmlCacheBehavior [ RunTime:0.000000s ]
INFO: [ app_begin ] --END-- [ RunTime:0.000000s ]
SQL: SHOW COLUMNS FROM `sh_article_cat` [ RunTime:0.0000s ]
SQL: SELECT * FROM `sh_article_cat`  [ RunTime:0.0000s ]
SQL: SHOW COLUMNS FROM `sh_article` [ RunTime:0.0156s ]
SQL: SELECT * FROM `sh_article` WHERE ( cat_id=3 )  [ RunTime:0.0000s ]
SQL: SELECT * FROM `sh_article` WHERE ( cat_id=2 )  [ RunTime:0.0000s ]
SQL: SELECT * FROM `sh_article` WHERE ( cat_id=4 )  [ RunTime:0.0000s ]
SQL: SELECT * FROM `sh_article` WHERE ( cat_id=5 )  [ RunTime:0.0000s ]
SQL: SELECT * FROM `sh_article` WHERE ( cat_id=6 )  [ RunTime:0.0000s ]
SQL: SHOW COLUMNS FROM `sh_buttons` [ RunTime:0.0000s ]
SQL: SELECT * FROM `sh_buttons`  [ RunTime:0.0000s ]
SQL: SHOW COLUMNS FROM `sh_shop_config` [ RunTime:0.0156s ]
SQL: SELECT * FROM `sh_shop_config`  [ RunTime:0.0000s ]
SQL: SHOW COLUMNS FROM `sh_category` [ RunTime:0.0000s ]
SQL: SELECT * FROM `sh_category` WHERE ( parent_id=0 )  [ RunTime:0.0156s ]
SQL: SELECT * FROM `sh_category` WHERE ( parent_id=55 )  [ RunTime:0.0000s ]
SQL: SELECT * FROM `sh_category` WHERE ( parent_id=67 )  [ RunTime:0.0000s ]
SQL: SELECT * FROM `sh_category` WHERE ( parent_id=54 )  [ RunTime:0.0000s ]
SQL: SELECT * FROM `sh_category` WHERE ( parent_id=71 )  [ RunTime:0.0000s ]
SQL: SELECT * FROM `sh_category` WHERE ( parent_id=58 )  [ RunTime:0.0000s ]
SQL: SELECT * FROM `sh_category` WHERE ( parent_id=73 )  [ RunTime:0.0000s ]
SQL: SELECT * FROM `sh_category` WHERE ( parent_id=57 )  [ RunTime:0.0000s ]
SQL: SELECT * FROM `sh_category` WHERE ( parent_id=75 )  [ RunTime:0.0000s ]
SQL: SELECT * FROM `sh_category` WHERE ( parent_id=56 )  [ RunTime:0.0000s ]
SQL: SELECT * FROM `sh_category` WHERE ( parent_id=77 )  [ RunTime:0.0000s ]
SQL: SELECT * FROM `sh_category` WHERE ( parent_id=59 )  [ RunTime:0.0000s ]
SQL: SELECT * FROM `sh_category` WHERE ( parent_id=79 )  [ RunTime:0.0000s ]
SQL: SELECT * FROM `sh_category` WHERE ( parent_id=60 )  [ RunTime:0.0000s ]
SQL: SELECT * FROM `sh_category` WHERE ( parent_id=81 )  [ RunTime:0.0000s ]
SQL: SELECT * FROM `sh_category` WHERE ( parent_id=61 )  [ RunTime:0.0000s ]
SQL: SELECT * FROM `sh_category` WHERE ( parent_id=83 )  [ RunTime:0.0000s ]
SQL: SELECT * FROM `sh_category` WHERE ( parent_id=62 )  [ RunTime:0.0000s ]
SQL: SELECT * FROM `sh_category` WHERE ( parent_id=85 )  [ RunTime:0.0000s ]
SQL: SELECT * FROM `sh_category` WHERE ( parent_id=63 )  [ RunTime:0.0000s ]
SQL: SELECT * FROM `sh_category` WHERE ( parent_id=87 )  [ RunTime:0.0000s ]
SQL: SELECT * FROM `sh_category` WHERE ( parent_id=64 )  [ RunTime:0.0000s ]
SQL: SELECT * FROM `sh_category` WHERE ( parent_id=89 )  [ RunTime:0.0156s ]
SQL: SELECT * FROM `sh_category` WHERE ( parent_id=65 )  [ RunTime:0.0000s ]
SQL: SELECT * FROM `sh_category` WHERE ( parent_id=91 )  [ RunTime:0.0000s ]
SQL: SELECT * FROM `sh_category` WHERE ( parent_id=66 )  [ RunTime:0.0000s ]
SQL: SELECT * FROM `sh_category` WHERE ( parent_id=93 )  [ RunTime:0.0000s ]
INFO: [ app_end ] --START--
INFO: Run Behavior\ShowPageTraceBehavior [ RunTime:0.000000s ]
INFO: [ app_end ] --END-- [ RunTime:0.000000s ]

[ 2015-09-02T21:39:54+08:00 ] 127.0.0.1 /index.php/Home/Index/ajaxChkLogin
INFO: [ app_begin ] --START--
INFO: Run Behavior\ReadHtmlCacheBehavior [ RunTime:0.015625s ]
INFO: [ app_begin ] --END-- [ RunTime:0.015625s ]
SQL: SHOW COLUMNS FROM `sh_article_cat` [ RunTime:0.0000s ]
SQL: SELECT * FROM `sh_article_cat`  [ RunTime:0.0000s ]
SQL: SHOW COLUMNS FROM `sh_article` [ RunTime:0.0156s ]
SQL: SELECT * FROM `sh_article` WHERE ( cat_id=3 )  [ RunTime:0.0000s ]
SQL: SELECT * FROM `sh_article` WHERE ( cat_id=2 )  [ RunTime:0.0000s ]
SQL: SELECT * FROM `sh_article` WHERE ( cat_id=4 )  [ RunTime:0.0000s ]
SQL: SELECT * FROM `sh_article` WHERE ( cat_id=5 )  [ RunTime:0.0000s ]
SQL: SELECT * FROM `sh_article` WHERE ( cat_id=6 )  [ RunTime:0.0000s ]
SQL: SHOW COLUMNS FROM `sh_buttons` [ RunTime:0.0156s ]
SQL: SELECT * FROM `sh_buttons`  [ RunTime:0.0000s ]
SQL: SHOW COLUMNS FROM `sh_shop_config` [ RunTime:0.0156s ]
SQL: SELECT * FROM `sh_shop_config`  [ RunTime:0.0000s ]
SQL: SHOW COLUMNS FROM `sh_category` [ RunTime:0.0156s ]
SQL: SELECT * FROM `sh_category` WHERE ( parent_id=0 )  [ RunTime:0.0000s ]
SQL: SELECT * FROM `sh_category` WHERE ( parent_id=55 )  [ RunTime:0.0000s ]
SQL: SELECT * FROM `sh_category` WHERE ( parent_id=67 )  [ RunTime:0.0000s ]
SQL: SELECT * FROM `sh_category` WHERE ( parent_id=54 )  [ RunTime:0.0000s ]
SQL: SELECT * FROM `sh_category` WHERE ( parent_id=71 )  [ RunTime:0.0000s ]
SQL: SELECT * FROM `sh_category` WHERE ( parent_id=58 )  [ RunTime:0.0000s ]
SQL: SELECT * FROM `sh_category` WHERE ( parent_id=73 )  [ RunTime:0.0000s ]
SQL: SELECT * FROM `sh_category` WHERE ( parent_id=57 )  [ RunTime:0.0156s ]
SQL: SELECT * FROM `sh_category` WHERE ( parent_id=75 )  [ RunTime:0.0000s ]
SQL: SELECT * FROM `sh_category` WHERE ( parent_id=56 )  [ RunTime:0.0000s ]
SQL: SELECT * FROM `sh_category` WHERE ( parent_id=77 )  [ RunTime:0.0000s ]
SQL: SELECT * FROM `sh_category` WHERE ( parent_id=59 )  [ RunTime:0.0000s ]
SQL: SELECT * FROM `sh_category` WHERE ( parent_id=79 )  [ RunTime:0.0000s ]
SQL: SELECT * FROM `sh_category` WHERE ( parent_id=60 )  [ RunTime:0.0000s ]
SQL: SELECT * FROM `sh_category` WHERE ( parent_id=81 )  [ RunTime:0.0000s ]
SQL: SELECT * FROM `sh_category` WHERE ( parent_id=61 )  [ RunTime:0.0000s ]
SQL: SELECT * FROM `sh_category` WHERE ( parent_id=83 )  [ RunTime:0.0000s ]
SQL: SELECT * FROM `sh_category` WHERE ( parent_id=62 )  [ RunTime:0.0000s ]
SQL: SELECT * FROM `sh_category` WHERE ( parent_id=85 )  [ RunTime:0.0000s ]
SQL: SELECT * FROM `sh_category` WHERE ( parent_id=63 )  [ RunTime:0.0000s ]
SQL: SELECT * FROM `sh_category` WHERE ( parent_id=87 )  [ RunTime:0.0000s ]
SQL: SELECT * FROM `sh_category` WHERE ( parent_id=64 )  [ RunTime:0.0000s ]
SQL: SELECT * FROM `sh_category` WHERE ( parent_id=89 )  [ RunTime:0.0000s ]
SQL: SELECT * FROM `sh_category` WHERE ( parent_id=65 )  [ RunTime:0.0000s ]
SQL: SELECT * FROM `sh_category` WHERE ( parent_id=91 )  [ RunTime:0.0000s ]
SQL: SELECT * FROM `sh_category` WHERE ( parent_id=66 )  [ RunTime:0.0000s ]
SQL: SELECT * FROM `sh_category` WHERE ( parent_id=93 )  [ RunTime:0.0000s ]
INFO: [ app_end ] --START--
INFO: Run Behavior\ShowPageTraceBehavior [ RunTime:0.000000s ]
INFO: [ app_end ] --END-- [ RunTime:0.015625s ]

[ 2015-09-02T21:39:54+08:00 ] 127.0.0.1 /Home/Index/ajaxGetRemarkConfig/
INFO: [ app_begin ] --START--
INFO: Run Behavior\ReadHtmlCacheBehavior [ RunTime:0.000000s ]
INFO: [ app_begin ] --END-- [ RunTime:0.015625s ]
SQL: SHOW COLUMNS FROM `sh_article_cat` [ RunTime:0.0156s ]
SQL: SELECT * FROM `sh_article_cat`  [ RunTime:0.0000s ]
SQL: SHOW COLUMNS FROM `sh_article` [ RunTime:0.0000s ]
SQL: SELECT * FROM `sh_article` WHERE ( cat_id=3 )  [ RunTime:0.0000s ]
SQL: SELECT * FROM `sh_article` WHERE ( cat_id=2 )  [ RunTime:0.0000s ]
SQL: SELECT * FROM `sh_article` WHERE ( cat_id=4 )  [ RunTime:0.0156s ]
SQL: SELECT * FROM `sh_article` WHERE ( cat_id=5 )  [ RunTime:0.0000s ]
SQL: SELECT * FROM `sh_article` WHERE ( cat_id=6 )  [ RunTime:0.0000s ]
SQL: SHOW COLUMNS FROM `sh_buttons` [ RunTime:0.0000s ]
SQL: SELECT * FROM `sh_buttons`  [ RunTime:0.0000s ]
SQL: SHOW COLUMNS FROM `sh_shop_config` [ RunTime:0.0156s ]
SQL: SELECT * FROM `sh_shop_config`  [ RunTime:0.0000s ]
SQL: SHOW COLUMNS FROM `sh_category` [ RunTime:0.0000s ]
SQL: SELECT * FROM `sh_category` WHERE ( parent_id=0 )  [ RunTime:0.0000s ]
SQL: SELECT * FROM `sh_category` WHERE ( parent_id=55 )  [ RunTime:0.0000s ]
SQL: SELECT * FROM `sh_category` WHERE ( parent_id=67 )  [ RunTime:0.0000s ]
SQL: SELECT * FROM `sh_category` WHERE ( parent_id=54 )  [ RunTime:0.0000s ]
SQL: SELECT * FROM `sh_category` WHERE ( parent_id=71 )  [ RunTime:0.0156s ]
SQL: SELECT * FROM `sh_category` WHERE ( parent_id=58 )  [ RunTime:0.0000s ]
SQL: SELECT * FROM `sh_category` WHERE ( parent_id=73 )  [ RunTime:0.0000s ]
SQL: SELECT * FROM `sh_category` WHERE ( parent_id=57 )  [ RunTime:0.0000s ]
SQL: SELECT * FROM `sh_category` WHERE ( parent_id=75 )  [ RunTime:0.0000s ]
SQL: SELECT * FROM `sh_category` WHERE ( parent_id=56 )  [ RunTime:0.0000s ]
SQL: SELECT * FROM `sh_category` WHERE ( parent_id=77 )  [ RunTime:0.0000s ]
SQL: SELECT * FROM `sh_category` WHERE ( parent_id=59 )  [ RunTime:0.0000s ]
SQL: SELECT * FROM `sh_category` WHERE ( parent_id=79 )  [ RunTime:0.0000s ]
SQL: SELECT * FROM `sh_category` WHERE ( parent_id=60 )  [ RunTime:0.0000s ]
SQL: SELECT * FROM `sh_category` WHERE ( parent_id=81 )  [ RunTime:0.0000s ]
SQL: SELECT * FROM `sh_category` WHERE ( parent_id=61 )  [ RunTime:0.0000s ]
SQL: SELECT * FROM `sh_category` WHERE ( parent_id=83 )  [ RunTime:0.0000s ]
SQL: SELECT * FROM `sh_category` WHERE ( parent_id=62 )  [ RunTime:0.0000s ]
SQL: SELECT * FROM `sh_category` WHERE ( parent_id=85 )  [ RunTime:0.0000s ]
SQL: SELECT * FROM `sh_category` WHERE ( parent_id=63 )  [ RunTime:0.0000s ]
SQL: SELECT * FROM `sh_category` WHERE ( parent_id=87 )  [ RunTime:0.0000s ]
SQL: SELECT * FROM `sh_category` WHERE ( parent_id=64 )  [ RunTime:0.0000s ]
SQL: SELECT * FROM `sh_category` WHERE ( parent_id=89 )  [ RunTime:0.0000s ]
SQL: SELECT * FROM `sh_category` WHERE ( parent_id=65 )  [ RunTime:0.0000s ]
SQL: SELECT * FROM `sh_category` WHERE ( parent_id=91 )  [ RunTime:0.0000s ]
SQL: SELECT * FROM `sh_category` WHERE ( parent_id=66 )  [ RunTime:0.0000s ]
SQL: SELECT * FROM `sh_category` WHERE ( parent_id=93 )  [ RunTime:0.0000s ]
INFO: [ app_end ] --START--
INFO: Run Behavior\ShowPageTraceBehavior [ RunTime:0.000000s ]
INFO: [ app_end ] --END-- [ RunTime:0.000000s ]

[ 2015-09-02T21:44:27+08:00 ] 127.0.0.1 /Home/Index/ajaxRemark
INFO: [ app_begin ] --START--
INFO: Run Behavior\ReadHtmlCacheBehavior [ RunTime:0.000000s ]
INFO: [ app_begin ] --END-- [ RunTime:0.000000s ]
SQL: SHOW COLUMNS FROM `sh_article_cat` [ RunTime:0.0000s ]
SQL: SELECT * FROM `sh_article_cat`  [ RunTime:0.0000s ]
SQL: SHOW COLUMNS FROM `sh_article` [ RunTime:0.0156s ]
SQL: SELECT * FROM `sh_article` WHERE ( cat_id=3 )  [ RunTime:0.0000s ]
SQL: SELECT * FROM `sh_article` WHERE ( cat_id=2 )  [ RunTime:0.0000s ]
SQL: SELECT * FROM `sh_article` WHERE ( cat_id=4 )  [ RunTime:0.0000s ]
SQL: SELECT * FROM `sh_article` WHERE ( cat_id=5 )  [ RunTime:0.0000s ]
SQL: SELECT * FROM `sh_article` WHERE ( cat_id=6 )  [ RunTime:0.0000s ]
SQL: SHOW COLUMNS FROM `sh_buttons` [ RunTime:0.0000s ]
SQL: SELECT * FROM `sh_buttons`  [ RunTime:0.0000s ]
SQL: SHOW COLUMNS FROM `sh_shop_config` [ RunTime:0.0156s ]
SQL: SELECT * FROM `sh_shop_config`  [ RunTime:0.0000s ]
SQL: SHOW COLUMNS FROM `sh_category` [ RunTime:0.0156s ]
SQL: SELECT * FROM `sh_category` WHERE ( parent_id=0 )  [ RunTime:0.0000s ]
SQL: SELECT * FROM `sh_category` WHERE ( parent_id=55 )  [ RunTime:0.0000s ]
SQL: SELECT * FROM `sh_category` WHERE ( parent_id=67 )  [ RunTime:0.0000s ]
SQL: SELECT * FROM `sh_category` WHERE ( parent_id=54 )  [ RunTime:0.0000s ]
SQL: SELECT * FROM `sh_category` WHERE ( parent_id=71 )  [ RunTime:0.0000s ]
SQL: SELECT * FROM `sh_category` WHERE ( parent_id=58 )  [ RunTime:0.0000s ]
SQL: SELECT * FROM `sh_category` WHERE ( parent_id=73 )  [ RunTime:0.0000s ]
SQL: SELECT * FROM `sh_category` WHERE ( parent_id=57 )  [ RunTime:0.0000s ]
SQL: SELECT * FROM `sh_category` WHERE ( parent_id=75 )  [ RunTime:0.0000s ]
SQL: SELECT * FROM `sh_category` WHERE ( parent_id=56 )  [ RunTime:0.0000s ]
SQL: SELECT * FROM `sh_category` WHERE ( parent_id=77 )  [ RunTime:0.0000s ]
SQL: SELECT * FROM `sh_category` WHERE ( parent_id=59 )  [ RunTime:0.0000s ]
SQL: SELECT * FROM `sh_category` WHERE ( parent_id=79 )  [ RunTime:0.0000s ]
SQL: SELECT * FROM `sh_category` WHERE ( parent_id=60 )  [ RunTime:0.0000s ]
SQL: SELECT * FROM `sh_category` WHERE ( parent_id=81 )  [ RunTime:0.0000s ]
SQL: SELECT * FROM `sh_category` WHERE ( parent_id=61 )  [ RunTime:0.0000s ]
SQL: SELECT * FROM `sh_category` WHERE ( parent_id=83 )  [ RunTime:0.0000s ]
SQL: SELECT * FROM `sh_category` WHERE ( parent_id=62 )  [ RunTime:0.0000s ]
SQL: SELECT * FROM `sh_category` WHERE ( parent_id=85 )  [ RunTime:0.0000s ]
SQL: SELECT * FROM `sh_category` WHERE ( parent_id=63 )  [ RunTime:0.0000s ]
SQL: SELECT * FROM `sh_category` WHERE ( parent_id=87 )  [ RunTime:0.0000s ]
SQL: SELECT * FROM `sh_category` WHERE ( parent_id=64 )  [ RunTime:0.0000s ]
SQL: SELECT * FROM `sh_category` WHERE ( parent_id=89 )  [ RunTime:0.0000s ]
SQL: SELECT * FROM `sh_category` WHERE ( parent_id=65 )  [ RunTime:0.0000s ]
SQL: SELECT * FROM `sh_category` WHERE ( parent_id=91 )  [ RunTime:0.0000s ]
SQL: SELECT * FROM `sh_category` WHERE ( parent_id=66 )  [ RunTime:0.0000s ]
SQL: SELECT * FROM `sh_category` WHERE ( parent_id=93 )  [ RunTime:0.0000s ]

[ 2015-09-02T21:53:34+08:00 ] 127.0.0.1 /Home/Index/ajaxRemark
INFO: [ app_begin ] --START--
INFO: Run Behavior\ReadHtmlCacheBehavior [ RunTime:0.000000s ]
INFO: [ app_begin ] --END-- [ RunTime:0.000000s ]
SQL: SHOW COLUMNS FROM `sh_article_cat` [ RunTime:0.0156s ]
SQL: SELECT * FROM `sh_article_cat`  [ RunTime:0.0000s ]
SQL: SHOW COLUMNS FROM `sh_article` [ RunTime:0.0000s ]
SQL: SELECT * FROM `sh_article` WHERE ( cat_id=3 )  [ RunTime:0.0000s ]
SQL: SELECT * FROM `sh_article` WHERE ( cat_id=2 )  [ RunTime:0.0000s ]
SQL: SELECT * FROM `sh_article` WHERE ( cat_id=4 )  [ RunTime:0.0156s ]
SQL: SELECT * FROM `sh_article` WHERE ( cat_id=5 )  [ RunTime:0.0000s ]
SQL: SELECT * FROM `sh_article` WHERE ( cat_id=6 )  [ RunTime:0.0000s ]
SQL: SHOW COLUMNS FROM `sh_buttons` [ RunTime:0.0000s ]
SQL: SELECT * FROM `sh_buttons`  [ RunTime:0.0000s ]
SQL: SHOW COLUMNS FROM `sh_shop_config` [ RunTime:0.0156s ]
SQL: SELECT * FROM `sh_shop_config`  [ RunTime:0.0000s ]
SQL: SHOW COLUMNS FROM `sh_category` [ RunTime:0.0000s ]
SQL: SELECT * FROM `sh_category` WHERE ( parent_id=0 )  [ RunTime:0.0000s ]
SQL: SELECT * FROM `sh_category` WHERE ( parent_id=55 )  [ RunTime:0.0000s ]
SQL: SELECT * FROM `sh_category` WHERE ( parent_id=67 )  [ RunTime:0.0000s ]
SQL: SELECT * FROM `sh_category` WHERE ( parent_id=54 )  [ RunTime:0.0000s ]
SQL: SELECT * FROM `sh_category` WHERE ( parent_id=71 )  [ RunTime:0.0000s ]
SQL: SELECT * FROM `sh_category` WHERE ( parent_id=58 )  [ RunTime:0.0000s ]
SQL: SELECT * FROM `sh_category` WHERE ( parent_id=73 )  [ RunTime:0.0000s ]
SQL: SELECT * FROM `sh_category` WHERE ( parent_id=57 )  [ RunTime:0.0000s ]
SQL: SELECT * FROM `sh_category` WHERE ( parent_id=75 )  [ RunTime:0.0156s ]
SQL: SELECT * FROM `sh_category` WHERE ( parent_id=56 )  [ RunTime:0.0000s ]
SQL: SELECT * FROM `sh_category` WHERE ( parent_id=77 )  [ RunTime:0.0000s ]
SQL: SELECT * FROM `sh_category` WHERE ( parent_id=59 )  [ RunTime:0.0000s ]
SQL: SELECT * FROM `sh_category` WHERE ( parent_id=79 )  [ RunTime:0.0000s ]
SQL: SELECT * FROM `sh_category` WHERE ( parent_id=60 )  [ RunTime:0.0000s ]
SQL: SELECT * FROM `sh_category` WHERE ( parent_id=81 )  [ RunTime:0.0000s ]
SQL: SELECT * FROM `sh_category` WHERE ( parent_id=61 )  [ RunTime:0.0000s ]
SQL: SELECT * FROM `sh_category` WHERE ( parent_id=83 )  [ RunTime:0.0000s ]
SQL: SELECT * FROM `sh_category` WHERE ( parent_id=62 )  [ RunTime:0.0000s ]
SQL: SELECT * FROM `sh_category` WHERE ( parent_id=85 )  [ RunTime:0.0000s ]
SQL: SELECT * FROM `sh_category` WHERE ( parent_id=63 )  [ RunTime:0.0000s ]
SQL: SELECT * FROM `sh_category` WHERE ( parent_id=87 )  [ RunTime:0.0000s ]
SQL: SELECT * FROM `sh_category` WHERE ( parent_id=64 )  [ RunTime:0.0000s ]
SQL: SELECT * FROM `sh_category` WHERE ( parent_id=89 )  [ RunTime:0.0000s ]
SQL: SELECT * FROM `sh_category` WHERE ( parent_id=65 )  [ RunTime:0.0000s ]
SQL: SELECT * FROM `sh_category` WHERE ( parent_id=91 )  [ RunTime:0.0000s ]
SQL: SELECT * FROM `sh_category` WHERE ( parent_id=66 )  [ RunTime:0.0000s ]
SQL: SELECT * FROM `sh_category` WHERE ( parent_id=93 )  [ RunTime:0.0000s ]

