[ 2015-09-15T19:25:50+08:00 ] 127.0.0.1 /index.php/Home/Index/ajaxChkLogin
INFO: [ app_begin ] --START--
INFO: Run Behavior\ReadHtmlCacheBehavior [ RunTime:0.000000s ]
INFO: [ app_begin ] --END-- [ RunTime:0.000000s ]
SQL: SHOW COLUMNS FROM `sh_article_cat` [ RunTime:0.0469s ]
SQL: SELECT * FROM `sh_article_cat`  [ RunTime:0.0000s ]
SQL: SHOW COLUMNS FROM `sh_article` [ RunTime:0.0156s ]
SQL: SELECT * FROM `sh_article` WHERE ( cat_id=3 )  [ RunTime:0.0000s ]
SQL: SELECT * FROM `sh_article` WHERE ( cat_id=2 )  [ RunTime:0.0000s ]
SQL: SELECT * FROM `sh_article` WHERE ( cat_id=4 )  [ RunTime:0.0000s ]
SQL: SELECT * FROM `sh_article` WHERE ( cat_id=5 )  [ RunTime:0.0000s ]
SQL: SELECT * FROM `sh_article` WHERE ( cat_id=6 )  [ RunTime:0.0000s ]
SQL: SHOW COLUMNS FROM `sh_buttons` [ RunTime:0.0000s ]
SQL: SELECT * FROM `sh_buttons`  [ RunTime:0.0156s ]
SQL: SHOW COLUMNS FROM `sh_shop_config` [ RunTime:0.0000s ]
SQL: SELECT * FROM `sh_shop_config`  [ RunTime:0.0000s ]
SQL: SHOW COLUMNS FROM `sh_category` [ RunTime:0.0313s ]
SQL: SELECT * FROM `sh_category` WHERE ( parent_id=0 )  [ RunTime:0.0000s ]
SQL: SELECT * FROM `sh_category` WHERE ( parent_id=55 )  [ RunTime:0.0000s ]
SQL: SELECT * FROM `sh_category` WHERE ( parent_id=67 )  [ RunTime:0.0000s ]
SQL: SELECT * FROM `sh_category` WHERE ( parent_id=54 )  [ RunTime:0.0156s ]
SQL: SELECT * FROM `sh_category` WHERE ( parent_id=71 )  [ RunTime:0.0000s ]
SQL: SELECT * FROM `sh_category` WHERE ( parent_id=58 )  [ RunTime:0.0000s ]
SQL: SELECT * FROM `sh_category` WHERE ( parent_id=73 )  [ RunTime:0.0000s ]
SQL: SELECT * FROM `sh_category` WHERE ( parent_id=57 )  [ RunTime:0.0000s ]
SQL: SELECT * FROM `sh_category` WHERE ( parent_id=75 )  [ RunTime:0.0000s ]
SQL: SELECT * FROM `sh_category` WHERE ( parent_id=56 )  [ RunTime:0.0000s ]
SQL: SELECT * FROM `sh_category` WHERE ( parent_id=77 )  [ RunTime:0.0000s ]
SQL: SELECT * FROM `sh_category` WHERE ( parent_id=59 )  [ RunTime:0.0000s ]
SQL: SELECT * FROM `sh_category` WHERE ( parent_id=79 )  [ RunTime:0.0000s ]
SQL: SELECT * FROM `sh_category` WHERE ( parent_id=60 )  [ RunTime:0.0000s ]
SQL: SELECT * FROM `sh_category` WHERE ( parent_id=81 )  [ RunTime:0.0000s ]
SQL: SELECT * FROM `sh_category` WHERE ( parent_id=61 )  [ RunTime:0.0000s ]
SQL: SELECT * FROM `sh_category` WHERE ( parent_id=83 )  [ RunTime:0.0000s ]
SQL: SELECT * FROM `sh_category` WHERE ( parent_id=62 )  [ RunTime:0.0000s ]
SQL: SELECT * FROM `sh_category` WHERE ( parent_id=85 )  [ RunTime:0.0156s ]
SQL: SELECT * FROM `sh_category` WHERE ( parent_id=63 )  [ RunTime:0.0000s ]
SQL: SELECT * FROM `sh_category` WHERE ( parent_id=87 )  [ RunTime:0.0000s ]
SQL: SELECT * FROM `sh_category` WHERE ( parent_id=64 )  [ RunTime:0.0000s ]
SQL: SELECT * FROM `sh_category` WHERE ( parent_id=89 )  [ RunTime:0.0000s ]
SQL: SELECT * FROM `sh_category` WHERE ( parent_id=65 )  [ RunTime:0.0000s ]
SQL: SELECT * FROM `sh_category` WHERE ( parent_id=91 )  [ RunTime:0.0000s ]
SQL: SELECT * FROM `sh_category` WHERE ( parent_id=66 )  [ RunTime:0.0000s ]
SQL: SELECT * FROM `sh_category` WHERE ( parent_id=93 )  [ RunTime:0.0000s ]
INFO: [ app_end ] --START--
INFO: Run Behavior\ShowPageTraceBehavior [ RunTime:0.000000s ]
INFO: [ app_end ] --END-- [ RunTime:0.000000s ]

[ 2015-09-15T20:39:39+08:00 ] 127.0.0.1 /index.php/Home/Index/ajaxChkLogin
INFO: [ app_begin ] --START--
INFO: Run Behavior\ReadHtmlCacheBehavior [ RunTime:0.000000s ]
INFO: [ app_begin ] --END-- [ RunTime:0.000000s ]
SQL: SHOW COLUMNS FROM `sh_article_cat` [ RunTime:0.0156s ]
SQL: SELECT * FROM `sh_article_cat`  [ RunTime:0.0156s ]
SQL: SHOW COLUMNS FROM `sh_article` [ RunTime:0.0156s ]
SQL: SELECT * FROM `sh_article` WHERE ( cat_id=3 )  [ RunTime:0.0000s ]
SQL: SELECT * FROM `sh_article` WHERE ( cat_id=2 )  [ RunTime:0.0000s ]
SQL: SELECT * FROM `sh_article` WHERE ( cat_id=4 )  [ RunTime:0.0000s ]
SQL: SELECT * FROM `sh_article` WHERE ( cat_id=5 )  [ RunTime:0.0000s ]
SQL: SELECT * FROM `sh_article` WHERE ( cat_id=6 )  [ RunTime:0.0000s ]
SQL: SHOW COLUMNS FROM `sh_buttons` [ RunTime:0.0156s ]
SQL: SELECT * FROM `sh_buttons`  [ RunTime:0.0000s ]
SQL: SHOW COLUMNS FROM `sh_shop_config` [ RunTime:0.0156s ]
SQL: SELECT * FROM `sh_shop_config`  [ RunTime:0.0000s ]
SQL: SHOW COLUMNS FROM `sh_category` [ RunTime:0.0156s ]
SQL: SELECT * FROM `sh_category` WHERE ( parent_id=0 )  [ RunTime:0.0000s ]
SQL: SELECT * FROM `sh_category` WHERE ( parent_id=55 )  [ RunTime:0.0156s ]
SQL: SELECT * FROM `sh_category` WHERE ( parent_id=67 )  [ RunTime:0.0000s ]
SQL: SELECT * FROM `sh_category` WHERE ( parent_id=54 )  [ RunTime:0.0000s ]
SQL: SELECT * FROM `sh_category` WHERE ( parent_id=71 )  [ RunTime:0.0000s ]
SQL: SELECT * FROM `sh_category` WHERE ( parent_id=58 )  [ RunTime:0.0000s ]
SQL: SELECT * FROM `sh_category` WHERE ( parent_id=73 )  [ RunTime:0.0000s ]
SQL: SELECT * FROM `sh_category` WHERE ( parent_id=57 )  [ RunTime:0.0000s ]
SQL: SELECT * FROM `sh_category` WHERE ( parent_id=75 )  [ RunTime:0.0000s ]
SQL: SELECT * FROM `sh_category` WHERE ( parent_id=56 )  [ RunTime:0.0000s ]
SQL: SELECT * FROM `sh_category` WHERE ( parent_id=77 )  [ RunTime:0.0000s ]
SQL: SELECT * FROM `sh_category` WHERE ( parent_id=59 )  [ RunTime:0.0000s ]
SQL: SELECT * FROM `sh_category` WHERE ( parent_id=79 )  [ RunTime:0.0000s ]
SQL: SELECT * FROM `sh_category` WHERE ( parent_id=60 )  [ RunTime:0.0000s ]
SQL: SELECT * FROM `sh_category` WHERE ( parent_id=81 )  [ RunTime:0.0000s ]
SQL: SELECT * FROM `sh_category` WHERE ( parent_id=61 )  [ RunTime:0.0000s ]
SQL: SELECT * FROM `sh_category` WHERE ( parent_id=83 )  [ RunTime:0.0000s ]
SQL: SELECT * FROM `sh_category` WHERE ( parent_id=62 )  [ RunTime:0.0000s ]
SQL: SELECT * FROM `sh_category` WHERE ( parent_id=85 )  [ RunTime:0.0000s ]
SQL: SELECT * FROM `sh_category` WHERE ( parent_id=63 )  [ RunTime:0.0000s ]
SQL: SELECT * FROM `sh_category` WHERE ( parent_id=87 )  [ RunTime:0.0000s ]
SQL: SELECT * FROM `sh_category` WHERE ( parent_id=64 )  [ RunTime:0.0156s ]
SQL: SELECT * FROM `sh_category` WHERE ( parent_id=89 )  [ RunTime:0.0000s ]
SQL: SELECT * FROM `sh_category` WHERE ( parent_id=65 )  [ RunTime:0.0000s ]
SQL: SELECT * FROM `sh_category` WHERE ( parent_id=91 )  [ RunTime:0.0000s ]
SQL: SELECT * FROM `sh_category` WHERE ( parent_id=66 )  [ RunTime:0.0000s ]
SQL: SELECT * FROM `sh_category` WHERE ( parent_id=93 )  [ RunTime:0.0000s ]
INFO: [ app_end ] --START--
INFO: Run Behavior\ShowPageTraceBehavior [ RunTime:0.000000s ]
INFO: [ app_end ] --END-- [ RunTime:0.000000s ]

[ 2015-09-15T20:40:13+08:00 ] 127.0.0.1 /index.php/Home/Index/ajaxChkLogin
INFO: [ app_begin ] --START--
INFO: Run Behavior\ReadHtmlCacheBehavior [ RunTime:0.000000s ]
INFO: [ app_begin ] --END-- [ RunTime:0.000000s ]
SQL: SHOW COLUMNS FROM `sh_article_cat` [ RunTime:0.0156s ]
SQL: SELECT * FROM `sh_article_cat`  [ RunTime:0.0000s ]
SQL: SHOW COLUMNS FROM `sh_article` [ RunTime:0.0156s ]
SQL: SELECT * FROM `sh_article` WHERE ( cat_id=3 )  [ RunTime:0.0000s ]
SQL: SELECT * FROM `sh_article` WHERE ( cat_id=2 )  [ RunTime:0.0000s ]
SQL: SELECT * FROM `sh_article` WHERE ( cat_id=4 )  [ RunTime:0.0000s ]
SQL: SELECT * FROM `sh_article` WHERE ( cat_id=5 )  [ RunTime:0.0000s ]
SQL: SELECT * FROM `sh_article` WHERE ( cat_id=6 )  [ RunTime:0.0000s ]
SQL: SHOW COLUMNS FROM `sh_buttons` [ RunTime:0.0156s ]
SQL: SELECT * FROM `sh_buttons`  [ RunTime:0.0000s ]
SQL: SHOW COLUMNS FROM `sh_shop_config` [ RunTime:0.0000s ]
SQL: SELECT * FROM `sh_shop_config`  [ RunTime:0.0000s ]
SQL: SHOW COLUMNS FROM `sh_category` [ RunTime:0.0156s ]
SQL: SELECT * FROM `sh_category` WHERE ( parent_id=0 )  [ RunTime:0.0000s ]
SQL: SELECT * FROM `sh_category` WHERE ( parent_id=55 )  [ RunTime:0.0000s ]
SQL: SELECT * FROM `sh_category` WHERE ( parent_id=67 )  [ RunTime:0.0000s ]
SQL: SELECT * FROM `sh_category` WHERE ( parent_id=54 )  [ RunTime:0.0000s ]
SQL: SELECT * FROM `sh_category` WHERE ( parent_id=71 )  [ RunTime:0.0000s ]
SQL: SELECT * FROM `sh_category` WHERE ( parent_id=58 )  [ RunTime:0.0000s ]
SQL: SELECT * FROM `sh_category` WHERE ( parent_id=73 )  [ RunTime:0.0000s ]
SQL: SELECT * FROM `sh_category` WHERE ( parent_id=57 )  [ RunTime:0.0000s ]
SQL: SELECT * FROM `sh_category` WHERE ( parent_id=75 )  [ RunTime:0.0156s ]
SQL: SELECT * FROM `sh_category` WHERE ( parent_id=56 )  [ RunTime:0.0000s ]
SQL: SELECT * FROM `sh_category` WHERE ( parent_id=77 )  [ RunTime:0.0000s ]
SQL: SELECT * FROM `sh_category` WHERE ( parent_id=59 )  [ RunTime:0.0000s ]
SQL: SELECT * FROM `sh_category` WHERE ( parent_id=79 )  [ RunTime:0.0000s ]
SQL: SELECT * FROM `sh_category` WHERE ( parent_id=60 )  [ RunTime:0.0000s ]
SQL: SELECT * FROM `sh_category` WHERE ( parent_id=81 )  [ RunTime:0.0000s ]
SQL: SELECT * FROM `sh_category` WHERE ( parent_id=61 )  [ RunTime:0.0000s ]
SQL: SELECT * FROM `sh_category` WHERE ( parent_id=83 )  [ RunTime:0.0000s ]
SQL: SELECT * FROM `sh_category` WHERE ( parent_id=62 )  [ RunTime:0.0000s ]
SQL: SELECT * FROM `sh_category` WHERE ( parent_id=85 )  [ RunTime:0.0000s ]
SQL: SELECT * FROM `sh_category` WHERE ( parent_id=63 )  [ RunTime:0.0000s ]
SQL: SELECT * FROM `sh_category` WHERE ( parent_id=87 )  [ RunTime:0.0000s ]
SQL: SELECT * FROM `sh_category` WHERE ( parent_id=64 )  [ RunTime:0.0000s ]
SQL: SELECT * FROM `sh_category` WHERE ( parent_id=89 )  [ RunTime:0.0000s ]
SQL: SELECT * FROM `sh_category` WHERE ( parent_id=65 )  [ RunTime:0.0000s ]
SQL: SELECT * FROM `sh_category` WHERE ( parent_id=91 )  [ RunTime:0.0000s ]
SQL: SELECT * FROM `sh_category` WHERE ( parent_id=66 )  [ RunTime:0.0000s ]
SQL: SELECT * FROM `sh_category` WHERE ( parent_id=93 )  [ RunTime:0.0000s ]
INFO: [ app_end ] --START--
INFO: Run Behavior\ShowPageTraceBehavior [ RunTime:0.015625s ]
INFO: [ app_end ] --END-- [ RunTime:0.015625s ]

[ 2015-09-15T20:40:31+08:00 ] 127.0.0.1 /index.php/Home/Index/ajaxChkLogin
INFO: [ app_begin ] --START--
INFO: Run Behavior\ReadHtmlCacheBehavior [ RunTime:0.000000s ]
INFO: [ app_begin ] --END-- [ RunTime:0.000000s ]
SQL: SHOW COLUMNS FROM `sh_article_cat` [ RunTime:0.0313s ]
SQL: SELECT * FROM `sh_article_cat`  [ RunTime:0.0000s ]
SQL: SHOW COLUMNS FROM `sh_article` [ RunTime:0.0000s ]
SQL: SELECT * FROM `sh_article` WHERE ( cat_id=3 )  [ RunTime:0.0000s ]
SQL: SELECT * FROM `sh_article` WHERE ( cat_id=2 )  [ RunTime:0.0000s ]
SQL: SELECT * FROM `sh_article` WHERE ( cat_id=4 )  [ RunTime:0.0000s ]
SQL: SELECT * FROM `sh_article` WHERE ( cat_id=5 )  [ RunTime:0.0000s ]
SQL: SELECT * FROM `sh_article` WHERE ( cat_id=6 )  [ RunTime:0.0156s ]
SQL: SHOW COLUMNS FROM `sh_buttons` [ RunTime:0.0000s ]
SQL: SELECT * FROM `sh_buttons`  [ RunTime:0.0000s ]
SQL: SHOW COLUMNS FROM `sh_shop_config` [ RunTime:0.0156s ]
SQL: SELECT * FROM `sh_shop_config`  [ RunTime:0.0000s ]
SQL: SHOW COLUMNS FROM `sh_category` [ RunTime:0.0156s ]
SQL: SELECT * FROM `sh_category` WHERE ( parent_id=0 )  [ RunTime:0.0000s ]
SQL: SELECT * FROM `sh_category` WHERE ( parent_id=55 )  [ RunTime:0.0000s ]
SQL: SELECT * FROM `sh_category` WHERE ( parent_id=67 )  [ RunTime:0.0000s ]
SQL: SELECT * FROM `sh_category` WHERE ( parent_id=54 )  [ RunTime:0.0000s ]
SQL: SELECT * FROM `sh_category` WHERE ( parent_id=71 )  [ RunTime:0.0000s ]
SQL: SELECT * FROM `sh_category` WHERE ( parent_id=58 )  [ RunTime:0.0000s ]
SQL: SELECT * FROM `sh_category` WHERE ( parent_id=73 )  [ RunTime:0.0000s ]
SQL: SELECT * FROM `sh_category` WHERE ( parent_id=57 )  [ RunTime:0.0000s ]
SQL: SELECT * FROM `sh_category` WHERE ( parent_id=75 )  [ RunTime:0.0000s ]
SQL: SELECT * FROM `sh_category` WHERE ( parent_id=56 )  [ RunTime:0.0000s ]
SQL: SELECT * FROM `sh_category` WHERE ( parent_id=77 )  [ RunTime:0.0000s ]
SQL: SELECT * FROM `sh_category` WHERE ( parent_id=59 )  [ RunTime:0.0000s ]
SQL: SELECT * FROM `sh_category` WHERE ( parent_id=79 )  [ RunTime:0.0000s ]
SQL: SELECT * FROM `sh_category` WHERE ( parent_id=60 )  [ RunTime:0.0000s ]
SQL: SELECT * FROM `sh_category` WHERE ( parent_id=81 )  [ RunTime:0.0000s ]
SQL: SELECT * FROM `sh_category` WHERE ( parent_id=61 )  [ RunTime:0.0000s ]
SQL: SELECT * FROM `sh_category` WHERE ( parent_id=83 )  [ RunTime:0.0000s ]
SQL: SELECT * FROM `sh_category` WHERE ( parent_id=62 )  [ RunTime:0.0000s ]
SQL: SELECT * FROM `sh_category` WHERE ( parent_id=85 )  [ RunTime:0.0000s ]
SQL: SELECT * FROM `sh_category` WHERE ( parent_id=63 )  [ RunTime:0.0000s ]
SQL: SELECT * FROM `sh_category` WHERE ( parent_id=87 )  [ RunTime:0.0000s ]
SQL: SELECT * FROM `sh_category` WHERE ( parent_id=64 )  [ RunTime:0.0000s ]
SQL: SELECT * FROM `sh_category` WHERE ( parent_id=89 )  [ RunTime:0.0000s ]
SQL: SELECT * FROM `sh_category` WHERE ( parent_id=65 )  [ RunTime:0.0000s ]
SQL: SELECT * FROM `sh_category` WHERE ( parent_id=91 )  [ RunTime:0.0000s ]
SQL: SELECT * FROM `sh_category` WHERE ( parent_id=66 )  [ RunTime:0.0000s ]
SQL: SELECT * FROM `sh_category` WHERE ( parent_id=93 )  [ RunTime:0.0000s ]
INFO: [ app_end ] --START--
INFO: Run Behavior\ShowPageTraceBehavior [ RunTime:0.000000s ]
INFO: [ app_end ] --END-- [ RunTime:0.000000s ]

[ 2015-09-15T20:41:10+08:00 ] 127.0.0.1 /index.php/Home/Index/ajaxChkLogin
INFO: [ app_begin ] --START--
INFO: Run Behavior\ReadHtmlCacheBehavior [ RunTime:0.000000s ]
INFO: [ app_begin ] --END-- [ RunTime:0.015625s ]
SQL: SHOW COLUMNS FROM `sh_article_cat` [ RunTime:0.0156s ]
SQL: SELECT * FROM `sh_article_cat`  [ RunTime:0.0000s ]
SQL: SHOW COLUMNS FROM `sh_article` [ RunTime:0.0156s ]
SQL: SELECT * FROM `sh_article` WHERE ( cat_id=3 )  [ RunTime:0.0000s ]
SQL: SELECT * FROM `sh_article` WHERE ( cat_id=2 )  [ RunTime:0.0000s ]
SQL: SELECT * FROM `sh_article` WHERE ( cat_id=4 )  [ RunTime:0.0000s ]
SQL: SELECT * FROM `sh_article` WHERE ( cat_id=5 )  [ RunTime:0.0000s ]
SQL: SELECT * FROM `sh_article` WHERE ( cat_id=6 )  [ RunTime:0.0000s ]
SQL: SHOW COLUMNS FROM `sh_buttons` [ RunTime:0.0156s ]
SQL: SELECT * FROM `sh_buttons`  [ RunTime:0.0000s ]
SQL: SHOW COLUMNS FROM `sh_shop_config` [ RunTime:0.0156s ]
SQL: SELECT * FROM `sh_shop_config`  [ RunTime:0.0000s ]
SQL: SHOW COLUMNS FROM `sh_category` [ RunTime:0.0156s ]
SQL: SELECT * FROM `sh_category` WHERE ( parent_id=0 )  [ RunTime:0.0000s ]
SQL: SELECT * FROM `sh_category` WHERE ( parent_id=55 )  [ RunTime:0.0000s ]
SQL: SELECT * FROM `sh_category` WHERE ( parent_id=67 )  [ RunTime:0.0000s ]
SQL: SELECT * FROM `sh_category` WHERE ( parent_id=54 )  [ RunTime:0.0000s ]
SQL: SELECT * FROM `sh_category` WHERE ( parent_id=71 )  [ RunTime:0.0000s ]
SQL: SELECT * FROM `sh_category` WHERE ( parent_id=58 )  [ RunTime:0.0000s ]
SQL: SELECT * FROM `sh_category` WHERE ( parent_id=73 )  [ RunTime:0.0000s ]
SQL: SELECT * FROM `sh_category` WHERE ( parent_id=57 )  [ RunTime:0.0000s ]
SQL: SELECT * FROM `sh_category` WHERE ( parent_id=75 )  [ RunTime:0.0156s ]
SQL: SELECT * FROM `sh_category` WHERE ( parent_id=56 )  [ RunTime:0.0000s ]
SQL: SELECT * FROM `sh_category` WHERE ( parent_id=77 )  [ RunTime:0.0000s ]
SQL: SELECT * FROM `sh_category` WHERE ( parent_id=59 )  [ RunTime:0.0000s ]
SQL: SELECT * FROM `sh_category` WHERE ( parent_id=79 )  [ RunTime:0.0000s ]
SQL: SELECT * FROM `sh_category` WHERE ( parent_id=60 )  [ RunTime:0.0000s ]
SQL: SELECT * FROM `sh_category` WHERE ( parent_id=81 )  [ RunTime:0.0000s ]
SQL: SELECT * FROM `sh_category` WHERE ( parent_id=61 )  [ RunTime:0.0000s ]
SQL: SELECT * FROM `sh_category` WHERE ( parent_id=83 )  [ RunTime:0.0000s ]
SQL: SELECT * FROM `sh_category` WHERE ( parent_id=62 )  [ RunTime:0.0000s ]
SQL: SELECT * FROM `sh_category` WHERE ( parent_id=85 )  [ RunTime:0.0000s ]
SQL: SELECT * FROM `sh_category` WHERE ( parent_id=63 )  [ RunTime:0.0000s ]
SQL: SELECT * FROM `sh_category` WHERE ( parent_id=87 )  [ RunTime:0.0000s ]
SQL: SELECT * FROM `sh_category` WHERE ( parent_id=64 )  [ RunTime:0.0000s ]
SQL: SELECT * FROM `sh_category` WHERE ( parent_id=89 )  [ RunTime:0.0000s ]
SQL: SELECT * FROM `sh_category` WHERE ( parent_id=65 )  [ RunTime:0.0000s ]
SQL: SELECT * FROM `sh_category` WHERE ( parent_id=91 )  [ RunTime:0.0156s ]
SQL: SELECT * FROM `sh_category` WHERE ( parent_id=66 )  [ RunTime:0.0000s ]
SQL: SELECT * FROM `sh_category` WHERE ( parent_id=93 )  [ RunTime:0.0000s ]
INFO: [ app_end ] --START--
INFO: Run Behavior\ShowPageTraceBehavior [ RunTime:0.000000s ]
INFO: [ app_end ] --END-- [ RunTime:0.000000s ]

[ 2015-09-15T20:41:22+08:00 ] 127.0.0.1 /index.php/Home/Index/ajaxChkLogin
INFO: [ app_begin ] --START--
INFO: Run Behavior\ReadHtmlCacheBehavior [ RunTime:0.000000s ]
INFO: [ app_begin ] --END-- [ RunTime:0.000000s ]
SQL: SHOW COLUMNS FROM `sh_article_cat` [ RunTime:0.0156s ]
SQL: SELECT * FROM `sh_article_cat`  [ RunTime:0.0000s ]
SQL: SHOW COLUMNS FROM `sh_article` [ RunTime:0.0156s ]
SQL: SELECT * FROM `sh_article` WHERE ( cat_id=3 )  [ RunTime:0.0000s ]
SQL: SELECT * FROM `sh_article` WHERE ( cat_id=2 )  [ RunTime:0.0000s ]
SQL: SELECT * FROM `sh_article` WHERE ( cat_id=4 )  [ RunTime:0.0000s ]
SQL: SELECT * FROM `sh_article` WHERE ( cat_id=5 )  [ RunTime:0.0000s ]
SQL: SELECT * FROM `sh_article` WHERE ( cat_id=6 )  [ RunTime:0.0000s ]
SQL: SHOW COLUMNS FROM `sh_buttons` [ RunTime:0.0000s ]
SQL: SELECT * FROM `sh_buttons`  [ RunTime:0.0000s ]
SQL: SHOW COLUMNS FROM `sh_shop_config` [ RunTime:0.0156s ]
SQL: SELECT * FROM `sh_shop_config`  [ RunTime:0.0000s ]
SQL: SHOW COLUMNS FROM `sh_category` [ RunTime:0.0156s ]
SQL: SELECT * FROM `sh_category` WHERE ( parent_id=0 )  [ RunTime:0.0000s ]
SQL: SELECT * FROM `sh_category` WHERE ( parent_id=55 )  [ RunTime:0.0000s ]
SQL: SELECT * FROM `sh_category` WHERE ( parent_id=67 )  [ RunTime:0.0000s ]
SQL: SELECT * FROM `sh_category` WHERE ( parent_id=54 )  [ RunTime:0.0000s ]
SQL: SELECT * FROM `sh_category` WHERE ( parent_id=71 )  [ RunTime:0.0000s ]
SQL: SELECT * FROM `sh_category` WHERE ( parent_id=58 )  [ RunTime:0.0000s ]
SQL: SELECT * FROM `sh_category` WHERE ( parent_id=73 )  [ RunTime:0.0000s ]
SQL: SELECT * FROM `sh_category` WHERE ( parent_id=57 )  [ RunTime:0.0000s ]
SQL: SELECT * FROM `sh_category` WHERE ( parent_id=75 )  [ RunTime:0.0000s ]
SQL: SELECT * FROM `sh_category` WHERE ( parent_id=56 )  [ RunTime:0.0000s ]
SQL: SELECT * FROM `sh_category` WHERE ( parent_id=77 )  [ RunTime:0.0000s ]
SQL: SELECT * FROM `sh_category` WHERE ( parent_id=59 )  [ RunTime:0.0000s ]
SQL: SELECT * FROM `sh_category` WHERE ( parent_id=79 )  [ RunTime:0.0000s ]
SQL: SELECT * FROM `sh_category` WHERE ( parent_id=60 )  [ RunTime:0.0156s ]
SQL: SELECT * FROM `sh_category` WHERE ( parent_id=81 )  [ RunTime:0.0000s ]
SQL: SELECT * FROM `sh_category` WHERE ( parent_id=61 )  [ RunTime:0.0000s ]
SQL: SELECT * FROM `sh_category` WHERE ( parent_id=83 )  [ RunTime:0.0000s ]
SQL: SELECT * FROM `sh_category` WHERE ( parent_id=62 )  [ RunTime:0.0000s ]
SQL: SELECT * FROM `sh_category` WHERE ( parent_id=85 )  [ RunTime:0.0000s ]
SQL: SELECT * FROM `sh_category` WHERE ( parent_id=63 )  [ RunTime:0.0000s ]
SQL: SELECT * FROM `sh_category` WHERE ( parent_id=87 )  [ RunTime:0.0000s ]
SQL: SELECT * FROM `sh_category` WHERE ( parent_id=64 )  [ RunTime:0.0000s ]
SQL: SELECT * FROM `sh_category` WHERE ( parent_id=89 )  [ RunTime:0.0000s ]
SQL: SELECT * FROM `sh_category` WHERE ( parent_id=65 )  [ RunTime:0.0000s ]
SQL: SELECT * FROM `sh_category` WHERE ( parent_id=91 )  [ RunTime:0.0000s ]
SQL: SELECT * FROM `sh_category` WHERE ( parent_id=66 )  [ RunTime:0.0000s ]
SQL: SELECT * FROM `sh_category` WHERE ( parent_id=93 )  [ RunTime:0.0000s ]
INFO: [ app_end ] --START--
INFO: Run Behavior\ShowPageTraceBehavior [ RunTime:0.000000s ]
INFO: [ app_end ] --END-- [ RunTime:0.000000s ]

[ 2015-09-15T20:42:26+08:00 ] 127.0.0.1 /index.php/Home/Index/register.html
ERR: 非法操作:register

[ 2015-09-15T20:45:11+08:00 ] 127.0.0.1 /index.php/Home/Index/regist.html
ERR: SQLSTATE[42S02]: Base table or view not found: 1146 Table 'test.sh_cart' doesn't exist

[ 2015-09-15T20:45:27+08:00 ] 127.0.0.1 /index.php/Home/Index/regist.html
ERR: SQLSTATE[42S02]: Base table or view not found: 1146 Table 'test.sh_cart' doesn't exist

[ 2015-09-15T20:48:01+08:00 ] 127.0.0.1 /index.php/Home/Index/regist.html
ERR: SQLSTATE[42S02]: Base table or view not found: 1146 Table 'test.sh_cart' doesn't exist

[ 2015-09-15T20:48:14+08:00 ] 127.0.0.1 /index.php/Home/Index/regist.html
ERR: SQLSTATE[42S02]: Base table or view not found: 1146 Table 'test.sh_cart' doesn't exist

[ 2015-09-15T21:46:24+08:00 ] 127.0.0.1 /index.php/Home/Index/regist.html
ERR: SQLSTATE[42S02]: Base table or view not found: 1146 Table 'test.sh_cart' doesn't exist

[ 2015-09-15T21:46:26+08:00 ] 127.0.0.1 /index.php/Home/Index/regist.html
ERR: SQLSTATE[42S02]: Base table or view not found: 1146 Table 'test.sh_cart' doesn't exist

[ 2015-09-15T21:46:28+08:00 ] 127.0.0.1 /index.php/Home/Index/regist.html
ERR: SQLSTATE[42S02]: Base table or view not found: 1146 Table 'test.sh_cart' doesn't exist

[ 2015-09-15T21:46:29+08:00 ] 127.0.0.1 /index.php/Home/Index/regist.html
ERR: SQLSTATE[42S02]: Base table or view not found: 1146 Table 'test.sh_cart' doesn't exist

[ 2015-09-15T21:52:07+08:00 ] 127.0.0.1 /index.php/Home/Index/regist.html
ERR: SQLSTATE[42S02]: Base table or view not found: 1146 Table 'test.sh_cart' doesn't exist

[ 2015-09-15T21:54:49+08:00 ] 127.0.0.1 /index.php/Home/Index/regist.html
ERR: SQLSTATE[42S02]: Base table or view not found: 1146 Table 'test.sh_cart' doesn't exist

[ 2015-09-15T21:54:56+08:00 ] 127.0.0.1 /index.php/Home/Index/regist
ERR: SQLSTATE[42S02]: Base table or view not found: 1146 Table 'test.sh_cart' doesn't exist

[ 2015-09-15T22:04:32+08:00 ] 127.0.0.1 /index.php/Home/Index/regist
ERR: SQLSTATE[42S02]: Base table or view not found: 1146 Table 'test.sh_cart' doesn't exist

[ 2015-09-15T22:05:34+08:00 ] 127.0.0.1 /index.php/Home/Index/regist
ERR: SQLSTATE[42S02]: Base table or view not found: 1146 Table 'test.sh_cart' doesn't exist

[ 2015-09-15T22:05:36+08:00 ] 127.0.0.1 /index.php/Home/Index/regist
ERR: SQLSTATE[42S02]: Base table or view not found: 1146 Table 'test.sh_cart' doesn't exist

[ 2015-09-15T22:05:38+08:00 ] 127.0.0.1 /index.php/Home/Index/regist
ERR: SQLSTATE[42S02]: Base table or view not found: 1146 Table 'test.sh_cart' doesn't exist

[ 2015-09-15T22:05:39+08:00 ] 127.0.0.1 /index.php/Home/Index/regist
ERR: SQLSTATE[42S02]: Base table or view not found: 1146 Table 'test.sh_cart' doesn't exist

[ 2015-09-15T22:27:52+08:00 ] 127.0.0.1 /index.php/Home/Index/regist
ERR: SQLSTATE[42S02]: Base table or view not found: 1146 Table 'test.sh_cart' doesn't exist

[ 2015-09-15T22:28:38+08:00 ] 127.0.0.1 /index.php/Home/Index/regist
ERR: SQLSTATE[42S02]: Base table or view not found: 1146 Table 'test.sh_cart' doesn't exist

[ 2015-09-15T22:28:50+08:00 ] 127.0.0.1 /index.php/Home/Index/regist
ERR: SQLSTATE[42S02]: Base table or view not found: 1146 Table 'test.sh_cart' doesn't exist

[ 2015-09-15T22:30:17+08:00 ] 127.0.0.1 /index.php/Home/Index/regist
ERR: SQLSTATE[42S02]: Base table or view not found: 1146 Table 'test.sh_cart' doesn't exist

[ 2015-09-15T22:30:18+08:00 ] 127.0.0.1 /index.php/Home/Index/regist
ERR: SQLSTATE[42S02]: Base table or view not found: 1146 Table 'test.sh_cart' doesn't exist

[ 2015-09-15T22:32:35+08:00 ] 127.0.0.1 /index.php/Home/Index/regist
ERR: SQLSTATE[42S02]: Base table or view not found: 1146 Table 'test.sh_cart' doesn't exist

[ 2015-09-15T22:36:19+08:00 ] 127.0.0.1 /index.php/Home/Index/regist
ERR: SQLSTATE[42S02]: Base table or view not found: 1146 Table 'test.sh_cart' doesn't exist

