[ 2015-11-12T20:31:36+08:00 ] 127.0.0.1 /index.php/Home/Index/ajaxChkLogin
INFO: [ app_begin ] --START--
INFO: Run Behavior\ReadHtmlCacheBehavior [ RunTime:0.000000s ]
INFO: [ app_begin ] --END-- [ RunTime:0.000000s ]
SQL: SHOW COLUMNS FROM `sh_article_cat` [ RunTime:0.0156s ]
SQL: SELECT * FROM `sh_article_cat`  [ RunTime:0.0000s ]
SQL: SHOW COLUMNS FROM `sh_article` [ RunTime:0.0156s ]
SQL: SELECT * FROM `sh_article` WHERE ( cat_id=3 )  [ RunTime:0.0000s ]
SQL: SELECT * FROM `sh_article` WHERE ( cat_id=2 )  [ RunTime:0.0000s ]
SQL: SELECT * FROM `sh_article` WHERE ( cat_id=4 )  [ RunTime:0.0000s ]
SQL: SELECT * FROM `sh_article` WHERE ( cat_id=5 )  [ RunTime:0.0000s ]
SQL: SELECT * FROM `sh_article` WHERE ( cat_id=6 )  [ RunTime:0.0000s ]
SQL: SHOW COLUMNS FROM `sh_buttons` [ RunTime:0.0000s ]
SQL: SELECT * FROM `sh_buttons`  [ RunTime:0.0000s ]
SQL: SHOW COLUMNS FROM `sh_shop_config` [ RunTime:0.0000s ]
SQL: SELECT * FROM `sh_shop_config`  [ RunTime:0.0000s ]
SQL: SHOW COLUMNS FROM `sh_category` [ RunTime:0.0156s ]
SQL: SELECT * FROM `sh_category` WHERE ( parent_id=0 )  [ RunTime:0.0000s ]
SQL: SELECT * FROM `sh_category` WHERE ( parent_id=55 )  [ RunTime:0.0000s ]
SQL: SELECT * FROM `sh_category` WHERE ( parent_id=67 )  [ RunTime:0.0000s ]
SQL: SELECT * FROM `sh_category` WHERE ( parent_id=54 )  [ RunTime:0.0000s ]
SQL: SELECT * FROM `sh_category` WHERE ( parent_id=71 )  [ RunTime:0.0000s ]
SQL: SELECT * FROM `sh_category` WHERE ( parent_id=58 )  [ RunTime:0.0000s ]
SQL: SELECT * FROM `sh_category` WHERE ( parent_id=73 )  [ RunTime:0.0000s ]
SQL: SELECT * FROM `sh_category` WHERE ( parent_id=57 )  [ RunTime:0.0000s ]
SQL: SELECT * FROM `sh_category` WHERE ( parent_id=75 )  [ RunTime:0.0000s ]
SQL: SELECT * FROM `sh_category` WHERE ( parent_id=56 )  [ RunTime:0.0000s ]
SQL: SELECT * FROM `sh_category` WHERE ( parent_id=77 )  [ RunTime:0.0000s ]
SQL: SELECT * FROM `sh_category` WHERE ( parent_id=59 )  [ RunTime:0.0000s ]
SQL: SELECT * FROM `sh_category` WHERE ( parent_id=79 )  [ RunTime:0.0000s ]
SQL: SELECT * FROM `sh_category` WHERE ( parent_id=60 )  [ RunTime:0.0000s ]
SQL: SELECT * FROM `sh_category` WHERE ( parent_id=81 )  [ RunTime:0.0156s ]
SQL: SELECT * FROM `sh_category` WHERE ( parent_id=61 )  [ RunTime:0.0000s ]
SQL: SELECT * FROM `sh_category` WHERE ( parent_id=83 )  [ RunTime:0.0000s ]
SQL: SELECT * FROM `sh_category` WHERE ( parent_id=62 )  [ RunTime:0.0000s ]
SQL: SELECT * FROM `sh_category` WHERE ( parent_id=85 )  [ RunTime:0.0000s ]
SQL: SELECT * FROM `sh_category` WHERE ( parent_id=63 )  [ RunTime:0.0000s ]
SQL: SELECT * FROM `sh_category` WHERE ( parent_id=87 )  [ RunTime:0.0000s ]
SQL: SELECT * FROM `sh_category` WHERE ( parent_id=64 )  [ RunTime:0.0000s ]
SQL: SELECT * FROM `sh_category` WHERE ( parent_id=89 )  [ RunTime:0.0000s ]
SQL: SELECT * FROM `sh_category` WHERE ( parent_id=65 )  [ RunTime:0.0000s ]
SQL: SELECT * FROM `sh_category` WHERE ( parent_id=91 )  [ RunTime:0.0000s ]
SQL: SELECT * FROM `sh_category` WHERE ( parent_id=66 )  [ RunTime:0.0000s ]
SQL: SELECT * FROM `sh_category` WHERE ( parent_id=93 )  [ RunTime:0.0000s ]
INFO: [ app_end ] --START--
INFO: Run Behavior\ShowPageTraceBehavior [ RunTime:0.000000s ]
INFO: [ app_end ] --END-- [ RunTime:0.000000s ]

[ 2015-11-12T20:31:42+08:00 ] 127.0.0.1 /index.php/Home/Index/ajaxChkLogin
INFO: [ app_begin ] --START--
INFO: Run Behavior\ReadHtmlCacheBehavior [ RunTime:0.000000s ]
INFO: [ app_begin ] --END-- [ RunTime:0.000000s ]
SQL: SHOW COLUMNS FROM `sh_article_cat` [ RunTime:0.0156s ]
SQL: SELECT * FROM `sh_article_cat`  [ RunTime:0.0000s ]
SQL: SHOW COLUMNS FROM `sh_article` [ RunTime:0.0000s ]
SQL: SELECT * FROM `sh_article` WHERE ( cat_id=3 )  [ RunTime:0.0000s ]
SQL: SELECT * FROM `sh_article` WHERE ( cat_id=2 )  [ RunTime:0.0000s ]
SQL: SELECT * FROM `sh_article` WHERE ( cat_id=4 )  [ RunTime:0.0000s ]
SQL: SELECT * FROM `sh_article` WHERE ( cat_id=5 )  [ RunTime:0.0000s ]
SQL: SELECT * FROM `sh_article` WHERE ( cat_id=6 )  [ RunTime:0.0000s ]
SQL: SHOW COLUMNS FROM `sh_buttons` [ RunTime:0.0000s ]
SQL: SELECT * FROM `sh_buttons`  [ RunTime:0.0000s ]
SQL: SHOW COLUMNS FROM `sh_shop_config` [ RunTime:0.0156s ]
SQL: SELECT * FROM `sh_shop_config`  [ RunTime:0.0000s ]
SQL: SHOW COLUMNS FROM `sh_category` [ RunTime:0.0156s ]
SQL: SELECT * FROM `sh_category` WHERE ( parent_id=0 )  [ RunTime:0.0000s ]
SQL: SELECT * FROM `sh_category` WHERE ( parent_id=55 )  [ RunTime:0.0000s ]
SQL: SELECT * FROM `sh_category` WHERE ( parent_id=67 )  [ RunTime:0.0000s ]
SQL: SELECT * FROM `sh_category` WHERE ( parent_id=54 )  [ RunTime:0.0000s ]
SQL: SELECT * FROM `sh_category` WHERE ( parent_id=71 )  [ RunTime:0.0000s ]
SQL: SELECT * FROM `sh_category` WHERE ( parent_id=58 )  [ RunTime:0.0000s ]
SQL: SELECT * FROM `sh_category` WHERE ( parent_id=73 )  [ RunTime:0.0000s ]
SQL: SELECT * FROM `sh_category` WHERE ( parent_id=57 )  [ RunTime:0.0000s ]
SQL: SELECT * FROM `sh_category` WHERE ( parent_id=75 )  [ RunTime:0.0000s ]
SQL: SELECT * FROM `sh_category` WHERE ( parent_id=56 )  [ RunTime:0.0000s ]
SQL: SELECT * FROM `sh_category` WHERE ( parent_id=77 )  [ RunTime:0.0000s ]
SQL: SELECT * FROM `sh_category` WHERE ( parent_id=59 )  [ RunTime:0.0000s ]
SQL: SELECT * FROM `sh_category` WHERE ( parent_id=79 )  [ RunTime:0.0000s ]
SQL: SELECT * FROM `sh_category` WHERE ( parent_id=60 )  [ RunTime:0.0000s ]
SQL: SELECT * FROM `sh_category` WHERE ( parent_id=81 )  [ RunTime:0.0000s ]
SQL: SELECT * FROM `sh_category` WHERE ( parent_id=61 )  [ RunTime:0.0000s ]
SQL: SELECT * FROM `sh_category` WHERE ( parent_id=83 )  [ RunTime:0.0000s ]
SQL: SELECT * FROM `sh_category` WHERE ( parent_id=62 )  [ RunTime:0.0156s ]
SQL: SELECT * FROM `sh_category` WHERE ( parent_id=85 )  [ RunTime:0.0000s ]
SQL: SELECT * FROM `sh_category` WHERE ( parent_id=63 )  [ RunTime:0.0000s ]
SQL: SELECT * FROM `sh_category` WHERE ( parent_id=87 )  [ RunTime:0.0000s ]
SQL: SELECT * FROM `sh_category` WHERE ( parent_id=64 )  [ RunTime:0.0000s ]
SQL: SELECT * FROM `sh_category` WHERE ( parent_id=89 )  [ RunTime:0.0000s ]
SQL: SELECT * FROM `sh_category` WHERE ( parent_id=65 )  [ RunTime:0.0000s ]
SQL: SELECT * FROM `sh_category` WHERE ( parent_id=91 )  [ RunTime:0.0000s ]
SQL: SELECT * FROM `sh_category` WHERE ( parent_id=66 )  [ RunTime:0.0000s ]
SQL: SELECT * FROM `sh_category` WHERE ( parent_id=93 )  [ RunTime:0.0000s ]
INFO: [ app_end ] --START--
INFO: Run Behavior\ShowPageTraceBehavior [ RunTime:0.000000s ]
INFO: [ app_end ] --END-- [ RunTime:0.000000s ]

[ 2015-11-12T20:31:57+08:00 ] 127.0.0.1 /index.php/Home/Index/ajaxChkLogin
INFO: [ app_begin ] --START--
INFO: Run Behavior\ReadHtmlCacheBehavior [ RunTime:0.000000s ]
INFO: [ app_begin ] --END-- [ RunTime:0.000000s ]
SQL: SHOW COLUMNS FROM `sh_article_cat` [ RunTime:0.0156s ]
SQL: SELECT * FROM `sh_article_cat`  [ RunTime:0.0000s ]
SQL: SHOW COLUMNS FROM `sh_article` [ RunTime:0.0000s ]
SQL: SELECT * FROM `sh_article` WHERE ( cat_id=3 )  [ RunTime:0.0000s ]
SQL: SELECT * FROM `sh_article` WHERE ( cat_id=2 )  [ RunTime:0.0000s ]
SQL: SELECT * FROM `sh_article` WHERE ( cat_id=4 )  [ RunTime:0.0000s ]
SQL: SELECT * FROM `sh_article` WHERE ( cat_id=5 )  [ RunTime:0.0000s ]
SQL: SELECT * FROM `sh_article` WHERE ( cat_id=6 )  [ RunTime:0.0000s ]
SQL: SHOW COLUMNS FROM `sh_buttons` [ RunTime:0.0000s ]
SQL: SELECT * FROM `sh_buttons`  [ RunTime:0.0000s ]
SQL: SHOW COLUMNS FROM `sh_shop_config` [ RunTime:0.0156s ]
SQL: SELECT * FROM `sh_shop_config`  [ RunTime:0.0000s ]
SQL: SHOW COLUMNS FROM `sh_category` [ RunTime:0.0000s ]
SQL: SELECT * FROM `sh_category` WHERE ( parent_id=0 )  [ RunTime:0.0000s ]
SQL: SELECT * FROM `sh_category` WHERE ( parent_id=55 )  [ RunTime:0.0000s ]
SQL: SELECT * FROM `sh_category` WHERE ( parent_id=67 )  [ RunTime:0.0000s ]
SQL: SELECT * FROM `sh_category` WHERE ( parent_id=54 )  [ RunTime:0.0000s ]
SQL: SELECT * FROM `sh_category` WHERE ( parent_id=71 )  [ RunTime:0.0000s ]
SQL: SELECT * FROM `sh_category` WHERE ( parent_id=58 )  [ RunTime:0.0000s ]
SQL: SELECT * FROM `sh_category` WHERE ( parent_id=73 )  [ RunTime:0.0000s ]
SQL: SELECT * FROM `sh_category` WHERE ( parent_id=57 )  [ RunTime:0.0000s ]
SQL: SELECT * FROM `sh_category` WHERE ( parent_id=75 )  [ RunTime:0.0000s ]
SQL: SELECT * FROM `sh_category` WHERE ( parent_id=56 )  [ RunTime:0.0000s ]
SQL: SELECT * FROM `sh_category` WHERE ( parent_id=77 )  [ RunTime:0.0000s ]
SQL: SELECT * FROM `sh_category` WHERE ( parent_id=59 )  [ RunTime:0.0000s ]
SQL: SELECT * FROM `sh_category` WHERE ( parent_id=79 )  [ RunTime:0.0000s ]
SQL: SELECT * FROM `sh_category` WHERE ( parent_id=60 )  [ RunTime:0.0000s ]
SQL: SELECT * FROM `sh_category` WHERE ( parent_id=81 )  [ RunTime:0.0000s ]
SQL: SELECT * FROM `sh_category` WHERE ( parent_id=61 )  [ RunTime:0.0000s ]
SQL: SELECT * FROM `sh_category` WHERE ( parent_id=83 )  [ RunTime:0.0000s ]
SQL: SELECT * FROM `sh_category` WHERE ( parent_id=62 )  [ RunTime:0.0000s ]
SQL: SELECT * FROM `sh_category` WHERE ( parent_id=85 )  [ RunTime:0.0000s ]
SQL: SELECT * FROM `sh_category` WHERE ( parent_id=63 )  [ RunTime:0.0000s ]
SQL: SELECT * FROM `sh_category` WHERE ( parent_id=87 )  [ RunTime:0.0000s ]
SQL: SELECT * FROM `sh_category` WHERE ( parent_id=64 )  [ RunTime:0.0000s ]
SQL: SELECT * FROM `sh_category` WHERE ( parent_id=89 )  [ RunTime:0.0000s ]
SQL: SELECT * FROM `sh_category` WHERE ( parent_id=65 )  [ RunTime:0.0000s ]
SQL: SELECT * FROM `sh_category` WHERE ( parent_id=91 )  [ RunTime:0.0000s ]
SQL: SELECT * FROM `sh_category` WHERE ( parent_id=66 )  [ RunTime:0.0000s ]
SQL: SELECT * FROM `sh_category` WHERE ( parent_id=93 )  [ RunTime:0.0000s ]
INFO: [ app_end ] --START--
INFO: Run Behavior\ShowPageTraceBehavior [ RunTime:0.000000s ]
INFO: [ app_end ] --END-- [ RunTime:0.000000s ]

[ 2015-11-12T21:29:10+08:00 ] 127.0.0.1 /index.php/Home/Index/ajaxChkLogin
INFO: [ app_begin ] --START--
INFO: Run Behavior\ReadHtmlCacheBehavior [ RunTime:0.000000s ]
INFO: [ app_begin ] --END-- [ RunTime:0.015625s ]
SQL: SHOW COLUMNS FROM `sh_article_cat` [ RunTime:0.0156s ]
SQL: SELECT * FROM `sh_article_cat`  [ RunTime:0.0000s ]
SQL: SHOW COLUMNS FROM `sh_article` [ RunTime:0.0000s ]
SQL: SELECT * FROM `sh_article` WHERE ( cat_id=3 )  [ RunTime:0.0000s ]
SQL: SELECT * FROM `sh_article` WHERE ( cat_id=2 )  [ RunTime:0.0000s ]
SQL: SELECT * FROM `sh_article` WHERE ( cat_id=4 )  [ RunTime:0.0000s ]
SQL: SELECT * FROM `sh_article` WHERE ( cat_id=5 )  [ RunTime:0.0000s ]
SQL: SELECT * FROM `sh_article` WHERE ( cat_id=6 )  [ RunTime:0.0000s ]
SQL: SHOW COLUMNS FROM `sh_buttons` [ RunTime:0.0156s ]
SQL: SELECT * FROM `sh_buttons`  [ RunTime:0.0000s ]
SQL: SHOW COLUMNS FROM `sh_shop_config` [ RunTime:0.0156s ]
SQL: SELECT * FROM `sh_shop_config`  [ RunTime:0.0000s ]
SQL: SHOW COLUMNS FROM `sh_category` [ RunTime:0.0000s ]
SQL: SELECT * FROM `sh_category` WHERE ( parent_id=0 )  [ RunTime:0.0000s ]
SQL: SELECT * FROM `sh_category` WHERE ( parent_id=55 )  [ RunTime:0.0000s ]
SQL: SELECT * FROM `sh_category` WHERE ( parent_id=67 )  [ RunTime:0.0000s ]
SQL: SELECT * FROM `sh_category` WHERE ( parent_id=54 )  [ RunTime:0.0000s ]
SQL: SELECT * FROM `sh_category` WHERE ( parent_id=71 )  [ RunTime:0.0000s ]
SQL: SELECT * FROM `sh_category` WHERE ( parent_id=58 )  [ RunTime:0.0000s ]
SQL: SELECT * FROM `sh_category` WHERE ( parent_id=73 )  [ RunTime:0.0000s ]
SQL: SELECT * FROM `sh_category` WHERE ( parent_id=57 )  [ RunTime:0.0000s ]
SQL: SELECT * FROM `sh_category` WHERE ( parent_id=75 )  [ RunTime:0.0000s ]
SQL: SELECT * FROM `sh_category` WHERE ( parent_id=56 )  [ RunTime:0.0000s ]
SQL: SELECT * FROM `sh_category` WHERE ( parent_id=77 )  [ RunTime:0.0000s ]
SQL: SELECT * FROM `sh_category` WHERE ( parent_id=59 )  [ RunTime:0.0000s ]
SQL: SELECT * FROM `sh_category` WHERE ( parent_id=79 )  [ RunTime:0.0000s ]
SQL: SELECT * FROM `sh_category` WHERE ( parent_id=60 )  [ RunTime:0.0000s ]
SQL: SELECT * FROM `sh_category` WHERE ( parent_id=81 )  [ RunTime:0.0000s ]
SQL: SELECT * FROM `sh_category` WHERE ( parent_id=61 )  [ RunTime:0.0000s ]
SQL: SELECT * FROM `sh_category` WHERE ( parent_id=83 )  [ RunTime:0.0000s ]
SQL: SELECT * FROM `sh_category` WHERE ( parent_id=62 )  [ RunTime:0.0000s ]
SQL: SELECT * FROM `sh_category` WHERE ( parent_id=85 )  [ RunTime:0.0000s ]
SQL: SELECT * FROM `sh_category` WHERE ( parent_id=63 )  [ RunTime:0.0000s ]
SQL: SELECT * FROM `sh_category` WHERE ( parent_id=87 )  [ RunTime:0.0000s ]
SQL: SELECT * FROM `sh_category` WHERE ( parent_id=64 )  [ RunTime:0.0000s ]
SQL: SELECT * FROM `sh_category` WHERE ( parent_id=89 )  [ RunTime:0.0000s ]
SQL: SELECT * FROM `sh_category` WHERE ( parent_id=65 )  [ RunTime:0.0000s ]
SQL: SELECT * FROM `sh_category` WHERE ( parent_id=91 )  [ RunTime:0.0000s ]
SQL: SELECT * FROM `sh_category` WHERE ( parent_id=66 )  [ RunTime:0.0000s ]
SQL: SELECT * FROM `sh_category` WHERE ( parent_id=93 )  [ RunTime:0.0000s ]
INFO: [ app_end ] --START--
INFO: Run Behavior\ShowPageTraceBehavior [ RunTime:0.000000s ]
INFO: [ app_end ] --END-- [ RunTime:0.000000s ]

[ 2015-11-12T21:40:16+08:00 ] 127.0.0.1 /Home/Index/search/catId/54
ERR: SQLSTATE[42S22]: Column not found: 1054 Unknown column 'Array' in 'where clause'

[ 2015-11-12T21:40:47+08:00 ] 127.0.0.1 /index.php/Home/Index/ajaxChkLogin
INFO: [ app_begin ] --START--
INFO: Run Behavior\ReadHtmlCacheBehavior [ RunTime:0.000000s ]
INFO: [ app_begin ] --END-- [ RunTime:0.000000s ]
SQL: SHOW COLUMNS FROM `sh_article_cat` [ RunTime:0.0156s ]
SQL: SELECT * FROM `sh_article_cat`  [ RunTime:0.0000s ]
SQL: SHOW COLUMNS FROM `sh_article` [ RunTime:0.0156s ]
SQL: SELECT * FROM `sh_article` WHERE ( cat_id=3 )  [ RunTime:0.0000s ]
SQL: SELECT * FROM `sh_article` WHERE ( cat_id=2 )  [ RunTime:0.0000s ]
SQL: SELECT * FROM `sh_article` WHERE ( cat_id=4 )  [ RunTime:0.0000s ]
SQL: SELECT * FROM `sh_article` WHERE ( cat_id=5 )  [ RunTime:0.0000s ]
SQL: SELECT * FROM `sh_article` WHERE ( cat_id=6 )  [ RunTime:0.0000s ]
SQL: SHOW COLUMNS FROM `sh_buttons` [ RunTime:0.0000s ]
SQL: SELECT * FROM `sh_buttons`  [ RunTime:0.0000s ]
SQL: SHOW COLUMNS FROM `sh_shop_config` [ RunTime:0.0156s ]
SQL: SELECT * FROM `sh_shop_config`  [ RunTime:0.0000s ]
SQL: SHOW COLUMNS FROM `sh_category` [ RunTime:0.0156s ]
SQL: SELECT * FROM `sh_category` WHERE ( parent_id=0 )  [ RunTime:0.0000s ]
SQL: SELECT * FROM `sh_category` WHERE ( parent_id=55 )  [ RunTime:0.0000s ]
SQL: SELECT * FROM `sh_category` WHERE ( parent_id=67 )  [ RunTime:0.0000s ]
SQL: SELECT * FROM `sh_category` WHERE ( parent_id=54 )  [ RunTime:0.0000s ]
SQL: SELECT * FROM `sh_category` WHERE ( parent_id=71 )  [ RunTime:0.0000s ]
SQL: SELECT * FROM `sh_category` WHERE ( parent_id=58 )  [ RunTime:0.0000s ]
SQL: SELECT * FROM `sh_category` WHERE ( parent_id=73 )  [ RunTime:0.0000s ]
SQL: SELECT * FROM `sh_category` WHERE ( parent_id=57 )  [ RunTime:0.0000s ]
SQL: SELECT * FROM `sh_category` WHERE ( parent_id=75 )  [ RunTime:0.0000s ]
SQL: SELECT * FROM `sh_category` WHERE ( parent_id=56 )  [ RunTime:0.0000s ]
SQL: SELECT * FROM `sh_category` WHERE ( parent_id=77 )  [ RunTime:0.0000s ]
SQL: SELECT * FROM `sh_category` WHERE ( parent_id=59 )  [ RunTime:0.0000s ]
SQL: SELECT * FROM `sh_category` WHERE ( parent_id=79 )  [ RunTime:0.0000s ]
SQL: SELECT * FROM `sh_category` WHERE ( parent_id=60 )  [ RunTime:0.0000s ]
SQL: SELECT * FROM `sh_category` WHERE ( parent_id=81 )  [ RunTime:0.0000s ]
SQL: SELECT * FROM `sh_category` WHERE ( parent_id=61 )  [ RunTime:0.0000s ]
SQL: SELECT * FROM `sh_category` WHERE ( parent_id=83 )  [ RunTime:0.0000s ]
SQL: SELECT * FROM `sh_category` WHERE ( parent_id=62 )  [ RunTime:0.0000s ]
SQL: SELECT * FROM `sh_category` WHERE ( parent_id=85 )  [ RunTime:0.0000s ]
SQL: SELECT * FROM `sh_category` WHERE ( parent_id=63 )  [ RunTime:0.0000s ]
SQL: SELECT * FROM `sh_category` WHERE ( parent_id=87 )  [ RunTime:0.0000s ]
SQL: SELECT * FROM `sh_category` WHERE ( parent_id=64 )  [ RunTime:0.0000s ]
SQL: SELECT * FROM `sh_category` WHERE ( parent_id=89 )  [ RunTime:0.0000s ]
SQL: SELECT * FROM `sh_category` WHERE ( parent_id=65 )  [ RunTime:0.0000s ]
SQL: SELECT * FROM `sh_category` WHERE ( parent_id=91 )  [ RunTime:0.0000s ]
SQL: SELECT * FROM `sh_category` WHERE ( parent_id=66 )  [ RunTime:0.0000s ]
SQL: SELECT * FROM `sh_category` WHERE ( parent_id=93 )  [ RunTime:0.0156s ]
INFO: [ app_end ] --START--
INFO: Run Behavior\ShowPageTraceBehavior [ RunTime:0.000000s ]
INFO: [ app_end ] --END-- [ RunTime:0.000000s ]

[ 2015-11-12T21:41:03+08:00 ] 127.0.0.1 /index.php/Home/Index/ajaxChkLogin
INFO: [ app_begin ] --START--
INFO: Run Behavior\ReadHtmlCacheBehavior [ RunTime:0.000000s ]
INFO: [ app_begin ] --END-- [ RunTime:0.000000s ]
SQL: SHOW COLUMNS FROM `sh_article_cat` [ RunTime:0.0000s ]
SQL: SELECT * FROM `sh_article_cat`  [ RunTime:0.0156s ]
SQL: SHOW COLUMNS FROM `sh_article` [ RunTime:0.0000s ]
SQL: SELECT * FROM `sh_article` WHERE ( cat_id=3 )  [ RunTime:0.0000s ]
SQL: SELECT * FROM `sh_article` WHERE ( cat_id=2 )  [ RunTime:0.0000s ]
SQL: SELECT * FROM `sh_article` WHERE ( cat_id=4 )  [ RunTime:0.0000s ]
SQL: SELECT * FROM `sh_article` WHERE ( cat_id=5 )  [ RunTime:0.0000s ]
SQL: SELECT * FROM `sh_article` WHERE ( cat_id=6 )  [ RunTime:0.0000s ]
SQL: SHOW COLUMNS FROM `sh_buttons` [ RunTime:0.0156s ]
SQL: SELECT * FROM `sh_buttons`  [ RunTime:0.0000s ]
SQL: SHOW COLUMNS FROM `sh_shop_config` [ RunTime:0.0000s ]
SQL: SELECT * FROM `sh_shop_config`  [ RunTime:0.0000s ]
SQL: SHOW COLUMNS FROM `sh_category` [ RunTime:0.0000s ]
SQL: SELECT * FROM `sh_category` WHERE ( parent_id=0 )  [ RunTime:0.0000s ]
SQL: SELECT * FROM `sh_category` WHERE ( parent_id=55 )  [ RunTime:0.0000s ]
SQL: SELECT * FROM `sh_category` WHERE ( parent_id=67 )  [ RunTime:0.0000s ]
SQL: SELECT * FROM `sh_category` WHERE ( parent_id=54 )  [ RunTime:0.0000s ]
SQL: SELECT * FROM `sh_category` WHERE ( parent_id=71 )  [ RunTime:0.0000s ]
SQL: SELECT * FROM `sh_category` WHERE ( parent_id=58 )  [ RunTime:0.0000s ]
SQL: SELECT * FROM `sh_category` WHERE ( parent_id=73 )  [ RunTime:0.0000s ]
SQL: SELECT * FROM `sh_category` WHERE ( parent_id=57 )  [ RunTime:0.0000s ]
SQL: SELECT * FROM `sh_category` WHERE ( parent_id=75 )  [ RunTime:0.0000s ]
SQL: SELECT * FROM `sh_category` WHERE ( parent_id=56 )  [ RunTime:0.0000s ]
SQL: SELECT * FROM `sh_category` WHERE ( parent_id=77 )  [ RunTime:0.0000s ]
SQL: SELECT * FROM `sh_category` WHERE ( parent_id=59 )  [ RunTime:0.0000s ]
SQL: SELECT * FROM `sh_category` WHERE ( parent_id=79 )  [ RunTime:0.0000s ]
SQL: SELECT * FROM `sh_category` WHERE ( parent_id=60 )  [ RunTime:0.0000s ]
SQL: SELECT * FROM `sh_category` WHERE ( parent_id=81 )  [ RunTime:0.0000s ]
SQL: SELECT * FROM `sh_category` WHERE ( parent_id=61 )  [ RunTime:0.0000s ]
SQL: SELECT * FROM `sh_category` WHERE ( parent_id=83 )  [ RunTime:0.0000s ]
SQL: SELECT * FROM `sh_category` WHERE ( parent_id=62 )  [ RunTime:0.0000s ]
SQL: SELECT * FROM `sh_category` WHERE ( parent_id=85 )  [ RunTime:0.0000s ]
SQL: SELECT * FROM `sh_category` WHERE ( parent_id=63 )  [ RunTime:0.0000s ]
SQL: SELECT * FROM `sh_category` WHERE ( parent_id=87 )  [ RunTime:0.0000s ]
SQL: SELECT * FROM `sh_category` WHERE ( parent_id=64 )  [ RunTime:0.0000s ]
SQL: SELECT * FROM `sh_category` WHERE ( parent_id=89 )  [ RunTime:0.0000s ]
SQL: SELECT * FROM `sh_category` WHERE ( parent_id=65 )  [ RunTime:0.0156s ]
SQL: SELECT * FROM `sh_category` WHERE ( parent_id=91 )  [ RunTime:0.0000s ]
SQL: SELECT * FROM `sh_category` WHERE ( parent_id=66 )  [ RunTime:0.0000s ]
SQL: SELECT * FROM `sh_category` WHERE ( parent_id=93 )  [ RunTime:0.0000s ]
INFO: [ app_end ] --START--
INFO: Run Behavior\ShowPageTraceBehavior [ RunTime:0.000000s ]
INFO: [ app_end ] --END-- [ RunTime:0.000000s ]

[ 2015-11-12T22:01:09+08:00 ] 127.0.0.1 /index.php/Home/Index/ajaxChkLogin
INFO: [ app_begin ] --START--
INFO: Run Behavior\ReadHtmlCacheBehavior [ RunTime:0.015625s ]
INFO: [ app_begin ] --END-- [ RunTime:0.015625s ]
SQL: SHOW COLUMNS FROM `sh_article_cat` [ RunTime:0.0156s ]
SQL: SELECT * FROM `sh_article_cat`  [ RunTime:0.0000s ]
SQL: SHOW COLUMNS FROM `sh_article` [ RunTime:0.0000s ]
SQL: SELECT * FROM `sh_article` WHERE ( cat_id=3 )  [ RunTime:0.0000s ]
SQL: SELECT * FROM `sh_article` WHERE ( cat_id=2 )  [ RunTime:0.0000s ]
SQL: SELECT * FROM `sh_article` WHERE ( cat_id=4 )  [ RunTime:0.0000s ]
SQL: SELECT * FROM `sh_article` WHERE ( cat_id=5 )  [ RunTime:0.0156s ]
SQL: SELECT * FROM `sh_article` WHERE ( cat_id=6 )  [ RunTime:0.0000s ]
SQL: SHOW COLUMNS FROM `sh_buttons` [ RunTime:0.0000s ]
SQL: SELECT * FROM `sh_buttons`  [ RunTime:0.0000s ]
SQL: SHOW COLUMNS FROM `sh_shop_config` [ RunTime:0.0156s ]
SQL: SELECT * FROM `sh_shop_config`  [ RunTime:0.0000s ]
SQL: SHOW COLUMNS FROM `sh_category` [ RunTime:0.0000s ]
SQL: SELECT * FROM `sh_category` WHERE ( parent_id=0 )  [ RunTime:0.0000s ]
SQL: SELECT * FROM `sh_category` WHERE ( parent_id=55 )  [ RunTime:0.0156s ]
SQL: SELECT * FROM `sh_category` WHERE ( parent_id=67 )  [ RunTime:0.0000s ]
SQL: SELECT * FROM `sh_category` WHERE ( parent_id=54 )  [ RunTime:0.0000s ]
SQL: SELECT * FROM `sh_category` WHERE ( parent_id=71 )  [ RunTime:0.0000s ]
SQL: SELECT * FROM `sh_category` WHERE ( parent_id=58 )  [ RunTime:0.0000s ]
SQL: SELECT * FROM `sh_category` WHERE ( parent_id=73 )  [ RunTime:0.0000s ]
SQL: SELECT * FROM `sh_category` WHERE ( parent_id=57 )  [ RunTime:0.0000s ]
SQL: SELECT * FROM `sh_category` WHERE ( parent_id=75 )  [ RunTime:0.0000s ]
SQL: SELECT * FROM `sh_category` WHERE ( parent_id=56 )  [ RunTime:0.0000s ]
SQL: SELECT * FROM `sh_category` WHERE ( parent_id=77 )  [ RunTime:0.0000s ]
SQL: SELECT * FROM `sh_category` WHERE ( parent_id=59 )  [ RunTime:0.0000s ]
SQL: SELECT * FROM `sh_category` WHERE ( parent_id=79 )  [ RunTime:0.0000s ]
SQL: SELECT * FROM `sh_category` WHERE ( parent_id=60 )  [ RunTime:0.0000s ]
SQL: SELECT * FROM `sh_category` WHERE ( parent_id=81 )  [ RunTime:0.0000s ]
SQL: SELECT * FROM `sh_category` WHERE ( parent_id=61 )  [ RunTime:0.0000s ]
SQL: SELECT * FROM `sh_category` WHERE ( parent_id=83 )  [ RunTime:0.0000s ]
SQL: SELECT * FROM `sh_category` WHERE ( parent_id=62 )  [ RunTime:0.0000s ]
SQL: SELECT * FROM `sh_category` WHERE ( parent_id=85 )  [ RunTime:0.0156s ]
SQL: SELECT * FROM `sh_category` WHERE ( parent_id=63 )  [ RunTime:0.0000s ]
SQL: SELECT * FROM `sh_category` WHERE ( parent_id=87 )  [ RunTime:0.0000s ]
SQL: SELECT * FROM `sh_category` WHERE ( parent_id=64 )  [ RunTime:0.0000s ]
SQL: SELECT * FROM `sh_category` WHERE ( parent_id=89 )  [ RunTime:0.0000s ]
SQL: SELECT * FROM `sh_category` WHERE ( parent_id=65 )  [ RunTime:0.0000s ]
SQL: SELECT * FROM `sh_category` WHERE ( parent_id=91 )  [ RunTime:0.0000s ]
SQL: SELECT * FROM `sh_category` WHERE ( parent_id=66 )  [ RunTime:0.0000s ]
SQL: SELECT * FROM `sh_category` WHERE ( parent_id=93 )  [ RunTime:0.0000s ]
INFO: [ app_end ] --START--
INFO: Run Behavior\ShowPageTraceBehavior [ RunTime:0.000000s ]
INFO: [ app_end ] --END-- [ RunTime:0.000000s ]

[ 2015-11-12T22:02:39+08:00 ] 127.0.0.1 /index.php/Home/Index/ajaxChkLogin
INFO: [ app_begin ] --START--
INFO: Run Behavior\ReadHtmlCacheBehavior [ RunTime:0.000000s ]
INFO: [ app_begin ] --END-- [ RunTime:0.000000s ]
SQL: SHOW COLUMNS FROM `sh_article_cat` [ RunTime:0.0156s ]
SQL: SELECT * FROM `sh_article_cat`  [ RunTime:0.0000s ]
SQL: SHOW COLUMNS FROM `sh_article` [ RunTime:0.0000s ]
SQL: SELECT * FROM `sh_article` WHERE ( cat_id=3 )  [ RunTime:0.0000s ]
SQL: SELECT * FROM `sh_article` WHERE ( cat_id=2 )  [ RunTime:0.0000s ]
SQL: SELECT * FROM `sh_article` WHERE ( cat_id=4 )  [ RunTime:0.0000s ]
SQL: SELECT * FROM `sh_article` WHERE ( cat_id=5 )  [ RunTime:0.0000s ]
SQL: SELECT * FROM `sh_article` WHERE ( cat_id=6 )  [ RunTime:0.0000s ]
SQL: SHOW COLUMNS FROM `sh_buttons` [ RunTime:0.0000s ]
SQL: SELECT * FROM `sh_buttons`  [ RunTime:0.0000s ]
SQL: SHOW COLUMNS FROM `sh_shop_config` [ RunTime:0.0156s ]
SQL: SELECT * FROM `sh_shop_config`  [ RunTime:0.0000s ]
SQL: SHOW COLUMNS FROM `sh_category` [ RunTime:0.0156s ]
SQL: SELECT * FROM `sh_category` WHERE ( parent_id=0 )  [ RunTime:0.0000s ]
SQL: SELECT * FROM `sh_category` WHERE ( parent_id=55 )  [ RunTime:0.0000s ]
SQL: SELECT * FROM `sh_category` WHERE ( parent_id=67 )  [ RunTime:0.0000s ]
SQL: SELECT * FROM `sh_category` WHERE ( parent_id=54 )  [ RunTime:0.0000s ]
SQL: SELECT * FROM `sh_category` WHERE ( parent_id=71 )  [ RunTime:0.0000s ]
SQL: SELECT * FROM `sh_category` WHERE ( parent_id=58 )  [ RunTime:0.0000s ]
SQL: SELECT * FROM `sh_category` WHERE ( parent_id=73 )  [ RunTime:0.0000s ]
SQL: SELECT * FROM `sh_category` WHERE ( parent_id=57 )  [ RunTime:0.0000s ]
SQL: SELECT * FROM `sh_category` WHERE ( parent_id=75 )  [ RunTime:0.0000s ]
SQL: SELECT * FROM `sh_category` WHERE ( parent_id=56 )  [ RunTime:0.0000s ]
SQL: SELECT * FROM `sh_category` WHERE ( parent_id=77 )  [ RunTime:0.0000s ]
SQL: SELECT * FROM `sh_category` WHERE ( parent_id=59 )  [ RunTime:0.0000s ]
SQL: SELECT * FROM `sh_category` WHERE ( parent_id=79 )  [ RunTime:0.0000s ]
SQL: SELECT * FROM `sh_category` WHERE ( parent_id=60 )  [ RunTime:0.0000s ]
SQL: SELECT * FROM `sh_category` WHERE ( parent_id=81 )  [ RunTime:0.0000s ]
SQL: SELECT * FROM `sh_category` WHERE ( parent_id=61 )  [ RunTime:0.0000s ]
SQL: SELECT * FROM `sh_category` WHERE ( parent_id=83 )  [ RunTime:0.0000s ]
SQL: SELECT * FROM `sh_category` WHERE ( parent_id=62 )  [ RunTime:0.0156s ]
SQL: SELECT * FROM `sh_category` WHERE ( parent_id=85 )  [ RunTime:0.0000s ]
SQL: SELECT * FROM `sh_category` WHERE ( parent_id=63 )  [ RunTime:0.0000s ]
SQL: SELECT * FROM `sh_category` WHERE ( parent_id=87 )  [ RunTime:0.0000s ]
SQL: SELECT * FROM `sh_category` WHERE ( parent_id=64 )  [ RunTime:0.0000s ]
SQL: SELECT * FROM `sh_category` WHERE ( parent_id=89 )  [ RunTime:0.0000s ]
SQL: SELECT * FROM `sh_category` WHERE ( parent_id=65 )  [ RunTime:0.0000s ]
SQL: SELECT * FROM `sh_category` WHERE ( parent_id=91 )  [ RunTime:0.0000s ]
SQL: SELECT * FROM `sh_category` WHERE ( parent_id=66 )  [ RunTime:0.0000s ]
SQL: SELECT * FROM `sh_category` WHERE ( parent_id=93 )  [ RunTime:0.0000s ]
INFO: [ app_end ] --START--
INFO: Run Behavior\ShowPageTraceBehavior [ RunTime:0.000000s ]
INFO: [ app_end ] --END-- [ RunTime:0.000000s ]

[ 2015-11-12T22:06:37+08:00 ] 127.0.0.1 /index.php/Home/Index/ajaxChkLogin
INFO: [ app_begin ] --START--
INFO: Run Behavior\ReadHtmlCacheBehavior [ RunTime:0.000000s ]
INFO: [ app_begin ] --END-- [ RunTime:0.000000s ]
SQL: SHOW COLUMNS FROM `sh_article_cat` [ RunTime:0.0156s ]
SQL: SELECT * FROM `sh_article_cat`  [ RunTime:0.0000s ]
SQL: SHOW COLUMNS FROM `sh_article` [ RunTime:0.0000s ]
SQL: SELECT * FROM `sh_article` WHERE ( cat_id=3 )  [ RunTime:0.0000s ]
SQL: SELECT * FROM `sh_article` WHERE ( cat_id=2 )  [ RunTime:0.0000s ]
SQL: SELECT * FROM `sh_article` WHERE ( cat_id=4 )  [ RunTime:0.0000s ]
SQL: SELECT * FROM `sh_article` WHERE ( cat_id=5 )  [ RunTime:0.0000s ]
SQL: SELECT * FROM `sh_article` WHERE ( cat_id=6 )  [ RunTime:0.0000s ]
SQL: SHOW COLUMNS FROM `sh_buttons` [ RunTime:0.0156s ]
SQL: SELECT * FROM `sh_buttons`  [ RunTime:0.0000s ]
SQL: SHOW COLUMNS FROM `sh_shop_config` [ RunTime:0.0000s ]
SQL: SELECT * FROM `sh_shop_config`  [ RunTime:0.0156s ]
SQL: SHOW COLUMNS FROM `sh_category` [ RunTime:0.0000s ]
SQL: SELECT * FROM `sh_category` WHERE ( parent_id=0 )  [ RunTime:0.0000s ]
SQL: SELECT * FROM `sh_category` WHERE ( parent_id=55 )  [ RunTime:0.0000s ]
SQL: SELECT * FROM `sh_category` WHERE ( parent_id=67 )  [ RunTime:0.0000s ]
SQL: SELECT * FROM `sh_category` WHERE ( parent_id=54 )  [ RunTime:0.0000s ]
SQL: SELECT * FROM `sh_category` WHERE ( parent_id=71 )  [ RunTime:0.0000s ]
SQL: SELECT * FROM `sh_category` WHERE ( parent_id=58 )  [ RunTime:0.0000s ]
SQL: SELECT * FROM `sh_category` WHERE ( parent_id=73 )  [ RunTime:0.0156s ]
SQL: SELECT * FROM `sh_category` WHERE ( parent_id=57 )  [ RunTime:0.0000s ]
SQL: SELECT * FROM `sh_category` WHERE ( parent_id=75 )  [ RunTime:0.0000s ]
SQL: SELECT * FROM `sh_category` WHERE ( parent_id=56 )  [ RunTime:0.0000s ]
SQL: SELECT * FROM `sh_category` WHERE ( parent_id=77 )  [ RunTime:0.0000s ]
SQL: SELECT * FROM `sh_category` WHERE ( parent_id=59 )  [ RunTime:0.0000s ]
SQL: SELECT * FROM `sh_category` WHERE ( parent_id=79 )  [ RunTime:0.0000s ]
SQL: SELECT * FROM `sh_category` WHERE ( parent_id=60 )  [ RunTime:0.0000s ]
SQL: SELECT * FROM `sh_category` WHERE ( parent_id=81 )  [ RunTime:0.0000s ]
SQL: SELECT * FROM `sh_category` WHERE ( parent_id=61 )  [ RunTime:0.0000s ]
SQL: SELECT * FROM `sh_category` WHERE ( parent_id=83 )  [ RunTime:0.0000s ]
SQL: SELECT * FROM `sh_category` WHERE ( parent_id=62 )  [ RunTime:0.0000s ]
SQL: SELECT * FROM `sh_category` WHERE ( parent_id=85 )  [ RunTime:0.0000s ]
SQL: SELECT * FROM `sh_category` WHERE ( parent_id=63 )  [ RunTime:0.0000s ]
SQL: SELECT * FROM `sh_category` WHERE ( parent_id=87 )  [ RunTime:0.0000s ]
SQL: SELECT * FROM `sh_category` WHERE ( parent_id=64 )  [ RunTime:0.0000s ]
SQL: SELECT * FROM `sh_category` WHERE ( parent_id=89 )  [ RunTime:0.0000s ]
SQL: SELECT * FROM `sh_category` WHERE ( parent_id=65 )  [ RunTime:0.0000s ]
SQL: SELECT * FROM `sh_category` WHERE ( parent_id=91 )  [ RunTime:0.0000s ]
SQL: SELECT * FROM `sh_category` WHERE ( parent_id=66 )  [ RunTime:0.0000s ]
SQL: SELECT * FROM `sh_category` WHERE ( parent_id=93 )  [ RunTime:0.0000s ]
INFO: [ app_end ] --START--
INFO: Run Behavior\ShowPageTraceBehavior [ RunTime:0.000000s ]
INFO: [ app_end ] --END-- [ RunTime:0.015625s ]

[ 2015-11-12T22:06:53+08:00 ] 127.0.0.1 /index.php/Home/Index/ajaxChkLogin
INFO: [ app_begin ] --START--
INFO: Run Behavior\ReadHtmlCacheBehavior [ RunTime:0.000000s ]
INFO: [ app_begin ] --END-- [ RunTime:0.000000s ]
SQL: SHOW COLUMNS FROM `sh_article_cat` [ RunTime:0.0000s ]
SQL: SELECT * FROM `sh_article_cat`  [ RunTime:0.0000s ]
SQL: SHOW COLUMNS FROM `sh_article` [ RunTime:0.0156s ]
SQL: SELECT * FROM `sh_article` WHERE ( cat_id=3 )  [ RunTime:0.0000s ]
SQL: SELECT * FROM `sh_article` WHERE ( cat_id=2 )  [ RunTime:0.0000s ]
SQL: SELECT * FROM `sh_article` WHERE ( cat_id=4 )  [ RunTime:0.0000s ]
SQL: SELECT * FROM `sh_article` WHERE ( cat_id=5 )  [ RunTime:0.0000s ]
SQL: SELECT * FROM `sh_article` WHERE ( cat_id=6 )  [ RunTime:0.0000s ]
SQL: SHOW COLUMNS FROM `sh_buttons` [ RunTime:0.0156s ]
SQL: SELECT * FROM `sh_buttons`  [ RunTime:0.0000s ]
SQL: SHOW COLUMNS FROM `sh_shop_config` [ RunTime:0.0000s ]
SQL: SELECT * FROM `sh_shop_config`  [ RunTime:0.0000s ]
SQL: SHOW COLUMNS FROM `sh_category` [ RunTime:0.0156s ]
SQL: SELECT * FROM `sh_category` WHERE ( parent_id=0 )  [ RunTime:0.0000s ]
SQL: SELECT * FROM `sh_category` WHERE ( parent_id=55 )  [ RunTime:0.0000s ]
SQL: SELECT * FROM `sh_category` WHERE ( parent_id=67 )  [ RunTime:0.0000s ]
SQL: SELECT * FROM `sh_category` WHERE ( parent_id=54 )  [ RunTime:0.0000s ]
SQL: SELECT * FROM `sh_category` WHERE ( parent_id=71 )  [ RunTime:0.0000s ]
SQL: SELECT * FROM `sh_category` WHERE ( parent_id=58 )  [ RunTime:0.0000s ]
SQL: SELECT * FROM `sh_category` WHERE ( parent_id=73 )  [ RunTime:0.0000s ]
SQL: SELECT * FROM `sh_category` WHERE ( parent_id=57 )  [ RunTime:0.0000s ]
SQL: SELECT * FROM `sh_category` WHERE ( parent_id=75 )  [ RunTime:0.0000s ]
SQL: SELECT * FROM `sh_category` WHERE ( parent_id=56 )  [ RunTime:0.0000s ]
SQL: SELECT * FROM `sh_category` WHERE ( parent_id=77 )  [ RunTime:0.0000s ]
SQL: SELECT * FROM `sh_category` WHERE ( parent_id=59 )  [ RunTime:0.0000s ]
SQL: SELECT * FROM `sh_category` WHERE ( parent_id=79 )  [ RunTime:0.0000s ]
SQL: SELECT * FROM `sh_category` WHERE ( parent_id=60 )  [ RunTime:0.0000s ]
SQL: SELECT * FROM `sh_category` WHERE ( parent_id=81 )  [ RunTime:0.0156s ]
SQL: SELECT * FROM `sh_category` WHERE ( parent_id=61 )  [ RunTime:0.0000s ]
SQL: SELECT * FROM `sh_category` WHERE ( parent_id=83 )  [ RunTime:0.0000s ]
SQL: SELECT * FROM `sh_category` WHERE ( parent_id=62 )  [ RunTime:0.0000s ]
SQL: SELECT * FROM `sh_category` WHERE ( parent_id=85 )  [ RunTime:0.0000s ]
SQL: SELECT * FROM `sh_category` WHERE ( parent_id=63 )  [ RunTime:0.0000s ]
SQL: SELECT * FROM `sh_category` WHERE ( parent_id=87 )  [ RunTime:0.0000s ]
SQL: SELECT * FROM `sh_category` WHERE ( parent_id=64 )  [ RunTime:0.0000s ]
SQL: SELECT * FROM `sh_category` WHERE ( parent_id=89 )  [ RunTime:0.0000s ]
SQL: SELECT * FROM `sh_category` WHERE ( parent_id=65 )  [ RunTime:0.0000s ]
SQL: SELECT * FROM `sh_category` WHERE ( parent_id=91 )  [ RunTime:0.0000s ]
SQL: SELECT * FROM `sh_category` WHERE ( parent_id=66 )  [ RunTime:0.0000s ]
SQL: SELECT * FROM `sh_category` WHERE ( parent_id=93 )  [ RunTime:0.0000s ]
INFO: [ app_end ] --START--
INFO: Run Behavior\ShowPageTraceBehavior [ RunTime:0.000000s ]
INFO: [ app_end ] --END-- [ RunTime:0.000000s ]

[ 2015-11-12T22:07:12+08:00 ] 127.0.0.1 /index.php/Home/Index/ajaxChkLogin
INFO: [ app_begin ] --START--
INFO: Run Behavior\ReadHtmlCacheBehavior [ RunTime:0.000000s ]
INFO: [ app_begin ] --END-- [ RunTime:0.000000s ]
SQL: SHOW COLUMNS FROM `sh_article_cat` [ RunTime:0.0000s ]
SQL: SELECT * FROM `sh_article_cat`  [ RunTime:0.0156s ]
SQL: SHOW COLUMNS FROM `sh_article` [ RunTime:0.0000s ]
SQL: SELECT * FROM `sh_article` WHERE ( cat_id=3 )  [ RunTime:0.0000s ]
SQL: SELECT * FROM `sh_article` WHERE ( cat_id=2 )  [ RunTime:0.0000s ]
SQL: SELECT * FROM `sh_article` WHERE ( cat_id=4 )  [ RunTime:0.0000s ]
SQL: SELECT * FROM `sh_article` WHERE ( cat_id=5 )  [ RunTime:0.0000s ]
SQL: SELECT * FROM `sh_article` WHERE ( cat_id=6 )  [ RunTime:0.0000s ]
SQL: SHOW COLUMNS FROM `sh_buttons` [ RunTime:0.0156s ]
SQL: SELECT * FROM `sh_buttons`  [ RunTime:0.0000s ]
SQL: SHOW COLUMNS FROM `sh_shop_config` [ RunTime:0.0000s ]
SQL: SELECT * FROM `sh_shop_config`  [ RunTime:0.0000s ]
SQL: SHOW COLUMNS FROM `sh_category` [ RunTime:0.0000s ]
SQL: SELECT * FROM `sh_category` WHERE ( parent_id=0 )  [ RunTime:0.0000s ]
SQL: SELECT * FROM `sh_category` WHERE ( parent_id=55 )  [ RunTime:0.0000s ]
SQL: SELECT * FROM `sh_category` WHERE ( parent_id=67 )  [ RunTime:0.0000s ]
SQL: SELECT * FROM `sh_category` WHERE ( parent_id=54 )  [ RunTime:0.0000s ]
SQL: SELECT * FROM `sh_category` WHERE ( parent_id=71 )  [ RunTime:0.0000s ]
SQL: SELECT * FROM `sh_category` WHERE ( parent_id=58 )  [ RunTime:0.0000s ]
SQL: SELECT * FROM `sh_category` WHERE ( parent_id=73 )  [ RunTime:0.0000s ]
SQL: SELECT * FROM `sh_category` WHERE ( parent_id=57 )  [ RunTime:0.0000s ]
SQL: SELECT * FROM `sh_category` WHERE ( parent_id=75 )  [ RunTime:0.0000s ]
SQL: SELECT * FROM `sh_category` WHERE ( parent_id=56 )  [ RunTime:0.0000s ]
SQL: SELECT * FROM `sh_category` WHERE ( parent_id=77 )  [ RunTime:0.0156s ]
SQL: SELECT * FROM `sh_category` WHERE ( parent_id=59 )  [ RunTime:0.0000s ]
SQL: SELECT * FROM `sh_category` WHERE ( parent_id=79 )  [ RunTime:0.0000s ]
SQL: SELECT * FROM `sh_category` WHERE ( parent_id=60 )  [ RunTime:0.0000s ]
SQL: SELECT * FROM `sh_category` WHERE ( parent_id=81 )  [ RunTime:0.0000s ]
SQL: SELECT * FROM `sh_category` WHERE ( parent_id=61 )  [ RunTime:0.0000s ]
SQL: SELECT * FROM `sh_category` WHERE ( parent_id=83 )  [ RunTime:0.0000s ]
SQL: SELECT * FROM `sh_category` WHERE ( parent_id=62 )  [ RunTime:0.0000s ]
SQL: SELECT * FROM `sh_category` WHERE ( parent_id=85 )  [ RunTime:0.0000s ]
SQL: SELECT * FROM `sh_category` WHERE ( parent_id=63 )  [ RunTime:0.0000s ]
SQL: SELECT * FROM `sh_category` WHERE ( parent_id=87 )  [ RunTime:0.0000s ]
SQL: SELECT * FROM `sh_category` WHERE ( parent_id=64 )  [ RunTime:0.0000s ]
SQL: SELECT * FROM `sh_category` WHERE ( parent_id=89 )  [ RunTime:0.0000s ]
SQL: SELECT * FROM `sh_category` WHERE ( parent_id=65 )  [ RunTime:0.0000s ]
SQL: SELECT * FROM `sh_category` WHERE ( parent_id=91 )  [ RunTime:0.0000s ]
SQL: SELECT * FROM `sh_category` WHERE ( parent_id=66 )  [ RunTime:0.0000s ]
SQL: SELECT * FROM `sh_category` WHERE ( parent_id=93 )  [ RunTime:0.0000s ]
INFO: [ app_end ] --START--
INFO: Run Behavior\ShowPageTraceBehavior [ RunTime:0.000000s ]
INFO: [ app_end ] --END-- [ RunTime:0.000000s ]

[ 2015-11-12T22:07:59+08:00 ] 127.0.0.1 /index.php/Home/Index/ajaxChkLogin
INFO: [ app_begin ] --START--
INFO: Run Behavior\ReadHtmlCacheBehavior [ RunTime:0.000000s ]
INFO: [ app_begin ] --END-- [ RunTime:0.000000s ]
SQL: SHOW COLUMNS FROM `sh_article_cat` [ RunTime:0.0000s ]
SQL: SELECT * FROM `sh_article_cat`  [ RunTime:0.0156s ]
SQL: SHOW COLUMNS FROM `sh_article` [ RunTime:0.0000s ]
SQL: SELECT * FROM `sh_article` WHERE ( cat_id=3 )  [ RunTime:0.0000s ]
SQL: SELECT * FROM `sh_article` WHERE ( cat_id=2 )  [ RunTime:0.0000s ]
SQL: SELECT * FROM `sh_article` WHERE ( cat_id=4 )  [ RunTime:0.0000s ]
SQL: SELECT * FROM `sh_article` WHERE ( cat_id=5 )  [ RunTime:0.0000s ]
SQL: SELECT * FROM `sh_article` WHERE ( cat_id=6 )  [ RunTime:0.0000s ]
SQL: SHOW COLUMNS FROM `sh_buttons` [ RunTime:0.0156s ]
SQL: SELECT * FROM `sh_buttons`  [ RunTime:0.0000s ]
SQL: SHOW COLUMNS FROM `sh_shop_config` [ RunTime:0.0000s ]
SQL: SELECT * FROM `sh_shop_config`  [ RunTime:0.0000s ]
SQL: SHOW COLUMNS FROM `sh_category` [ RunTime:0.0000s ]
SQL: SELECT * FROM `sh_category` WHERE ( parent_id=0 )  [ RunTime:0.0000s ]
SQL: SELECT * FROM `sh_category` WHERE ( parent_id=55 )  [ RunTime:0.0000s ]
SQL: SELECT * FROM `sh_category` WHERE ( parent_id=67 )  [ RunTime:0.0000s ]
SQL: SELECT * FROM `sh_category` WHERE ( parent_id=54 )  [ RunTime:0.0000s ]
SQL: SELECT * FROM `sh_category` WHERE ( parent_id=71 )  [ RunTime:0.0000s ]
SQL: SELECT * FROM `sh_category` WHERE ( parent_id=58 )  [ RunTime:0.0000s ]
SQL: SELECT * FROM `sh_category` WHERE ( parent_id=73 )  [ RunTime:0.0000s ]
SQL: SELECT * FROM `sh_category` WHERE ( parent_id=57 )  [ RunTime:0.0156s ]
SQL: SELECT * FROM `sh_category` WHERE ( parent_id=75 )  [ RunTime:0.0000s ]
SQL: SELECT * FROM `sh_category` WHERE ( parent_id=56 )  [ RunTime:0.0000s ]
SQL: SELECT * FROM `sh_category` WHERE ( parent_id=77 )  [ RunTime:0.0000s ]
SQL: SELECT * FROM `sh_category` WHERE ( parent_id=59 )  [ RunTime:0.0000s ]
SQL: SELECT * FROM `sh_category` WHERE ( parent_id=79 )  [ RunTime:0.0000s ]
SQL: SELECT * FROM `sh_category` WHERE ( parent_id=60 )  [ RunTime:0.0000s ]
SQL: SELECT * FROM `sh_category` WHERE ( parent_id=81 )  [ RunTime:0.0000s ]
SQL: SELECT * FROM `sh_category` WHERE ( parent_id=61 )  [ RunTime:0.0000s ]
SQL: SELECT * FROM `sh_category` WHERE ( parent_id=83 )  [ RunTime:0.0000s ]
SQL: SELECT * FROM `sh_category` WHERE ( parent_id=62 )  [ RunTime:0.0000s ]
SQL: SELECT * FROM `sh_category` WHERE ( parent_id=85 )  [ RunTime:0.0000s ]
SQL: SELECT * FROM `sh_category` WHERE ( parent_id=63 )  [ RunTime:0.0000s ]
SQL: SELECT * FROM `sh_category` WHERE ( parent_id=87 )  [ RunTime:0.0000s ]
SQL: SELECT * FROM `sh_category` WHERE ( parent_id=64 )  [ RunTime:0.0000s ]
SQL: SELECT * FROM `sh_category` WHERE ( parent_id=89 )  [ RunTime:0.0000s ]
SQL: SELECT * FROM `sh_category` WHERE ( parent_id=65 )  [ RunTime:0.0000s ]
SQL: SELECT * FROM `sh_category` WHERE ( parent_id=91 )  [ RunTime:0.0000s ]
SQL: SELECT * FROM `sh_category` WHERE ( parent_id=66 )  [ RunTime:0.0000s ]
SQL: SELECT * FROM `sh_category` WHERE ( parent_id=93 )  [ RunTime:0.0000s ]
INFO: [ app_end ] --START--
INFO: Run Behavior\ShowPageTraceBehavior [ RunTime:0.000000s ]
INFO: [ app_end ] --END-- [ RunTime:0.000000s ]

[ 2015-11-12T22:09:55+08:00 ] 127.0.0.1 /index.php/Home/Index/ajaxChkLogin
INFO: [ app_begin ] --START--
INFO: Run Behavior\ReadHtmlCacheBehavior [ RunTime:0.000000s ]
INFO: [ app_begin ] --END-- [ RunTime:0.000000s ]
SQL: SHOW COLUMNS FROM `sh_article_cat` [ RunTime:0.0156s ]
SQL: SELECT * FROM `sh_article_cat`  [ RunTime:0.0000s ]
SQL: SHOW COLUMNS FROM `sh_article` [ RunTime:0.0156s ]
SQL: SELECT * FROM `sh_article` WHERE ( cat_id=3 )  [ RunTime:0.0000s ]
SQL: SELECT * FROM `sh_article` WHERE ( cat_id=2 )  [ RunTime:0.0000s ]
SQL: SELECT * FROM `sh_article` WHERE ( cat_id=4 )  [ RunTime:0.0000s ]
SQL: SELECT * FROM `sh_article` WHERE ( cat_id=5 )  [ RunTime:0.0000s ]
SQL: SELECT * FROM `sh_article` WHERE ( cat_id=6 )  [ RunTime:0.0000s ]
SQL: SHOW COLUMNS FROM `sh_buttons` [ RunTime:0.0156s ]
SQL: SELECT * FROM `sh_buttons`  [ RunTime:0.0000s ]
SQL: SHOW COLUMNS FROM `sh_shop_config` [ RunTime:0.0000s ]
SQL: SELECT * FROM `sh_shop_config`  [ RunTime:0.0000s ]
SQL: SHOW COLUMNS FROM `sh_category` [ RunTime:0.0156s ]
SQL: SELECT * FROM `sh_category` WHERE ( parent_id=0 )  [ RunTime:0.0000s ]
SQL: SELECT * FROM `sh_category` WHERE ( parent_id=55 )  [ RunTime:0.0000s ]
SQL: SELECT * FROM `sh_category` WHERE ( parent_id=67 )  [ RunTime:0.0000s ]
SQL: SELECT * FROM `sh_category` WHERE ( parent_id=54 )  [ RunTime:0.0000s ]
SQL: SELECT * FROM `sh_category` WHERE ( parent_id=71 )  [ RunTime:0.0000s ]
SQL: SELECT * FROM `sh_category` WHERE ( parent_id=58 )  [ RunTime:0.0000s ]
SQL: SELECT * FROM `sh_category` WHERE ( parent_id=73 )  [ RunTime:0.0000s ]
SQL: SELECT * FROM `sh_category` WHERE ( parent_id=57 )  [ RunTime:0.0156s ]
SQL: SELECT * FROM `sh_category` WHERE ( parent_id=75 )  [ RunTime:0.0000s ]
SQL: SELECT * FROM `sh_category` WHERE ( parent_id=56 )  [ RunTime:0.0000s ]
SQL: SELECT * FROM `sh_category` WHERE ( parent_id=77 )  [ RunTime:0.0000s ]
SQL: SELECT * FROM `sh_category` WHERE ( parent_id=59 )  [ RunTime:0.0000s ]
SQL: SELECT * FROM `sh_category` WHERE ( parent_id=79 )  [ RunTime:0.0000s ]
SQL: SELECT * FROM `sh_category` WHERE ( parent_id=60 )  [ RunTime:0.0000s ]
SQL: SELECT * FROM `sh_category` WHERE ( parent_id=81 )  [ RunTime:0.0000s ]
SQL: SELECT * FROM `sh_category` WHERE ( parent_id=61 )  [ RunTime:0.0000s ]
SQL: SELECT * FROM `sh_category` WHERE ( parent_id=83 )  [ RunTime:0.0000s ]
SQL: SELECT * FROM `sh_category` WHERE ( parent_id=62 )  [ RunTime:0.0000s ]
SQL: SELECT * FROM `sh_category` WHERE ( parent_id=85 )  [ RunTime:0.0000s ]
SQL: SELECT * FROM `sh_category` WHERE ( parent_id=63 )  [ RunTime:0.0000s ]
SQL: SELECT * FROM `sh_category` WHERE ( parent_id=87 )  [ RunTime:0.0000s ]
SQL: SELECT * FROM `sh_category` WHERE ( parent_id=64 )  [ RunTime:0.0000s ]
SQL: SELECT * FROM `sh_category` WHERE ( parent_id=89 )  [ RunTime:0.0000s ]
SQL: SELECT * FROM `sh_category` WHERE ( parent_id=65 )  [ RunTime:0.0000s ]
SQL: SELECT * FROM `sh_category` WHERE ( parent_id=91 )  [ RunTime:0.0000s ]
SQL: SELECT * FROM `sh_category` WHERE ( parent_id=66 )  [ RunTime:0.0000s ]
SQL: SELECT * FROM `sh_category` WHERE ( parent_id=93 )  [ RunTime:0.0000s ]
INFO: [ app_end ] --START--
INFO: Run Behavior\ShowPageTraceBehavior [ RunTime:0.000000s ]
INFO: [ app_end ] --END-- [ RunTime:0.000000s ]

[ 2015-11-12T22:10:23+08:00 ] 127.0.0.1 /index.php/Home/Index/ajaxChkLogin
INFO: [ app_begin ] --START--
INFO: Run Behavior\ReadHtmlCacheBehavior [ RunTime:0.000000s ]
INFO: [ app_begin ] --END-- [ RunTime:0.000000s ]
SQL: SHOW COLUMNS FROM `sh_article_cat` [ RunTime:0.0156s ]
SQL: SELECT * FROM `sh_article_cat`  [ RunTime:0.0000s ]
SQL: SHOW COLUMNS FROM `sh_article` [ RunTime:0.0156s ]
SQL: SELECT * FROM `sh_article` WHERE ( cat_id=3 )  [ RunTime:0.0000s ]
SQL: SELECT * FROM `sh_article` WHERE ( cat_id=2 )  [ RunTime:0.0000s ]
SQL: SELECT * FROM `sh_article` WHERE ( cat_id=4 )  [ RunTime:0.0000s ]
SQL: SELECT * FROM `sh_article` WHERE ( cat_id=5 )  [ RunTime:0.0000s ]
SQL: SELECT * FROM `sh_article` WHERE ( cat_id=6 )  [ RunTime:0.0000s ]
SQL: SHOW COLUMNS FROM `sh_buttons` [ RunTime:0.0156s ]
SQL: SELECT * FROM `sh_buttons`  [ RunTime:0.0000s ]
SQL: SHOW COLUMNS FROM `sh_shop_config` [ RunTime:0.0000s ]
SQL: SELECT * FROM `sh_shop_config`  [ RunTime:0.0000s ]
SQL: SHOW COLUMNS FROM `sh_category` [ RunTime:0.0156s ]
SQL: SELECT * FROM `sh_category` WHERE ( parent_id=0 )  [ RunTime:0.0000s ]
SQL: SELECT * FROM `sh_category` WHERE ( parent_id=55 )  [ RunTime:0.0000s ]
SQL: SELECT * FROM `sh_category` WHERE ( parent_id=67 )  [ RunTime:0.0000s ]
SQL: SELECT * FROM `sh_category` WHERE ( parent_id=54 )  [ RunTime:0.0000s ]
SQL: SELECT * FROM `sh_category` WHERE ( parent_id=71 )  [ RunTime:0.0000s ]
SQL: SELECT * FROM `sh_category` WHERE ( parent_id=58 )  [ RunTime:0.0000s ]
SQL: SELECT * FROM `sh_category` WHERE ( parent_id=73 )  [ RunTime:0.0000s ]
SQL: SELECT * FROM `sh_category` WHERE ( parent_id=57 )  [ RunTime:0.0000s ]
SQL: SELECT * FROM `sh_category` WHERE ( parent_id=75 )  [ RunTime:0.0000s ]
SQL: SELECT * FROM `sh_category` WHERE ( parent_id=56 )  [ RunTime:0.0000s ]
SQL: SELECT * FROM `sh_category` WHERE ( parent_id=77 )  [ RunTime:0.0000s ]
SQL: SELECT * FROM `sh_category` WHERE ( parent_id=59 )  [ RunTime:0.0156s ]
SQL: SELECT * FROM `sh_category` WHERE ( parent_id=79 )  [ RunTime:0.0000s ]
SQL: SELECT * FROM `sh_category` WHERE ( parent_id=60 )  [ RunTime:0.0000s ]
SQL: SELECT * FROM `sh_category` WHERE ( parent_id=81 )  [ RunTime:0.0000s ]
SQL: SELECT * FROM `sh_category` WHERE ( parent_id=61 )  [ RunTime:0.0000s ]
SQL: SELECT * FROM `sh_category` WHERE ( parent_id=83 )  [ RunTime:0.0000s ]
SQL: SELECT * FROM `sh_category` WHERE ( parent_id=62 )  [ RunTime:0.0000s ]
SQL: SELECT * FROM `sh_category` WHERE ( parent_id=85 )  [ RunTime:0.0000s ]
SQL: SELECT * FROM `sh_category` WHERE ( parent_id=63 )  [ RunTime:0.0000s ]
SQL: SELECT * FROM `sh_category` WHERE ( parent_id=87 )  [ RunTime:0.0000s ]
SQL: SELECT * FROM `sh_category` WHERE ( parent_id=64 )  [ RunTime:0.0000s ]
SQL: SELECT * FROM `sh_category` WHERE ( parent_id=89 )  [ RunTime:0.0000s ]
SQL: SELECT * FROM `sh_category` WHERE ( parent_id=65 )  [ RunTime:0.0000s ]
SQL: SELECT * FROM `sh_category` WHERE ( parent_id=91 )  [ RunTime:0.0000s ]
SQL: SELECT * FROM `sh_category` WHERE ( parent_id=66 )  [ RunTime:0.0000s ]
SQL: SELECT * FROM `sh_category` WHERE ( parent_id=93 )  [ RunTime:0.0000s ]
INFO: [ app_end ] --START--
INFO: Run Behavior\ShowPageTraceBehavior [ RunTime:0.000000s ]
INFO: [ app_end ] --END-- [ RunTime:0.000000s ]

[ 2015-11-12T22:11:09+08:00 ] 127.0.0.1 /index.php/Home/Index/ajaxChkLogin
INFO: [ app_begin ] --START--
INFO: Run Behavior\ReadHtmlCacheBehavior [ RunTime:0.000000s ]
INFO: [ app_begin ] --END-- [ RunTime:0.000000s ]
SQL: SHOW COLUMNS FROM `sh_article_cat` [ RunTime:0.0000s ]
SQL: SELECT * FROM `sh_article_cat`  [ RunTime:0.0000s ]
SQL: SHOW COLUMNS FROM `sh_article` [ RunTime:0.0156s ]
SQL: SELECT * FROM `sh_article` WHERE ( cat_id=3 )  [ RunTime:0.0000s ]
SQL: SELECT * FROM `sh_article` WHERE ( cat_id=2 )  [ RunTime:0.0000s ]
SQL: SELECT * FROM `sh_article` WHERE ( cat_id=4 )  [ RunTime:0.0000s ]
SQL: SELECT * FROM `sh_article` WHERE ( cat_id=5 )  [ RunTime:0.0000s ]
SQL: SELECT * FROM `sh_article` WHERE ( cat_id=6 )  [ RunTime:0.0000s ]
SQL: SHOW COLUMNS FROM `sh_buttons` [ RunTime:0.0156s ]
SQL: SELECT * FROM `sh_buttons`  [ RunTime:0.0000s ]
SQL: SHOW COLUMNS FROM `sh_shop_config` [ RunTime:0.0000s ]
SQL: SELECT * FROM `sh_shop_config`  [ RunTime:0.0000s ]
SQL: SHOW COLUMNS FROM `sh_category` [ RunTime:0.0156s ]
SQL: SELECT * FROM `sh_category` WHERE ( parent_id=0 )  [ RunTime:0.0000s ]
SQL: SELECT * FROM `sh_category` WHERE ( parent_id=55 )  [ RunTime:0.0000s ]
SQL: SELECT * FROM `sh_category` WHERE ( parent_id=67 )  [ RunTime:0.0000s ]
SQL: SELECT * FROM `sh_category` WHERE ( parent_id=54 )  [ RunTime:0.0000s ]
SQL: SELECT * FROM `sh_category` WHERE ( parent_id=71 )  [ RunTime:0.0000s ]
SQL: SELECT * FROM `sh_category` WHERE ( parent_id=58 )  [ RunTime:0.0000s ]
SQL: SELECT * FROM `sh_category` WHERE ( parent_id=73 )  [ RunTime:0.0156s ]
SQL: SELECT * FROM `sh_category` WHERE ( parent_id=57 )  [ RunTime:0.0000s ]
SQL: SELECT * FROM `sh_category` WHERE ( parent_id=75 )  [ RunTime:0.0000s ]
SQL: SELECT * FROM `sh_category` WHERE ( parent_id=56 )  [ RunTime:0.0000s ]
SQL: SELECT * FROM `sh_category` WHERE ( parent_id=77 )  [ RunTime:0.0000s ]
SQL: SELECT * FROM `sh_category` WHERE ( parent_id=59 )  [ RunTime:0.0000s ]
SQL: SELECT * FROM `sh_category` WHERE ( parent_id=79 )  [ RunTime:0.0000s ]
SQL: SELECT * FROM `sh_category` WHERE ( parent_id=60 )  [ RunTime:0.0000s ]
SQL: SELECT * FROM `sh_category` WHERE ( parent_id=81 )  [ RunTime:0.0000s ]
SQL: SELECT * FROM `sh_category` WHERE ( parent_id=61 )  [ RunTime:0.0000s ]
SQL: SELECT * FROM `sh_category` WHERE ( parent_id=83 )  [ RunTime:0.0000s ]
SQL: SELECT * FROM `sh_category` WHERE ( parent_id=62 )  [ RunTime:0.0000s ]
SQL: SELECT * FROM `sh_category` WHERE ( parent_id=85 )  [ RunTime:0.0000s ]
SQL: SELECT * FROM `sh_category` WHERE ( parent_id=63 )  [ RunTime:0.0000s ]
SQL: SELECT * FROM `sh_category` WHERE ( parent_id=87 )  [ RunTime:0.0000s ]
SQL: SELECT * FROM `sh_category` WHERE ( parent_id=64 )  [ RunTime:0.0000s ]
SQL: SELECT * FROM `sh_category` WHERE ( parent_id=89 )  [ RunTime:0.0000s ]
SQL: SELECT * FROM `sh_category` WHERE ( parent_id=65 )  [ RunTime:0.0000s ]
SQL: SELECT * FROM `sh_category` WHERE ( parent_id=91 )  [ RunTime:0.0156s ]
SQL: SELECT * FROM `sh_category` WHERE ( parent_id=66 )  [ RunTime:0.0000s ]
SQL: SELECT * FROM `sh_category` WHERE ( parent_id=93 )  [ RunTime:0.0000s ]
INFO: [ app_end ] --START--
INFO: Run Behavior\ShowPageTraceBehavior [ RunTime:0.000000s ]
INFO: [ app_end ] --END-- [ RunTime:0.000000s ]

[ 2015-11-12T22:13:17+08:00 ] 127.0.0.1 /index.php/Home/Index/ajaxChkLogin
INFO: [ app_begin ] --START--
INFO: Run Behavior\ReadHtmlCacheBehavior [ RunTime:0.000000s ]
INFO: [ app_begin ] --END-- [ RunTime:0.000000s ]
SQL: SHOW COLUMNS FROM `sh_article_cat` [ RunTime:0.0000s ]
SQL: SELECT * FROM `sh_article_cat`  [ RunTime:0.0156s ]
SQL: SHOW COLUMNS FROM `sh_article` [ RunTime:0.0000s ]
SQL: SELECT * FROM `sh_article` WHERE ( cat_id=3 )  [ RunTime:0.0000s ]
SQL: SELECT * FROM `sh_article` WHERE ( cat_id=2 )  [ RunTime:0.0000s ]
SQL: SELECT * FROM `sh_article` WHERE ( cat_id=4 )  [ RunTime:0.0000s ]
SQL: SELECT * FROM `sh_article` WHERE ( cat_id=5 )  [ RunTime:0.0000s ]
SQL: SELECT * FROM `sh_article` WHERE ( cat_id=6 )  [ RunTime:0.0000s ]
SQL: SHOW COLUMNS FROM `sh_buttons` [ RunTime:0.0156s ]
SQL: SELECT * FROM `sh_buttons`  [ RunTime:0.0000s ]
SQL: SHOW COLUMNS FROM `sh_shop_config` [ RunTime:0.0000s ]
SQL: SELECT * FROM `sh_shop_config`  [ RunTime:0.0000s ]
SQL: SHOW COLUMNS FROM `sh_category` [ RunTime:0.0156s ]
SQL: SELECT * FROM `sh_category` WHERE ( parent_id=0 )  [ RunTime:0.0000s ]
SQL: SELECT * FROM `sh_category` WHERE ( parent_id=55 )  [ RunTime:0.0000s ]
SQL: SELECT * FROM `sh_category` WHERE ( parent_id=67 )  [ RunTime:0.0000s ]
SQL: SELECT * FROM `sh_category` WHERE ( parent_id=54 )  [ RunTime:0.0000s ]
SQL: SELECT * FROM `sh_category` WHERE ( parent_id=71 )  [ RunTime:0.0000s ]
SQL: SELECT * FROM `sh_category` WHERE ( parent_id=58 )  [ RunTime:0.0000s ]
SQL: SELECT * FROM `sh_category` WHERE ( parent_id=73 )  [ RunTime:0.0000s ]
SQL: SELECT * FROM `sh_category` WHERE ( parent_id=57 )  [ RunTime:0.0000s ]
SQL: SELECT * FROM `sh_category` WHERE ( parent_id=75 )  [ RunTime:0.0000s ]
SQL: SELECT * FROM `sh_category` WHERE ( parent_id=56 )  [ RunTime:0.0000s ]
SQL: SELECT * FROM `sh_category` WHERE ( parent_id=77 )  [ RunTime:0.0156s ]
SQL: SELECT * FROM `sh_category` WHERE ( parent_id=59 )  [ RunTime:0.0000s ]
SQL: SELECT * FROM `sh_category` WHERE ( parent_id=79 )  [ RunTime:0.0000s ]
SQL: SELECT * FROM `sh_category` WHERE ( parent_id=60 )  [ RunTime:0.0000s ]
SQL: SELECT * FROM `sh_category` WHERE ( parent_id=81 )  [ RunTime:0.0000s ]
SQL: SELECT * FROM `sh_category` WHERE ( parent_id=61 )  [ RunTime:0.0000s ]
SQL: SELECT * FROM `sh_category` WHERE ( parent_id=83 )  [ RunTime:0.0000s ]
SQL: SELECT * FROM `sh_category` WHERE ( parent_id=62 )  [ RunTime:0.0000s ]
SQL: SELECT * FROM `sh_category` WHERE ( parent_id=85 )  [ RunTime:0.0000s ]
SQL: SELECT * FROM `sh_category` WHERE ( parent_id=63 )  [ RunTime:0.0000s ]
SQL: SELECT * FROM `sh_category` WHERE ( parent_id=87 )  [ RunTime:0.0000s ]
SQL: SELECT * FROM `sh_category` WHERE ( parent_id=64 )  [ RunTime:0.0000s ]
SQL: SELECT * FROM `sh_category` WHERE ( parent_id=89 )  [ RunTime:0.0000s ]
SQL: SELECT * FROM `sh_category` WHERE ( parent_id=65 )  [ RunTime:0.0000s ]
SQL: SELECT * FROM `sh_category` WHERE ( parent_id=91 )  [ RunTime:0.0000s ]
SQL: SELECT * FROM `sh_category` WHERE ( parent_id=66 )  [ RunTime:0.0000s ]
SQL: SELECT * FROM `sh_category` WHERE ( parent_id=93 )  [ RunTime:0.0000s ]
INFO: [ app_end ] --START--
INFO: Run Behavior\ShowPageTraceBehavior [ RunTime:0.000000s ]
INFO: [ app_end ] --END-- [ RunTime:0.000000s ]

[ 2015-11-12T22:15:26+08:00 ] 127.0.0.1 /index.php/Home/Index/ajaxChkLogin
INFO: [ app_begin ] --START--
INFO: Run Behavior\ReadHtmlCacheBehavior [ RunTime:0.000000s ]
INFO: [ app_begin ] --END-- [ RunTime:0.000000s ]
SQL: SHOW COLUMNS FROM `sh_article_cat` [ RunTime:0.0156s ]
SQL: SELECT * FROM `sh_article_cat`  [ RunTime:0.0000s ]
SQL: SHOW COLUMNS FROM `sh_article` [ RunTime:0.0000s ]
SQL: SELECT * FROM `sh_article` WHERE ( cat_id=3 )  [ RunTime:0.0000s ]
SQL: SELECT * FROM `sh_article` WHERE ( cat_id=2 )  [ RunTime:0.0000s ]
SQL: SELECT * FROM `sh_article` WHERE ( cat_id=4 )  [ RunTime:0.0000s ]
SQL: SELECT * FROM `sh_article` WHERE ( cat_id=5 )  [ RunTime:0.0000s ]
SQL: SELECT * FROM `sh_article` WHERE ( cat_id=6 )  [ RunTime:0.0000s ]
SQL: SHOW COLUMNS FROM `sh_buttons` [ RunTime:0.0000s ]
SQL: SELECT * FROM `sh_buttons`  [ RunTime:0.0000s ]
SQL: SHOW COLUMNS FROM `sh_shop_config` [ RunTime:0.0156s ]
SQL: SELECT * FROM `sh_shop_config`  [ RunTime:0.0000s ]
SQL: SHOW COLUMNS FROM `sh_category` [ RunTime:0.0156s ]
SQL: SELECT * FROM `sh_category` WHERE ( parent_id=0 )  [ RunTime:0.0000s ]
SQL: SELECT * FROM `sh_category` WHERE ( parent_id=55 )  [ RunTime:0.0000s ]
SQL: SELECT * FROM `sh_category` WHERE ( parent_id=67 )  [ RunTime:0.0000s ]
SQL: SELECT * FROM `sh_category` WHERE ( parent_id=54 )  [ RunTime:0.0000s ]
SQL: SELECT * FROM `sh_category` WHERE ( parent_id=71 )  [ RunTime:0.0000s ]
SQL: SELECT * FROM `sh_category` WHERE ( parent_id=58 )  [ RunTime:0.0000s ]
SQL: SELECT * FROM `sh_category` WHERE ( parent_id=73 )  [ RunTime:0.0000s ]
SQL: SELECT * FROM `sh_category` WHERE ( parent_id=57 )  [ RunTime:0.0000s ]
SQL: SELECT * FROM `sh_category` WHERE ( parent_id=75 )  [ RunTime:0.0000s ]
SQL: SELECT * FROM `sh_category` WHERE ( parent_id=56 )  [ RunTime:0.0000s ]
SQL: SELECT * FROM `sh_category` WHERE ( parent_id=77 )  [ RunTime:0.0156s ]
SQL: SELECT * FROM `sh_category` WHERE ( parent_id=59 )  [ RunTime:0.0000s ]
SQL: SELECT * FROM `sh_category` WHERE ( parent_id=79 )  [ RunTime:0.0000s ]
SQL: SELECT * FROM `sh_category` WHERE ( parent_id=60 )  [ RunTime:0.0000s ]
SQL: SELECT * FROM `sh_category` WHERE ( parent_id=81 )  [ RunTime:0.0000s ]
SQL: SELECT * FROM `sh_category` WHERE ( parent_id=61 )  [ RunTime:0.0000s ]
SQL: SELECT * FROM `sh_category` WHERE ( parent_id=83 )  [ RunTime:0.0000s ]
SQL: SELECT * FROM `sh_category` WHERE ( parent_id=62 )  [ RunTime:0.0000s ]
SQL: SELECT * FROM `sh_category` WHERE ( parent_id=85 )  [ RunTime:0.0000s ]
SQL: SELECT * FROM `sh_category` WHERE ( parent_id=63 )  [ RunTime:0.0000s ]
SQL: SELECT * FROM `sh_category` WHERE ( parent_id=87 )  [ RunTime:0.0000s ]
SQL: SELECT * FROM `sh_category` WHERE ( parent_id=64 )  [ RunTime:0.0000s ]
SQL: SELECT * FROM `sh_category` WHERE ( parent_id=89 )  [ RunTime:0.0000s ]
SQL: SELECT * FROM `sh_category` WHERE ( parent_id=65 )  [ RunTime:0.0000s ]
SQL: SELECT * FROM `sh_category` WHERE ( parent_id=91 )  [ RunTime:0.0000s ]
SQL: SELECT * FROM `sh_category` WHERE ( parent_id=66 )  [ RunTime:0.0000s ]
SQL: SELECT * FROM `sh_category` WHERE ( parent_id=93 )  [ RunTime:0.0000s ]
INFO: [ app_end ] --START--
INFO: Run Behavior\ShowPageTraceBehavior [ RunTime:0.015625s ]
INFO: [ app_end ] --END-- [ RunTime:0.015625s ]

