[ 2015-10-02T20:48:08+08:00 ] 127.0.0.1 /index.php/Home/Index/ajaxChkLogin
INFO: [ app_begin ] --START--
INFO: Run Behavior\ReadHtmlCacheBehavior [ RunTime:0.000000s ]
INFO: [ app_begin ] --END-- [ RunTime:0.000000s ]
SQL: SHOW COLUMNS FROM `sh_article_cat` [ RunTime:0.0156s ]
SQL: SELECT * FROM `sh_article_cat`  [ RunTime:0.0000s ]
SQL: SHOW COLUMNS FROM `sh_article` [ RunTime:0.0156s ]
SQL: SELECT * FROM `sh_article` WHERE ( cat_id=3 )  [ RunTime:0.0000s ]
SQL: SELECT * FROM `sh_article` WHERE ( cat_id=2 )  [ RunTime:0.0000s ]
SQL: SELECT * FROM `sh_article` WHERE ( cat_id=4 )  [ RunTime:0.0000s ]
SQL: SELECT * FROM `sh_article` WHERE ( cat_id=5 )  [ RunTime:0.0000s ]
SQL: SELECT * FROM `sh_article` WHERE ( cat_id=6 )  [ RunTime:0.0000s ]
SQL: SHOW COLUMNS FROM `sh_buttons` [ RunTime:0.0156s ]
SQL: SELECT * FROM `sh_buttons`  [ RunTime:0.0000s ]
SQL: SHOW COLUMNS FROM `sh_shop_config` [ RunTime:0.0156s ]
SQL: SELECT * FROM `sh_shop_config`  [ RunTime:0.0000s ]
SQL: SHOW COLUMNS FROM `sh_category` [ RunTime:0.0313s ]
SQL: SELECT * FROM `sh_category` WHERE ( parent_id=0 )  [ RunTime:0.0000s ]
SQL: SELECT * FROM `sh_category` WHERE ( parent_id=55 )  [ RunTime:0.0000s ]
SQL: SELECT * FROM `sh_category` WHERE ( parent_id=67 )  [ RunTime:0.0000s ]
SQL: SELECT * FROM `sh_category` WHERE ( parent_id=54 )  [ RunTime:0.0156s ]
SQL: SELECT * FROM `sh_category` WHERE ( parent_id=71 )  [ RunTime:0.0000s ]
SQL: SELECT * FROM `sh_category` WHERE ( parent_id=58 )  [ RunTime:0.0000s ]
SQL: SELECT * FROM `sh_category` WHERE ( parent_id=73 )  [ RunTime:0.0000s ]
SQL: SELECT * FROM `sh_category` WHERE ( parent_id=57 )  [ RunTime:0.0000s ]
SQL: SELECT * FROM `sh_category` WHERE ( parent_id=75 )  [ RunTime:0.0000s ]
SQL: SELECT * FROM `sh_category` WHERE ( parent_id=56 )  [ RunTime:0.0000s ]
SQL: SELECT * FROM `sh_category` WHERE ( parent_id=77 )  [ RunTime:0.0000s ]
SQL: SELECT * FROM `sh_category` WHERE ( parent_id=59 )  [ RunTime:0.0000s ]
SQL: SELECT * FROM `sh_category` WHERE ( parent_id=79 )  [ RunTime:0.0000s ]
SQL: SELECT * FROM `sh_category` WHERE ( parent_id=60 )  [ RunTime:0.0000s ]
SQL: SELECT * FROM `sh_category` WHERE ( parent_id=81 )  [ RunTime:0.0000s ]
SQL: SELECT * FROM `sh_category` WHERE ( parent_id=61 )  [ RunTime:0.0000s ]
SQL: SELECT * FROM `sh_category` WHERE ( parent_id=83 )  [ RunTime:0.0000s ]
SQL: SELECT * FROM `sh_category` WHERE ( parent_id=62 )  [ RunTime:0.0000s ]
SQL: SELECT * FROM `sh_category` WHERE ( parent_id=85 )  [ RunTime:0.0156s ]
SQL: SELECT * FROM `sh_category` WHERE ( parent_id=63 )  [ RunTime:0.0000s ]
SQL: SELECT * FROM `sh_category` WHERE ( parent_id=87 )  [ RunTime:0.0000s ]
SQL: SELECT * FROM `sh_category` WHERE ( parent_id=64 )  [ RunTime:0.0000s ]
SQL: SELECT * FROM `sh_category` WHERE ( parent_id=89 )  [ RunTime:0.0000s ]
SQL: SELECT * FROM `sh_category` WHERE ( parent_id=65 )  [ RunTime:0.0000s ]
SQL: SELECT * FROM `sh_category` WHERE ( parent_id=91 )  [ RunTime:0.0000s ]
SQL: SELECT * FROM `sh_category` WHERE ( parent_id=66 )  [ RunTime:0.0000s ]
SQL: SELECT * FROM `sh_category` WHERE ( parent_id=93 )  [ RunTime:0.0000s ]
INFO: [ app_end ] --START--
INFO: Run Behavior\ShowPageTraceBehavior [ RunTime:0.000000s ]
INFO: [ app_end ] --END-- [ RunTime:0.000000s ]

[ 2015-10-02T20:48:13+08:00 ] 127.0.0.1 /index.php/Home/Index/ajaxChkLogin
INFO: [ app_begin ] --START--
INFO: Run Behavior\ReadHtmlCacheBehavior [ RunTime:0.000000s ]
INFO: [ app_begin ] --END-- [ RunTime:0.000000s ]
SQL: SHOW COLUMNS FROM `sh_article_cat` [ RunTime:0.0156s ]
SQL: SELECT * FROM `sh_article_cat`  [ RunTime:0.0000s ]
SQL: SHOW COLUMNS FROM `sh_article` [ RunTime:0.0156s ]
SQL: SELECT * FROM `sh_article` WHERE ( cat_id=3 )  [ RunTime:0.0000s ]
SQL: SELECT * FROM `sh_article` WHERE ( cat_id=2 )  [ RunTime:0.0000s ]
SQL: SELECT * FROM `sh_article` WHERE ( cat_id=4 )  [ RunTime:0.0000s ]
SQL: SELECT * FROM `sh_article` WHERE ( cat_id=5 )  [ RunTime:0.0000s ]
SQL: SELECT * FROM `sh_article` WHERE ( cat_id=6 )  [ RunTime:0.0000s ]
SQL: SHOW COLUMNS FROM `sh_buttons` [ RunTime:0.0156s ]
SQL: SELECT * FROM `sh_buttons`  [ RunTime:0.0000s ]
SQL: SHOW COLUMNS FROM `sh_shop_config` [ RunTime:0.0156s ]
SQL: SELECT * FROM `sh_shop_config`  [ RunTime:0.0000s ]
SQL: SHOW COLUMNS FROM `sh_category` [ RunTime:0.0156s ]
SQL: SELECT * FROM `sh_category` WHERE ( parent_id=0 )  [ RunTime:0.0000s ]
SQL: SELECT * FROM `sh_category` WHERE ( parent_id=55 )  [ RunTime:0.0000s ]
SQL: SELECT * FROM `sh_category` WHERE ( parent_id=67 )  [ RunTime:0.0000s ]
SQL: SELECT * FROM `sh_category` WHERE ( parent_id=54 )  [ RunTime:0.0000s ]
SQL: SELECT * FROM `sh_category` WHERE ( parent_id=71 )  [ RunTime:0.0000s ]
SQL: SELECT * FROM `sh_category` WHERE ( parent_id=58 )  [ RunTime:0.0000s ]
SQL: SELECT * FROM `sh_category` WHERE ( parent_id=73 )  [ RunTime:0.0000s ]
SQL: SELECT * FROM `sh_category` WHERE ( parent_id=57 )  [ RunTime:0.0000s ]
SQL: SELECT * FROM `sh_category` WHERE ( parent_id=75 )  [ RunTime:0.0000s ]
SQL: SELECT * FROM `sh_category` WHERE ( parent_id=56 )  [ RunTime:0.0000s ]
SQL: SELECT * FROM `sh_category` WHERE ( parent_id=77 )  [ RunTime:0.0000s ]
SQL: SELECT * FROM `sh_category` WHERE ( parent_id=59 )  [ RunTime:0.0000s ]
SQL: SELECT * FROM `sh_category` WHERE ( parent_id=79 )  [ RunTime:0.0000s ]
SQL: SELECT * FROM `sh_category` WHERE ( parent_id=60 )  [ RunTime:0.0000s ]
SQL: SELECT * FROM `sh_category` WHERE ( parent_id=81 )  [ RunTime:0.0000s ]
SQL: SELECT * FROM `sh_category` WHERE ( parent_id=61 )  [ RunTime:0.0000s ]
SQL: SELECT * FROM `sh_category` WHERE ( parent_id=83 )  [ RunTime:0.0000s ]
SQL: SELECT * FROM `sh_category` WHERE ( parent_id=62 )  [ RunTime:0.0000s ]
SQL: SELECT * FROM `sh_category` WHERE ( parent_id=85 )  [ RunTime:0.0000s ]
SQL: SELECT * FROM `sh_category` WHERE ( parent_id=63 )  [ RunTime:0.0000s ]
SQL: SELECT * FROM `sh_category` WHERE ( parent_id=87 )  [ RunTime:0.0000s ]
SQL: SELECT * FROM `sh_category` WHERE ( parent_id=64 )  [ RunTime:0.0000s ]
SQL: SELECT * FROM `sh_category` WHERE ( parent_id=89 )  [ RunTime:0.0000s ]
SQL: SELECT * FROM `sh_category` WHERE ( parent_id=65 )  [ RunTime:0.0000s ]
SQL: SELECT * FROM `sh_category` WHERE ( parent_id=91 )  [ RunTime:0.0000s ]
SQL: SELECT * FROM `sh_category` WHERE ( parent_id=66 )  [ RunTime:0.0000s ]
SQL: SELECT * FROM `sh_category` WHERE ( parent_id=93 )  [ RunTime:0.0000s ]
INFO: [ app_end ] --START--
INFO: Run Behavior\ShowPageTraceBehavior [ RunTime:0.000000s ]
INFO: [ app_end ] --END-- [ RunTime:0.000000s ]

[ 2015-10-02T20:48:13+08:00 ] 127.0.0.1 /Home/Index/ajaxGetRemarkConfig/
INFO: [ app_begin ] --START--
INFO: Run Behavior\ReadHtmlCacheBehavior [ RunTime:0.000000s ]
INFO: [ app_begin ] --END-- [ RunTime:0.000000s ]
SQL: SHOW COLUMNS FROM `sh_article_cat` [ RunTime:0.0000s ]
SQL: SELECT * FROM `sh_article_cat`  [ RunTime:0.0000s ]
SQL: SHOW COLUMNS FROM `sh_article` [ RunTime:0.0156s ]
SQL: SELECT * FROM `sh_article` WHERE ( cat_id=3 )  [ RunTime:0.0000s ]
SQL: SELECT * FROM `sh_article` WHERE ( cat_id=2 )  [ RunTime:0.0000s ]
SQL: SELECT * FROM `sh_article` WHERE ( cat_id=4 )  [ RunTime:0.0000s ]
SQL: SELECT * FROM `sh_article` WHERE ( cat_id=5 )  [ RunTime:0.0000s ]
SQL: SELECT * FROM `sh_article` WHERE ( cat_id=6 )  [ RunTime:0.0000s ]
SQL: SHOW COLUMNS FROM `sh_buttons` [ RunTime:0.0156s ]
SQL: SELECT * FROM `sh_buttons`  [ RunTime:0.0000s ]
SQL: SHOW COLUMNS FROM `sh_shop_config` [ RunTime:0.0156s ]
SQL: SELECT * FROM `sh_shop_config`  [ RunTime:0.0000s ]
SQL: SHOW COLUMNS FROM `sh_category` [ RunTime:0.0000s ]
SQL: SELECT * FROM `sh_category` WHERE ( parent_id=0 )  [ RunTime:0.0156s ]
SQL: SELECT * FROM `sh_category` WHERE ( parent_id=55 )  [ RunTime:0.0000s ]
SQL: SELECT * FROM `sh_category` WHERE ( parent_id=67 )  [ RunTime:0.0000s ]
SQL: SELECT * FROM `sh_category` WHERE ( parent_id=54 )  [ RunTime:0.0000s ]
SQL: SELECT * FROM `sh_category` WHERE ( parent_id=71 )  [ RunTime:0.0000s ]
SQL: SELECT * FROM `sh_category` WHERE ( parent_id=58 )  [ RunTime:0.0000s ]
SQL: SELECT * FROM `sh_category` WHERE ( parent_id=73 )  [ RunTime:0.0000s ]
SQL: SELECT * FROM `sh_category` WHERE ( parent_id=57 )  [ RunTime:0.0000s ]
SQL: SELECT * FROM `sh_category` WHERE ( parent_id=75 )  [ RunTime:0.0000s ]
SQL: SELECT * FROM `sh_category` WHERE ( parent_id=56 )  [ RunTime:0.0000s ]
SQL: SELECT * FROM `sh_category` WHERE ( parent_id=77 )  [ RunTime:0.0000s ]
SQL: SELECT * FROM `sh_category` WHERE ( parent_id=59 )  [ RunTime:0.0000s ]
SQL: SELECT * FROM `sh_category` WHERE ( parent_id=79 )  [ RunTime:0.0000s ]
SQL: SELECT * FROM `sh_category` WHERE ( parent_id=60 )  [ RunTime:0.0000s ]
SQL: SELECT * FROM `sh_category` WHERE ( parent_id=81 )  [ RunTime:0.0000s ]
SQL: SELECT * FROM `sh_category` WHERE ( parent_id=61 )  [ RunTime:0.0000s ]
SQL: SELECT * FROM `sh_category` WHERE ( parent_id=83 )  [ RunTime:0.0000s ]
SQL: SELECT * FROM `sh_category` WHERE ( parent_id=62 )  [ RunTime:0.0000s ]
SQL: SELECT * FROM `sh_category` WHERE ( parent_id=85 )  [ RunTime:0.0000s ]
SQL: SELECT * FROM `sh_category` WHERE ( parent_id=63 )  [ RunTime:0.0000s ]
SQL: SELECT * FROM `sh_category` WHERE ( parent_id=87 )  [ RunTime:0.0000s ]
SQL: SELECT * FROM `sh_category` WHERE ( parent_id=64 )  [ RunTime:0.0000s ]
SQL: SELECT * FROM `sh_category` WHERE ( parent_id=89 )  [ RunTime:0.0000s ]
SQL: SELECT * FROM `sh_category` WHERE ( parent_id=65 )  [ RunTime:0.0000s ]
SQL: SELECT * FROM `sh_category` WHERE ( parent_id=91 )  [ RunTime:0.0000s ]
SQL: SELECT * FROM `sh_category` WHERE ( parent_id=66 )  [ RunTime:0.0000s ]
SQL: SELECT * FROM `sh_category` WHERE ( parent_id=93 )  [ RunTime:0.0000s ]
INFO: [ app_end ] --START--
INFO: Run Behavior\ShowPageTraceBehavior [ RunTime:0.015625s ]
INFO: [ app_end ] --END-- [ RunTime:0.015625s ]

[ 2015-10-02T20:48:13+08:00 ] 127.0.0.1 /Home/Index/ajaxGetMemberPrice/goods_id/77
INFO: [ app_begin ] --START--
INFO: Run Behavior\ReadHtmlCacheBehavior [ RunTime:0.000000s ]
INFO: [ app_begin ] --END-- [ RunTime:0.000000s ]
SQL: SHOW COLUMNS FROM `sh_article_cat` [ RunTime:0.0156s ]
SQL: SELECT * FROM `sh_article_cat`  [ RunTime:0.0000s ]
SQL: SHOW COLUMNS FROM `sh_article` [ RunTime:0.0000s ]
SQL: SELECT * FROM `sh_article` WHERE ( cat_id=3 )  [ RunTime:0.0000s ]
SQL: SELECT * FROM `sh_article` WHERE ( cat_id=2 )  [ RunTime:0.0000s ]
SQL: SELECT * FROM `sh_article` WHERE ( cat_id=4 )  [ RunTime:0.0156s ]
SQL: SELECT * FROM `sh_article` WHERE ( cat_id=5 )  [ RunTime:0.0000s ]
SQL: SELECT * FROM `sh_article` WHERE ( cat_id=6 )  [ RunTime:0.0000s ]
SQL: SHOW COLUMNS FROM `sh_buttons` [ RunTime:0.0000s ]
SQL: SELECT * FROM `sh_buttons`  [ RunTime:0.0000s ]
SQL: SHOW COLUMNS FROM `sh_shop_config` [ RunTime:0.0156s ]
SQL: SELECT * FROM `sh_shop_config`  [ RunTime:0.0000s ]
SQL: SHOW COLUMNS FROM `sh_category` [ RunTime:0.0156s ]
SQL: SELECT * FROM `sh_category` WHERE ( parent_id=0 )  [ RunTime:0.0000s ]
SQL: SELECT * FROM `sh_category` WHERE ( parent_id=55 )  [ RunTime:0.0000s ]
SQL: SELECT * FROM `sh_category` WHERE ( parent_id=67 )  [ RunTime:0.0000s ]
SQL: SELECT * FROM `sh_category` WHERE ( parent_id=54 )  [ RunTime:0.0000s ]
SQL: SELECT * FROM `sh_category` WHERE ( parent_id=71 )  [ RunTime:0.0000s ]
SQL: SELECT * FROM `sh_category` WHERE ( parent_id=58 )  [ RunTime:0.0000s ]
SQL: SELECT * FROM `sh_category` WHERE ( parent_id=73 )  [ RunTime:0.0000s ]
SQL: SELECT * FROM `sh_category` WHERE ( parent_id=57 )  [ RunTime:0.0000s ]
SQL: SELECT * FROM `sh_category` WHERE ( parent_id=75 )  [ RunTime:0.0000s ]
SQL: SELECT * FROM `sh_category` WHERE ( parent_id=56 )  [ RunTime:0.0000s ]
SQL: SELECT * FROM `sh_category` WHERE ( parent_id=77 )  [ RunTime:0.0000s ]
SQL: SELECT * FROM `sh_category` WHERE ( parent_id=59 )  [ RunTime:0.0000s ]
SQL: SELECT * FROM `sh_category` WHERE ( parent_id=79 )  [ RunTime:0.0000s ]
SQL: SELECT * FROM `sh_category` WHERE ( parent_id=60 )  [ RunTime:0.0000s ]
SQL: SELECT * FROM `sh_category` WHERE ( parent_id=81 )  [ RunTime:0.0000s ]
SQL: SELECT * FROM `sh_category` WHERE ( parent_id=61 )  [ RunTime:0.0000s ]
SQL: SELECT * FROM `sh_category` WHERE ( parent_id=83 )  [ RunTime:0.0156s ]
SQL: SELECT * FROM `sh_category` WHERE ( parent_id=62 )  [ RunTime:0.0000s ]
SQL: SELECT * FROM `sh_category` WHERE ( parent_id=85 )  [ RunTime:0.0000s ]
SQL: SELECT * FROM `sh_category` WHERE ( parent_id=63 )  [ RunTime:0.0000s ]
SQL: SELECT * FROM `sh_category` WHERE ( parent_id=87 )  [ RunTime:0.0000s ]
SQL: SELECT * FROM `sh_category` WHERE ( parent_id=64 )  [ RunTime:0.0000s ]
SQL: SELECT * FROM `sh_category` WHERE ( parent_id=89 )  [ RunTime:0.0000s ]
SQL: SELECT * FROM `sh_category` WHERE ( parent_id=65 )  [ RunTime:0.0000s ]
SQL: SELECT * FROM `sh_category` WHERE ( parent_id=91 )  [ RunTime:0.0000s ]
SQL: SELECT * FROM `sh_category` WHERE ( parent_id=66 )  [ RunTime:0.0000s ]
SQL: SELECT * FROM `sh_category` WHERE ( parent_id=93 )  [ RunTime:0.0000s ]
SQL: SHOW COLUMNS FROM `sh_goods` [ RunTime:0.0156s ]
SQL: SELECT `shop_price` FROM `sh_goods` WHERE ( id=77 ) LIMIT 1   [ RunTime:0.0000s ]
INFO: [ app_end ] --START--
INFO: Run Behavior\ShowPageTraceBehavior [ RunTime:0.000000s ]
INFO: [ app_end ] --END-- [ RunTime:0.000000s ]

[ 2015-10-02T20:48:14+08:00 ] 127.0.0.1 /Home/Index/ajaxGetRemark/pages/1/goods_id/77
INFO: [ app_begin ] --START--
INFO: Run Behavior\ReadHtmlCacheBehavior [ RunTime:0.000000s ]
INFO: [ app_begin ] --END-- [ RunTime:0.000000s ]
SQL: SHOW COLUMNS FROM `sh_article_cat` [ RunTime:0.0156s ]
SQL: SELECT * FROM `sh_article_cat`  [ RunTime:0.0000s ]
SQL: SHOW COLUMNS FROM `sh_article` [ RunTime:0.0156s ]
SQL: SELECT * FROM `sh_article` WHERE ( cat_id=3 )  [ RunTime:0.0000s ]
SQL: SELECT * FROM `sh_article` WHERE ( cat_id=2 )  [ RunTime:0.0000s ]
SQL: SELECT * FROM `sh_article` WHERE ( cat_id=4 )  [ RunTime:0.0000s ]
SQL: SELECT * FROM `sh_article` WHERE ( cat_id=5 )  [ RunTime:0.0000s ]
SQL: SELECT * FROM `sh_article` WHERE ( cat_id=6 )  [ RunTime:0.0000s ]
SQL: SHOW COLUMNS FROM `sh_buttons` [ RunTime:0.0000s ]
SQL: SELECT * FROM `sh_buttons`  [ RunTime:0.0000s ]
SQL: SHOW COLUMNS FROM `sh_shop_config` [ RunTime:0.0000s ]
SQL: SELECT * FROM `sh_shop_config`  [ RunTime:0.0000s ]
SQL: SHOW COLUMNS FROM `sh_category` [ RunTime:0.0156s ]
SQL: SELECT * FROM `sh_category` WHERE ( parent_id=0 )  [ RunTime:0.0000s ]
SQL: SELECT * FROM `sh_category` WHERE ( parent_id=55 )  [ RunTime:0.0000s ]
SQL: SELECT * FROM `sh_category` WHERE ( parent_id=67 )  [ RunTime:0.0000s ]
SQL: SELECT * FROM `sh_category` WHERE ( parent_id=54 )  [ RunTime:0.0000s ]
SQL: SELECT * FROM `sh_category` WHERE ( parent_id=71 )  [ RunTime:0.0000s ]
SQL: SELECT * FROM `sh_category` WHERE ( parent_id=58 )  [ RunTime:0.0000s ]
SQL: SELECT * FROM `sh_category` WHERE ( parent_id=73 )  [ RunTime:0.0000s ]
SQL: SELECT * FROM `sh_category` WHERE ( parent_id=57 )  [ RunTime:0.0000s ]
SQL: SELECT * FROM `sh_category` WHERE ( parent_id=75 )  [ RunTime:0.0000s ]
SQL: SELECT * FROM `sh_category` WHERE ( parent_id=56 )  [ RunTime:0.0156s ]
SQL: SELECT * FROM `sh_category` WHERE ( parent_id=77 )  [ RunTime:0.0000s ]
SQL: SELECT * FROM `sh_category` WHERE ( parent_id=59 )  [ RunTime:0.0000s ]
SQL: SELECT * FROM `sh_category` WHERE ( parent_id=79 )  [ RunTime:0.0000s ]
SQL: SELECT * FROM `sh_category` WHERE ( parent_id=60 )  [ RunTime:0.0000s ]
SQL: SELECT * FROM `sh_category` WHERE ( parent_id=81 )  [ RunTime:0.0000s ]
SQL: SELECT * FROM `sh_category` WHERE ( parent_id=61 )  [ RunTime:0.0000s ]
SQL: SELECT * FROM `sh_category` WHERE ( parent_id=83 )  [ RunTime:0.0000s ]
SQL: SELECT * FROM `sh_category` WHERE ( parent_id=62 )  [ RunTime:0.0000s ]
SQL: SELECT * FROM `sh_category` WHERE ( parent_id=85 )  [ RunTime:0.0000s ]
SQL: SELECT * FROM `sh_category` WHERE ( parent_id=63 )  [ RunTime:0.0000s ]
SQL: SELECT * FROM `sh_category` WHERE ( parent_id=87 )  [ RunTime:0.0000s ]
SQL: SELECT * FROM `sh_category` WHERE ( parent_id=64 )  [ RunTime:0.0000s ]
SQL: SELECT * FROM `sh_category` WHERE ( parent_id=89 )  [ RunTime:0.0000s ]
SQL: SELECT * FROM `sh_category` WHERE ( parent_id=65 )  [ RunTime:0.0000s ]
SQL: SELECT * FROM `sh_category` WHERE ( parent_id=91 )  [ RunTime:0.0000s ]
SQL: SELECT * FROM `sh_category` WHERE ( parent_id=66 )  [ RunTime:0.0000s ]
SQL: SELECT * FROM `sh_category` WHERE ( parent_id=93 )  [ RunTime:0.0000s ]
SQL: SHOW COLUMNS FROM `sh_remark` [ RunTime:0.0469s ]
SQL: select a.*,ifnull(b.username,'游客') username,ifnull(b.face,'http://www.xm.com/Public/Images/1.jpg') face from sh_remark a left join sh_member b on a.member_id=b.id where a.goods_id=77 order by a.id desc limit 0,2  [ RunTime:0.0625s ]
SQL: select * from sh_yinxiang where goods_id=77 [ RunTime:0.0156s ]
SQL: SELECT `star` FROM `sh_remark` WHERE ( goods_id=77 )  [ RunTime:0.0000s ]
INFO: [ app_end ] --START--
INFO: Run Behavior\ShowPageTraceBehavior [ RunTime:0.000000s ]
INFO: [ app_end ] --END-- [ RunTime:0.000000s ]

[ 2015-10-02T20:48:15+08:00 ] 127.0.0.1 /index.php/Home/Index/ajaxChkLogin
INFO: [ app_begin ] --START--
INFO: Run Behavior\ReadHtmlCacheBehavior [ RunTime:0.000000s ]
INFO: [ app_begin ] --END-- [ RunTime:0.000000s ]
SQL: SHOW COLUMNS FROM `sh_article_cat` [ RunTime:0.0156s ]
SQL: SELECT * FROM `sh_article_cat`  [ RunTime:0.0000s ]
SQL: SHOW COLUMNS FROM `sh_article` [ RunTime:0.0000s ]
SQL: SELECT * FROM `sh_article` WHERE ( cat_id=3 )  [ RunTime:0.0000s ]
SQL: SELECT * FROM `sh_article` WHERE ( cat_id=2 )  [ RunTime:0.0000s ]
SQL: SELECT * FROM `sh_article` WHERE ( cat_id=4 )  [ RunTime:0.0156s ]
SQL: SELECT * FROM `sh_article` WHERE ( cat_id=5 )  [ RunTime:0.0000s ]
SQL: SELECT * FROM `sh_article` WHERE ( cat_id=6 )  [ RunTime:0.0000s ]
SQL: SHOW COLUMNS FROM `sh_buttons` [ RunTime:0.0000s ]
SQL: SELECT * FROM `sh_buttons`  [ RunTime:0.0000s ]
SQL: SHOW COLUMNS FROM `sh_shop_config` [ RunTime:0.0156s ]
SQL: SELECT * FROM `sh_shop_config`  [ RunTime:0.0000s ]
SQL: SHOW COLUMNS FROM `sh_category` [ RunTime:0.0000s ]
SQL: SELECT * FROM `sh_category` WHERE ( parent_id=0 )  [ RunTime:0.0000s ]
SQL: SELECT * FROM `sh_category` WHERE ( parent_id=55 )  [ RunTime:0.0000s ]
SQL: SELECT * FROM `sh_category` WHERE ( parent_id=67 )  [ RunTime:0.0000s ]
SQL: SELECT * FROM `sh_category` WHERE ( parent_id=54 )  [ RunTime:0.0000s ]
SQL: SELECT * FROM `sh_category` WHERE ( parent_id=71 )  [ RunTime:0.0000s ]
SQL: SELECT * FROM `sh_category` WHERE ( parent_id=58 )  [ RunTime:0.0000s ]
SQL: SELECT * FROM `sh_category` WHERE ( parent_id=73 )  [ RunTime:0.0000s ]
SQL: SELECT * FROM `sh_category` WHERE ( parent_id=57 )  [ RunTime:0.0000s ]
SQL: SELECT * FROM `sh_category` WHERE ( parent_id=75 )  [ RunTime:0.0000s ]
SQL: SELECT * FROM `sh_category` WHERE ( parent_id=56 )  [ RunTime:0.0000s ]
SQL: SELECT * FROM `sh_category` WHERE ( parent_id=77 )  [ RunTime:0.0000s ]
SQL: SELECT * FROM `sh_category` WHERE ( parent_id=59 )  [ RunTime:0.0000s ]
SQL: SELECT * FROM `sh_category` WHERE ( parent_id=79 )  [ RunTime:0.0000s ]
SQL: SELECT * FROM `sh_category` WHERE ( parent_id=60 )  [ RunTime:0.0000s ]
SQL: SELECT * FROM `sh_category` WHERE ( parent_id=81 )  [ RunTime:0.0000s ]
SQL: SELECT * FROM `sh_category` WHERE ( parent_id=61 )  [ RunTime:0.0000s ]
SQL: SELECT * FROM `sh_category` WHERE ( parent_id=83 )  [ RunTime:0.0000s ]
SQL: SELECT * FROM `sh_category` WHERE ( parent_id=62 )  [ RunTime:0.0000s ]
SQL: SELECT * FROM `sh_category` WHERE ( parent_id=85 )  [ RunTime:0.0000s ]
SQL: SELECT * FROM `sh_category` WHERE ( parent_id=63 )  [ RunTime:0.0000s ]
SQL: SELECT * FROM `sh_category` WHERE ( parent_id=87 )  [ RunTime:0.0000s ]
SQL: SELECT * FROM `sh_category` WHERE ( parent_id=64 )  [ RunTime:0.0000s ]
SQL: SELECT * FROM `sh_category` WHERE ( parent_id=89 )  [ RunTime:0.0000s ]
SQL: SELECT * FROM `sh_category` WHERE ( parent_id=65 )  [ RunTime:0.0156s ]
SQL: SELECT * FROM `sh_category` WHERE ( parent_id=91 )  [ RunTime:0.0000s ]
SQL: SELECT * FROM `sh_category` WHERE ( parent_id=66 )  [ RunTime:0.0000s ]
SQL: SELECT * FROM `sh_category` WHERE ( parent_id=93 )  [ RunTime:0.0000s ]
INFO: [ app_end ] --START--
INFO: Run Behavior\ShowPageTraceBehavior [ RunTime:0.000000s ]
INFO: [ app_end ] --END-- [ RunTime:0.000000s ]

[ 2015-10-02T20:49:03+08:00 ] 127.0.0.1 /index.php/Home/Index/ajaxChkLogin
INFO: [ app_begin ] --START--
INFO: Run Behavior\ReadHtmlCacheBehavior [ RunTime:0.000000s ]
INFO: [ app_begin ] --END-- [ RunTime:0.000000s ]
SQL: SHOW COLUMNS FROM `sh_article_cat` [ RunTime:0.0156s ]
SQL: SELECT * FROM `sh_article_cat`  [ RunTime:0.0000s ]
SQL: SHOW COLUMNS FROM `sh_article` [ RunTime:0.0156s ]
SQL: SELECT * FROM `sh_article` WHERE ( cat_id=3 )  [ RunTime:0.0000s ]
SQL: SELECT * FROM `sh_article` WHERE ( cat_id=2 )  [ RunTime:0.0000s ]
SQL: SELECT * FROM `sh_article` WHERE ( cat_id=4 )  [ RunTime:0.0000s ]
SQL: SELECT * FROM `sh_article` WHERE ( cat_id=5 )  [ RunTime:0.0000s ]
SQL: SELECT * FROM `sh_article` WHERE ( cat_id=6 )  [ RunTime:0.0000s ]
SQL: SHOW COLUMNS FROM `sh_buttons` [ RunTime:0.0156s ]
SQL: SELECT * FROM `sh_buttons`  [ RunTime:0.0000s ]
SQL: SHOW COLUMNS FROM `sh_shop_config` [ RunTime:0.0000s ]
SQL: SELECT * FROM `sh_shop_config`  [ RunTime:0.0000s ]
SQL: SHOW COLUMNS FROM `sh_category` [ RunTime:0.0156s ]
SQL: SELECT * FROM `sh_category` WHERE ( parent_id=0 )  [ RunTime:0.0000s ]
SQL: SELECT * FROM `sh_category` WHERE ( parent_id=55 )  [ RunTime:0.0000s ]
SQL: SELECT * FROM `sh_category` WHERE ( parent_id=67 )  [ RunTime:0.0000s ]
SQL: SELECT * FROM `sh_category` WHERE ( parent_id=54 )  [ RunTime:0.0000s ]
SQL: SELECT * FROM `sh_category` WHERE ( parent_id=71 )  [ RunTime:0.0000s ]
SQL: SELECT * FROM `sh_category` WHERE ( parent_id=58 )  [ RunTime:0.0000s ]
SQL: SELECT * FROM `sh_category` WHERE ( parent_id=73 )  [ RunTime:0.0000s ]
SQL: SELECT * FROM `sh_category` WHERE ( parent_id=57 )  [ RunTime:0.0000s ]
SQL: SELECT * FROM `sh_category` WHERE ( parent_id=75 )  [ RunTime:0.0000s ]
SQL: SELECT * FROM `sh_category` WHERE ( parent_id=56 )  [ RunTime:0.0000s ]
SQL: SELECT * FROM `sh_category` WHERE ( parent_id=77 )  [ RunTime:0.0156s ]
SQL: SELECT * FROM `sh_category` WHERE ( parent_id=59 )  [ RunTime:0.0000s ]
SQL: SELECT * FROM `sh_category` WHERE ( parent_id=79 )  [ RunTime:0.0000s ]
SQL: SELECT * FROM `sh_category` WHERE ( parent_id=60 )  [ RunTime:0.0000s ]
SQL: SELECT * FROM `sh_category` WHERE ( parent_id=81 )  [ RunTime:0.0000s ]
SQL: SELECT * FROM `sh_category` WHERE ( parent_id=61 )  [ RunTime:0.0000s ]
SQL: SELECT * FROM `sh_category` WHERE ( parent_id=83 )  [ RunTime:0.0000s ]
SQL: SELECT * FROM `sh_category` WHERE ( parent_id=62 )  [ RunTime:0.0000s ]
SQL: SELECT * FROM `sh_category` WHERE ( parent_id=85 )  [ RunTime:0.0000s ]
SQL: SELECT * FROM `sh_category` WHERE ( parent_id=63 )  [ RunTime:0.0000s ]
SQL: SELECT * FROM `sh_category` WHERE ( parent_id=87 )  [ RunTime:0.0000s ]
SQL: SELECT * FROM `sh_category` WHERE ( parent_id=64 )  [ RunTime:0.0000s ]
SQL: SELECT * FROM `sh_category` WHERE ( parent_id=89 )  [ RunTime:0.0000s ]
SQL: SELECT * FROM `sh_category` WHERE ( parent_id=65 )  [ RunTime:0.0000s ]
SQL: SELECT * FROM `sh_category` WHERE ( parent_id=91 )  [ RunTime:0.0000s ]
SQL: SELECT * FROM `sh_category` WHERE ( parent_id=66 )  [ RunTime:0.0000s ]
SQL: SELECT * FROM `sh_category` WHERE ( parent_id=93 )  [ RunTime:0.0000s ]
INFO: [ app_end ] --START--
INFO: Run Behavior\ShowPageTraceBehavior [ RunTime:0.015625s ]
INFO: [ app_end ] --END-- [ RunTime:0.015625s ]

[ 2015-10-02T21:45:33+08:00 ] 127.0.0.1 /index.php/Home/Index/ajaxChkLogin
INFO: [ app_begin ] --START--
INFO: Run Behavior\ReadHtmlCacheBehavior [ RunTime:0.000000s ]
INFO: [ app_begin ] --END-- [ RunTime:0.000000s ]
SQL: SHOW COLUMNS FROM `sh_article_cat` [ RunTime:0.0000s ]
SQL: SELECT * FROM `sh_article_cat`  [ RunTime:0.0000s ]
SQL: SHOW COLUMNS FROM `sh_article` [ RunTime:0.0156s ]
SQL: SELECT * FROM `sh_article` WHERE ( cat_id=3 )  [ RunTime:0.0000s ]
SQL: SELECT * FROM `sh_article` WHERE ( cat_id=2 )  [ RunTime:0.0000s ]
SQL: SELECT * FROM `sh_article` WHERE ( cat_id=4 )  [ RunTime:0.0000s ]
SQL: SELECT * FROM `sh_article` WHERE ( cat_id=5 )  [ RunTime:0.0000s ]
SQL: SELECT * FROM `sh_article` WHERE ( cat_id=6 )  [ RunTime:0.0000s ]
SQL: SHOW COLUMNS FROM `sh_buttons` [ RunTime:0.0000s ]
SQL: SELECT * FROM `sh_buttons`  [ RunTime:0.0000s ]
SQL: SHOW COLUMNS FROM `sh_shop_config` [ RunTime:0.0000s ]
SQL: SELECT * FROM `sh_shop_config`  [ RunTime:0.0000s ]
SQL: SHOW COLUMNS FROM `sh_category` [ RunTime:0.0156s ]
SQL: SELECT * FROM `sh_category` WHERE ( parent_id=0 )  [ RunTime:0.0000s ]
SQL: SELECT * FROM `sh_category` WHERE ( parent_id=55 )  [ RunTime:0.0000s ]
SQL: SELECT * FROM `sh_category` WHERE ( parent_id=67 )  [ RunTime:0.0000s ]
SQL: SELECT * FROM `sh_category` WHERE ( parent_id=54 )  [ RunTime:0.0000s ]
SQL: SELECT * FROM `sh_category` WHERE ( parent_id=71 )  [ RunTime:0.0000s ]
SQL: SELECT * FROM `sh_category` WHERE ( parent_id=58 )  [ RunTime:0.0000s ]
SQL: SELECT * FROM `sh_category` WHERE ( parent_id=73 )  [ RunTime:0.0000s ]
SQL: SELECT * FROM `sh_category` WHERE ( parent_id=57 )  [ RunTime:0.0000s ]
SQL: SELECT * FROM `sh_category` WHERE ( parent_id=75 )  [ RunTime:0.0000s ]
SQL: SELECT * FROM `sh_category` WHERE ( parent_id=56 )  [ RunTime:0.0000s ]
SQL: SELECT * FROM `sh_category` WHERE ( parent_id=77 )  [ RunTime:0.0000s ]
SQL: SELECT * FROM `sh_category` WHERE ( parent_id=59 )  [ RunTime:0.0000s ]
SQL: SELECT * FROM `sh_category` WHERE ( parent_id=79 )  [ RunTime:0.0000s ]
SQL: SELECT * FROM `sh_category` WHERE ( parent_id=60 )  [ RunTime:0.0000s ]
SQL: SELECT * FROM `sh_category` WHERE ( parent_id=81 )  [ RunTime:0.0000s ]
SQL: SELECT * FROM `sh_category` WHERE ( parent_id=61 )  [ RunTime:0.0000s ]
SQL: SELECT * FROM `sh_category` WHERE ( parent_id=83 )  [ RunTime:0.0000s ]
SQL: SELECT * FROM `sh_category` WHERE ( parent_id=62 )  [ RunTime:0.0000s ]
SQL: SELECT * FROM `sh_category` WHERE ( parent_id=85 )  [ RunTime:0.0156s ]
SQL: SELECT * FROM `sh_category` WHERE ( parent_id=63 )  [ RunTime:0.0000s ]
SQL: SELECT * FROM `sh_category` WHERE ( parent_id=87 )  [ RunTime:0.0000s ]
SQL: SELECT * FROM `sh_category` WHERE ( parent_id=64 )  [ RunTime:0.0000s ]
SQL: SELECT * FROM `sh_category` WHERE ( parent_id=89 )  [ RunTime:0.0000s ]
SQL: SELECT * FROM `sh_category` WHERE ( parent_id=65 )  [ RunTime:0.0000s ]
SQL: SELECT * FROM `sh_category` WHERE ( parent_id=91 )  [ RunTime:0.0000s ]
SQL: SELECT * FROM `sh_category` WHERE ( parent_id=66 )  [ RunTime:0.0000s ]
SQL: SELECT * FROM `sh_category` WHERE ( parent_id=93 )  [ RunTime:0.0000s ]
INFO: [ app_end ] --START--
INFO: Run Behavior\ShowPageTraceBehavior [ RunTime:0.000000s ]
INFO: [ app_end ] --END-- [ RunTime:0.000000s ]

[ 2015-10-02T21:45:37+08:00 ] 127.0.0.1 /index.php/Home/Index/ajaxChkLogin
INFO: [ app_begin ] --START--
INFO: Run Behavior\ReadHtmlCacheBehavior [ RunTime:0.000000s ]
INFO: [ app_begin ] --END-- [ RunTime:0.000000s ]
SQL: SHOW COLUMNS FROM `sh_article_cat` [ RunTime:0.0156s ]
SQL: SELECT * FROM `sh_article_cat`  [ RunTime:0.0000s ]
SQL: SHOW COLUMNS FROM `sh_article` [ RunTime:0.0000s ]
SQL: SELECT * FROM `sh_article` WHERE ( cat_id=3 )  [ RunTime:0.0000s ]
SQL: SELECT * FROM `sh_article` WHERE ( cat_id=2 )  [ RunTime:0.0000s ]
SQL: SELECT * FROM `sh_article` WHERE ( cat_id=4 )  [ RunTime:0.0000s ]
SQL: SELECT * FROM `sh_article` WHERE ( cat_id=5 )  [ RunTime:0.0000s ]
SQL: SELECT * FROM `sh_article` WHERE ( cat_id=6 )  [ RunTime:0.0000s ]
SQL: SHOW COLUMNS FROM `sh_buttons` [ RunTime:0.0156s ]
SQL: SELECT * FROM `sh_buttons`  [ RunTime:0.0000s ]
SQL: SHOW COLUMNS FROM `sh_shop_config` [ RunTime:0.0000s ]
SQL: SELECT * FROM `sh_shop_config`  [ RunTime:0.0000s ]
SQL: SHOW COLUMNS FROM `sh_category` [ RunTime:0.0156s ]
SQL: SELECT * FROM `sh_category` WHERE ( parent_id=0 )  [ RunTime:0.0000s ]
SQL: SELECT * FROM `sh_category` WHERE ( parent_id=55 )  [ RunTime:0.0000s ]
SQL: SELECT * FROM `sh_category` WHERE ( parent_id=67 )  [ RunTime:0.0000s ]
SQL: SELECT * FROM `sh_category` WHERE ( parent_id=54 )  [ RunTime:0.0000s ]
SQL: SELECT * FROM `sh_category` WHERE ( parent_id=71 )  [ RunTime:0.0000s ]
SQL: SELECT * FROM `sh_category` WHERE ( parent_id=58 )  [ RunTime:0.0000s ]
SQL: SELECT * FROM `sh_category` WHERE ( parent_id=73 )  [ RunTime:0.0000s ]
SQL: SELECT * FROM `sh_category` WHERE ( parent_id=57 )  [ RunTime:0.0000s ]
SQL: SELECT * FROM `sh_category` WHERE ( parent_id=75 )  [ RunTime:0.0000s ]
SQL: SELECT * FROM `sh_category` WHERE ( parent_id=56 )  [ RunTime:0.0000s ]
SQL: SELECT * FROM `sh_category` WHERE ( parent_id=77 )  [ RunTime:0.0000s ]
SQL: SELECT * FROM `sh_category` WHERE ( parent_id=59 )  [ RunTime:0.0000s ]
SQL: SELECT * FROM `sh_category` WHERE ( parent_id=79 )  [ RunTime:0.0000s ]
SQL: SELECT * FROM `sh_category` WHERE ( parent_id=60 )  [ RunTime:0.0000s ]
SQL: SELECT * FROM `sh_category` WHERE ( parent_id=81 )  [ RunTime:0.0000s ]
SQL: SELECT * FROM `sh_category` WHERE ( parent_id=61 )  [ RunTime:0.0000s ]
SQL: SELECT * FROM `sh_category` WHERE ( parent_id=83 )  [ RunTime:0.0000s ]
SQL: SELECT * FROM `sh_category` WHERE ( parent_id=62 )  [ RunTime:0.0000s ]
SQL: SELECT * FROM `sh_category` WHERE ( parent_id=85 )  [ RunTime:0.0000s ]
SQL: SELECT * FROM `sh_category` WHERE ( parent_id=63 )  [ RunTime:0.0000s ]
SQL: SELECT * FROM `sh_category` WHERE ( parent_id=87 )  [ RunTime:0.0000s ]
SQL: SELECT * FROM `sh_category` WHERE ( parent_id=64 )  [ RunTime:0.0000s ]
SQL: SELECT * FROM `sh_category` WHERE ( parent_id=89 )  [ RunTime:0.0000s ]
SQL: SELECT * FROM `sh_category` WHERE ( parent_id=65 )  [ RunTime:0.0000s ]
SQL: SELECT * FROM `sh_category` WHERE ( parent_id=91 )  [ RunTime:0.0000s ]
SQL: SELECT * FROM `sh_category` WHERE ( parent_id=66 )  [ RunTime:0.0000s ]
SQL: SELECT * FROM `sh_category` WHERE ( parent_id=93 )  [ RunTime:0.0000s ]
INFO: [ app_end ] --START--
INFO: Run Behavior\ShowPageTraceBehavior [ RunTime:0.000000s ]
INFO: [ app_end ] --END-- [ RunTime:0.000000s ]

[ 2015-10-02T21:45:41+08:00 ] 127.0.0.1 /Home/Flow/index.html
ERR: 非法操作:index

[ 2015-10-02T21:45:46+08:00 ] 127.0.0.1 /index.php/Home/Index/ajaxChkLogin
INFO: [ app_begin ] --START--
INFO: Run Behavior\ReadHtmlCacheBehavior [ RunTime:0.000000s ]
INFO: [ app_begin ] --END-- [ RunTime:0.000000s ]
SQL: SHOW COLUMNS FROM `sh_article_cat` [ RunTime:0.0000s ]
SQL: SELECT * FROM `sh_article_cat`  [ RunTime:0.0000s ]
SQL: SHOW COLUMNS FROM `sh_article` [ RunTime:0.0156s ]
SQL: SELECT * FROM `sh_article` WHERE ( cat_id=3 )  [ RunTime:0.0000s ]
SQL: SELECT * FROM `sh_article` WHERE ( cat_id=2 )  [ RunTime:0.0000s ]
SQL: SELECT * FROM `sh_article` WHERE ( cat_id=4 )  [ RunTime:0.0000s ]
SQL: SELECT * FROM `sh_article` WHERE ( cat_id=5 )  [ RunTime:0.0000s ]
SQL: SELECT * FROM `sh_article` WHERE ( cat_id=6 )  [ RunTime:0.0000s ]
SQL: SHOW COLUMNS FROM `sh_buttons` [ RunTime:0.0156s ]
SQL: SELECT * FROM `sh_buttons`  [ RunTime:0.0000s ]
SQL: SHOW COLUMNS FROM `sh_shop_config` [ RunTime:0.0000s ]
SQL: SELECT * FROM `sh_shop_config`  [ RunTime:0.0000s ]
SQL: SHOW COLUMNS FROM `sh_category` [ RunTime:0.0156s ]
SQL: SELECT * FROM `sh_category` WHERE ( parent_id=0 )  [ RunTime:0.0000s ]
SQL: SELECT * FROM `sh_category` WHERE ( parent_id=55 )  [ RunTime:0.0000s ]
SQL: SELECT * FROM `sh_category` WHERE ( parent_id=67 )  [ RunTime:0.0000s ]
SQL: SELECT * FROM `sh_category` WHERE ( parent_id=54 )  [ RunTime:0.0000s ]
SQL: SELECT * FROM `sh_category` WHERE ( parent_id=71 )  [ RunTime:0.0000s ]
SQL: SELECT * FROM `sh_category` WHERE ( parent_id=58 )  [ RunTime:0.0000s ]
SQL: SELECT * FROM `sh_category` WHERE ( parent_id=73 )  [ RunTime:0.0000s ]
SQL: SELECT * FROM `sh_category` WHERE ( parent_id=57 )  [ RunTime:0.0000s ]
SQL: SELECT * FROM `sh_category` WHERE ( parent_id=75 )  [ RunTime:0.0000s ]
SQL: SELECT * FROM `sh_category` WHERE ( parent_id=56 )  [ RunTime:0.0000s ]
SQL: SELECT * FROM `sh_category` WHERE ( parent_id=77 )  [ RunTime:0.0000s ]
SQL: SELECT * FROM `sh_category` WHERE ( parent_id=59 )  [ RunTime:0.0000s ]
SQL: SELECT * FROM `sh_category` WHERE ( parent_id=79 )  [ RunTime:0.0000s ]
SQL: SELECT * FROM `sh_category` WHERE ( parent_id=60 )  [ RunTime:0.0000s ]
SQL: SELECT * FROM `sh_category` WHERE ( parent_id=81 )  [ RunTime:0.0000s ]
SQL: SELECT * FROM `sh_category` WHERE ( parent_id=61 )  [ RunTime:0.0000s ]
SQL: SELECT * FROM `sh_category` WHERE ( parent_id=83 )  [ RunTime:0.0000s ]
SQL: SELECT * FROM `sh_category` WHERE ( parent_id=62 )  [ RunTime:0.0000s ]
SQL: SELECT * FROM `sh_category` WHERE ( parent_id=85 )  [ RunTime:0.0000s ]
SQL: SELECT * FROM `sh_category` WHERE ( parent_id=63 )  [ RunTime:0.0000s ]
SQL: SELECT * FROM `sh_category` WHERE ( parent_id=87 )  [ RunTime:0.0000s ]
SQL: SELECT * FROM `sh_category` WHERE ( parent_id=64 )  [ RunTime:0.0000s ]
SQL: SELECT * FROM `sh_category` WHERE ( parent_id=89 )  [ RunTime:0.0000s ]
SQL: SELECT * FROM `sh_category` WHERE ( parent_id=65 )  [ RunTime:0.0000s ]
SQL: SELECT * FROM `sh_category` WHERE ( parent_id=91 )  [ RunTime:0.0000s ]
SQL: SELECT * FROM `sh_category` WHERE ( parent_id=66 )  [ RunTime:0.0000s ]
SQL: SELECT * FROM `sh_category` WHERE ( parent_id=93 )  [ RunTime:0.0000s ]
INFO: [ app_end ] --START--
INFO: Run Behavior\ShowPageTraceBehavior [ RunTime:0.000000s ]
INFO: [ app_end ] --END-- [ RunTime:0.000000s ]

[ 2015-10-02T21:46:47+08:00 ] 127.0.0.1 /index.php/Home/Index/ajaxChkLogin
INFO: [ app_begin ] --START--
INFO: Run Behavior\ReadHtmlCacheBehavior [ RunTime:0.000000s ]
INFO: [ app_begin ] --END-- [ RunTime:0.000000s ]
SQL: SHOW COLUMNS FROM `sh_article_cat` [ RunTime:0.0000s ]
SQL: SELECT * FROM `sh_article_cat`  [ RunTime:0.0000s ]
SQL: SHOW COLUMNS FROM `sh_article` [ RunTime:0.0156s ]
SQL: SELECT * FROM `sh_article` WHERE ( cat_id=3 )  [ RunTime:0.0000s ]
SQL: SELECT * FROM `sh_article` WHERE ( cat_id=2 )  [ RunTime:0.0000s ]
SQL: SELECT * FROM `sh_article` WHERE ( cat_id=4 )  [ RunTime:0.0000s ]
SQL: SELECT * FROM `sh_article` WHERE ( cat_id=5 )  [ RunTime:0.0000s ]
SQL: SELECT * FROM `sh_article` WHERE ( cat_id=6 )  [ RunTime:0.0000s ]
SQL: SHOW COLUMNS FROM `sh_buttons` [ RunTime:0.0000s ]
SQL: SELECT * FROM `sh_buttons`  [ RunTime:0.0000s ]
SQL: SHOW COLUMNS FROM `sh_shop_config` [ RunTime:0.0156s ]
SQL: SELECT * FROM `sh_shop_config`  [ RunTime:0.0000s ]
SQL: SHOW COLUMNS FROM `sh_category` [ RunTime:0.0000s ]
SQL: SELECT * FROM `sh_category` WHERE ( parent_id=0 )  [ RunTime:0.0000s ]
SQL: SELECT * FROM `sh_category` WHERE ( parent_id=55 )  [ RunTime:0.0000s ]
SQL: SELECT * FROM `sh_category` WHERE ( parent_id=67 )  [ RunTime:0.0000s ]
SQL: SELECT * FROM `sh_category` WHERE ( parent_id=54 )  [ RunTime:0.0000s ]
SQL: SELECT * FROM `sh_category` WHERE ( parent_id=71 )  [ RunTime:0.0000s ]
SQL: SELECT * FROM `sh_category` WHERE ( parent_id=58 )  [ RunTime:0.0000s ]
SQL: SELECT * FROM `sh_category` WHERE ( parent_id=73 )  [ RunTime:0.0000s ]
SQL: SELECT * FROM `sh_category` WHERE ( parent_id=57 )  [ RunTime:0.0000s ]
SQL: SELECT * FROM `sh_category` WHERE ( parent_id=75 )  [ RunTime:0.0000s ]
SQL: SELECT * FROM `sh_category` WHERE ( parent_id=56 )  [ RunTime:0.0000s ]
SQL: SELECT * FROM `sh_category` WHERE ( parent_id=77 )  [ RunTime:0.0000s ]
SQL: SELECT * FROM `sh_category` WHERE ( parent_id=59 )  [ RunTime:0.0000s ]
SQL: SELECT * FROM `sh_category` WHERE ( parent_id=79 )  [ RunTime:0.0000s ]
SQL: SELECT * FROM `sh_category` WHERE ( parent_id=60 )  [ RunTime:0.0000s ]
SQL: SELECT * FROM `sh_category` WHERE ( parent_id=81 )  [ RunTime:0.0000s ]
SQL: SELECT * FROM `sh_category` WHERE ( parent_id=61 )  [ RunTime:0.0000s ]
SQL: SELECT * FROM `sh_category` WHERE ( parent_id=83 )  [ RunTime:0.0000s ]
SQL: SELECT * FROM `sh_category` WHERE ( parent_id=62 )  [ RunTime:0.0000s ]
SQL: SELECT * FROM `sh_category` WHERE ( parent_id=85 )  [ RunTime:0.0000s ]
SQL: SELECT * FROM `sh_category` WHERE ( parent_id=63 )  [ RunTime:0.0000s ]
SQL: SELECT * FROM `sh_category` WHERE ( parent_id=87 )  [ RunTime:0.0000s ]
SQL: SELECT * FROM `sh_category` WHERE ( parent_id=64 )  [ RunTime:0.0000s ]
SQL: SELECT * FROM `sh_category` WHERE ( parent_id=89 )  [ RunTime:0.0000s ]
SQL: SELECT * FROM `sh_category` WHERE ( parent_id=65 )  [ RunTime:0.0000s ]
SQL: SELECT * FROM `sh_category` WHERE ( parent_id=91 )  [ RunTime:0.0000s ]
SQL: SELECT * FROM `sh_category` WHERE ( parent_id=66 )  [ RunTime:0.0000s ]
SQL: SELECT * FROM `sh_category` WHERE ( parent_id=93 )  [ RunTime:0.0000s ]
INFO: [ app_end ] --START--
INFO: Run Behavior\ShowPageTraceBehavior [ RunTime:0.000000s ]
INFO: [ app_end ] --END-- [ RunTime:0.000000s ]

[ 2015-10-02T21:46:48+08:00 ] 127.0.0.1 /index.php/Home/Index/ajaxChkLogin
INFO: [ app_begin ] --START--
INFO: Run Behavior\ReadHtmlCacheBehavior [ RunTime:0.000000s ]
INFO: [ app_begin ] --END-- [ RunTime:0.000000s ]
SQL: SHOW COLUMNS FROM `sh_article_cat` [ RunTime:0.0000s ]
SQL: SELECT * FROM `sh_article_cat`  [ RunTime:0.0000s ]
SQL: SHOW COLUMNS FROM `sh_article` [ RunTime:0.0156s ]
SQL: SELECT * FROM `sh_article` WHERE ( cat_id=3 )  [ RunTime:0.0000s ]
SQL: SELECT * FROM `sh_article` WHERE ( cat_id=2 )  [ RunTime:0.0000s ]
SQL: SELECT * FROM `sh_article` WHERE ( cat_id=4 )  [ RunTime:0.0000s ]
SQL: SELECT * FROM `sh_article` WHERE ( cat_id=5 )  [ RunTime:0.0000s ]
SQL: SELECT * FROM `sh_article` WHERE ( cat_id=6 )  [ RunTime:0.0000s ]
SQL: SHOW COLUMNS FROM `sh_buttons` [ RunTime:0.0156s ]
SQL: SELECT * FROM `sh_buttons`  [ RunTime:0.0000s ]
SQL: SHOW COLUMNS FROM `sh_shop_config` [ RunTime:0.0000s ]
SQL: SELECT * FROM `sh_shop_config`  [ RunTime:0.0000s ]
SQL: SHOW COLUMNS FROM `sh_category` [ RunTime:0.0156s ]
SQL: SELECT * FROM `sh_category` WHERE ( parent_id=0 )  [ RunTime:0.0000s ]
SQL: SELECT * FROM `sh_category` WHERE ( parent_id=55 )  [ RunTime:0.0000s ]
SQL: SELECT * FROM `sh_category` WHERE ( parent_id=67 )  [ RunTime:0.0000s ]
SQL: SELECT * FROM `sh_category` WHERE ( parent_id=54 )  [ RunTime:0.0000s ]
SQL: SELECT * FROM `sh_category` WHERE ( parent_id=71 )  [ RunTime:0.0000s ]
SQL: SELECT * FROM `sh_category` WHERE ( parent_id=58 )  [ RunTime:0.0000s ]
SQL: SELECT * FROM `sh_category` WHERE ( parent_id=73 )  [ RunTime:0.0000s ]
SQL: SELECT * FROM `sh_category` WHERE ( parent_id=57 )  [ RunTime:0.0000s ]
SQL: SELECT * FROM `sh_category` WHERE ( parent_id=75 )  [ RunTime:0.0000s ]
SQL: SELECT * FROM `sh_category` WHERE ( parent_id=56 )  [ RunTime:0.0000s ]
SQL: SELECT * FROM `sh_category` WHERE ( parent_id=77 )  [ RunTime:0.0000s ]
SQL: SELECT * FROM `sh_category` WHERE ( parent_id=59 )  [ RunTime:0.0000s ]
SQL: SELECT * FROM `sh_category` WHERE ( parent_id=79 )  [ RunTime:0.0000s ]
SQL: SELECT * FROM `sh_category` WHERE ( parent_id=60 )  [ RunTime:0.0000s ]
SQL: SELECT * FROM `sh_category` WHERE ( parent_id=81 )  [ RunTime:0.0000s ]
SQL: SELECT * FROM `sh_category` WHERE ( parent_id=61 )  [ RunTime:0.0000s ]
SQL: SELECT * FROM `sh_category` WHERE ( parent_id=83 )  [ RunTime:0.0000s ]
SQL: SELECT * FROM `sh_category` WHERE ( parent_id=62 )  [ RunTime:0.0000s ]
SQL: SELECT * FROM `sh_category` WHERE ( parent_id=85 )  [ RunTime:0.0000s ]
SQL: SELECT * FROM `sh_category` WHERE ( parent_id=63 )  [ RunTime:0.0000s ]
SQL: SELECT * FROM `sh_category` WHERE ( parent_id=87 )  [ RunTime:0.0000s ]
SQL: SELECT * FROM `sh_category` WHERE ( parent_id=64 )  [ RunTime:0.0000s ]
SQL: SELECT * FROM `sh_category` WHERE ( parent_id=89 )  [ RunTime:0.0000s ]
SQL: SELECT * FROM `sh_category` WHERE ( parent_id=65 )  [ RunTime:0.0000s ]
SQL: SELECT * FROM `sh_category` WHERE ( parent_id=91 )  [ RunTime:0.0000s ]
SQL: SELECT * FROM `sh_category` WHERE ( parent_id=66 )  [ RunTime:0.0000s ]
SQL: SELECT * FROM `sh_category` WHERE ( parent_id=93 )  [ RunTime:0.0000s ]
INFO: [ app_end ] --START--
INFO: Run Behavior\ShowPageTraceBehavior [ RunTime:0.015625s ]
INFO: [ app_end ] --END-- [ RunTime:0.015625s ]

[ 2015-10-02T21:46:56+08:00 ] 127.0.0.1 /index.php/Home/Index/ajaxChkLogin
INFO: [ app_begin ] --START--
INFO: Run Behavior\ReadHtmlCacheBehavior [ RunTime:0.000000s ]
INFO: [ app_begin ] --END-- [ RunTime:0.000000s ]
SQL: SHOW COLUMNS FROM `sh_article_cat` [ RunTime:0.0156s ]
SQL: SELECT * FROM `sh_article_cat`  [ RunTime:0.0000s ]
SQL: SHOW COLUMNS FROM `sh_article` [ RunTime:0.0000s ]
SQL: SELECT * FROM `sh_article` WHERE ( cat_id=3 )  [ RunTime:0.0000s ]
SQL: SELECT * FROM `sh_article` WHERE ( cat_id=2 )  [ RunTime:0.0000s ]
SQL: SELECT * FROM `sh_article` WHERE ( cat_id=4 )  [ RunTime:0.0000s ]
SQL: SELECT * FROM `sh_article` WHERE ( cat_id=5 )  [ RunTime:0.0156s ]
SQL: SELECT * FROM `sh_article` WHERE ( cat_id=6 )  [ RunTime:0.0000s ]
SQL: SHOW COLUMNS FROM `sh_buttons` [ RunTime:0.0000s ]
SQL: SELECT * FROM `sh_buttons`  [ RunTime:0.0000s ]
SQL: SHOW COLUMNS FROM `sh_shop_config` [ RunTime:0.0156s ]
SQL: SELECT * FROM `sh_shop_config`  [ RunTime:0.0000s ]
SQL: SHOW COLUMNS FROM `sh_category` [ RunTime:0.0000s ]
SQL: SELECT * FROM `sh_category` WHERE ( parent_id=0 )  [ RunTime:0.0000s ]
SQL: SELECT * FROM `sh_category` WHERE ( parent_id=55 )  [ RunTime:0.0000s ]
SQL: SELECT * FROM `sh_category` WHERE ( parent_id=67 )  [ RunTime:0.0000s ]
SQL: SELECT * FROM `sh_category` WHERE ( parent_id=54 )  [ RunTime:0.0000s ]
SQL: SELECT * FROM `sh_category` WHERE ( parent_id=71 )  [ RunTime:0.0156s ]
SQL: SELECT * FROM `sh_category` WHERE ( parent_id=58 )  [ RunTime:0.0000s ]
SQL: SELECT * FROM `sh_category` WHERE ( parent_id=73 )  [ RunTime:0.0000s ]
SQL: SELECT * FROM `sh_category` WHERE ( parent_id=57 )  [ RunTime:0.0000s ]
SQL: SELECT * FROM `sh_category` WHERE ( parent_id=75 )  [ RunTime:0.0000s ]
SQL: SELECT * FROM `sh_category` WHERE ( parent_id=56 )  [ RunTime:0.0000s ]
SQL: SELECT * FROM `sh_category` WHERE ( parent_id=77 )  [ RunTime:0.0000s ]
SQL: SELECT * FROM `sh_category` WHERE ( parent_id=59 )  [ RunTime:0.0000s ]
SQL: SELECT * FROM `sh_category` WHERE ( parent_id=79 )  [ RunTime:0.0000s ]
SQL: SELECT * FROM `sh_category` WHERE ( parent_id=60 )  [ RunTime:0.0000s ]
SQL: SELECT * FROM `sh_category` WHERE ( parent_id=81 )  [ RunTime:0.0000s ]
SQL: SELECT * FROM `sh_category` WHERE ( parent_id=61 )  [ RunTime:0.0000s ]
SQL: SELECT * FROM `sh_category` WHERE ( parent_id=83 )  [ RunTime:0.0000s ]
SQL: SELECT * FROM `sh_category` WHERE ( parent_id=62 )  [ RunTime:0.0000s ]
SQL: SELECT * FROM `sh_category` WHERE ( parent_id=85 )  [ RunTime:0.0000s ]
SQL: SELECT * FROM `sh_category` WHERE ( parent_id=63 )  [ RunTime:0.0000s ]
SQL: SELECT * FROM `sh_category` WHERE ( parent_id=87 )  [ RunTime:0.0000s ]
SQL: SELECT * FROM `sh_category` WHERE ( parent_id=64 )  [ RunTime:0.0000s ]
SQL: SELECT * FROM `sh_category` WHERE ( parent_id=89 )  [ RunTime:0.0000s ]
SQL: SELECT * FROM `sh_category` WHERE ( parent_id=65 )  [ RunTime:0.0000s ]
SQL: SELECT * FROM `sh_category` WHERE ( parent_id=91 )  [ RunTime:0.0000s ]
SQL: SELECT * FROM `sh_category` WHERE ( parent_id=66 )  [ RunTime:0.0156s ]
SQL: SELECT * FROM `sh_category` WHERE ( parent_id=93 )  [ RunTime:0.0000s ]
INFO: [ app_end ] --START--
INFO: Run Behavior\ShowPageTraceBehavior [ RunTime:0.000000s ]
INFO: [ app_end ] --END-- [ RunTime:0.000000s ]

[ 2015-10-02T21:46:56+08:00 ] 127.0.0.1 /Home/Index/ajaxGetRemarkConfig/
INFO: [ app_begin ] --START--
INFO: Run Behavior\ReadHtmlCacheBehavior [ RunTime:0.000000s ]
INFO: [ app_begin ] --END-- [ RunTime:0.000000s ]
SQL: SHOW COLUMNS FROM `sh_article_cat` [ RunTime:0.0000s ]
SQL: SELECT * FROM `sh_article_cat`  [ RunTime:0.0000s ]
SQL: SHOW COLUMNS FROM `sh_article` [ RunTime:0.0156s ]
SQL: SELECT * FROM `sh_article` WHERE ( cat_id=3 )  [ RunTime:0.0000s ]
SQL: SELECT * FROM `sh_article` WHERE ( cat_id=2 )  [ RunTime:0.0000s ]
SQL: SELECT * FROM `sh_article` WHERE ( cat_id=4 )  [ RunTime:0.0000s ]
SQL: SELECT * FROM `sh_article` WHERE ( cat_id=5 )  [ RunTime:0.0000s ]
SQL: SELECT * FROM `sh_article` WHERE ( cat_id=6 )  [ RunTime:0.0000s ]
SQL: SHOW COLUMNS FROM `sh_buttons` [ RunTime:0.0000s ]
SQL: SELECT * FROM `sh_buttons`  [ RunTime:0.0000s ]
SQL: SHOW COLUMNS FROM `sh_shop_config` [ RunTime:0.0000s ]
SQL: SELECT * FROM `sh_shop_config`  [ RunTime:0.0000s ]
SQL: SHOW COLUMNS FROM `sh_category` [ RunTime:0.0156s ]
SQL: SELECT * FROM `sh_category` WHERE ( parent_id=0 )  [ RunTime:0.0000s ]
SQL: SELECT * FROM `sh_category` WHERE ( parent_id=55 )  [ RunTime:0.0000s ]
SQL: SELECT * FROM `sh_category` WHERE ( parent_id=67 )  [ RunTime:0.0000s ]
SQL: SELECT * FROM `sh_category` WHERE ( parent_id=54 )  [ RunTime:0.0000s ]
SQL: SELECT * FROM `sh_category` WHERE ( parent_id=71 )  [ RunTime:0.0000s ]
SQL: SELECT * FROM `sh_category` WHERE ( parent_id=58 )  [ RunTime:0.0000s ]
SQL: SELECT * FROM `sh_category` WHERE ( parent_id=73 )  [ RunTime:0.0000s ]
SQL: SELECT * FROM `sh_category` WHERE ( parent_id=57 )  [ RunTime:0.0000s ]
SQL: SELECT * FROM `sh_category` WHERE ( parent_id=75 )  [ RunTime:0.0000s ]
SQL: SELECT * FROM `sh_category` WHERE ( parent_id=56 )  [ RunTime:0.0000s ]
SQL: SELECT * FROM `sh_category` WHERE ( parent_id=77 )  [ RunTime:0.0000s ]
SQL: SELECT * FROM `sh_category` WHERE ( parent_id=59 )  [ RunTime:0.0000s ]
SQL: SELECT * FROM `sh_category` WHERE ( parent_id=79 )  [ RunTime:0.0000s ]
SQL: SELECT * FROM `sh_category` WHERE ( parent_id=60 )  [ RunTime:0.0000s ]
SQL: SELECT * FROM `sh_category` WHERE ( parent_id=81 )  [ RunTime:0.0156s ]
SQL: SELECT * FROM `sh_category` WHERE ( parent_id=61 )  [ RunTime:0.0000s ]
SQL: SELECT * FROM `sh_category` WHERE ( parent_id=83 )  [ RunTime:0.0000s ]
SQL: SELECT * FROM `sh_category` WHERE ( parent_id=62 )  [ RunTime:0.0000s ]
SQL: SELECT * FROM `sh_category` WHERE ( parent_id=85 )  [ RunTime:0.0000s ]
SQL: SELECT * FROM `sh_category` WHERE ( parent_id=63 )  [ RunTime:0.0000s ]
SQL: SELECT * FROM `sh_category` WHERE ( parent_id=87 )  [ RunTime:0.0000s ]
SQL: SELECT * FROM `sh_category` WHERE ( parent_id=64 )  [ RunTime:0.0000s ]
SQL: SELECT * FROM `sh_category` WHERE ( parent_id=89 )  [ RunTime:0.0000s ]
SQL: SELECT * FROM `sh_category` WHERE ( parent_id=65 )  [ RunTime:0.0000s ]
SQL: SELECT * FROM `sh_category` WHERE ( parent_id=91 )  [ RunTime:0.0000s ]
SQL: SELECT * FROM `sh_category` WHERE ( parent_id=66 )  [ RunTime:0.0000s ]
SQL: SELECT * FROM `sh_category` WHERE ( parent_id=93 )  [ RunTime:0.0000s ]
INFO: [ app_end ] --START--
INFO: Run Behavior\ShowPageTraceBehavior [ RunTime:0.000000s ]
INFO: [ app_end ] --END-- [ RunTime:0.000000s ]

[ 2015-10-02T21:46:57+08:00 ] 127.0.0.1 /Home/Index/ajaxGetMemberPrice/goods_id/73
INFO: [ app_begin ] --START--
INFO: Run Behavior\ReadHtmlCacheBehavior [ RunTime:0.000000s ]
INFO: [ app_begin ] --END-- [ RunTime:0.000000s ]
SQL: SHOW COLUMNS FROM `sh_article_cat` [ RunTime:0.0156s ]
SQL: SELECT * FROM `sh_article_cat`  [ RunTime:0.0000s ]
SQL: SHOW COLUMNS FROM `sh_article` [ RunTime:0.0000s ]
SQL: SELECT * FROM `sh_article` WHERE ( cat_id=3 )  [ RunTime:0.0156s ]
SQL: SELECT * FROM `sh_article` WHERE ( cat_id=2 )  [ RunTime:0.0000s ]
SQL: SELECT * FROM `sh_article` WHERE ( cat_id=4 )  [ RunTime:0.0000s ]
SQL: SELECT * FROM `sh_article` WHERE ( cat_id=5 )  [ RunTime:0.0000s ]
SQL: SELECT * FROM `sh_article` WHERE ( cat_id=6 )  [ RunTime:0.0000s ]
SQL: SHOW COLUMNS FROM `sh_buttons` [ RunTime:0.0000s ]
SQL: SELECT * FROM `sh_buttons`  [ RunTime:0.0156s ]
SQL: SHOW COLUMNS FROM `sh_shop_config` [ RunTime:0.0000s ]
SQL: SELECT * FROM `sh_shop_config`  [ RunTime:0.0000s ]
SQL: SHOW COLUMNS FROM `sh_category` [ RunTime:0.0156s ]
SQL: SELECT * FROM `sh_category` WHERE ( parent_id=0 )  [ RunTime:0.0000s ]
SQL: SELECT * FROM `sh_category` WHERE ( parent_id=55 )  [ RunTime:0.0000s ]
SQL: SELECT * FROM `sh_category` WHERE ( parent_id=67 )  [ RunTime:0.0000s ]
SQL: SELECT * FROM `sh_category` WHERE ( parent_id=54 )  [ RunTime:0.0000s ]
SQL: SELECT * FROM `sh_category` WHERE ( parent_id=71 )  [ RunTime:0.0156s ]
SQL: SELECT * FROM `sh_category` WHERE ( parent_id=58 )  [ RunTime:0.0000s ]
SQL: SELECT * FROM `sh_category` WHERE ( parent_id=73 )  [ RunTime:0.0000s ]
SQL: SELECT * FROM `sh_category` WHERE ( parent_id=57 )  [ RunTime:0.0000s ]
SQL: SELECT * FROM `sh_category` WHERE ( parent_id=75 )  [ RunTime:0.0000s ]
SQL: SELECT * FROM `sh_category` WHERE ( parent_id=56 )  [ RunTime:0.0000s ]
SQL: SELECT * FROM `sh_category` WHERE ( parent_id=77 )  [ RunTime:0.0000s ]
SQL: SELECT * FROM `sh_category` WHERE ( parent_id=59 )  [ RunTime:0.0000s ]
SQL: SELECT * FROM `sh_category` WHERE ( parent_id=79 )  [ RunTime:0.0000s ]
SQL: SELECT * FROM `sh_category` WHERE ( parent_id=60 )  [ RunTime:0.0000s ]
SQL: SELECT * FROM `sh_category` WHERE ( parent_id=81 )  [ RunTime:0.0000s ]
SQL: SELECT * FROM `sh_category` WHERE ( parent_id=61 )  [ RunTime:0.0000s ]
SQL: SELECT * FROM `sh_category` WHERE ( parent_id=83 )  [ RunTime:0.0000s ]
SQL: SELECT * FROM `sh_category` WHERE ( parent_id=62 )  [ RunTime:0.0000s ]
SQL: SELECT * FROM `sh_category` WHERE ( parent_id=85 )  [ RunTime:0.0000s ]
SQL: SELECT * FROM `sh_category` WHERE ( parent_id=63 )  [ RunTime:0.0156s ]
SQL: SELECT * FROM `sh_category` WHERE ( parent_id=87 )  [ RunTime:0.0000s ]
SQL: SELECT * FROM `sh_category` WHERE ( parent_id=64 )  [ RunTime:0.0000s ]
SQL: SELECT * FROM `sh_category` WHERE ( parent_id=89 )  [ RunTime:0.0000s ]
SQL: SELECT * FROM `sh_category` WHERE ( parent_id=65 )  [ RunTime:0.0000s ]
SQL: SELECT * FROM `sh_category` WHERE ( parent_id=91 )  [ RunTime:0.0156s ]
SQL: SELECT * FROM `sh_category` WHERE ( parent_id=66 )  [ RunTime:0.0000s ]
SQL: SELECT * FROM `sh_category` WHERE ( parent_id=93 )  [ RunTime:0.0000s ]
SQL: SHOW COLUMNS FROM `sh_goods` [ RunTime:0.0156s ]
SQL: select price from sh_member_price  where goods_id=73 and level_id=2 [ RunTime:0.0000s ]
SQL: SELECT `shop_price` FROM `sh_goods` WHERE ( id=73 ) LIMIT 1   [ RunTime:0.0000s ]
INFO: [ app_end ] --START--
INFO: Run Behavior\ShowPageTraceBehavior [ RunTime:0.000000s ]
INFO: [ app_end ] --END-- [ RunTime:0.000000s ]

[ 2015-10-02T21:46:57+08:00 ] 127.0.0.1 /Home/Index/ajaxGetRemark/pages/1/goods_id/73
INFO: [ app_begin ] --START--
INFO: Run Behavior\ReadHtmlCacheBehavior [ RunTime:0.000000s ]
INFO: [ app_begin ] --END-- [ RunTime:0.000000s ]
SQL: SHOW COLUMNS FROM `sh_article_cat` [ RunTime:0.0156s ]
SQL: SELECT * FROM `sh_article_cat`  [ RunTime:0.0000s ]
SQL: SHOW COLUMNS FROM `sh_article` [ RunTime:0.0156s ]
SQL: SELECT * FROM `sh_article` WHERE ( cat_id=3 )  [ RunTime:0.0000s ]
SQL: SELECT * FROM `sh_article` WHERE ( cat_id=2 )  [ RunTime:0.0000s ]
SQL: SELECT * FROM `sh_article` WHERE ( cat_id=4 )  [ RunTime:0.0000s ]
SQL: SELECT * FROM `sh_article` WHERE ( cat_id=5 )  [ RunTime:0.0000s ]
SQL: SELECT * FROM `sh_article` WHERE ( cat_id=6 )  [ RunTime:0.0000s ]
SQL: SHOW COLUMNS FROM `sh_buttons` [ RunTime:0.0156s ]
SQL: SELECT * FROM `sh_buttons`  [ RunTime:0.0000s ]
SQL: SHOW COLUMNS FROM `sh_shop_config` [ RunTime:0.0000s ]
SQL: SELECT * FROM `sh_shop_config`  [ RunTime:0.0156s ]
SQL: SHOW COLUMNS FROM `sh_category` [ RunTime:0.0000s ]
SQL: SELECT * FROM `sh_category` WHERE ( parent_id=0 )  [ RunTime:0.0000s ]
SQL: SELECT * FROM `sh_category` WHERE ( parent_id=55 )  [ RunTime:0.0000s ]
SQL: SELECT * FROM `sh_category` WHERE ( parent_id=67 )  [ RunTime:0.0000s ]
SQL: SELECT * FROM `sh_category` WHERE ( parent_id=54 )  [ RunTime:0.0156s ]
SQL: SELECT * FROM `sh_category` WHERE ( parent_id=71 )  [ RunTime:0.0000s ]
SQL: SELECT * FROM `sh_category` WHERE ( parent_id=58 )  [ RunTime:0.0000s ]
SQL: SELECT * FROM `sh_category` WHERE ( parent_id=73 )  [ RunTime:0.0000s ]
SQL: SELECT * FROM `sh_category` WHERE ( parent_id=57 )  [ RunTime:0.0000s ]
SQL: SELECT * FROM `sh_category` WHERE ( parent_id=75 )  [ RunTime:0.0000s ]
SQL: SELECT * FROM `sh_category` WHERE ( parent_id=56 )  [ RunTime:0.0000s ]
SQL: SELECT * FROM `sh_category` WHERE ( parent_id=77 )  [ RunTime:0.0000s ]
SQL: SELECT * FROM `sh_category` WHERE ( parent_id=59 )  [ RunTime:0.0000s ]
SQL: SELECT * FROM `sh_category` WHERE ( parent_id=79 )  [ RunTime:0.0000s ]
SQL: SELECT * FROM `sh_category` WHERE ( parent_id=60 )  [ RunTime:0.0000s ]
SQL: SELECT * FROM `sh_category` WHERE ( parent_id=81 )  [ RunTime:0.0000s ]
SQL: SELECT * FROM `sh_category` WHERE ( parent_id=61 )  [ RunTime:0.0000s ]
SQL: SELECT * FROM `sh_category` WHERE ( parent_id=83 )  [ RunTime:0.0000s ]
SQL: SELECT * FROM `sh_category` WHERE ( parent_id=62 )  [ RunTime:0.0000s ]
SQL: SELECT * FROM `sh_category` WHERE ( parent_id=85 )  [ RunTime:0.0000s ]
SQL: SELECT * FROM `sh_category` WHERE ( parent_id=63 )  [ RunTime:0.0000s ]
SQL: SELECT * FROM `sh_category` WHERE ( parent_id=87 )  [ RunTime:0.0000s ]
SQL: SELECT * FROM `sh_category` WHERE ( parent_id=64 )  [ RunTime:0.0000s ]
SQL: SELECT * FROM `sh_category` WHERE ( parent_id=89 )  [ RunTime:0.0000s ]
SQL: SELECT * FROM `sh_category` WHERE ( parent_id=65 )  [ RunTime:0.0000s ]
SQL: SELECT * FROM `sh_category` WHERE ( parent_id=91 )  [ RunTime:0.0000s ]
SQL: SELECT * FROM `sh_category` WHERE ( parent_id=66 )  [ RunTime:0.0000s ]
SQL: SELECT * FROM `sh_category` WHERE ( parent_id=93 )  [ RunTime:0.0000s ]
SQL: SHOW COLUMNS FROM `sh_remark` [ RunTime:0.0000s ]
SQL: select a.*,ifnull(b.username,'游客') username,ifnull(b.face,'http://www.xm.com/Public/Images/1.jpg') face from sh_remark a left join sh_member b on a.member_id=b.id where a.goods_id=73 order by a.id desc limit 0,2  [ RunTime:0.0000s ]
SQL: select * from sh_yinxiang where goods_id=73 [ RunTime:0.0156s ]
SQL: SELECT `star` FROM `sh_remark` WHERE ( goods_id=73 )  [ RunTime:0.0000s ]
NOTIC: [2] Division by zero D:\phpStudy\WWW\www.jd.com\Application\Home\Controller\IndexController.class.php 第 539 行.
NOTIC: [2] Division by zero D:\phpStudy\WWW\www.jd.com\Application\Home\Controller\IndexController.class.php 第 541 行.
NOTIC: [2] Division by zero D:\phpStudy\WWW\www.jd.com\Application\Home\Controller\IndexController.class.php 第 543 行.
INFO: [ app_end ] --START--
INFO: Run Behavior\ShowPageTraceBehavior [ RunTime:0.000000s ]
INFO: [ app_end ] --END-- [ RunTime:0.000000s ]

[ 2015-10-02T21:46:59+08:00 ] 127.0.0.1 /index.php/Home/Index/ajaxChkLogin
INFO: [ app_begin ] --START--
INFO: Run Behavior\ReadHtmlCacheBehavior [ RunTime:0.000000s ]
INFO: [ app_begin ] --END-- [ RunTime:0.000000s ]
SQL: SHOW COLUMNS FROM `sh_article_cat` [ RunTime:0.0000s ]
SQL: SELECT * FROM `sh_article_cat`  [ RunTime:0.0000s ]
SQL: SHOW COLUMNS FROM `sh_article` [ RunTime:0.0156s ]
SQL: SELECT * FROM `sh_article` WHERE ( cat_id=3 )  [ RunTime:0.0000s ]
SQL: SELECT * FROM `sh_article` WHERE ( cat_id=2 )  [ RunTime:0.0000s ]
SQL: SELECT * FROM `sh_article` WHERE ( cat_id=4 )  [ RunTime:0.0000s ]
SQL: SELECT * FROM `sh_article` WHERE ( cat_id=5 )  [ RunTime:0.0000s ]
SQL: SELECT * FROM `sh_article` WHERE ( cat_id=6 )  [ RunTime:0.0000s ]
SQL: SHOW COLUMNS FROM `sh_buttons` [ RunTime:0.0156s ]
SQL: SELECT * FROM `sh_buttons`  [ RunTime:0.0000s ]
SQL: SHOW COLUMNS FROM `sh_shop_config` [ RunTime:0.0156s ]
SQL: SELECT * FROM `sh_shop_config`  [ RunTime:0.0000s ]
SQL: SHOW COLUMNS FROM `sh_category` [ RunTime:0.0000s ]
SQL: SELECT * FROM `sh_category` WHERE ( parent_id=0 )  [ RunTime:0.0000s ]
SQL: SELECT * FROM `sh_category` WHERE ( parent_id=55 )  [ RunTime:0.0000s ]
SQL: SELECT * FROM `sh_category` WHERE ( parent_id=67 )  [ RunTime:0.0000s ]
SQL: SELECT * FROM `sh_category` WHERE ( parent_id=54 )  [ RunTime:0.0000s ]
SQL: SELECT * FROM `sh_category` WHERE ( parent_id=71 )  [ RunTime:0.0000s ]
SQL: SELECT * FROM `sh_category` WHERE ( parent_id=58 )  [ RunTime:0.0000s ]
SQL: SELECT * FROM `sh_category` WHERE ( parent_id=73 )  [ RunTime:0.0000s ]
SQL: SELECT * FROM `sh_category` WHERE ( parent_id=57 )  [ RunTime:0.0000s ]
SQL: SELECT * FROM `sh_category` WHERE ( parent_id=75 )  [ RunTime:0.0000s ]
SQL: SELECT * FROM `sh_category` WHERE ( parent_id=56 )  [ RunTime:0.0000s ]
SQL: SELECT * FROM `sh_category` WHERE ( parent_id=77 )  [ RunTime:0.0000s ]
SQL: SELECT * FROM `sh_category` WHERE ( parent_id=59 )  [ RunTime:0.0000s ]
SQL: SELECT * FROM `sh_category` WHERE ( parent_id=79 )  [ RunTime:0.0000s ]
SQL: SELECT * FROM `sh_category` WHERE ( parent_id=60 )  [ RunTime:0.0000s ]
SQL: SELECT * FROM `sh_category` WHERE ( parent_id=81 )  [ RunTime:0.0000s ]
SQL: SELECT * FROM `sh_category` WHERE ( parent_id=61 )  [ RunTime:0.0000s ]
SQL: SELECT * FROM `sh_category` WHERE ( parent_id=83 )  [ RunTime:0.0000s ]
SQL: SELECT * FROM `sh_category` WHERE ( parent_id=62 )  [ RunTime:0.0000s ]
SQL: SELECT * FROM `sh_category` WHERE ( parent_id=85 )  [ RunTime:0.0000s ]
SQL: SELECT * FROM `sh_category` WHERE ( parent_id=63 )  [ RunTime:0.0156s ]
SQL: SELECT * FROM `sh_category` WHERE ( parent_id=87 )  [ RunTime:0.0000s ]
SQL: SELECT * FROM `sh_category` WHERE ( parent_id=64 )  [ RunTime:0.0000s ]
SQL: SELECT * FROM `sh_category` WHERE ( parent_id=89 )  [ RunTime:0.0000s ]
SQL: SELECT * FROM `sh_category` WHERE ( parent_id=65 )  [ RunTime:0.0000s ]
SQL: SELECT * FROM `sh_category` WHERE ( parent_id=91 )  [ RunTime:0.0000s ]
SQL: SELECT * FROM `sh_category` WHERE ( parent_id=66 )  [ RunTime:0.0000s ]
SQL: SELECT * FROM `sh_category` WHERE ( parent_id=93 )  [ RunTime:0.0000s ]
INFO: [ app_end ] --START--
INFO: Run Behavior\ShowPageTraceBehavior [ RunTime:0.000000s ]
INFO: [ app_end ] --END-- [ RunTime:0.000000s ]

[ 2015-10-02T21:47:02+08:00 ] 127.0.0.1 /index.php/Home/Index/ajaxChkLogin
INFO: [ app_begin ] --START--
INFO: Run Behavior\ReadHtmlCacheBehavior [ RunTime:0.000000s ]
INFO: [ app_begin ] --END-- [ RunTime:0.000000s ]
SQL: SHOW COLUMNS FROM `sh_article_cat` [ RunTime:0.0156s ]
SQL: SELECT * FROM `sh_article_cat`  [ RunTime:0.0000s ]
SQL: SHOW COLUMNS FROM `sh_article` [ RunTime:0.0000s ]
SQL: SELECT * FROM `sh_article` WHERE ( cat_id=3 )  [ RunTime:0.0000s ]
SQL: SELECT * FROM `sh_article` WHERE ( cat_id=2 )  [ RunTime:0.0000s ]
SQL: SELECT * FROM `sh_article` WHERE ( cat_id=4 )  [ RunTime:0.0000s ]
SQL: SELECT * FROM `sh_article` WHERE ( cat_id=5 )  [ RunTime:0.0000s ]
SQL: SELECT * FROM `sh_article` WHERE ( cat_id=6 )  [ RunTime:0.0000s ]
SQL: SHOW COLUMNS FROM `sh_buttons` [ RunTime:0.0156s ]
SQL: SELECT * FROM `sh_buttons`  [ RunTime:0.0000s ]
SQL: SHOW COLUMNS FROM `sh_shop_config` [ RunTime:0.0000s ]
SQL: SELECT * FROM `sh_shop_config`  [ RunTime:0.0000s ]
SQL: SHOW COLUMNS FROM `sh_category` [ RunTime:0.0000s ]
SQL: SELECT * FROM `sh_category` WHERE ( parent_id=0 )  [ RunTime:0.0000s ]
SQL: SELECT * FROM `sh_category` WHERE ( parent_id=55 )  [ RunTime:0.0000s ]
SQL: SELECT * FROM `sh_category` WHERE ( parent_id=67 )  [ RunTime:0.0000s ]
SQL: SELECT * FROM `sh_category` WHERE ( parent_id=54 )  [ RunTime:0.0000s ]
SQL: SELECT * FROM `sh_category` WHERE ( parent_id=71 )  [ RunTime:0.0000s ]
SQL: SELECT * FROM `sh_category` WHERE ( parent_id=58 )  [ RunTime:0.0000s ]
SQL: SELECT * FROM `sh_category` WHERE ( parent_id=73 )  [ RunTime:0.0000s ]
SQL: SELECT * FROM `sh_category` WHERE ( parent_id=57 )  [ RunTime:0.0000s ]
SQL: SELECT * FROM `sh_category` WHERE ( parent_id=75 )  [ RunTime:0.0000s ]
SQL: SELECT * FROM `sh_category` WHERE ( parent_id=56 )  [ RunTime:0.0000s ]
SQL: SELECT * FROM `sh_category` WHERE ( parent_id=77 )  [ RunTime:0.0000s ]
SQL: SELECT * FROM `sh_category` WHERE ( parent_id=59 )  [ RunTime:0.0000s ]
SQL: SELECT * FROM `sh_category` WHERE ( parent_id=79 )  [ RunTime:0.0000s ]
SQL: SELECT * FROM `sh_category` WHERE ( parent_id=60 )  [ RunTime:0.0000s ]
SQL: SELECT * FROM `sh_category` WHERE ( parent_id=81 )  [ RunTime:0.0000s ]
SQL: SELECT * FROM `sh_category` WHERE ( parent_id=61 )  [ RunTime:0.0000s ]
SQL: SELECT * FROM `sh_category` WHERE ( parent_id=83 )  [ RunTime:0.0000s ]
SQL: SELECT * FROM `sh_category` WHERE ( parent_id=62 )  [ RunTime:0.0000s ]
SQL: SELECT * FROM `sh_category` WHERE ( parent_id=85 )  [ RunTime:0.0000s ]
SQL: SELECT * FROM `sh_category` WHERE ( parent_id=63 )  [ RunTime:0.0000s ]
SQL: SELECT * FROM `sh_category` WHERE ( parent_id=87 )  [ RunTime:0.0000s ]
SQL: SELECT * FROM `sh_category` WHERE ( parent_id=64 )  [ RunTime:0.0000s ]
SQL: SELECT * FROM `sh_category` WHERE ( parent_id=89 )  [ RunTime:0.0000s ]
SQL: SELECT * FROM `sh_category` WHERE ( parent_id=65 )  [ RunTime:0.0000s ]
SQL: SELECT * FROM `sh_category` WHERE ( parent_id=91 )  [ RunTime:0.0000s ]
SQL: SELECT * FROM `sh_category` WHERE ( parent_id=66 )  [ RunTime:0.0000s ]
SQL: SELECT * FROM `sh_category` WHERE ( parent_id=93 )  [ RunTime:0.0156s ]
INFO: [ app_end ] --START--
INFO: Run Behavior\ShowPageTraceBehavior [ RunTime:0.000000s ]
INFO: [ app_end ] --END-- [ RunTime:0.000000s ]

[ 2015-10-02T21:47:04+08:00 ] 127.0.0.1 /index.php/Home/Index/ajaxChkLogin
INFO: [ app_begin ] --START--
INFO: Run Behavior\ReadHtmlCacheBehavior [ RunTime:0.015625s ]
INFO: [ app_begin ] --END-- [ RunTime:0.015625s ]
SQL: SHOW COLUMNS FROM `sh_article_cat` [ RunTime:0.0000s ]
SQL: SELECT * FROM `sh_article_cat`  [ RunTime:0.0000s ]
SQL: SHOW COLUMNS FROM `sh_article` [ RunTime:0.0156s ]
SQL: SELECT * FROM `sh_article` WHERE ( cat_id=3 )  [ RunTime:0.0000s ]
SQL: SELECT * FROM `sh_article` WHERE ( cat_id=2 )  [ RunTime:0.0000s ]
SQL: SELECT * FROM `sh_article` WHERE ( cat_id=4 )  [ RunTime:0.0000s ]
SQL: SELECT * FROM `sh_article` WHERE ( cat_id=5 )  [ RunTime:0.0000s ]
SQL: SELECT * FROM `sh_article` WHERE ( cat_id=6 )  [ RunTime:0.0000s ]
SQL: SHOW COLUMNS FROM `sh_buttons` [ RunTime:0.0000s ]
SQL: SELECT * FROM `sh_buttons`  [ RunTime:0.0000s ]
SQL: SHOW COLUMNS FROM `sh_shop_config` [ RunTime:0.0000s ]
SQL: SELECT * FROM `sh_shop_config`  [ RunTime:0.0000s ]
SQL: SHOW COLUMNS FROM `sh_category` [ RunTime:0.0156s ]
SQL: SELECT * FROM `sh_category` WHERE ( parent_id=0 )  [ RunTime:0.0000s ]
SQL: SELECT * FROM `sh_category` WHERE ( parent_id=55 )  [ RunTime:0.0000s ]
SQL: SELECT * FROM `sh_category` WHERE ( parent_id=67 )  [ RunTime:0.0000s ]
SQL: SELECT * FROM `sh_category` WHERE ( parent_id=54 )  [ RunTime:0.0000s ]
SQL: SELECT * FROM `sh_category` WHERE ( parent_id=71 )  [ RunTime:0.0000s ]
SQL: SELECT * FROM `sh_category` WHERE ( parent_id=58 )  [ RunTime:0.0000s ]
SQL: SELECT * FROM `sh_category` WHERE ( parent_id=73 )  [ RunTime:0.0000s ]
SQL: SELECT * FROM `sh_category` WHERE ( parent_id=57 )  [ RunTime:0.0000s ]
SQL: SELECT * FROM `sh_category` WHERE ( parent_id=75 )  [ RunTime:0.0000s ]
SQL: SELECT * FROM `sh_category` WHERE ( parent_id=56 )  [ RunTime:0.0000s ]
SQL: SELECT * FROM `sh_category` WHERE ( parent_id=77 )  [ RunTime:0.0000s ]
SQL: SELECT * FROM `sh_category` WHERE ( parent_id=59 )  [ RunTime:0.0000s ]
SQL: SELECT * FROM `sh_category` WHERE ( parent_id=79 )  [ RunTime:0.0000s ]
SQL: SELECT * FROM `sh_category` WHERE ( parent_id=60 )  [ RunTime:0.0000s ]
SQL: SELECT * FROM `sh_category` WHERE ( parent_id=81 )  [ RunTime:0.0000s ]
SQL: SELECT * FROM `sh_category` WHERE ( parent_id=61 )  [ RunTime:0.0000s ]
SQL: SELECT * FROM `sh_category` WHERE ( parent_id=83 )  [ RunTime:0.0000s ]
SQL: SELECT * FROM `sh_category` WHERE ( parent_id=62 )  [ RunTime:0.0156s ]
SQL: SELECT * FROM `sh_category` WHERE ( parent_id=85 )  [ RunTime:0.0000s ]
SQL: SELECT * FROM `sh_category` WHERE ( parent_id=63 )  [ RunTime:0.0000s ]
SQL: SELECT * FROM `sh_category` WHERE ( parent_id=87 )  [ RunTime:0.0000s ]
SQL: SELECT * FROM `sh_category` WHERE ( parent_id=64 )  [ RunTime:0.0000s ]
SQL: SELECT * FROM `sh_category` WHERE ( parent_id=89 )  [ RunTime:0.0000s ]
SQL: SELECT * FROM `sh_category` WHERE ( parent_id=65 )  [ RunTime:0.0000s ]
SQL: SELECT * FROM `sh_category` WHERE ( parent_id=91 )  [ RunTime:0.0000s ]
SQL: SELECT * FROM `sh_category` WHERE ( parent_id=66 )  [ RunTime:0.0000s ]
SQL: SELECT * FROM `sh_category` WHERE ( parent_id=93 )  [ RunTime:0.0000s ]
INFO: [ app_end ] --START--
INFO: Run Behavior\ShowPageTraceBehavior [ RunTime:0.000000s ]
INFO: [ app_end ] --END-- [ RunTime:0.000000s ]

[ 2015-10-02T21:47:07+08:00 ] 127.0.0.1 /index.php/Home/Index/ajaxChkLogin
INFO: [ app_begin ] --START--
INFO: Run Behavior\ReadHtmlCacheBehavior [ RunTime:0.000000s ]
INFO: [ app_begin ] --END-- [ RunTime:0.000000s ]
SQL: SHOW COLUMNS FROM `sh_article_cat` [ RunTime:0.0156s ]
SQL: SELECT * FROM `sh_article_cat`  [ RunTime:0.0000s ]
SQL: SHOW COLUMNS FROM `sh_article` [ RunTime:0.0156s ]
SQL: SELECT * FROM `sh_article` WHERE ( cat_id=3 )  [ RunTime:0.0000s ]
SQL: SELECT * FROM `sh_article` WHERE ( cat_id=2 )  [ RunTime:0.0000s ]
SQL: SELECT * FROM `sh_article` WHERE ( cat_id=4 )  [ RunTime:0.0000s ]
SQL: SELECT * FROM `sh_article` WHERE ( cat_id=5 )  [ RunTime:0.0000s ]
SQL: SELECT * FROM `sh_article` WHERE ( cat_id=6 )  [ RunTime:0.0000s ]
SQL: SHOW COLUMNS FROM `sh_buttons` [ RunTime:0.0000s ]
SQL: SELECT * FROM `sh_buttons`  [ RunTime:0.0000s ]
SQL: SHOW COLUMNS FROM `sh_shop_config` [ RunTime:0.0156s ]
SQL: SELECT * FROM `sh_shop_config`  [ RunTime:0.0000s ]
SQL: SHOW COLUMNS FROM `sh_category` [ RunTime:0.0000s ]
SQL: SELECT * FROM `sh_category` WHERE ( parent_id=0 )  [ RunTime:0.0000s ]
SQL: SELECT * FROM `sh_category` WHERE ( parent_id=55 )  [ RunTime:0.0156s ]
SQL: SELECT * FROM `sh_category` WHERE ( parent_id=67 )  [ RunTime:0.0000s ]
SQL: SELECT * FROM `sh_category` WHERE ( parent_id=54 )  [ RunTime:0.0000s ]
SQL: SELECT * FROM `sh_category` WHERE ( parent_id=71 )  [ RunTime:0.0000s ]
SQL: SELECT * FROM `sh_category` WHERE ( parent_id=58 )  [ RunTime:0.0000s ]
SQL: SELECT * FROM `sh_category` WHERE ( parent_id=73 )  [ RunTime:0.0000s ]
SQL: SELECT * FROM `sh_category` WHERE ( parent_id=57 )  [ RunTime:0.0000s ]
SQL: SELECT * FROM `sh_category` WHERE ( parent_id=75 )  [ RunTime:0.0000s ]
SQL: SELECT * FROM `sh_category` WHERE ( parent_id=56 )  [ RunTime:0.0000s ]
SQL: SELECT * FROM `sh_category` WHERE ( parent_id=77 )  [ RunTime:0.0000s ]
SQL: SELECT * FROM `sh_category` WHERE ( parent_id=59 )  [ RunTime:0.0000s ]
SQL: SELECT * FROM `sh_category` WHERE ( parent_id=79 )  [ RunTime:0.0000s ]
SQL: SELECT * FROM `sh_category` WHERE ( parent_id=60 )  [ RunTime:0.0000s ]
SQL: SELECT * FROM `sh_category` WHERE ( parent_id=81 )  [ RunTime:0.0000s ]
SQL: SELECT * FROM `sh_category` WHERE ( parent_id=61 )  [ RunTime:0.0000s ]
SQL: SELECT * FROM `sh_category` WHERE ( parent_id=83 )  [ RunTime:0.0000s ]
SQL: SELECT * FROM `sh_category` WHERE ( parent_id=62 )  [ RunTime:0.0000s ]
SQL: SELECT * FROM `sh_category` WHERE ( parent_id=85 )  [ RunTime:0.0000s ]
SQL: SELECT * FROM `sh_category` WHERE ( parent_id=63 )  [ RunTime:0.0000s ]
SQL: SELECT * FROM `sh_category` WHERE ( parent_id=87 )  [ RunTime:0.0000s ]
SQL: SELECT * FROM `sh_category` WHERE ( parent_id=64 )  [ RunTime:0.0000s ]
SQL: SELECT * FROM `sh_category` WHERE ( parent_id=89 )  [ RunTime:0.0000s ]
SQL: SELECT * FROM `sh_category` WHERE ( parent_id=65 )  [ RunTime:0.0156s ]
SQL: SELECT * FROM `sh_category` WHERE ( parent_id=91 )  [ RunTime:0.0000s ]
SQL: SELECT * FROM `sh_category` WHERE ( parent_id=66 )  [ RunTime:0.0000s ]
SQL: SELECT * FROM `sh_category` WHERE ( parent_id=93 )  [ RunTime:0.0000s ]
INFO: [ app_end ] --START--
INFO: Run Behavior\ShowPageTraceBehavior [ RunTime:0.000000s ]
INFO: [ app_end ] --END-- [ RunTime:0.000000s ]

[ 2015-10-02T21:47:09+08:00 ] 127.0.0.1 /index.php/Home/Index/ajaxChkLogin
INFO: [ app_begin ] --START--
INFO: Run Behavior\ReadHtmlCacheBehavior [ RunTime:0.000000s ]
INFO: [ app_begin ] --END-- [ RunTime:0.000000s ]
SQL: SHOW COLUMNS FROM `sh_article_cat` [ RunTime:0.0000s ]
SQL: SELECT * FROM `sh_article_cat`  [ RunTime:0.0156s ]
SQL: SHOW COLUMNS FROM `sh_article` [ RunTime:0.0000s ]
SQL: SELECT * FROM `sh_article` WHERE ( cat_id=3 )  [ RunTime:0.0000s ]
SQL: SELECT * FROM `sh_article` WHERE ( cat_id=2 )  [ RunTime:0.0000s ]
SQL: SELECT * FROM `sh_article` WHERE ( cat_id=4 )  [ RunTime:0.0000s ]
SQL: SELECT * FROM `sh_article` WHERE ( cat_id=5 )  [ RunTime:0.0000s ]
SQL: SELECT * FROM `sh_article` WHERE ( cat_id=6 )  [ RunTime:0.0000s ]
SQL: SHOW COLUMNS FROM `sh_buttons` [ RunTime:0.0156s ]
SQL: SELECT * FROM `sh_buttons`  [ RunTime:0.0000s ]
SQL: SHOW COLUMNS FROM `sh_shop_config` [ RunTime:0.0000s ]
SQL: SELECT * FROM `sh_shop_config`  [ RunTime:0.0000s ]
SQL: SHOW COLUMNS FROM `sh_category` [ RunTime:0.0000s ]
SQL: SELECT * FROM `sh_category` WHERE ( parent_id=0 )  [ RunTime:0.0000s ]
SQL: SELECT * FROM `sh_category` WHERE ( parent_id=55 )  [ RunTime:0.0000s ]
SQL: SELECT * FROM `sh_category` WHERE ( parent_id=67 )  [ RunTime:0.0000s ]
SQL: SELECT * FROM `sh_category` WHERE ( parent_id=54 )  [ RunTime:0.0000s ]
SQL: SELECT * FROM `sh_category` WHERE ( parent_id=71 )  [ RunTime:0.0000s ]
SQL: SELECT * FROM `sh_category` WHERE ( parent_id=58 )  [ RunTime:0.0000s ]
SQL: SELECT * FROM `sh_category` WHERE ( parent_id=73 )  [ RunTime:0.0000s ]
SQL: SELECT * FROM `sh_category` WHERE ( parent_id=57 )  [ RunTime:0.0000s ]
SQL: SELECT * FROM `sh_category` WHERE ( parent_id=75 )  [ RunTime:0.0000s ]
SQL: SELECT * FROM `sh_category` WHERE ( parent_id=56 )  [ RunTime:0.0000s ]
SQL: SELECT * FROM `sh_category` WHERE ( parent_id=77 )  [ RunTime:0.0000s ]
SQL: SELECT * FROM `sh_category` WHERE ( parent_id=59 )  [ RunTime:0.0000s ]
SQL: SELECT * FROM `sh_category` WHERE ( parent_id=79 )  [ RunTime:0.0000s ]
SQL: SELECT * FROM `sh_category` WHERE ( parent_id=60 )  [ RunTime:0.0000s ]
SQL: SELECT * FROM `sh_category` WHERE ( parent_id=81 )  [ RunTime:0.0000s ]
SQL: SELECT * FROM `sh_category` WHERE ( parent_id=61 )  [ RunTime:0.0000s ]
SQL: SELECT * FROM `sh_category` WHERE ( parent_id=83 )  [ RunTime:0.0000s ]
SQL: SELECT * FROM `sh_category` WHERE ( parent_id=62 )  [ RunTime:0.0000s ]
SQL: SELECT * FROM `sh_category` WHERE ( parent_id=85 )  [ RunTime:0.0000s ]
SQL: SELECT * FROM `sh_category` WHERE ( parent_id=63 )  [ RunTime:0.0000s ]
SQL: SELECT * FROM `sh_category` WHERE ( parent_id=87 )  [ RunTime:0.0000s ]
SQL: SELECT * FROM `sh_category` WHERE ( parent_id=64 )  [ RunTime:0.0000s ]
SQL: SELECT * FROM `sh_category` WHERE ( parent_id=89 )  [ RunTime:0.0000s ]
SQL: SELECT * FROM `sh_category` WHERE ( parent_id=65 )  [ RunTime:0.0000s ]
SQL: SELECT * FROM `sh_category` WHERE ( parent_id=91 )  [ RunTime:0.0000s ]
SQL: SELECT * FROM `sh_category` WHERE ( parent_id=66 )  [ RunTime:0.0156s ]
SQL: SELECT * FROM `sh_category` WHERE ( parent_id=93 )  [ RunTime:0.0000s ]
INFO: [ app_end ] --START--
INFO: Run Behavior\ShowPageTraceBehavior [ RunTime:0.000000s ]
INFO: [ app_end ] --END-- [ RunTime:0.000000s ]

[ 2015-10-02T21:47:12+08:00 ] 127.0.0.1 /index.php/Home/Index/ajaxChkLogin
INFO: [ app_begin ] --START--
INFO: Run Behavior\ReadHtmlCacheBehavior [ RunTime:0.000000s ]
INFO: [ app_begin ] --END-- [ RunTime:0.000000s ]
SQL: SHOW COLUMNS FROM `sh_article_cat` [ RunTime:0.0000s ]
SQL: SELECT * FROM `sh_article_cat`  [ RunTime:0.0000s ]
SQL: SHOW COLUMNS FROM `sh_article` [ RunTime:0.0156s ]
SQL: SELECT * FROM `sh_article` WHERE ( cat_id=3 )  [ RunTime:0.0000s ]
SQL: SELECT * FROM `sh_article` WHERE ( cat_id=2 )  [ RunTime:0.0000s ]
SQL: SELECT * FROM `sh_article` WHERE ( cat_id=4 )  [ RunTime:0.0000s ]
SQL: SELECT * FROM `sh_article` WHERE ( cat_id=5 )  [ RunTime:0.0000s ]
SQL: SELECT * FROM `sh_article` WHERE ( cat_id=6 )  [ RunTime:0.0000s ]
SQL: SHOW COLUMNS FROM `sh_buttons` [ RunTime:0.0156s ]
SQL: SELECT * FROM `sh_buttons`  [ RunTime:0.0000s ]
SQL: SHOW COLUMNS FROM `sh_shop_config` [ RunTime:0.0000s ]
SQL: SELECT * FROM `sh_shop_config`  [ RunTime:0.0000s ]
SQL: SHOW COLUMNS FROM `sh_category` [ RunTime:0.0156s ]
SQL: SELECT * FROM `sh_category` WHERE ( parent_id=0 )  [ RunTime:0.0000s ]
SQL: SELECT * FROM `sh_category` WHERE ( parent_id=55 )  [ RunTime:0.0000s ]
SQL: SELECT * FROM `sh_category` WHERE ( parent_id=67 )  [ RunTime:0.0000s ]
SQL: SELECT * FROM `sh_category` WHERE ( parent_id=54 )  [ RunTime:0.0000s ]
SQL: SELECT * FROM `sh_category` WHERE ( parent_id=71 )  [ RunTime:0.0000s ]
SQL: SELECT * FROM `sh_category` WHERE ( parent_id=58 )  [ RunTime:0.0000s ]
SQL: SELECT * FROM `sh_category` WHERE ( parent_id=73 )  [ RunTime:0.0000s ]
SQL: SELECT * FROM `sh_category` WHERE ( parent_id=57 )  [ RunTime:0.0000s ]
SQL: SELECT * FROM `sh_category` WHERE ( parent_id=75 )  [ RunTime:0.0000s ]
SQL: SELECT * FROM `sh_category` WHERE ( parent_id=56 )  [ RunTime:0.0000s ]
SQL: SELECT * FROM `sh_category` WHERE ( parent_id=77 )  [ RunTime:0.0000s ]
SQL: SELECT * FROM `sh_category` WHERE ( parent_id=59 )  [ RunTime:0.0000s ]
SQL: SELECT * FROM `sh_category` WHERE ( parent_id=79 )  [ RunTime:0.0000s ]
SQL: SELECT * FROM `sh_category` WHERE ( parent_id=60 )  [ RunTime:0.0000s ]
SQL: SELECT * FROM `sh_category` WHERE ( parent_id=81 )  [ RunTime:0.0000s ]
SQL: SELECT * FROM `sh_category` WHERE ( parent_id=61 )  [ RunTime:0.0000s ]
SQL: SELECT * FROM `sh_category` WHERE ( parent_id=83 )  [ RunTime:0.0156s ]
SQL: SELECT * FROM `sh_category` WHERE ( parent_id=62 )  [ RunTime:0.0000s ]
SQL: SELECT * FROM `sh_category` WHERE ( parent_id=85 )  [ RunTime:0.0000s ]
SQL: SELECT * FROM `sh_category` WHERE ( parent_id=63 )  [ RunTime:0.0000s ]
SQL: SELECT * FROM `sh_category` WHERE ( parent_id=87 )  [ RunTime:0.0000s ]
SQL: SELECT * FROM `sh_category` WHERE ( parent_id=64 )  [ RunTime:0.0000s ]
SQL: SELECT * FROM `sh_category` WHERE ( parent_id=89 )  [ RunTime:0.0000s ]
SQL: SELECT * FROM `sh_category` WHERE ( parent_id=65 )  [ RunTime:0.0000s ]
SQL: SELECT * FROM `sh_category` WHERE ( parent_id=91 )  [ RunTime:0.0000s ]
SQL: SELECT * FROM `sh_category` WHERE ( parent_id=66 )  [ RunTime:0.0000s ]
SQL: SELECT * FROM `sh_category` WHERE ( parent_id=93 )  [ RunTime:0.0000s ]
INFO: [ app_end ] --START--
INFO: Run Behavior\ShowPageTraceBehavior [ RunTime:0.000000s ]
INFO: [ app_end ] --END-- [ RunTime:0.000000s ]

[ 2015-10-02T21:47:15+08:00 ] 127.0.0.1 /index.php/Home/Index/ajaxChkLogin
INFO: [ app_begin ] --START--
INFO: Run Behavior\ReadHtmlCacheBehavior [ RunTime:0.000000s ]
INFO: [ app_begin ] --END-- [ RunTime:0.000000s ]
SQL: SHOW COLUMNS FROM `sh_article_cat` [ RunTime:0.0156s ]
SQL: SELECT * FROM `sh_article_cat`  [ RunTime:0.0000s ]
SQL: SHOW COLUMNS FROM `sh_article` [ RunTime:0.0000s ]
SQL: SELECT * FROM `sh_article` WHERE ( cat_id=3 )  [ RunTime:0.0000s ]
SQL: SELECT * FROM `sh_article` WHERE ( cat_id=2 )  [ RunTime:0.0000s ]
SQL: SELECT * FROM `sh_article` WHERE ( cat_id=4 )  [ RunTime:0.0000s ]
SQL: SELECT * FROM `sh_article` WHERE ( cat_id=5 )  [ RunTime:0.0000s ]
SQL: SELECT * FROM `sh_article` WHERE ( cat_id=6 )  [ RunTime:0.0000s ]
SQL: SHOW COLUMNS FROM `sh_buttons` [ RunTime:0.0156s ]
SQL: SELECT * FROM `sh_buttons`  [ RunTime:0.0000s ]
SQL: SHOW COLUMNS FROM `sh_shop_config` [ RunTime:0.0156s ]
SQL: SELECT * FROM `sh_shop_config`  [ RunTime:0.0000s ]
SQL: SHOW COLUMNS FROM `sh_category` [ RunTime:0.0000s ]
SQL: SELECT * FROM `sh_category` WHERE ( parent_id=0 )  [ RunTime:0.0000s ]
SQL: SELECT * FROM `sh_category` WHERE ( parent_id=55 )  [ RunTime:0.0000s ]
SQL: SELECT * FROM `sh_category` WHERE ( parent_id=67 )  [ RunTime:0.0000s ]
SQL: SELECT * FROM `sh_category` WHERE ( parent_id=54 )  [ RunTime:0.0000s ]
SQL: SELECT * FROM `sh_category` WHERE ( parent_id=71 )  [ RunTime:0.0000s ]
SQL: SELECT * FROM `sh_category` WHERE ( parent_id=58 )  [ RunTime:0.0000s ]
SQL: SELECT * FROM `sh_category` WHERE ( parent_id=73 )  [ RunTime:0.0156s ]
SQL: SELECT * FROM `sh_category` WHERE ( parent_id=57 )  [ RunTime:0.0000s ]
SQL: SELECT * FROM `sh_category` WHERE ( parent_id=75 )  [ RunTime:0.0000s ]
SQL: SELECT * FROM `sh_category` WHERE ( parent_id=56 )  [ RunTime:0.0000s ]
SQL: SELECT * FROM `sh_category` WHERE ( parent_id=77 )  [ RunTime:0.0000s ]
SQL: SELECT * FROM `sh_category` WHERE ( parent_id=59 )  [ RunTime:0.0000s ]
SQL: SELECT * FROM `sh_category` WHERE ( parent_id=79 )  [ RunTime:0.0000s ]
SQL: SELECT * FROM `sh_category` WHERE ( parent_id=60 )  [ RunTime:0.0000s ]
SQL: SELECT * FROM `sh_category` WHERE ( parent_id=81 )  [ RunTime:0.0000s ]
SQL: SELECT * FROM `sh_category` WHERE ( parent_id=61 )  [ RunTime:0.0000s ]
SQL: SELECT * FROM `sh_category` WHERE ( parent_id=83 )  [ RunTime:0.0000s ]
SQL: SELECT * FROM `sh_category` WHERE ( parent_id=62 )  [ RunTime:0.0000s ]
SQL: SELECT * FROM `sh_category` WHERE ( parent_id=85 )  [ RunTime:0.0000s ]
SQL: SELECT * FROM `sh_category` WHERE ( parent_id=63 )  [ RunTime:0.0000s ]
SQL: SELECT * FROM `sh_category` WHERE ( parent_id=87 )  [ RunTime:0.0000s ]
SQL: SELECT * FROM `sh_category` WHERE ( parent_id=64 )  [ RunTime:0.0000s ]
SQL: SELECT * FROM `sh_category` WHERE ( parent_id=89 )  [ RunTime:0.0000s ]
SQL: SELECT * FROM `sh_category` WHERE ( parent_id=65 )  [ RunTime:0.0000s ]
SQL: SELECT * FROM `sh_category` WHERE ( parent_id=91 )  [ RunTime:0.0000s ]
SQL: SELECT * FROM `sh_category` WHERE ( parent_id=66 )  [ RunTime:0.0000s ]
SQL: SELECT * FROM `sh_category` WHERE ( parent_id=93 )  [ RunTime:0.0000s ]
INFO: [ app_end ] --START--
INFO: Run Behavior\ShowPageTraceBehavior [ RunTime:0.000000s ]
INFO: [ app_end ] --END-- [ RunTime:0.000000s ]

[ 2015-10-02T21:59:33+08:00 ] 127.0.0.1 /index.php/Home/Index/ajaxChkLogin
INFO: [ app_begin ] --START--
INFO: Run Behavior\ReadHtmlCacheBehavior [ RunTime:0.000000s ]
INFO: [ app_begin ] --END-- [ RunTime:0.000000s ]
SQL: SHOW COLUMNS FROM `sh_article_cat` [ RunTime:0.0000s ]
SQL: SELECT * FROM `sh_article_cat`  [ RunTime:0.0000s ]
SQL: SHOW COLUMNS FROM `sh_article` [ RunTime:0.0156s ]
SQL: SELECT * FROM `sh_article` WHERE ( cat_id=3 )  [ RunTime:0.0000s ]
SQL: SELECT * FROM `sh_article` WHERE ( cat_id=2 )  [ RunTime:0.0000s ]
SQL: SELECT * FROM `sh_article` WHERE ( cat_id=4 )  [ RunTime:0.0000s ]
SQL: SELECT * FROM `sh_article` WHERE ( cat_id=5 )  [ RunTime:0.0000s ]
SQL: SELECT * FROM `sh_article` WHERE ( cat_id=6 )  [ RunTime:0.0000s ]
SQL: SHOW COLUMNS FROM `sh_buttons` [ RunTime:0.0000s ]
SQL: SELECT * FROM `sh_buttons`  [ RunTime:0.0000s ]
SQL: SHOW COLUMNS FROM `sh_shop_config` [ RunTime:0.0156s ]
SQL: SELECT * FROM `sh_shop_config`  [ RunTime:0.0000s ]
SQL: SHOW COLUMNS FROM `sh_category` [ RunTime:0.0156s ]
SQL: SELECT * FROM `sh_category` WHERE ( parent_id=0 )  [ RunTime:0.0000s ]
SQL: SELECT * FROM `sh_category` WHERE ( parent_id=55 )  [ RunTime:0.0000s ]
SQL: SELECT * FROM `sh_category` WHERE ( parent_id=67 )  [ RunTime:0.0000s ]
SQL: SELECT * FROM `sh_category` WHERE ( parent_id=54 )  [ RunTime:0.0000s ]
SQL: SELECT * FROM `sh_category` WHERE ( parent_id=71 )  [ RunTime:0.0000s ]
SQL: SELECT * FROM `sh_category` WHERE ( parent_id=58 )  [ RunTime:0.0000s ]
SQL: SELECT * FROM `sh_category` WHERE ( parent_id=73 )  [ RunTime:0.0000s ]
SQL: SELECT * FROM `sh_category` WHERE ( parent_id=57 )  [ RunTime:0.0000s ]
SQL: SELECT * FROM `sh_category` WHERE ( parent_id=75 )  [ RunTime:0.0000s ]
SQL: SELECT * FROM `sh_category` WHERE ( parent_id=56 )  [ RunTime:0.0000s ]
SQL: SELECT * FROM `sh_category` WHERE ( parent_id=77 )  [ RunTime:0.0000s ]
SQL: SELECT * FROM `sh_category` WHERE ( parent_id=59 )  [ RunTime:0.0000s ]
SQL: SELECT * FROM `sh_category` WHERE ( parent_id=79 )  [ RunTime:0.0000s ]
SQL: SELECT * FROM `sh_category` WHERE ( parent_id=60 )  [ RunTime:0.0000s ]
SQL: SELECT * FROM `sh_category` WHERE ( parent_id=81 )  [ RunTime:0.0000s ]
SQL: SELECT * FROM `sh_category` WHERE ( parent_id=61 )  [ RunTime:0.0000s ]
SQL: SELECT * FROM `sh_category` WHERE ( parent_id=83 )  [ RunTime:0.0000s ]
SQL: SELECT * FROM `sh_category` WHERE ( parent_id=62 )  [ RunTime:0.0156s ]
SQL: SELECT * FROM `sh_category` WHERE ( parent_id=85 )  [ RunTime:0.0000s ]
SQL: SELECT * FROM `sh_category` WHERE ( parent_id=63 )  [ RunTime:0.0000s ]
SQL: SELECT * FROM `sh_category` WHERE ( parent_id=87 )  [ RunTime:0.0000s ]
SQL: SELECT * FROM `sh_category` WHERE ( parent_id=64 )  [ RunTime:0.0000s ]
SQL: SELECT * FROM `sh_category` WHERE ( parent_id=89 )  [ RunTime:0.0000s ]
SQL: SELECT * FROM `sh_category` WHERE ( parent_id=65 )  [ RunTime:0.0000s ]
SQL: SELECT * FROM `sh_category` WHERE ( parent_id=91 )  [ RunTime:0.0000s ]
SQL: SELECT * FROM `sh_category` WHERE ( parent_id=66 )  [ RunTime:0.0000s ]
SQL: SELECT * FROM `sh_category` WHERE ( parent_id=93 )  [ RunTime:0.0000s ]
INFO: [ app_end ] --START--
INFO: Run Behavior\ShowPageTraceBehavior [ RunTime:0.000000s ]
INFO: [ app_end ] --END-- [ RunTime:0.000000s ]

[ 2015-10-02T21:59:45+08:00 ] 127.0.0.1 /index.php/Home/Index/ajaxChkLogin
INFO: [ app_begin ] --START--
INFO: Run Behavior\ReadHtmlCacheBehavior [ RunTime:0.000000s ]
INFO: [ app_begin ] --END-- [ RunTime:0.000000s ]
SQL: SHOW COLUMNS FROM `sh_article_cat` [ RunTime:0.0000s ]
SQL: SELECT * FROM `sh_article_cat`  [ RunTime:0.0000s ]
SQL: SHOW COLUMNS FROM `sh_article` [ RunTime:0.0156s ]
SQL: SELECT * FROM `sh_article` WHERE ( cat_id=3 )  [ RunTime:0.0000s ]
SQL: SELECT * FROM `sh_article` WHERE ( cat_id=2 )  [ RunTime:0.0000s ]
SQL: SELECT * FROM `sh_article` WHERE ( cat_id=4 )  [ RunTime:0.0000s ]
SQL: SELECT * FROM `sh_article` WHERE ( cat_id=5 )  [ RunTime:0.0000s ]
SQL: SELECT * FROM `sh_article` WHERE ( cat_id=6 )  [ RunTime:0.0000s ]
SQL: SHOW COLUMNS FROM `sh_buttons` [ RunTime:0.0000s ]
SQL: SELECT * FROM `sh_buttons`  [ RunTime:0.0156s ]
SQL: SHOW COLUMNS FROM `sh_shop_config` [ RunTime:0.0000s ]
SQL: SELECT * FROM `sh_shop_config`  [ RunTime:0.0000s ]
SQL: SHOW COLUMNS FROM `sh_category` [ RunTime:0.0156s ]
SQL: SELECT * FROM `sh_category` WHERE ( parent_id=0 )  [ RunTime:0.0000s ]
SQL: SELECT * FROM `sh_category` WHERE ( parent_id=55 )  [ RunTime:0.0000s ]
SQL: SELECT * FROM `sh_category` WHERE ( parent_id=67 )  [ RunTime:0.0000s ]
SQL: SELECT * FROM `sh_category` WHERE ( parent_id=54 )  [ RunTime:0.0000s ]
SQL: SELECT * FROM `sh_category` WHERE ( parent_id=71 )  [ RunTime:0.0000s ]
SQL: SELECT * FROM `sh_category` WHERE ( parent_id=58 )  [ RunTime:0.0000s ]
SQL: SELECT * FROM `sh_category` WHERE ( parent_id=73 )  [ RunTime:0.0000s ]
SQL: SELECT * FROM `sh_category` WHERE ( parent_id=57 )  [ RunTime:0.0000s ]
SQL: SELECT * FROM `sh_category` WHERE ( parent_id=75 )  [ RunTime:0.0000s ]
SQL: SELECT * FROM `sh_category` WHERE ( parent_id=56 )  [ RunTime:0.0000s ]
SQL: SELECT * FROM `sh_category` WHERE ( parent_id=77 )  [ RunTime:0.0000s ]
SQL: SELECT * FROM `sh_category` WHERE ( parent_id=59 )  [ RunTime:0.0000s ]
SQL: SELECT * FROM `sh_category` WHERE ( parent_id=79 )  [ RunTime:0.0000s ]
SQL: SELECT * FROM `sh_category` WHERE ( parent_id=60 )  [ RunTime:0.0000s ]
SQL: SELECT * FROM `sh_category` WHERE ( parent_id=81 )  [ RunTime:0.0000s ]
SQL: SELECT * FROM `sh_category` WHERE ( parent_id=61 )  [ RunTime:0.0000s ]
SQL: SELECT * FROM `sh_category` WHERE ( parent_id=83 )  [ RunTime:0.0000s ]
SQL: SELECT * FROM `sh_category` WHERE ( parent_id=62 )  [ RunTime:0.0000s ]
SQL: SELECT * FROM `sh_category` WHERE ( parent_id=85 )  [ RunTime:0.0000s ]
SQL: SELECT * FROM `sh_category` WHERE ( parent_id=63 )  [ RunTime:0.0000s ]
SQL: SELECT * FROM `sh_category` WHERE ( parent_id=87 )  [ RunTime:0.0000s ]
SQL: SELECT * FROM `sh_category` WHERE ( parent_id=64 )  [ RunTime:0.0000s ]
SQL: SELECT * FROM `sh_category` WHERE ( parent_id=89 )  [ RunTime:0.0000s ]
SQL: SELECT * FROM `sh_category` WHERE ( parent_id=65 )  [ RunTime:0.0000s ]
SQL: SELECT * FROM `sh_category` WHERE ( parent_id=91 )  [ RunTime:0.0000s ]
SQL: SELECT * FROM `sh_category` WHERE ( parent_id=66 )  [ RunTime:0.0000s ]
SQL: SELECT * FROM `sh_category` WHERE ( parent_id=93 )  [ RunTime:0.0000s ]
INFO: [ app_end ] --START--
INFO: Run Behavior\ShowPageTraceBehavior [ RunTime:0.000000s ]
INFO: [ app_end ] --END-- [ RunTime:0.000000s ]

[ 2015-10-02T22:01:11+08:00 ] 127.0.0.1 /index.php/Home/Index/ajaxChkLogin
INFO: [ app_begin ] --START--
INFO: Run Behavior\ReadHtmlCacheBehavior [ RunTime:0.000000s ]
INFO: [ app_begin ] --END-- [ RunTime:0.000000s ]
SQL: SHOW COLUMNS FROM `sh_article_cat` [ RunTime:0.0000s ]
SQL: SELECT * FROM `sh_article_cat`  [ RunTime:0.0000s ]
SQL: SHOW COLUMNS FROM `sh_article` [ RunTime:0.0156s ]
SQL: SELECT * FROM `sh_article` WHERE ( cat_id=3 )  [ RunTime:0.0000s ]
SQL: SELECT * FROM `sh_article` WHERE ( cat_id=2 )  [ RunTime:0.0000s ]
SQL: SELECT * FROM `sh_article` WHERE ( cat_id=4 )  [ RunTime:0.0000s ]
SQL: SELECT * FROM `sh_article` WHERE ( cat_id=5 )  [ RunTime:0.0000s ]
SQL: SELECT * FROM `sh_article` WHERE ( cat_id=6 )  [ RunTime:0.0000s ]
SQL: SHOW COLUMNS FROM `sh_buttons` [ RunTime:0.0156s ]
SQL: SELECT * FROM `sh_buttons`  [ RunTime:0.0000s ]
SQL: SHOW COLUMNS FROM `sh_shop_config` [ RunTime:0.0156s ]
SQL: SELECT * FROM `sh_shop_config`  [ RunTime:0.0000s ]
SQL: SHOW COLUMNS FROM `sh_category` [ RunTime:0.0000s ]
SQL: SELECT * FROM `sh_category` WHERE ( parent_id=0 )  [ RunTime:0.0000s ]
SQL: SELECT * FROM `sh_category` WHERE ( parent_id=55 )  [ RunTime:0.0000s ]
SQL: SELECT * FROM `sh_category` WHERE ( parent_id=67 )  [ RunTime:0.0000s ]
SQL: SELECT * FROM `sh_category` WHERE ( parent_id=54 )  [ RunTime:0.0156s ]
SQL: SELECT * FROM `sh_category` WHERE ( parent_id=71 )  [ RunTime:0.0000s ]
SQL: SELECT * FROM `sh_category` WHERE ( parent_id=58 )  [ RunTime:0.0000s ]
SQL: SELECT * FROM `sh_category` WHERE ( parent_id=73 )  [ RunTime:0.0000s ]
SQL: SELECT * FROM `sh_category` WHERE ( parent_id=57 )  [ RunTime:0.0000s ]
SQL: SELECT * FROM `sh_category` WHERE ( parent_id=75 )  [ RunTime:0.0000s ]
SQL: SELECT * FROM `sh_category` WHERE ( parent_id=56 )  [ RunTime:0.0000s ]
SQL: SELECT * FROM `sh_category` WHERE ( parent_id=77 )  [ RunTime:0.0000s ]
SQL: SELECT * FROM `sh_category` WHERE ( parent_id=59 )  [ RunTime:0.0000s ]
SQL: SELECT * FROM `sh_category` WHERE ( parent_id=79 )  [ RunTime:0.0000s ]
SQL: SELECT * FROM `sh_category` WHERE ( parent_id=60 )  [ RunTime:0.0000s ]
SQL: SELECT * FROM `sh_category` WHERE ( parent_id=81 )  [ RunTime:0.0000s ]
SQL: SELECT * FROM `sh_category` WHERE ( parent_id=61 )  [ RunTime:0.0000s ]
SQL: SELECT * FROM `sh_category` WHERE ( parent_id=83 )  [ RunTime:0.0000s ]
SQL: SELECT * FROM `sh_category` WHERE ( parent_id=62 )  [ RunTime:0.0000s ]
SQL: SELECT * FROM `sh_category` WHERE ( parent_id=85 )  [ RunTime:0.0000s ]
SQL: SELECT * FROM `sh_category` WHERE ( parent_id=63 )  [ RunTime:0.0156s ]
SQL: SELECT * FROM `sh_category` WHERE ( parent_id=87 )  [ RunTime:0.0000s ]
SQL: SELECT * FROM `sh_category` WHERE ( parent_id=64 )  [ RunTime:0.0000s ]
SQL: SELECT * FROM `sh_category` WHERE ( parent_id=89 )  [ RunTime:0.0000s ]
SQL: SELECT * FROM `sh_category` WHERE ( parent_id=65 )  [ RunTime:0.0000s ]
SQL: SELECT * FROM `sh_category` WHERE ( parent_id=91 )  [ RunTime:0.0000s ]
SQL: SELECT * FROM `sh_category` WHERE ( parent_id=66 )  [ RunTime:0.0000s ]
SQL: SELECT * FROM `sh_category` WHERE ( parent_id=93 )  [ RunTime:0.0000s ]
INFO: [ app_end ] --START--
INFO: Run Behavior\ShowPageTraceBehavior [ RunTime:0.000000s ]
INFO: [ app_end ] --END-- [ RunTime:0.000000s ]

[ 2015-10-02T22:01:12+08:00 ] 127.0.0.1 /index.php/Home/Index/ajaxChkLogin
INFO: [ app_begin ] --START--
INFO: Run Behavior\ReadHtmlCacheBehavior [ RunTime:0.000000s ]
INFO: [ app_begin ] --END-- [ RunTime:0.000000s ]
SQL: SHOW COLUMNS FROM `sh_article_cat` [ RunTime:0.0000s ]
SQL: SELECT * FROM `sh_article_cat`  [ RunTime:0.0000s ]
SQL: SHOW COLUMNS FROM `sh_article` [ RunTime:0.0156s ]
SQL: SELECT * FROM `sh_article` WHERE ( cat_id=3 )  [ RunTime:0.0000s ]
SQL: SELECT * FROM `sh_article` WHERE ( cat_id=2 )  [ RunTime:0.0000s ]
SQL: SELECT * FROM `sh_article` WHERE ( cat_id=4 )  [ RunTime:0.0000s ]
SQL: SELECT * FROM `sh_article` WHERE ( cat_id=5 )  [ RunTime:0.0000s ]
SQL: SELECT * FROM `sh_article` WHERE ( cat_id=6 )  [ RunTime:0.0000s ]
SQL: SHOW COLUMNS FROM `sh_buttons` [ RunTime:0.0000s ]
SQL: SELECT * FROM `sh_buttons`  [ RunTime:0.0000s ]
SQL: SHOW COLUMNS FROM `sh_shop_config` [ RunTime:0.0156s ]
SQL: SELECT * FROM `sh_shop_config`  [ RunTime:0.0000s ]
SQL: SHOW COLUMNS FROM `sh_category` [ RunTime:0.0156s ]
SQL: SELECT * FROM `sh_category` WHERE ( parent_id=0 )  [ RunTime:0.0000s ]
SQL: SELECT * FROM `sh_category` WHERE ( parent_id=55 )  [ RunTime:0.0000s ]
SQL: SELECT * FROM `sh_category` WHERE ( parent_id=67 )  [ RunTime:0.0000s ]
SQL: SELECT * FROM `sh_category` WHERE ( parent_id=54 )  [ RunTime:0.0000s ]
SQL: SELECT * FROM `sh_category` WHERE ( parent_id=71 )  [ RunTime:0.0000s ]
SQL: SELECT * FROM `sh_category` WHERE ( parent_id=58 )  [ RunTime:0.0000s ]
SQL: SELECT * FROM `sh_category` WHERE ( parent_id=73 )  [ RunTime:0.0000s ]
SQL: SELECT * FROM `sh_category` WHERE ( parent_id=57 )  [ RunTime:0.0000s ]
SQL: SELECT * FROM `sh_category` WHERE ( parent_id=75 )  [ RunTime:0.0000s ]
SQL: SELECT * FROM `sh_category` WHERE ( parent_id=56 )  [ RunTime:0.0000s ]
SQL: SELECT * FROM `sh_category` WHERE ( parent_id=77 )  [ RunTime:0.0000s ]
SQL: SELECT * FROM `sh_category` WHERE ( parent_id=59 )  [ RunTime:0.0000s ]
SQL: SELECT * FROM `sh_category` WHERE ( parent_id=79 )  [ RunTime:0.0000s ]
SQL: SELECT * FROM `sh_category` WHERE ( parent_id=60 )  [ RunTime:0.0000s ]
SQL: SELECT * FROM `sh_category` WHERE ( parent_id=81 )  [ RunTime:0.0000s ]
SQL: SELECT * FROM `sh_category` WHERE ( parent_id=61 )  [ RunTime:0.0000s ]
SQL: SELECT * FROM `sh_category` WHERE ( parent_id=83 )  [ RunTime:0.0000s ]
SQL: SELECT * FROM `sh_category` WHERE ( parent_id=62 )  [ RunTime:0.0000s ]
SQL: SELECT * FROM `sh_category` WHERE ( parent_id=85 )  [ RunTime:0.0000s ]
SQL: SELECT * FROM `sh_category` WHERE ( parent_id=63 )  [ RunTime:0.0156s ]
SQL: SELECT * FROM `sh_category` WHERE ( parent_id=87 )  [ RunTime:0.0000s ]
SQL: SELECT * FROM `sh_category` WHERE ( parent_id=64 )  [ RunTime:0.0000s ]
SQL: SELECT * FROM `sh_category` WHERE ( parent_id=89 )  [ RunTime:0.0000s ]
SQL: SELECT * FROM `sh_category` WHERE ( parent_id=65 )  [ RunTime:0.0000s ]
SQL: SELECT * FROM `sh_category` WHERE ( parent_id=91 )  [ RunTime:0.0000s ]
SQL: SELECT * FROM `sh_category` WHERE ( parent_id=66 )  [ RunTime:0.0000s ]
SQL: SELECT * FROM `sh_category` WHERE ( parent_id=93 )  [ RunTime:0.0000s ]
INFO: [ app_end ] --START--
INFO: Run Behavior\ShowPageTraceBehavior [ RunTime:0.000000s ]
INFO: [ app_end ] --END-- [ RunTime:0.000000s ]

[ 2015-10-02T22:01:20+08:00 ] 127.0.0.1 /index.php/Home/Index/ajaxChkLogin
INFO: [ app_begin ] --START--
INFO: Run Behavior\ReadHtmlCacheBehavior [ RunTime:0.000000s ]
INFO: [ app_begin ] --END-- [ RunTime:0.000000s ]
SQL: SHOW COLUMNS FROM `sh_article_cat` [ RunTime:0.0156s ]
SQL: SELECT * FROM `sh_article_cat`  [ RunTime:0.0000s ]
SQL: SHOW COLUMNS FROM `sh_article` [ RunTime:0.0000s ]
SQL: SELECT * FROM `sh_article` WHERE ( cat_id=3 )  [ RunTime:0.0000s ]
SQL: SELECT * FROM `sh_article` WHERE ( cat_id=2 )  [ RunTime:0.0000s ]
SQL: SELECT * FROM `sh_article` WHERE ( cat_id=4 )  [ RunTime:0.0000s ]
SQL: SELECT * FROM `sh_article` WHERE ( cat_id=5 )  [ RunTime:0.0156s ]
SQL: SELECT * FROM `sh_article` WHERE ( cat_id=6 )  [ RunTime:0.0000s ]
SQL: SHOW COLUMNS FROM `sh_buttons` [ RunTime:0.0000s ]
SQL: SELECT * FROM `sh_buttons`  [ RunTime:0.0000s ]
SQL: SHOW COLUMNS FROM `sh_shop_config` [ RunTime:0.0156s ]
SQL: SELECT * FROM `sh_shop_config`  [ RunTime:0.0000s ]
SQL: SHOW COLUMNS FROM `sh_category` [ RunTime:0.0000s ]
SQL: SELECT * FROM `sh_category` WHERE ( parent_id=0 )  [ RunTime:0.0000s ]
SQL: SELECT * FROM `sh_category` WHERE ( parent_id=55 )  [ RunTime:0.0000s ]
SQL: SELECT * FROM `sh_category` WHERE ( parent_id=67 )  [ RunTime:0.0000s ]
SQL: SELECT * FROM `sh_category` WHERE ( parent_id=54 )  [ RunTime:0.0000s ]
SQL: SELECT * FROM `sh_category` WHERE ( parent_id=71 )  [ RunTime:0.0000s ]
SQL: SELECT * FROM `sh_category` WHERE ( parent_id=58 )  [ RunTime:0.0000s ]
SQL: SELECT * FROM `sh_category` WHERE ( parent_id=73 )  [ RunTime:0.0000s ]
SQL: SELECT * FROM `sh_category` WHERE ( parent_id=57 )  [ RunTime:0.0000s ]
SQL: SELECT * FROM `sh_category` WHERE ( parent_id=75 )  [ RunTime:0.0000s ]
SQL: SELECT * FROM `sh_category` WHERE ( parent_id=56 )  [ RunTime:0.0000s ]
SQL: SELECT * FROM `sh_category` WHERE ( parent_id=77 )  [ RunTime:0.0000s ]
SQL: SELECT * FROM `sh_category` WHERE ( parent_id=59 )  [ RunTime:0.0000s ]
SQL: SELECT * FROM `sh_category` WHERE ( parent_id=79 )  [ RunTime:0.0000s ]
SQL: SELECT * FROM `sh_category` WHERE ( parent_id=60 )  [ RunTime:0.0000s ]
SQL: SELECT * FROM `sh_category` WHERE ( parent_id=81 )  [ RunTime:0.0000s ]
SQL: SELECT * FROM `sh_category` WHERE ( parent_id=61 )  [ RunTime:0.0000s ]
SQL: SELECT * FROM `sh_category` WHERE ( parent_id=83 )  [ RunTime:0.0000s ]
SQL: SELECT * FROM `sh_category` WHERE ( parent_id=62 )  [ RunTime:0.0000s ]
SQL: SELECT * FROM `sh_category` WHERE ( parent_id=85 )  [ RunTime:0.0000s ]
SQL: SELECT * FROM `sh_category` WHERE ( parent_id=63 )  [ RunTime:0.0000s ]
SQL: SELECT * FROM `sh_category` WHERE ( parent_id=87 )  [ RunTime:0.0000s ]
SQL: SELECT * FROM `sh_category` WHERE ( parent_id=64 )  [ RunTime:0.0000s ]
SQL: SELECT * FROM `sh_category` WHERE ( parent_id=89 )  [ RunTime:0.0156s ]
SQL: SELECT * FROM `sh_category` WHERE ( parent_id=65 )  [ RunTime:0.0000s ]
SQL: SELECT * FROM `sh_category` WHERE ( parent_id=91 )  [ RunTime:0.0000s ]
SQL: SELECT * FROM `sh_category` WHERE ( parent_id=66 )  [ RunTime:0.0000s ]
SQL: SELECT * FROM `sh_category` WHERE ( parent_id=93 )  [ RunTime:0.0000s ]
INFO: [ app_end ] --START--
INFO: Run Behavior\ShowPageTraceBehavior [ RunTime:0.000000s ]
INFO: [ app_end ] --END-- [ RunTime:0.000000s ]

[ 2015-10-02T22:01:29+08:00 ] 127.0.0.1 /index.php/Home/Index/ajaxChkLogin
INFO: [ app_begin ] --START--
INFO: Run Behavior\ReadHtmlCacheBehavior [ RunTime:0.000000s ]
INFO: [ app_begin ] --END-- [ RunTime:0.000000s ]
SQL: SHOW COLUMNS FROM `sh_article_cat` [ RunTime:0.0000s ]
SQL: SELECT * FROM `sh_article_cat`  [ RunTime:0.0000s ]
SQL: SHOW COLUMNS FROM `sh_article` [ RunTime:0.0156s ]
SQL: SELECT * FROM `sh_article` WHERE ( cat_id=3 )  [ RunTime:0.0000s ]
SQL: SELECT * FROM `sh_article` WHERE ( cat_id=2 )  [ RunTime:0.0000s ]
SQL: SELECT * FROM `sh_article` WHERE ( cat_id=4 )  [ RunTime:0.0000s ]
SQL: SELECT * FROM `sh_article` WHERE ( cat_id=5 )  [ RunTime:0.0000s ]
SQL: SELECT * FROM `sh_article` WHERE ( cat_id=6 )  [ RunTime:0.0000s ]
SQL: SHOW COLUMNS FROM `sh_buttons` [ RunTime:0.0000s ]
SQL: SELECT * FROM `sh_buttons`  [ RunTime:0.0000s ]
SQL: SHOW COLUMNS FROM `sh_shop_config` [ RunTime:0.0000s ]
SQL: SELECT * FROM `sh_shop_config`  [ RunTime:0.0000s ]
SQL: SHOW COLUMNS FROM `sh_category` [ RunTime:0.0156s ]
SQL: SELECT * FROM `sh_category` WHERE ( parent_id=0 )  [ RunTime:0.0000s ]
SQL: SELECT * FROM `sh_category` WHERE ( parent_id=55 )  [ RunTime:0.0000s ]
SQL: SELECT * FROM `sh_category` WHERE ( parent_id=67 )  [ RunTime:0.0000s ]
SQL: SELECT * FROM `sh_category` WHERE ( parent_id=54 )  [ RunTime:0.0000s ]
SQL: SELECT * FROM `sh_category` WHERE ( parent_id=71 )  [ RunTime:0.0000s ]
SQL: SELECT * FROM `sh_category` WHERE ( parent_id=58 )  [ RunTime:0.0156s ]
SQL: SELECT * FROM `sh_category` WHERE ( parent_id=73 )  [ RunTime:0.0000s ]
SQL: SELECT * FROM `sh_category` WHERE ( parent_id=57 )  [ RunTime:0.0000s ]
SQL: SELECT * FROM `sh_category` WHERE ( parent_id=75 )  [ RunTime:0.0000s ]
SQL: SELECT * FROM `sh_category` WHERE ( parent_id=56 )  [ RunTime:0.0000s ]
SQL: SELECT * FROM `sh_category` WHERE ( parent_id=77 )  [ RunTime:0.0000s ]
SQL: SELECT * FROM `sh_category` WHERE ( parent_id=59 )  [ RunTime:0.0000s ]
SQL: SELECT * FROM `sh_category` WHERE ( parent_id=79 )  [ RunTime:0.0000s ]
SQL: SELECT * FROM `sh_category` WHERE ( parent_id=60 )  [ RunTime:0.0000s ]
SQL: SELECT * FROM `sh_category` WHERE ( parent_id=81 )  [ RunTime:0.0000s ]
SQL: SELECT * FROM `sh_category` WHERE ( parent_id=61 )  [ RunTime:0.0000s ]
SQL: SELECT * FROM `sh_category` WHERE ( parent_id=83 )  [ RunTime:0.0000s ]
SQL: SELECT * FROM `sh_category` WHERE ( parent_id=62 )  [ RunTime:0.0000s ]
SQL: SELECT * FROM `sh_category` WHERE ( parent_id=85 )  [ RunTime:0.0000s ]
SQL: SELECT * FROM `sh_category` WHERE ( parent_id=63 )  [ RunTime:0.0000s ]
SQL: SELECT * FROM `sh_category` WHERE ( parent_id=87 )  [ RunTime:0.0156s ]
SQL: SELECT * FROM `sh_category` WHERE ( parent_id=64 )  [ RunTime:0.0000s ]
SQL: SELECT * FROM `sh_category` WHERE ( parent_id=89 )  [ RunTime:0.0000s ]
SQL: SELECT * FROM `sh_category` WHERE ( parent_id=65 )  [ RunTime:0.0000s ]
SQL: SELECT * FROM `sh_category` WHERE ( parent_id=91 )  [ RunTime:0.0000s ]
SQL: SELECT * FROM `sh_category` WHERE ( parent_id=66 )  [ RunTime:0.0000s ]
SQL: SELECT * FROM `sh_category` WHERE ( parent_id=93 )  [ RunTime:0.0000s ]
INFO: [ app_end ] --START--
INFO: Run Behavior\ShowPageTraceBehavior [ RunTime:0.000000s ]
INFO: [ app_end ] --END-- [ RunTime:0.000000s ]

