[ 2015-11-03T20:44:28+08:00 ] 127.0.0.1 /index.php/Home/Index/ajaxChkLogin
INFO: [ app_begin ] --START--
INFO: Run Behavior\ReadHtmlCacheBehavior [ RunTime:0.000000s ]
INFO: [ app_begin ] --END-- [ RunTime:0.000000s ]
SQL: SHOW COLUMNS FROM `sh_article_cat` [ RunTime:0.4063s ]
SQL: SELECT * FROM `sh_article_cat`  [ RunTime:0.0000s ]
SQL: SHOW COLUMNS FROM `sh_article` [ RunTime:0.0156s ]
SQL: SELECT * FROM `sh_article` WHERE ( cat_id=3 )  [ RunTime:0.0000s ]
SQL: SELECT * FROM `sh_article` WHERE ( cat_id=2 )  [ RunTime:0.0000s ]
SQL: SELECT * FROM `sh_article` WHERE ( cat_id=4 )  [ RunTime:0.0000s ]
SQL: SELECT * FROM `sh_article` WHERE ( cat_id=5 )  [ RunTime:0.0000s ]
SQL: SELECT * FROM `sh_article` WHERE ( cat_id=6 )  [ RunTime:0.0000s ]
SQL: SHOW COLUMNS FROM `sh_buttons` [ RunTime:0.0156s ]
SQL: SELECT * FROM `sh_buttons`  [ RunTime:0.0000s ]
SQL: SHOW COLUMNS FROM `sh_shop_config` [ RunTime:0.0156s ]
SQL: SELECT * FROM `sh_shop_config`  [ RunTime:0.0000s ]
SQL: SHOW COLUMNS FROM `sh_category` [ RunTime:0.0000s ]
SQL: SELECT * FROM `sh_category` WHERE ( parent_id=0 )  [ RunTime:0.0156s ]
SQL: SELECT * FROM `sh_category` WHERE ( parent_id=55 )  [ RunTime:0.0000s ]
SQL: SELECT * FROM `sh_category` WHERE ( parent_id=67 )  [ RunTime:0.0000s ]
SQL: SELECT * FROM `sh_category` WHERE ( parent_id=54 )  [ RunTime:0.0000s ]
SQL: SELECT * FROM `sh_category` WHERE ( parent_id=71 )  [ RunTime:0.0000s ]
SQL: SELECT * FROM `sh_category` WHERE ( parent_id=58 )  [ RunTime:0.0000s ]
SQL: SELECT * FROM `sh_category` WHERE ( parent_id=73 )  [ RunTime:0.0000s ]
SQL: SELECT * FROM `sh_category` WHERE ( parent_id=57 )  [ RunTime:0.0000s ]
SQL: SELECT * FROM `sh_category` WHERE ( parent_id=75 )  [ RunTime:0.0000s ]
SQL: SELECT * FROM `sh_category` WHERE ( parent_id=56 )  [ RunTime:0.0000s ]
SQL: SELECT * FROM `sh_category` WHERE ( parent_id=77 )  [ RunTime:0.0000s ]
SQL: SELECT * FROM `sh_category` WHERE ( parent_id=59 )  [ RunTime:0.0000s ]
SQL: SELECT * FROM `sh_category` WHERE ( parent_id=79 )  [ RunTime:0.0000s ]
SQL: SELECT * FROM `sh_category` WHERE ( parent_id=60 )  [ RunTime:0.0000s ]
SQL: SELECT * FROM `sh_category` WHERE ( parent_id=81 )  [ RunTime:0.0000s ]
SQL: SELECT * FROM `sh_category` WHERE ( parent_id=61 )  [ RunTime:0.0000s ]
SQL: SELECT * FROM `sh_category` WHERE ( parent_id=83 )  [ RunTime:0.0000s ]
SQL: SELECT * FROM `sh_category` WHERE ( parent_id=62 )  [ RunTime:0.0000s ]
SQL: SELECT * FROM `sh_category` WHERE ( parent_id=85 )  [ RunTime:0.0000s ]
SQL: SELECT * FROM `sh_category` WHERE ( parent_id=63 )  [ RunTime:0.0000s ]
SQL: SELECT * FROM `sh_category` WHERE ( parent_id=87 )  [ RunTime:0.0000s ]
SQL: SELECT * FROM `sh_category` WHERE ( parent_id=64 )  [ RunTime:0.0000s ]
SQL: SELECT * FROM `sh_category` WHERE ( parent_id=89 )  [ RunTime:0.0000s ]
SQL: SELECT * FROM `sh_category` WHERE ( parent_id=65 )  [ RunTime:0.0000s ]
SQL: SELECT * FROM `sh_category` WHERE ( parent_id=91 )  [ RunTime:0.0000s ]
SQL: SELECT * FROM `sh_category` WHERE ( parent_id=66 )  [ RunTime:0.0000s ]
SQL: SELECT * FROM `sh_category` WHERE ( parent_id=93 )  [ RunTime:0.0000s ]
INFO: [ app_end ] --START--
INFO: Run Behavior\ShowPageTraceBehavior [ RunTime:0.000000s ]
INFO: [ app_end ] --END-- [ RunTime:0.000000s ]

[ 2015-11-03T20:44:36+08:00 ] 127.0.0.1 /index.php/Home/Index/ajaxChkLogin
INFO: [ app_begin ] --START--
INFO: Run Behavior\ReadHtmlCacheBehavior [ RunTime:0.000000s ]
INFO: [ app_begin ] --END-- [ RunTime:0.000000s ]
SQL: SHOW COLUMNS FROM `sh_article_cat` [ RunTime:0.0156s ]
SQL: SELECT * FROM `sh_article_cat`  [ RunTime:0.0000s ]
SQL: SHOW COLUMNS FROM `sh_article` [ RunTime:0.0000s ]
SQL: SELECT * FROM `sh_article` WHERE ( cat_id=3 )  [ RunTime:0.0000s ]
SQL: SELECT * FROM `sh_article` WHERE ( cat_id=2 )  [ RunTime:0.0156s ]
SQL: SELECT * FROM `sh_article` WHERE ( cat_id=4 )  [ RunTime:0.0000s ]
SQL: SELECT * FROM `sh_article` WHERE ( cat_id=5 )  [ RunTime:0.0000s ]
SQL: SELECT * FROM `sh_article` WHERE ( cat_id=6 )  [ RunTime:0.0000s ]
SQL: SHOW COLUMNS FROM `sh_buttons` [ RunTime:0.0000s ]
SQL: SELECT * FROM `sh_buttons`  [ RunTime:0.0000s ]
SQL: SHOW COLUMNS FROM `sh_shop_config` [ RunTime:0.0156s ]
SQL: SELECT * FROM `sh_shop_config`  [ RunTime:0.0000s ]
SQL: SHOW COLUMNS FROM `sh_category` [ RunTime:0.0000s ]
SQL: SELECT * FROM `sh_category` WHERE ( parent_id=0 )  [ RunTime:0.0156s ]
SQL: SELECT * FROM `sh_category` WHERE ( parent_id=55 )  [ RunTime:0.0000s ]
SQL: SELECT * FROM `sh_category` WHERE ( parent_id=67 )  [ RunTime:0.0000s ]
SQL: SELECT * FROM `sh_category` WHERE ( parent_id=54 )  [ RunTime:0.0000s ]
SQL: SELECT * FROM `sh_category` WHERE ( parent_id=71 )  [ RunTime:0.0000s ]
SQL: SELECT * FROM `sh_category` WHERE ( parent_id=58 )  [ RunTime:0.0000s ]
SQL: SELECT * FROM `sh_category` WHERE ( parent_id=73 )  [ RunTime:0.0000s ]
SQL: SELECT * FROM `sh_category` WHERE ( parent_id=57 )  [ RunTime:0.0000s ]
SQL: SELECT * FROM `sh_category` WHERE ( parent_id=75 )  [ RunTime:0.0000s ]
SQL: SELECT * FROM `sh_category` WHERE ( parent_id=56 )  [ RunTime:0.0000s ]
SQL: SELECT * FROM `sh_category` WHERE ( parent_id=77 )  [ RunTime:0.0000s ]
SQL: SELECT * FROM `sh_category` WHERE ( parent_id=59 )  [ RunTime:0.0000s ]
SQL: SELECT * FROM `sh_category` WHERE ( parent_id=79 )  [ RunTime:0.0000s ]
SQL: SELECT * FROM `sh_category` WHERE ( parent_id=60 )  [ RunTime:0.0000s ]
SQL: SELECT * FROM `sh_category` WHERE ( parent_id=81 )  [ RunTime:0.0000s ]
SQL: SELECT * FROM `sh_category` WHERE ( parent_id=61 )  [ RunTime:0.0000s ]
SQL: SELECT * FROM `sh_category` WHERE ( parent_id=83 )  [ RunTime:0.0000s ]
SQL: SELECT * FROM `sh_category` WHERE ( parent_id=62 )  [ RunTime:0.0000s ]
SQL: SELECT * FROM `sh_category` WHERE ( parent_id=85 )  [ RunTime:0.0000s ]
SQL: SELECT * FROM `sh_category` WHERE ( parent_id=63 )  [ RunTime:0.0000s ]
SQL: SELECT * FROM `sh_category` WHERE ( parent_id=87 )  [ RunTime:0.0000s ]
SQL: SELECT * FROM `sh_category` WHERE ( parent_id=64 )  [ RunTime:0.0000s ]
SQL: SELECT * FROM `sh_category` WHERE ( parent_id=89 )  [ RunTime:0.0000s ]
SQL: SELECT * FROM `sh_category` WHERE ( parent_id=65 )  [ RunTime:0.0000s ]
SQL: SELECT * FROM `sh_category` WHERE ( parent_id=91 )  [ RunTime:0.0000s ]
SQL: SELECT * FROM `sh_category` WHERE ( parent_id=66 )  [ RunTime:0.0000s ]
SQL: SELECT * FROM `sh_category` WHERE ( parent_id=93 )  [ RunTime:0.0000s ]
INFO: [ app_end ] --START--
INFO: Run Behavior\ShowPageTraceBehavior [ RunTime:0.000000s ]
INFO: [ app_end ] --END-- [ RunTime:0.000000s ]

[ 2015-11-03T20:46:29+08:00 ] 127.0.0.1 /index.php/Home/Index/ajaxChkLogin
INFO: [ app_begin ] --START--
INFO: Run Behavior\ReadHtmlCacheBehavior [ RunTime:0.000000s ]
INFO: [ app_begin ] --END-- [ RunTime:0.015625s ]
SQL: SHOW COLUMNS FROM `sh_article_cat` [ RunTime:0.0156s ]
SQL: SELECT * FROM `sh_article_cat`  [ RunTime:0.0000s ]
SQL: SHOW COLUMNS FROM `sh_article` [ RunTime:0.0000s ]
SQL: SELECT * FROM `sh_article` WHERE ( cat_id=3 )  [ RunTime:0.0000s ]
SQL: SELECT * FROM `sh_article` WHERE ( cat_id=2 )  [ RunTime:0.0000s ]
SQL: SELECT * FROM `sh_article` WHERE ( cat_id=4 )  [ RunTime:0.0000s ]
SQL: SELECT * FROM `sh_article` WHERE ( cat_id=5 )  [ RunTime:0.0000s ]
SQL: SELECT * FROM `sh_article` WHERE ( cat_id=6 )  [ RunTime:0.0000s ]
SQL: SHOW COLUMNS FROM `sh_buttons` [ RunTime:0.0000s ]
SQL: SELECT * FROM `sh_buttons`  [ RunTime:0.0000s ]
SQL: SHOW COLUMNS FROM `sh_shop_config` [ RunTime:0.0156s ]
SQL: SELECT * FROM `sh_shop_config`  [ RunTime:0.0000s ]
SQL: SHOW COLUMNS FROM `sh_category` [ RunTime:0.0000s ]
SQL: SELECT * FROM `sh_category` WHERE ( parent_id=0 )  [ RunTime:0.0000s ]
SQL: SELECT * FROM `sh_category` WHERE ( parent_id=55 )  [ RunTime:0.0156s ]
SQL: SELECT * FROM `sh_category` WHERE ( parent_id=67 )  [ RunTime:0.0000s ]
SQL: SELECT * FROM `sh_category` WHERE ( parent_id=54 )  [ RunTime:0.0000s ]
SQL: SELECT * FROM `sh_category` WHERE ( parent_id=71 )  [ RunTime:0.0000s ]
SQL: SELECT * FROM `sh_category` WHERE ( parent_id=58 )  [ RunTime:0.0000s ]
SQL: SELECT * FROM `sh_category` WHERE ( parent_id=73 )  [ RunTime:0.0000s ]
SQL: SELECT * FROM `sh_category` WHERE ( parent_id=57 )  [ RunTime:0.0000s ]
SQL: SELECT * FROM `sh_category` WHERE ( parent_id=75 )  [ RunTime:0.0000s ]
SQL: SELECT * FROM `sh_category` WHERE ( parent_id=56 )  [ RunTime:0.0000s ]
SQL: SELECT * FROM `sh_category` WHERE ( parent_id=77 )  [ RunTime:0.0000s ]
SQL: SELECT * FROM `sh_category` WHERE ( parent_id=59 )  [ RunTime:0.0000s ]
SQL: SELECT * FROM `sh_category` WHERE ( parent_id=79 )  [ RunTime:0.0000s ]
SQL: SELECT * FROM `sh_category` WHERE ( parent_id=60 )  [ RunTime:0.0000s ]
SQL: SELECT * FROM `sh_category` WHERE ( parent_id=81 )  [ RunTime:0.0000s ]
SQL: SELECT * FROM `sh_category` WHERE ( parent_id=61 )  [ RunTime:0.0000s ]
SQL: SELECT * FROM `sh_category` WHERE ( parent_id=83 )  [ RunTime:0.0000s ]
SQL: SELECT * FROM `sh_category` WHERE ( parent_id=62 )  [ RunTime:0.0000s ]
SQL: SELECT * FROM `sh_category` WHERE ( parent_id=85 )  [ RunTime:0.0000s ]
SQL: SELECT * FROM `sh_category` WHERE ( parent_id=63 )  [ RunTime:0.0000s ]
SQL: SELECT * FROM `sh_category` WHERE ( parent_id=87 )  [ RunTime:0.0156s ]
SQL: SELECT * FROM `sh_category` WHERE ( parent_id=64 )  [ RunTime:0.0000s ]
SQL: SELECT * FROM `sh_category` WHERE ( parent_id=89 )  [ RunTime:0.0000s ]
SQL: SELECT * FROM `sh_category` WHERE ( parent_id=65 )  [ RunTime:0.0000s ]
SQL: SELECT * FROM `sh_category` WHERE ( parent_id=91 )  [ RunTime:0.0000s ]
SQL: SELECT * FROM `sh_category` WHERE ( parent_id=66 )  [ RunTime:0.0000s ]
SQL: SELECT * FROM `sh_category` WHERE ( parent_id=93 )  [ RunTime:0.0000s ]
INFO: [ app_end ] --START--
INFO: Run Behavior\ShowPageTraceBehavior [ RunTime:0.000000s ]
INFO: [ app_end ] --END-- [ RunTime:0.000000s ]

[ 2015-11-03T20:46:30+08:00 ] 127.0.0.1 /index.php/Home/Index/ajaxChkLogin
INFO: [ app_begin ] --START--
INFO: Run Behavior\ReadHtmlCacheBehavior [ RunTime:0.000000s ]
INFO: [ app_begin ] --END-- [ RunTime:0.000000s ]
SQL: SHOW COLUMNS FROM `sh_article_cat` [ RunTime:0.0313s ]
SQL: SELECT * FROM `sh_article_cat`  [ RunTime:0.0000s ]
SQL: SHOW COLUMNS FROM `sh_article` [ RunTime:0.0000s ]
SQL: SELECT * FROM `sh_article` WHERE ( cat_id=3 )  [ RunTime:0.0000s ]
SQL: SELECT * FROM `sh_article` WHERE ( cat_id=2 )  [ RunTime:0.0000s ]
SQL: SELECT * FROM `sh_article` WHERE ( cat_id=4 )  [ RunTime:0.0000s ]
SQL: SELECT * FROM `sh_article` WHERE ( cat_id=5 )  [ RunTime:0.0000s ]
SQL: SELECT * FROM `sh_article` WHERE ( cat_id=6 )  [ RunTime:0.0000s ]
SQL: SHOW COLUMNS FROM `sh_buttons` [ RunTime:0.0156s ]
SQL: SELECT * FROM `sh_buttons`  [ RunTime:0.0000s ]
SQL: SHOW COLUMNS FROM `sh_shop_config` [ RunTime:0.0156s ]
SQL: SELECT * FROM `sh_shop_config`  [ RunTime:0.0000s ]
SQL: SHOW COLUMNS FROM `sh_category` [ RunTime:0.0000s ]
SQL: SELECT * FROM `sh_category` WHERE ( parent_id=0 )  [ RunTime:0.0000s ]
SQL: SELECT * FROM `sh_category` WHERE ( parent_id=55 )  [ RunTime:0.0000s ]
SQL: SELECT * FROM `sh_category` WHERE ( parent_id=67 )  [ RunTime:0.0000s ]
SQL: SELECT * FROM `sh_category` WHERE ( parent_id=54 )  [ RunTime:0.0000s ]
SQL: SELECT * FROM `sh_category` WHERE ( parent_id=71 )  [ RunTime:0.0000s ]
SQL: SELECT * FROM `sh_category` WHERE ( parent_id=58 )  [ RunTime:0.0000s ]
SQL: SELECT * FROM `sh_category` WHERE ( parent_id=73 )  [ RunTime:0.0000s ]
SQL: SELECT * FROM `sh_category` WHERE ( parent_id=57 )  [ RunTime:0.0000s ]
SQL: SELECT * FROM `sh_category` WHERE ( parent_id=75 )  [ RunTime:0.0000s ]
SQL: SELECT * FROM `sh_category` WHERE ( parent_id=56 )  [ RunTime:0.0000s ]
SQL: SELECT * FROM `sh_category` WHERE ( parent_id=77 )  [ RunTime:0.0000s ]
SQL: SELECT * FROM `sh_category` WHERE ( parent_id=59 )  [ RunTime:0.0000s ]
SQL: SELECT * FROM `sh_category` WHERE ( parent_id=79 )  [ RunTime:0.0000s ]
SQL: SELECT * FROM `sh_category` WHERE ( parent_id=60 )  [ RunTime:0.0000s ]
SQL: SELECT * FROM `sh_category` WHERE ( parent_id=81 )  [ RunTime:0.0000s ]
SQL: SELECT * FROM `sh_category` WHERE ( parent_id=61 )  [ RunTime:0.0000s ]
SQL: SELECT * FROM `sh_category` WHERE ( parent_id=83 )  [ RunTime:0.0000s ]
SQL: SELECT * FROM `sh_category` WHERE ( parent_id=62 )  [ RunTime:0.0000s ]
SQL: SELECT * FROM `sh_category` WHERE ( parent_id=85 )  [ RunTime:0.0000s ]
SQL: SELECT * FROM `sh_category` WHERE ( parent_id=63 )  [ RunTime:0.0000s ]
SQL: SELECT * FROM `sh_category` WHERE ( parent_id=87 )  [ RunTime:0.0000s ]
SQL: SELECT * FROM `sh_category` WHERE ( parent_id=64 )  [ RunTime:0.0000s ]
SQL: SELECT * FROM `sh_category` WHERE ( parent_id=89 )  [ RunTime:0.0000s ]
SQL: SELECT * FROM `sh_category` WHERE ( parent_id=65 )  [ RunTime:0.0000s ]
SQL: SELECT * FROM `sh_category` WHERE ( parent_id=91 )  [ RunTime:0.0000s ]
SQL: SELECT * FROM `sh_category` WHERE ( parent_id=66 )  [ RunTime:0.0000s ]
SQL: SELECT * FROM `sh_category` WHERE ( parent_id=93 )  [ RunTime:0.0000s ]
INFO: [ app_end ] --START--
INFO: Run Behavior\ShowPageTraceBehavior [ RunTime:0.000000s ]
INFO: [ app_end ] --END-- [ RunTime:0.000000s ]

[ 2015-11-03T20:46:56+08:00 ] 127.0.0.1 /index.php/Home/Index/ajaxChkLogin
INFO: [ app_begin ] --START--
INFO: Run Behavior\ReadHtmlCacheBehavior [ RunTime:0.000000s ]
INFO: [ app_begin ] --END-- [ RunTime:0.000000s ]
SQL: SHOW COLUMNS FROM `sh_article_cat` [ RunTime:0.0156s ]
SQL: SELECT * FROM `sh_article_cat`  [ RunTime:0.0000s ]
SQL: SHOW COLUMNS FROM `sh_article` [ RunTime:0.0156s ]
SQL: SELECT * FROM `sh_article` WHERE ( cat_id=3 )  [ RunTime:0.0000s ]
SQL: SELECT * FROM `sh_article` WHERE ( cat_id=2 )  [ RunTime:0.0000s ]
SQL: SELECT * FROM `sh_article` WHERE ( cat_id=4 )  [ RunTime:0.0000s ]
SQL: SELECT * FROM `sh_article` WHERE ( cat_id=5 )  [ RunTime:0.0000s ]
SQL: SELECT * FROM `sh_article` WHERE ( cat_id=6 )  [ RunTime:0.0000s ]
SQL: SHOW COLUMNS FROM `sh_buttons` [ RunTime:0.0156s ]
SQL: SELECT * FROM `sh_buttons`  [ RunTime:0.0000s ]
SQL: SHOW COLUMNS FROM `sh_shop_config` [ RunTime:0.0000s ]
SQL: SELECT * FROM `sh_shop_config`  [ RunTime:0.0156s ]
SQL: SHOW COLUMNS FROM `sh_category` [ RunTime:0.0000s ]
SQL: SELECT * FROM `sh_category` WHERE ( parent_id=0 )  [ RunTime:0.0000s ]
SQL: SELECT * FROM `sh_category` WHERE ( parent_id=55 )  [ RunTime:0.0000s ]
SQL: SELECT * FROM `sh_category` WHERE ( parent_id=67 )  [ RunTime:0.0000s ]
SQL: SELECT * FROM `sh_category` WHERE ( parent_id=54 )  [ RunTime:0.0000s ]
SQL: SELECT * FROM `sh_category` WHERE ( parent_id=71 )  [ RunTime:0.0000s ]
SQL: SELECT * FROM `sh_category` WHERE ( parent_id=58 )  [ RunTime:0.0156s ]
SQL: SELECT * FROM `sh_category` WHERE ( parent_id=73 )  [ RunTime:0.0000s ]
SQL: SELECT * FROM `sh_category` WHERE ( parent_id=57 )  [ RunTime:0.0000s ]
SQL: SELECT * FROM `sh_category` WHERE ( parent_id=75 )  [ RunTime:0.0000s ]
SQL: SELECT * FROM `sh_category` WHERE ( parent_id=56 )  [ RunTime:0.0000s ]
SQL: SELECT * FROM `sh_category` WHERE ( parent_id=77 )  [ RunTime:0.0000s ]
SQL: SELECT * FROM `sh_category` WHERE ( parent_id=59 )  [ RunTime:0.0000s ]
SQL: SELECT * FROM `sh_category` WHERE ( parent_id=79 )  [ RunTime:0.0000s ]
SQL: SELECT * FROM `sh_category` WHERE ( parent_id=60 )  [ RunTime:0.0000s ]
SQL: SELECT * FROM `sh_category` WHERE ( parent_id=81 )  [ RunTime:0.0000s ]
SQL: SELECT * FROM `sh_category` WHERE ( parent_id=61 )  [ RunTime:0.0000s ]
SQL: SELECT * FROM `sh_category` WHERE ( parent_id=83 )  [ RunTime:0.0000s ]
SQL: SELECT * FROM `sh_category` WHERE ( parent_id=62 )  [ RunTime:0.0000s ]
SQL: SELECT * FROM `sh_category` WHERE ( parent_id=85 )  [ RunTime:0.0000s ]
SQL: SELECT * FROM `sh_category` WHERE ( parent_id=63 )  [ RunTime:0.0000s ]
SQL: SELECT * FROM `sh_category` WHERE ( parent_id=87 )  [ RunTime:0.0000s ]
SQL: SELECT * FROM `sh_category` WHERE ( parent_id=64 )  [ RunTime:0.0000s ]
SQL: SELECT * FROM `sh_category` WHERE ( parent_id=89 )  [ RunTime:0.0000s ]
SQL: SELECT * FROM `sh_category` WHERE ( parent_id=65 )  [ RunTime:0.0156s ]
SQL: SELECT * FROM `sh_category` WHERE ( parent_id=91 )  [ RunTime:0.0000s ]
SQL: SELECT * FROM `sh_category` WHERE ( parent_id=66 )  [ RunTime:0.0000s ]
SQL: SELECT * FROM `sh_category` WHERE ( parent_id=93 )  [ RunTime:0.0000s ]
INFO: [ app_end ] --START--
INFO: Run Behavior\ShowPageTraceBehavior [ RunTime:0.000000s ]
INFO: [ app_end ] --END-- [ RunTime:0.000000s ]

[ 2015-11-03T20:46:58+08:00 ] 127.0.0.1 /index.php/Home/Index/ajaxChkLogin
INFO: [ app_begin ] --START--
INFO: Run Behavior\ReadHtmlCacheBehavior [ RunTime:0.015625s ]
INFO: [ app_begin ] --END-- [ RunTime:0.015625s ]
SQL: SHOW COLUMNS FROM `sh_article_cat` [ RunTime:0.0000s ]
SQL: SELECT * FROM `sh_article_cat`  [ RunTime:0.0000s ]
SQL: SHOW COLUMNS FROM `sh_article` [ RunTime:0.0156s ]
SQL: SELECT * FROM `sh_article` WHERE ( cat_id=3 )  [ RunTime:0.0000s ]
SQL: SELECT * FROM `sh_article` WHERE ( cat_id=2 )  [ RunTime:0.0000s ]
SQL: SELECT * FROM `sh_article` WHERE ( cat_id=4 )  [ RunTime:0.0000s ]
SQL: SELECT * FROM `sh_article` WHERE ( cat_id=5 )  [ RunTime:0.0000s ]
SQL: SELECT * FROM `sh_article` WHERE ( cat_id=6 )  [ RunTime:0.0000s ]
SQL: SHOW COLUMNS FROM `sh_buttons` [ RunTime:0.0000s ]
SQL: SELECT * FROM `sh_buttons`  [ RunTime:0.0000s ]
SQL: SHOW COLUMNS FROM `sh_shop_config` [ RunTime:0.0156s ]
SQL: SELECT * FROM `sh_shop_config`  [ RunTime:0.0000s ]
SQL: SHOW COLUMNS FROM `sh_category` [ RunTime:0.0156s ]
SQL: SELECT * FROM `sh_category` WHERE ( parent_id=0 )  [ RunTime:0.0000s ]
SQL: SELECT * FROM `sh_category` WHERE ( parent_id=55 )  [ RunTime:0.0000s ]
SQL: SELECT * FROM `sh_category` WHERE ( parent_id=67 )  [ RunTime:0.0000s ]
SQL: SELECT * FROM `sh_category` WHERE ( parent_id=54 )  [ RunTime:0.0000s ]
SQL: SELECT * FROM `sh_category` WHERE ( parent_id=71 )  [ RunTime:0.0000s ]
SQL: SELECT * FROM `sh_category` WHERE ( parent_id=58 )  [ RunTime:0.0000s ]
SQL: SELECT * FROM `sh_category` WHERE ( parent_id=73 )  [ RunTime:0.0000s ]
SQL: SELECT * FROM `sh_category` WHERE ( parent_id=57 )  [ RunTime:0.0000s ]
SQL: SELECT * FROM `sh_category` WHERE ( parent_id=75 )  [ RunTime:0.0000s ]
SQL: SELECT * FROM `sh_category` WHERE ( parent_id=56 )  [ RunTime:0.0000s ]
SQL: SELECT * FROM `sh_category` WHERE ( parent_id=77 )  [ RunTime:0.0000s ]
SQL: SELECT * FROM `sh_category` WHERE ( parent_id=59 )  [ RunTime:0.0000s ]
SQL: SELECT * FROM `sh_category` WHERE ( parent_id=79 )  [ RunTime:0.0000s ]
SQL: SELECT * FROM `sh_category` WHERE ( parent_id=60 )  [ RunTime:0.0000s ]
SQL: SELECT * FROM `sh_category` WHERE ( parent_id=81 )  [ RunTime:0.0000s ]
SQL: SELECT * FROM `sh_category` WHERE ( parent_id=61 )  [ RunTime:0.0000s ]
SQL: SELECT * FROM `sh_category` WHERE ( parent_id=83 )  [ RunTime:0.0000s ]
SQL: SELECT * FROM `sh_category` WHERE ( parent_id=62 )  [ RunTime:0.0000s ]
SQL: SELECT * FROM `sh_category` WHERE ( parent_id=85 )  [ RunTime:0.0000s ]
SQL: SELECT * FROM `sh_category` WHERE ( parent_id=63 )  [ RunTime:0.0000s ]
SQL: SELECT * FROM `sh_category` WHERE ( parent_id=87 )  [ RunTime:0.0000s ]
SQL: SELECT * FROM `sh_category` WHERE ( parent_id=64 )  [ RunTime:0.0000s ]
SQL: SELECT * FROM `sh_category` WHERE ( parent_id=89 )  [ RunTime:0.0000s ]
SQL: SELECT * FROM `sh_category` WHERE ( parent_id=65 )  [ RunTime:0.0000s ]
SQL: SELECT * FROM `sh_category` WHERE ( parent_id=91 )  [ RunTime:0.0000s ]
SQL: SELECT * FROM `sh_category` WHERE ( parent_id=66 )  [ RunTime:0.0000s ]
SQL: SELECT * FROM `sh_category` WHERE ( parent_id=93 )  [ RunTime:0.0000s ]
INFO: [ app_end ] --START--
INFO: Run Behavior\ShowPageTraceBehavior [ RunTime:0.000000s ]
INFO: [ app_end ] --END-- [ RunTime:0.000000s ]

[ 2015-11-03T20:47:10+08:00 ] 127.0.0.1 /index.php/Home/Index/ajaxChkLogin
INFO: [ app_begin ] --START--
INFO: Run Behavior\ReadHtmlCacheBehavior [ RunTime:0.000000s ]
INFO: [ app_begin ] --END-- [ RunTime:0.000000s ]
SQL: SHOW COLUMNS FROM `sh_article_cat` [ RunTime:0.0156s ]
SQL: SELECT * FROM `sh_article_cat`  [ RunTime:0.0000s ]
SQL: SHOW COLUMNS FROM `sh_article` [ RunTime:0.0156s ]
SQL: SELECT * FROM `sh_article` WHERE ( cat_id=3 )  [ RunTime:0.0000s ]
SQL: SELECT * FROM `sh_article` WHERE ( cat_id=2 )  [ RunTime:0.0000s ]
SQL: SELECT * FROM `sh_article` WHERE ( cat_id=4 )  [ RunTime:0.0000s ]
SQL: SELECT * FROM `sh_article` WHERE ( cat_id=5 )  [ RunTime:0.0000s ]
SQL: SELECT * FROM `sh_article` WHERE ( cat_id=6 )  [ RunTime:0.0000s ]
SQL: SHOW COLUMNS FROM `sh_buttons` [ RunTime:0.0156s ]
SQL: SELECT * FROM `sh_buttons`  [ RunTime:0.0000s ]
SQL: SHOW COLUMNS FROM `sh_shop_config` [ RunTime:0.0000s ]
SQL: SELECT * FROM `sh_shop_config`  [ RunTime:0.0000s ]
SQL: SHOW COLUMNS FROM `sh_category` [ RunTime:0.0000s ]
SQL: SELECT * FROM `sh_category` WHERE ( parent_id=0 )  [ RunTime:0.0000s ]
SQL: SELECT * FROM `sh_category` WHERE ( parent_id=55 )  [ RunTime:0.0000s ]
SQL: SELECT * FROM `sh_category` WHERE ( parent_id=67 )  [ RunTime:0.0000s ]
SQL: SELECT * FROM `sh_category` WHERE ( parent_id=54 )  [ RunTime:0.0000s ]
SQL: SELECT * FROM `sh_category` WHERE ( parent_id=71 )  [ RunTime:0.0000s ]
SQL: SELECT * FROM `sh_category` WHERE ( parent_id=58 )  [ RunTime:0.0000s ]
SQL: SELECT * FROM `sh_category` WHERE ( parent_id=73 )  [ RunTime:0.0000s ]
SQL: SELECT * FROM `sh_category` WHERE ( parent_id=57 )  [ RunTime:0.0000s ]
SQL: SELECT * FROM `sh_category` WHERE ( parent_id=75 )  [ RunTime:0.0000s ]
SQL: SELECT * FROM `sh_category` WHERE ( parent_id=56 )  [ RunTime:0.0000s ]
SQL: SELECT * FROM `sh_category` WHERE ( parent_id=77 )  [ RunTime:0.0000s ]
SQL: SELECT * FROM `sh_category` WHERE ( parent_id=59 )  [ RunTime:0.0000s ]
SQL: SELECT * FROM `sh_category` WHERE ( parent_id=79 )  [ RunTime:0.0000s ]
SQL: SELECT * FROM `sh_category` WHERE ( parent_id=60 )  [ RunTime:0.0000s ]
SQL: SELECT * FROM `sh_category` WHERE ( parent_id=81 )  [ RunTime:0.0000s ]
SQL: SELECT * FROM `sh_category` WHERE ( parent_id=61 )  [ RunTime:0.0000s ]
SQL: SELECT * FROM `sh_category` WHERE ( parent_id=83 )  [ RunTime:0.0000s ]
SQL: SELECT * FROM `sh_category` WHERE ( parent_id=62 )  [ RunTime:0.0000s ]
SQL: SELECT * FROM `sh_category` WHERE ( parent_id=85 )  [ RunTime:0.0000s ]
SQL: SELECT * FROM `sh_category` WHERE ( parent_id=63 )  [ RunTime:0.0000s ]
SQL: SELECT * FROM `sh_category` WHERE ( parent_id=87 )  [ RunTime:0.0000s ]
SQL: SELECT * FROM `sh_category` WHERE ( parent_id=64 )  [ RunTime:0.0000s ]
SQL: SELECT * FROM `sh_category` WHERE ( parent_id=89 )  [ RunTime:0.0000s ]
SQL: SELECT * FROM `sh_category` WHERE ( parent_id=65 )  [ RunTime:0.0000s ]
SQL: SELECT * FROM `sh_category` WHERE ( parent_id=91 )  [ RunTime:0.0000s ]
SQL: SELECT * FROM `sh_category` WHERE ( parent_id=66 )  [ RunTime:0.0000s ]
SQL: SELECT * FROM `sh_category` WHERE ( parent_id=93 )  [ RunTime:0.0000s ]
INFO: [ app_end ] --START--
INFO: Run Behavior\ShowPageTraceBehavior [ RunTime:0.000000s ]
INFO: [ app_end ] --END-- [ RunTime:0.000000s ]

[ 2015-11-03T20:47:12+08:00 ] 127.0.0.1 /index.php/Home/Index/ajaxChkLogin
INFO: [ app_begin ] --START--
INFO: Run Behavior\ReadHtmlCacheBehavior [ RunTime:0.015625s ]
INFO: [ app_begin ] --END-- [ RunTime:0.015625s ]
SQL: SHOW COLUMNS FROM `sh_article_cat` [ RunTime:0.0156s ]
SQL: SELECT * FROM `sh_article_cat`  [ RunTime:0.0000s ]
SQL: SHOW COLUMNS FROM `sh_article` [ RunTime:0.0000s ]
SQL: SELECT * FROM `sh_article` WHERE ( cat_id=3 )  [ RunTime:0.0000s ]
SQL: SELECT * FROM `sh_article` WHERE ( cat_id=2 )  [ RunTime:0.0000s ]
SQL: SELECT * FROM `sh_article` WHERE ( cat_id=4 )  [ RunTime:0.0000s ]
SQL: SELECT * FROM `sh_article` WHERE ( cat_id=5 )  [ RunTime:0.0000s ]
SQL: SELECT * FROM `sh_article` WHERE ( cat_id=6 )  [ RunTime:0.0156s ]
SQL: SHOW COLUMNS FROM `sh_buttons` [ RunTime:0.0000s ]
SQL: SELECT * FROM `sh_buttons`  [ RunTime:0.0000s ]
SQL: SHOW COLUMNS FROM `sh_shop_config` [ RunTime:0.0156s ]
SQL: SELECT * FROM `sh_shop_config`  [ RunTime:0.0000s ]
SQL: SHOW COLUMNS FROM `sh_category` [ RunTime:0.0000s ]
SQL: SELECT * FROM `sh_category` WHERE ( parent_id=0 )  [ RunTime:0.0000s ]
SQL: SELECT * FROM `sh_category` WHERE ( parent_id=55 )  [ RunTime:0.0000s ]
SQL: SELECT * FROM `sh_category` WHERE ( parent_id=67 )  [ RunTime:0.0156s ]
SQL: SELECT * FROM `sh_category` WHERE ( parent_id=54 )  [ RunTime:0.0000s ]
SQL: SELECT * FROM `sh_category` WHERE ( parent_id=71 )  [ RunTime:0.0000s ]
SQL: SELECT * FROM `sh_category` WHERE ( parent_id=58 )  [ RunTime:0.0000s ]
SQL: SELECT * FROM `sh_category` WHERE ( parent_id=73 )  [ RunTime:0.0000s ]
SQL: SELECT * FROM `sh_category` WHERE ( parent_id=57 )  [ RunTime:0.0000s ]
SQL: SELECT * FROM `sh_category` WHERE ( parent_id=75 )  [ RunTime:0.0000s ]
SQL: SELECT * FROM `sh_category` WHERE ( parent_id=56 )  [ RunTime:0.0000s ]
SQL: SELECT * FROM `sh_category` WHERE ( parent_id=77 )  [ RunTime:0.0000s ]
SQL: SELECT * FROM `sh_category` WHERE ( parent_id=59 )  [ RunTime:0.0000s ]
SQL: SELECT * FROM `sh_category` WHERE ( parent_id=79 )  [ RunTime:0.0000s ]
SQL: SELECT * FROM `sh_category` WHERE ( parent_id=60 )  [ RunTime:0.0000s ]
SQL: SELECT * FROM `sh_category` WHERE ( parent_id=81 )  [ RunTime:0.0000s ]
SQL: SELECT * FROM `sh_category` WHERE ( parent_id=61 )  [ RunTime:0.0000s ]
SQL: SELECT * FROM `sh_category` WHERE ( parent_id=83 )  [ RunTime:0.0000s ]
SQL: SELECT * FROM `sh_category` WHERE ( parent_id=62 )  [ RunTime:0.0000s ]
SQL: SELECT * FROM `sh_category` WHERE ( parent_id=85 )  [ RunTime:0.0000s ]
SQL: SELECT * FROM `sh_category` WHERE ( parent_id=63 )  [ RunTime:0.0000s ]
SQL: SELECT * FROM `sh_category` WHERE ( parent_id=87 )  [ RunTime:0.0000s ]
SQL: SELECT * FROM `sh_category` WHERE ( parent_id=64 )  [ RunTime:0.0000s ]
SQL: SELECT * FROM `sh_category` WHERE ( parent_id=89 )  [ RunTime:0.0000s ]
SQL: SELECT * FROM `sh_category` WHERE ( parent_id=65 )  [ RunTime:0.0156s ]
SQL: SELECT * FROM `sh_category` WHERE ( parent_id=91 )  [ RunTime:0.0000s ]
SQL: SELECT * FROM `sh_category` WHERE ( parent_id=66 )  [ RunTime:0.0000s ]
SQL: SELECT * FROM `sh_category` WHERE ( parent_id=93 )  [ RunTime:0.0000s ]
INFO: [ app_end ] --START--
INFO: Run Behavior\ShowPageTraceBehavior [ RunTime:0.000000s ]
INFO: [ app_end ] --END-- [ RunTime:0.000000s ]

[ 2015-11-03T20:47:21+08:00 ] 127.0.0.1 /index.php/Home/Index/ajaxChkLogin
INFO: [ app_begin ] --START--
INFO: Run Behavior\ReadHtmlCacheBehavior [ RunTime:0.000000s ]
INFO: [ app_begin ] --END-- [ RunTime:0.000000s ]
SQL: SHOW COLUMNS FROM `sh_article_cat` [ RunTime:0.0156s ]
SQL: SELECT * FROM `sh_article_cat`  [ RunTime:0.0000s ]
SQL: SHOW COLUMNS FROM `sh_article` [ RunTime:0.0156s ]
SQL: SELECT * FROM `sh_article` WHERE ( cat_id=3 )  [ RunTime:0.0000s ]
SQL: SELECT * FROM `sh_article` WHERE ( cat_id=2 )  [ RunTime:0.0000s ]
SQL: SELECT * FROM `sh_article` WHERE ( cat_id=4 )  [ RunTime:0.0000s ]
SQL: SELECT * FROM `sh_article` WHERE ( cat_id=5 )  [ RunTime:0.0000s ]
SQL: SELECT * FROM `sh_article` WHERE ( cat_id=6 )  [ RunTime:0.0000s ]
SQL: SHOW COLUMNS FROM `sh_buttons` [ RunTime:0.0000s ]
SQL: SELECT * FROM `sh_buttons`  [ RunTime:0.0000s ]
SQL: SHOW COLUMNS FROM `sh_shop_config` [ RunTime:0.0156s ]
SQL: SELECT * FROM `sh_shop_config`  [ RunTime:0.0000s ]
SQL: SHOW COLUMNS FROM `sh_category` [ RunTime:0.0000s ]
SQL: SELECT * FROM `sh_category` WHERE ( parent_id=0 )  [ RunTime:0.0000s ]
SQL: SELECT * FROM `sh_category` WHERE ( parent_id=55 )  [ RunTime:0.0000s ]
SQL: SELECT * FROM `sh_category` WHERE ( parent_id=67 )  [ RunTime:0.0000s ]
SQL: SELECT * FROM `sh_category` WHERE ( parent_id=54 )  [ RunTime:0.0000s ]
SQL: SELECT * FROM `sh_category` WHERE ( parent_id=71 )  [ RunTime:0.0000s ]
SQL: SELECT * FROM `sh_category` WHERE ( parent_id=58 )  [ RunTime:0.0000s ]
SQL: SELECT * FROM `sh_category` WHERE ( parent_id=73 )  [ RunTime:0.0000s ]
SQL: SELECT * FROM `sh_category` WHERE ( parent_id=57 )  [ RunTime:0.0000s ]
SQL: SELECT * FROM `sh_category` WHERE ( parent_id=75 )  [ RunTime:0.0000s ]
SQL: SELECT * FROM `sh_category` WHERE ( parent_id=56 )  [ RunTime:0.0000s ]
SQL: SELECT * FROM `sh_category` WHERE ( parent_id=77 )  [ RunTime:0.0000s ]
SQL: SELECT * FROM `sh_category` WHERE ( parent_id=59 )  [ RunTime:0.0000s ]
SQL: SELECT * FROM `sh_category` WHERE ( parent_id=79 )  [ RunTime:0.0000s ]
SQL: SELECT * FROM `sh_category` WHERE ( parent_id=60 )  [ RunTime:0.0000s ]
SQL: SELECT * FROM `sh_category` WHERE ( parent_id=81 )  [ RunTime:0.0000s ]
SQL: SELECT * FROM `sh_category` WHERE ( parent_id=61 )  [ RunTime:0.0000s ]
SQL: SELECT * FROM `sh_category` WHERE ( parent_id=83 )  [ RunTime:0.0000s ]
SQL: SELECT * FROM `sh_category` WHERE ( parent_id=62 )  [ RunTime:0.0000s ]
SQL: SELECT * FROM `sh_category` WHERE ( parent_id=85 )  [ RunTime:0.0000s ]
SQL: SELECT * FROM `sh_category` WHERE ( parent_id=63 )  [ RunTime:0.0000s ]
SQL: SELECT * FROM `sh_category` WHERE ( parent_id=87 )  [ RunTime:0.0000s ]
SQL: SELECT * FROM `sh_category` WHERE ( parent_id=64 )  [ RunTime:0.0156s ]
SQL: SELECT * FROM `sh_category` WHERE ( parent_id=89 )  [ RunTime:0.0000s ]
SQL: SELECT * FROM `sh_category` WHERE ( parent_id=65 )  [ RunTime:0.0000s ]
SQL: SELECT * FROM `sh_category` WHERE ( parent_id=91 )  [ RunTime:0.0000s ]
SQL: SELECT * FROM `sh_category` WHERE ( parent_id=66 )  [ RunTime:0.0000s ]
SQL: SELECT * FROM `sh_category` WHERE ( parent_id=93 )  [ RunTime:0.0000s ]
INFO: [ app_end ] --START--
INFO: Run Behavior\ShowPageTraceBehavior [ RunTime:0.000000s ]
INFO: [ app_end ] --END-- [ RunTime:0.000000s ]

[ 2015-11-03T21:34:38+08:00 ] 127.0.0.1 /index.php/Home/Index/ajaxChkLogin
INFO: [ app_begin ] --START--
INFO: Run Behavior\ReadHtmlCacheBehavior [ RunTime:0.000000s ]
INFO: [ app_begin ] --END-- [ RunTime:0.000000s ]
SQL: SHOW COLUMNS FROM `sh_article_cat` [ RunTime:0.0156s ]
SQL: SELECT * FROM `sh_article_cat`  [ RunTime:0.0000s ]
SQL: SHOW COLUMNS FROM `sh_article` [ RunTime:0.0156s ]
SQL: SELECT * FROM `sh_article` WHERE ( cat_id=3 )  [ RunTime:0.0000s ]
SQL: SELECT * FROM `sh_article` WHERE ( cat_id=2 )  [ RunTime:0.0000s ]
SQL: SELECT * FROM `sh_article` WHERE ( cat_id=4 )  [ RunTime:0.0000s ]
SQL: SELECT * FROM `sh_article` WHERE ( cat_id=5 )  [ RunTime:0.0000s ]
SQL: SELECT * FROM `sh_article` WHERE ( cat_id=6 )  [ RunTime:0.0000s ]
SQL: SHOW COLUMNS FROM `sh_buttons` [ RunTime:0.0156s ]
SQL: SELECT * FROM `sh_buttons`  [ RunTime:0.0000s ]
SQL: SHOW COLUMNS FROM `sh_shop_config` [ RunTime:0.0156s ]
SQL: SELECT * FROM `sh_shop_config`  [ RunTime:0.0000s ]
SQL: SHOW COLUMNS FROM `sh_category` [ RunTime:0.0000s ]
SQL: SELECT * FROM `sh_category` WHERE ( parent_id=0 )  [ RunTime:0.0000s ]
SQL: SELECT * FROM `sh_category` WHERE ( parent_id=55 )  [ RunTime:0.0000s ]
SQL: SELECT * FROM `sh_category` WHERE ( parent_id=67 )  [ RunTime:0.0000s ]
SQL: SELECT * FROM `sh_category` WHERE ( parent_id=54 )  [ RunTime:0.0000s ]
SQL: SELECT * FROM `sh_category` WHERE ( parent_id=71 )  [ RunTime:0.0000s ]
SQL: SELECT * FROM `sh_category` WHERE ( parent_id=58 )  [ RunTime:0.0000s ]
SQL: SELECT * FROM `sh_category` WHERE ( parent_id=73 )  [ RunTime:0.0000s ]
SQL: SELECT * FROM `sh_category` WHERE ( parent_id=57 )  [ RunTime:0.0000s ]
SQL: SELECT * FROM `sh_category` WHERE ( parent_id=75 )  [ RunTime:0.0000s ]
SQL: SELECT * FROM `sh_category` WHERE ( parent_id=56 )  [ RunTime:0.0000s ]
SQL: SELECT * FROM `sh_category` WHERE ( parent_id=77 )  [ RunTime:0.0000s ]
SQL: SELECT * FROM `sh_category` WHERE ( parent_id=59 )  [ RunTime:0.0000s ]
SQL: SELECT * FROM `sh_category` WHERE ( parent_id=79 )  [ RunTime:0.0000s ]
SQL: SELECT * FROM `sh_category` WHERE ( parent_id=60 )  [ RunTime:0.0000s ]
SQL: SELECT * FROM `sh_category` WHERE ( parent_id=81 )  [ RunTime:0.0000s ]
SQL: SELECT * FROM `sh_category` WHERE ( parent_id=61 )  [ RunTime:0.0000s ]
SQL: SELECT * FROM `sh_category` WHERE ( parent_id=83 )  [ RunTime:0.0000s ]
SQL: SELECT * FROM `sh_category` WHERE ( parent_id=62 )  [ RunTime:0.0000s ]
SQL: SELECT * FROM `sh_category` WHERE ( parent_id=85 )  [ RunTime:0.0000s ]
SQL: SELECT * FROM `sh_category` WHERE ( parent_id=63 )  [ RunTime:0.0000s ]
SQL: SELECT * FROM `sh_category` WHERE ( parent_id=87 )  [ RunTime:0.0000s ]
SQL: SELECT * FROM `sh_category` WHERE ( parent_id=64 )  [ RunTime:0.0000s ]
SQL: SELECT * FROM `sh_category` WHERE ( parent_id=89 )  [ RunTime:0.0000s ]
SQL: SELECT * FROM `sh_category` WHERE ( parent_id=65 )  [ RunTime:0.0000s ]
SQL: SELECT * FROM `sh_category` WHERE ( parent_id=91 )  [ RunTime:0.0000s ]
SQL: SELECT * FROM `sh_category` WHERE ( parent_id=66 )  [ RunTime:0.0000s ]
SQL: SELECT * FROM `sh_category` WHERE ( parent_id=93 )  [ RunTime:0.0000s ]
INFO: [ app_end ] --START--
INFO: Run Behavior\ShowPageTraceBehavior [ RunTime:0.000000s ]
INFO: [ app_end ] --END-- [ RunTime:0.000000s ]

[ 2015-11-03T21:34:43+08:00 ] 127.0.0.1 /index.php/Home/Index/ajaxChkLogin
INFO: [ app_begin ] --START--
INFO: Run Behavior\ReadHtmlCacheBehavior [ RunTime:0.000000s ]
INFO: [ app_begin ] --END-- [ RunTime:0.000000s ]
SQL: SHOW COLUMNS FROM `sh_article_cat` [ RunTime:0.0000s ]
SQL: SELECT * FROM `sh_article_cat`  [ RunTime:0.0000s ]
SQL: SHOW COLUMNS FROM `sh_article` [ RunTime:0.0156s ]
SQL: SELECT * FROM `sh_article` WHERE ( cat_id=3 )  [ RunTime:0.0000s ]
SQL: SELECT * FROM `sh_article` WHERE ( cat_id=2 )  [ RunTime:0.0000s ]
SQL: SELECT * FROM `sh_article` WHERE ( cat_id=4 )  [ RunTime:0.0000s ]
SQL: SELECT * FROM `sh_article` WHERE ( cat_id=5 )  [ RunTime:0.0000s ]
SQL: SELECT * FROM `sh_article` WHERE ( cat_id=6 )  [ RunTime:0.0000s ]
SQL: SHOW COLUMNS FROM `sh_buttons` [ RunTime:0.0000s ]
SQL: SELECT * FROM `sh_buttons`  [ RunTime:0.0156s ]
SQL: SHOW COLUMNS FROM `sh_shop_config` [ RunTime:0.0000s ]
SQL: SELECT * FROM `sh_shop_config`  [ RunTime:0.0000s ]
SQL: SHOW COLUMNS FROM `sh_category` [ RunTime:0.0156s ]
SQL: SELECT * FROM `sh_category` WHERE ( parent_id=0 )  [ RunTime:0.0000s ]
SQL: SELECT * FROM `sh_category` WHERE ( parent_id=55 )  [ RunTime:0.0000s ]
SQL: SELECT * FROM `sh_category` WHERE ( parent_id=67 )  [ RunTime:0.0000s ]
SQL: SELECT * FROM `sh_category` WHERE ( parent_id=54 )  [ RunTime:0.0000s ]
SQL: SELECT * FROM `sh_category` WHERE ( parent_id=71 )  [ RunTime:0.0000s ]
SQL: SELECT * FROM `sh_category` WHERE ( parent_id=58 )  [ RunTime:0.0000s ]
SQL: SELECT * FROM `sh_category` WHERE ( parent_id=73 )  [ RunTime:0.0000s ]
SQL: SELECT * FROM `sh_category` WHERE ( parent_id=57 )  [ RunTime:0.0000s ]
SQL: SELECT * FROM `sh_category` WHERE ( parent_id=75 )  [ RunTime:0.0000s ]
SQL: SELECT * FROM `sh_category` WHERE ( parent_id=56 )  [ RunTime:0.0000s ]
SQL: SELECT * FROM `sh_category` WHERE ( parent_id=77 )  [ RunTime:0.0000s ]
SQL: SELECT * FROM `sh_category` WHERE ( parent_id=59 )  [ RunTime:0.0000s ]
SQL: SELECT * FROM `sh_category` WHERE ( parent_id=79 )  [ RunTime:0.0000s ]
SQL: SELECT * FROM `sh_category` WHERE ( parent_id=60 )  [ RunTime:0.0000s ]
SQL: SELECT * FROM `sh_category` WHERE ( parent_id=81 )  [ RunTime:0.0000s ]
SQL: SELECT * FROM `sh_category` WHERE ( parent_id=61 )  [ RunTime:0.0000s ]
SQL: SELECT * FROM `sh_category` WHERE ( parent_id=83 )  [ RunTime:0.0000s ]
SQL: SELECT * FROM `sh_category` WHERE ( parent_id=62 )  [ RunTime:0.0000s ]
SQL: SELECT * FROM `sh_category` WHERE ( parent_id=85 )  [ RunTime:0.0000s ]
SQL: SELECT * FROM `sh_category` WHERE ( parent_id=63 )  [ RunTime:0.0000s ]
SQL: SELECT * FROM `sh_category` WHERE ( parent_id=87 )  [ RunTime:0.0000s ]
SQL: SELECT * FROM `sh_category` WHERE ( parent_id=64 )  [ RunTime:0.0000s ]
SQL: SELECT * FROM `sh_category` WHERE ( parent_id=89 )  [ RunTime:0.0000s ]
SQL: SELECT * FROM `sh_category` WHERE ( parent_id=65 )  [ RunTime:0.0000s ]
SQL: SELECT * FROM `sh_category` WHERE ( parent_id=91 )  [ RunTime:0.0000s ]
SQL: SELECT * FROM `sh_category` WHERE ( parent_id=66 )  [ RunTime:0.0000s ]
SQL: SELECT * FROM `sh_category` WHERE ( parent_id=93 )  [ RunTime:0.0000s ]
INFO: [ app_end ] --START--
INFO: Run Behavior\ShowPageTraceBehavior [ RunTime:0.000000s ]
INFO: [ app_end ] --END-- [ RunTime:0.000000s ]

[ 2015-11-03T21:37:33+08:00 ] 127.0.0.1 /index.php/Home/Index/ajaxChkLogin
INFO: [ app_begin ] --START--
INFO: Run Behavior\ReadHtmlCacheBehavior [ RunTime:0.000000s ]
INFO: [ app_begin ] --END-- [ RunTime:0.000000s ]
SQL: SHOW COLUMNS FROM `sh_article_cat` [ RunTime:0.0000s ]
SQL: SELECT * FROM `sh_article_cat`  [ RunTime:0.0000s ]
SQL: SHOW COLUMNS FROM `sh_article` [ RunTime:0.0156s ]
SQL: SELECT * FROM `sh_article` WHERE ( cat_id=3 )  [ RunTime:0.0000s ]
SQL: SELECT * FROM `sh_article` WHERE ( cat_id=2 )  [ RunTime:0.0000s ]
SQL: SELECT * FROM `sh_article` WHERE ( cat_id=4 )  [ RunTime:0.0000s ]
SQL: SELECT * FROM `sh_article` WHERE ( cat_id=5 )  [ RunTime:0.0000s ]
SQL: SELECT * FROM `sh_article` WHERE ( cat_id=6 )  [ RunTime:0.0000s ]
SQL: SHOW COLUMNS FROM `sh_buttons` [ RunTime:0.0000s ]
SQL: SELECT * FROM `sh_buttons`  [ RunTime:0.0000s ]
SQL: SHOW COLUMNS FROM `sh_shop_config` [ RunTime:0.0000s ]
SQL: SELECT * FROM `sh_shop_config`  [ RunTime:0.0000s ]
SQL: SHOW COLUMNS FROM `sh_category` [ RunTime:0.0156s ]
SQL: SELECT * FROM `sh_category` WHERE ( parent_id=0 )  [ RunTime:0.0000s ]
SQL: SELECT * FROM `sh_category` WHERE ( parent_id=55 )  [ RunTime:0.0000s ]
SQL: SELECT * FROM `sh_category` WHERE ( parent_id=67 )  [ RunTime:0.0000s ]
SQL: SELECT * FROM `sh_category` WHERE ( parent_id=54 )  [ RunTime:0.0000s ]
SQL: SELECT * FROM `sh_category` WHERE ( parent_id=71 )  [ RunTime:0.0000s ]
SQL: SELECT * FROM `sh_category` WHERE ( parent_id=58 )  [ RunTime:0.0000s ]
SQL: SELECT * FROM `sh_category` WHERE ( parent_id=73 )  [ RunTime:0.0000s ]
SQL: SELECT * FROM `sh_category` WHERE ( parent_id=57 )  [ RunTime:0.0000s ]
SQL: SELECT * FROM `sh_category` WHERE ( parent_id=75 )  [ RunTime:0.0000s ]
SQL: SELECT * FROM `sh_category` WHERE ( parent_id=56 )  [ RunTime:0.0000s ]
SQL: SELECT * FROM `sh_category` WHERE ( parent_id=77 )  [ RunTime:0.0000s ]
SQL: SELECT * FROM `sh_category` WHERE ( parent_id=59 )  [ RunTime:0.0000s ]
SQL: SELECT * FROM `sh_category` WHERE ( parent_id=79 )  [ RunTime:0.0000s ]
SQL: SELECT * FROM `sh_category` WHERE ( parent_id=60 )  [ RunTime:0.0156s ]
SQL: SELECT * FROM `sh_category` WHERE ( parent_id=81 )  [ RunTime:0.0000s ]
SQL: SELECT * FROM `sh_category` WHERE ( parent_id=61 )  [ RunTime:0.0000s ]
SQL: SELECT * FROM `sh_category` WHERE ( parent_id=83 )  [ RunTime:0.0000s ]
SQL: SELECT * FROM `sh_category` WHERE ( parent_id=62 )  [ RunTime:0.0000s ]
SQL: SELECT * FROM `sh_category` WHERE ( parent_id=85 )  [ RunTime:0.0000s ]
SQL: SELECT * FROM `sh_category` WHERE ( parent_id=63 )  [ RunTime:0.0000s ]
SQL: SELECT * FROM `sh_category` WHERE ( parent_id=87 )  [ RunTime:0.0000s ]
SQL: SELECT * FROM `sh_category` WHERE ( parent_id=64 )  [ RunTime:0.0000s ]
SQL: SELECT * FROM `sh_category` WHERE ( parent_id=89 )  [ RunTime:0.0000s ]
SQL: SELECT * FROM `sh_category` WHERE ( parent_id=65 )  [ RunTime:0.0000s ]
SQL: SELECT * FROM `sh_category` WHERE ( parent_id=91 )  [ RunTime:0.0000s ]
SQL: SELECT * FROM `sh_category` WHERE ( parent_id=66 )  [ RunTime:0.0000s ]
SQL: SELECT * FROM `sh_category` WHERE ( parent_id=93 )  [ RunTime:0.0000s ]
INFO: [ app_end ] --START--
INFO: Run Behavior\ShowPageTraceBehavior [ RunTime:0.000000s ]
INFO: [ app_end ] --END-- [ RunTime:0.000000s ]

[ 2015-11-03T21:38:11+08:00 ] 127.0.0.1 /index.php/Home/Index/ajaxChkLogin
INFO: [ app_begin ] --START--
INFO: Run Behavior\ReadHtmlCacheBehavior [ RunTime:0.000000s ]
INFO: [ app_begin ] --END-- [ RunTime:0.000000s ]
SQL: SHOW COLUMNS FROM `sh_article_cat` [ RunTime:0.0156s ]
SQL: SELECT * FROM `sh_article_cat`  [ RunTime:0.0000s ]
SQL: SHOW COLUMNS FROM `sh_article` [ RunTime:0.0000s ]
SQL: SELECT * FROM `sh_article` WHERE ( cat_id=3 )  [ RunTime:0.0000s ]
SQL: SELECT * FROM `sh_article` WHERE ( cat_id=2 )  [ RunTime:0.0000s ]
SQL: SELECT * FROM `sh_article` WHERE ( cat_id=4 )  [ RunTime:0.0000s ]
SQL: SELECT * FROM `sh_article` WHERE ( cat_id=5 )  [ RunTime:0.0000s ]
SQL: SELECT * FROM `sh_article` WHERE ( cat_id=6 )  [ RunTime:0.0000s ]
SQL: SHOW COLUMNS FROM `sh_buttons` [ RunTime:0.0156s ]
SQL: SELECT * FROM `sh_buttons`  [ RunTime:0.0000s ]
SQL: SHOW COLUMNS FROM `sh_shop_config` [ RunTime:0.0000s ]
SQL: SELECT * FROM `sh_shop_config`  [ RunTime:0.0000s ]
SQL: SHOW COLUMNS FROM `sh_category` [ RunTime:0.0000s ]
SQL: SELECT * FROM `sh_category` WHERE ( parent_id=0 )  [ RunTime:0.0000s ]
SQL: SELECT * FROM `sh_category` WHERE ( parent_id=55 )  [ RunTime:0.0000s ]
SQL: SELECT * FROM `sh_category` WHERE ( parent_id=67 )  [ RunTime:0.0000s ]
SQL: SELECT * FROM `sh_category` WHERE ( parent_id=54 )  [ RunTime:0.0000s ]
SQL: SELECT * FROM `sh_category` WHERE ( parent_id=71 )  [ RunTime:0.0000s ]
SQL: SELECT * FROM `sh_category` WHERE ( parent_id=58 )  [ RunTime:0.0156s ]
SQL: SELECT * FROM `sh_category` WHERE ( parent_id=73 )  [ RunTime:0.0000s ]
SQL: SELECT * FROM `sh_category` WHERE ( parent_id=57 )  [ RunTime:0.0000s ]
SQL: SELECT * FROM `sh_category` WHERE ( parent_id=75 )  [ RunTime:0.0000s ]
SQL: SELECT * FROM `sh_category` WHERE ( parent_id=56 )  [ RunTime:0.0000s ]
SQL: SELECT * FROM `sh_category` WHERE ( parent_id=77 )  [ RunTime:0.0000s ]
SQL: SELECT * FROM `sh_category` WHERE ( parent_id=59 )  [ RunTime:0.0000s ]
SQL: SELECT * FROM `sh_category` WHERE ( parent_id=79 )  [ RunTime:0.0000s ]
SQL: SELECT * FROM `sh_category` WHERE ( parent_id=60 )  [ RunTime:0.0000s ]
SQL: SELECT * FROM `sh_category` WHERE ( parent_id=81 )  [ RunTime:0.0000s ]
SQL: SELECT * FROM `sh_category` WHERE ( parent_id=61 )  [ RunTime:0.0000s ]
SQL: SELECT * FROM `sh_category` WHERE ( parent_id=83 )  [ RunTime:0.0000s ]
SQL: SELECT * FROM `sh_category` WHERE ( parent_id=62 )  [ RunTime:0.0000s ]
SQL: SELECT * FROM `sh_category` WHERE ( parent_id=85 )  [ RunTime:0.0000s ]
SQL: SELECT * FROM `sh_category` WHERE ( parent_id=63 )  [ RunTime:0.0000s ]
SQL: SELECT * FROM `sh_category` WHERE ( parent_id=87 )  [ RunTime:0.0000s ]
SQL: SELECT * FROM `sh_category` WHERE ( parent_id=64 )  [ RunTime:0.0000s ]
SQL: SELECT * FROM `sh_category` WHERE ( parent_id=89 )  [ RunTime:0.0000s ]
SQL: SELECT * FROM `sh_category` WHERE ( parent_id=65 )  [ RunTime:0.0000s ]
SQL: SELECT * FROM `sh_category` WHERE ( parent_id=91 )  [ RunTime:0.0000s ]
SQL: SELECT * FROM `sh_category` WHERE ( parent_id=66 )  [ RunTime:0.0000s ]
SQL: SELECT * FROM `sh_category` WHERE ( parent_id=93 )  [ RunTime:0.0000s ]
INFO: [ app_end ] --START--
INFO: Run Behavior\ShowPageTraceBehavior [ RunTime:0.015625s ]
INFO: [ app_end ] --END-- [ RunTime:0.015625s ]

[ 2015-11-03T21:53:25+08:00 ] 127.0.0.1 /index.php/Home/Index/ajaxChkLogin
INFO: [ app_begin ] --START--
INFO: Run Behavior\ReadHtmlCacheBehavior [ RunTime:0.000000s ]
INFO: [ app_begin ] --END-- [ RunTime:0.000000s ]
SQL: SHOW COLUMNS FROM `sh_article_cat` [ RunTime:0.0156s ]
SQL: SELECT * FROM `sh_article_cat`  [ RunTime:0.0000s ]
SQL: SHOW COLUMNS FROM `sh_article` [ RunTime:0.0000s ]
SQL: SELECT * FROM `sh_article` WHERE ( cat_id=3 )  [ RunTime:0.0000s ]
SQL: SELECT * FROM `sh_article` WHERE ( cat_id=2 )  [ RunTime:0.0000s ]
SQL: SELECT * FROM `sh_article` WHERE ( cat_id=4 )  [ RunTime:0.0000s ]
SQL: SELECT * FROM `sh_article` WHERE ( cat_id=5 )  [ RunTime:0.0000s ]
SQL: SELECT * FROM `sh_article` WHERE ( cat_id=6 )  [ RunTime:0.0000s ]
SQL: SHOW COLUMNS FROM `sh_buttons` [ RunTime:0.0156s ]
SQL: SELECT * FROM `sh_buttons`  [ RunTime:0.0000s ]
SQL: SHOW COLUMNS FROM `sh_shop_config` [ RunTime:0.0156s ]
SQL: SELECT * FROM `sh_shop_config`  [ RunTime:0.0000s ]
SQL: SHOW COLUMNS FROM `sh_category` [ RunTime:0.0000s ]
SQL: SELECT * FROM `sh_category` WHERE ( parent_id=0 )  [ RunTime:0.0156s ]
SQL: SELECT * FROM `sh_category` WHERE ( parent_id=55 )  [ RunTime:0.0000s ]
SQL: SELECT * FROM `sh_category` WHERE ( parent_id=67 )  [ RunTime:0.0000s ]
SQL: SELECT * FROM `sh_category` WHERE ( parent_id=54 )  [ RunTime:0.0000s ]
SQL: SELECT * FROM `sh_category` WHERE ( parent_id=71 )  [ RunTime:0.0000s ]
SQL: SELECT * FROM `sh_category` WHERE ( parent_id=58 )  [ RunTime:0.0000s ]
SQL: SELECT * FROM `sh_category` WHERE ( parent_id=73 )  [ RunTime:0.0000s ]
SQL: SELECT * FROM `sh_category` WHERE ( parent_id=57 )  [ RunTime:0.0000s ]
SQL: SELECT * FROM `sh_category` WHERE ( parent_id=75 )  [ RunTime:0.0000s ]
SQL: SELECT * FROM `sh_category` WHERE ( parent_id=56 )  [ RunTime:0.0000s ]
SQL: SELECT * FROM `sh_category` WHERE ( parent_id=77 )  [ RunTime:0.0000s ]
SQL: SELECT * FROM `sh_category` WHERE ( parent_id=59 )  [ RunTime:0.0000s ]
SQL: SELECT * FROM `sh_category` WHERE ( parent_id=79 )  [ RunTime:0.0000s ]
SQL: SELECT * FROM `sh_category` WHERE ( parent_id=60 )  [ RunTime:0.0000s ]
SQL: SELECT * FROM `sh_category` WHERE ( parent_id=81 )  [ RunTime:0.0000s ]
SQL: SELECT * FROM `sh_category` WHERE ( parent_id=61 )  [ RunTime:0.0000s ]
SQL: SELECT * FROM `sh_category` WHERE ( parent_id=83 )  [ RunTime:0.0000s ]
SQL: SELECT * FROM `sh_category` WHERE ( parent_id=62 )  [ RunTime:0.0000s ]
SQL: SELECT * FROM `sh_category` WHERE ( parent_id=85 )  [ RunTime:0.0000s ]
SQL: SELECT * FROM `sh_category` WHERE ( parent_id=63 )  [ RunTime:0.0000s ]
SQL: SELECT * FROM `sh_category` WHERE ( parent_id=87 )  [ RunTime:0.0000s ]
SQL: SELECT * FROM `sh_category` WHERE ( parent_id=64 )  [ RunTime:0.0000s ]
SQL: SELECT * FROM `sh_category` WHERE ( parent_id=89 )  [ RunTime:0.0000s ]
SQL: SELECT * FROM `sh_category` WHERE ( parent_id=65 )  [ RunTime:0.0000s ]
SQL: SELECT * FROM `sh_category` WHERE ( parent_id=91 )  [ RunTime:0.0000s ]
SQL: SELECT * FROM `sh_category` WHERE ( parent_id=66 )  [ RunTime:0.0000s ]
SQL: SELECT * FROM `sh_category` WHERE ( parent_id=93 )  [ RunTime:0.0000s ]
INFO: [ app_end ] --START--
INFO: Run Behavior\ShowPageTraceBehavior [ RunTime:0.000000s ]
INFO: [ app_end ] --END-- [ RunTime:0.000000s ]

[ 2015-11-03T21:55:12+08:00 ] 127.0.0.1 /Home/Index/search/catId/62
ERR: SQLSTATE[42S02]: Base table or view not found: 1146 Table 'test.sh_sh_category' doesn't exist

[ 2015-11-03T21:55:22+08:00 ] 127.0.0.1 /index.php/Home/Index/ajaxChkLogin
INFO: [ app_begin ] --START--
INFO: Run Behavior\ReadHtmlCacheBehavior [ RunTime:0.000000s ]
INFO: [ app_begin ] --END-- [ RunTime:0.000000s ]
SQL: SHOW COLUMNS FROM `sh_article_cat` [ RunTime:0.0000s ]
SQL: SELECT * FROM `sh_article_cat`  [ RunTime:0.0000s ]
SQL: SHOW COLUMNS FROM `sh_article` [ RunTime:0.0156s ]
SQL: SELECT * FROM `sh_article` WHERE ( cat_id=3 )  [ RunTime:0.0000s ]
SQL: SELECT * FROM `sh_article` WHERE ( cat_id=2 )  [ RunTime:0.0000s ]
SQL: SELECT * FROM `sh_article` WHERE ( cat_id=4 )  [ RunTime:0.0000s ]
SQL: SELECT * FROM `sh_article` WHERE ( cat_id=5 )  [ RunTime:0.0000s ]
SQL: SELECT * FROM `sh_article` WHERE ( cat_id=6 )  [ RunTime:0.0000s ]
SQL: SHOW COLUMNS FROM `sh_buttons` [ RunTime:0.0156s ]
SQL: SELECT * FROM `sh_buttons`  [ RunTime:0.0000s ]
SQL: SHOW COLUMNS FROM `sh_shop_config` [ RunTime:0.0000s ]
SQL: SELECT * FROM `sh_shop_config`  [ RunTime:0.0156s ]
SQL: SHOW COLUMNS FROM `sh_category` [ RunTime:0.0000s ]
SQL: SELECT * FROM `sh_category` WHERE ( parent_id=0 )  [ RunTime:0.0000s ]
SQL: SELECT * FROM `sh_category` WHERE ( parent_id=55 )  [ RunTime:0.0000s ]
SQL: SELECT * FROM `sh_category` WHERE ( parent_id=67 )  [ RunTime:0.0000s ]
SQL: SELECT * FROM `sh_category` WHERE ( parent_id=54 )  [ RunTime:0.0000s ]
SQL: SELECT * FROM `sh_category` WHERE ( parent_id=71 )  [ RunTime:0.0000s ]
SQL: SELECT * FROM `sh_category` WHERE ( parent_id=58 )  [ RunTime:0.0000s ]
SQL: SELECT * FROM `sh_category` WHERE ( parent_id=73 )  [ RunTime:0.0000s ]
SQL: SELECT * FROM `sh_category` WHERE ( parent_id=57 )  [ RunTime:0.0000s ]
SQL: SELECT * FROM `sh_category` WHERE ( parent_id=75 )  [ RunTime:0.0000s ]
SQL: SELECT * FROM `sh_category` WHERE ( parent_id=56 )  [ RunTime:0.0000s ]
SQL: SELECT * FROM `sh_category` WHERE ( parent_id=77 )  [ RunTime:0.0000s ]
SQL: SELECT * FROM `sh_category` WHERE ( parent_id=59 )  [ RunTime:0.0000s ]
SQL: SELECT * FROM `sh_category` WHERE ( parent_id=79 )  [ RunTime:0.0000s ]
SQL: SELECT * FROM `sh_category` WHERE ( parent_id=60 )  [ RunTime:0.0000s ]
SQL: SELECT * FROM `sh_category` WHERE ( parent_id=81 )  [ RunTime:0.0000s ]
SQL: SELECT * FROM `sh_category` WHERE ( parent_id=61 )  [ RunTime:0.0000s ]
SQL: SELECT * FROM `sh_category` WHERE ( parent_id=83 )  [ RunTime:0.0000s ]
SQL: SELECT * FROM `sh_category` WHERE ( parent_id=62 )  [ RunTime:0.0000s ]
SQL: SELECT * FROM `sh_category` WHERE ( parent_id=85 )  [ RunTime:0.0000s ]
SQL: SELECT * FROM `sh_category` WHERE ( parent_id=63 )  [ RunTime:0.0000s ]
SQL: SELECT * FROM `sh_category` WHERE ( parent_id=87 )  [ RunTime:0.0000s ]
SQL: SELECT * FROM `sh_category` WHERE ( parent_id=64 )  [ RunTime:0.0156s ]
SQL: SELECT * FROM `sh_category` WHERE ( parent_id=89 )  [ RunTime:0.0000s ]
SQL: SELECT * FROM `sh_category` WHERE ( parent_id=65 )  [ RunTime:0.0000s ]
SQL: SELECT * FROM `sh_category` WHERE ( parent_id=91 )  [ RunTime:0.0000s ]
SQL: SELECT * FROM `sh_category` WHERE ( parent_id=66 )  [ RunTime:0.0000s ]
SQL: SELECT * FROM `sh_category` WHERE ( parent_id=93 )  [ RunTime:0.0000s ]
INFO: [ app_end ] --START--
INFO: Run Behavior\ShowPageTraceBehavior [ RunTime:0.000000s ]
INFO: [ app_end ] --END-- [ RunTime:0.000000s ]

[ 2015-11-03T21:56:05+08:00 ] 127.0.0.1 /index.php/Home/Index/ajaxChkLogin
INFO: [ app_begin ] --START--
INFO: Run Behavior\ReadHtmlCacheBehavior [ RunTime:0.000000s ]
INFO: [ app_begin ] --END-- [ RunTime:0.000000s ]
SQL: SHOW COLUMNS FROM `sh_article_cat` [ RunTime:0.0156s ]
SQL: SELECT * FROM `sh_article_cat`  [ RunTime:0.0000s ]
SQL: SHOW COLUMNS FROM `sh_article` [ RunTime:0.0000s ]
SQL: SELECT * FROM `sh_article` WHERE ( cat_id=3 )  [ RunTime:0.0000s ]
SQL: SELECT * FROM `sh_article` WHERE ( cat_id=2 )  [ RunTime:0.0000s ]
SQL: SELECT * FROM `sh_article` WHERE ( cat_id=4 )  [ RunTime:0.0000s ]
SQL: SELECT * FROM `sh_article` WHERE ( cat_id=5 )  [ RunTime:0.0000s ]
SQL: SELECT * FROM `sh_article` WHERE ( cat_id=6 )  [ RunTime:0.0000s ]
SQL: SHOW COLUMNS FROM `sh_buttons` [ RunTime:0.0000s ]
SQL: SELECT * FROM `sh_buttons`  [ RunTime:0.0000s ]
SQL: SHOW COLUMNS FROM `sh_shop_config` [ RunTime:0.0156s ]
SQL: SELECT * FROM `sh_shop_config`  [ RunTime:0.0000s ]
SQL: SHOW COLUMNS FROM `sh_category` [ RunTime:0.0156s ]
SQL: SELECT * FROM `sh_category` WHERE ( parent_id=0 )  [ RunTime:0.0000s ]
SQL: SELECT * FROM `sh_category` WHERE ( parent_id=55 )  [ RunTime:0.0000s ]
SQL: SELECT * FROM `sh_category` WHERE ( parent_id=67 )  [ RunTime:0.0000s ]
SQL: SELECT * FROM `sh_category` WHERE ( parent_id=54 )  [ RunTime:0.0000s ]
SQL: SELECT * FROM `sh_category` WHERE ( parent_id=71 )  [ RunTime:0.0000s ]
SQL: SELECT * FROM `sh_category` WHERE ( parent_id=58 )  [ RunTime:0.0000s ]
SQL: SELECT * FROM `sh_category` WHERE ( parent_id=73 )  [ RunTime:0.0000s ]
SQL: SELECT * FROM `sh_category` WHERE ( parent_id=57 )  [ RunTime:0.0000s ]
SQL: SELECT * FROM `sh_category` WHERE ( parent_id=75 )  [ RunTime:0.0000s ]
SQL: SELECT * FROM `sh_category` WHERE ( parent_id=56 )  [ RunTime:0.0000s ]
SQL: SELECT * FROM `sh_category` WHERE ( parent_id=77 )  [ RunTime:0.0156s ]
SQL: SELECT * FROM `sh_category` WHERE ( parent_id=59 )  [ RunTime:0.0000s ]
SQL: SELECT * FROM `sh_category` WHERE ( parent_id=79 )  [ RunTime:0.0000s ]
SQL: SELECT * FROM `sh_category` WHERE ( parent_id=60 )  [ RunTime:0.0000s ]
SQL: SELECT * FROM `sh_category` WHERE ( parent_id=81 )  [ RunTime:0.0000s ]
SQL: SELECT * FROM `sh_category` WHERE ( parent_id=61 )  [ RunTime:0.0000s ]
SQL: SELECT * FROM `sh_category` WHERE ( parent_id=83 )  [ RunTime:0.0000s ]
SQL: SELECT * FROM `sh_category` WHERE ( parent_id=62 )  [ RunTime:0.0000s ]
SQL: SELECT * FROM `sh_category` WHERE ( parent_id=85 )  [ RunTime:0.0000s ]
SQL: SELECT * FROM `sh_category` WHERE ( parent_id=63 )  [ RunTime:0.0000s ]
SQL: SELECT * FROM `sh_category` WHERE ( parent_id=87 )  [ RunTime:0.0000s ]
SQL: SELECT * FROM `sh_category` WHERE ( parent_id=64 )  [ RunTime:0.0000s ]
SQL: SELECT * FROM `sh_category` WHERE ( parent_id=89 )  [ RunTime:0.0000s ]
SQL: SELECT * FROM `sh_category` WHERE ( parent_id=65 )  [ RunTime:0.0000s ]
SQL: SELECT * FROM `sh_category` WHERE ( parent_id=91 )  [ RunTime:0.0000s ]
SQL: SELECT * FROM `sh_category` WHERE ( parent_id=66 )  [ RunTime:0.0000s ]
SQL: SELECT * FROM `sh_category` WHERE ( parent_id=93 )  [ RunTime:0.0000s ]
INFO: [ app_end ] --START--
INFO: Run Behavior\ShowPageTraceBehavior [ RunTime:0.015625s ]
INFO: [ app_end ] --END-- [ RunTime:0.015625s ]

[ 2015-11-03T21:56:16+08:00 ] 127.0.0.1 /index.php/Home/Index/ajaxChkLogin
INFO: [ app_begin ] --START--
INFO: Run Behavior\ReadHtmlCacheBehavior [ RunTime:0.000000s ]
INFO: [ app_begin ] --END-- [ RunTime:0.000000s ]
SQL: SHOW COLUMNS FROM `sh_article_cat` [ RunTime:0.0000s ]
SQL: SELECT * FROM `sh_article_cat`  [ RunTime:0.0000s ]
SQL: SHOW COLUMNS FROM `sh_article` [ RunTime:0.0156s ]
SQL: SELECT * FROM `sh_article` WHERE ( cat_id=3 )  [ RunTime:0.0000s ]
SQL: SELECT * FROM `sh_article` WHERE ( cat_id=2 )  [ RunTime:0.0000s ]
SQL: SELECT * FROM `sh_article` WHERE ( cat_id=4 )  [ RunTime:0.0000s ]
SQL: SELECT * FROM `sh_article` WHERE ( cat_id=5 )  [ RunTime:0.0000s ]
SQL: SELECT * FROM `sh_article` WHERE ( cat_id=6 )  [ RunTime:0.0000s ]
SQL: SHOW COLUMNS FROM `sh_buttons` [ RunTime:0.0000s ]
SQL: SELECT * FROM `sh_buttons`  [ RunTime:0.0000s ]
SQL: SHOW COLUMNS FROM `sh_shop_config` [ RunTime:0.0156s ]
SQL: SELECT * FROM `sh_shop_config`  [ RunTime:0.0000s ]
SQL: SHOW COLUMNS FROM `sh_category` [ RunTime:0.0000s ]
SQL: SELECT * FROM `sh_category` WHERE ( parent_id=0 )  [ RunTime:0.0000s ]
SQL: SELECT * FROM `sh_category` WHERE ( parent_id=55 )  [ RunTime:0.0000s ]
SQL: SELECT * FROM `sh_category` WHERE ( parent_id=67 )  [ RunTime:0.0000s ]
SQL: SELECT * FROM `sh_category` WHERE ( parent_id=54 )  [ RunTime:0.0000s ]
SQL: SELECT * FROM `sh_category` WHERE ( parent_id=71 )  [ RunTime:0.0000s ]
SQL: SELECT * FROM `sh_category` WHERE ( parent_id=58 )  [ RunTime:0.0000s ]
SQL: SELECT * FROM `sh_category` WHERE ( parent_id=73 )  [ RunTime:0.0000s ]
SQL: SELECT * FROM `sh_category` WHERE ( parent_id=57 )  [ RunTime:0.0000s ]
SQL: SELECT * FROM `sh_category` WHERE ( parent_id=75 )  [ RunTime:0.0000s ]
SQL: SELECT * FROM `sh_category` WHERE ( parent_id=56 )  [ RunTime:0.0000s ]
SQL: SELECT * FROM `sh_category` WHERE ( parent_id=77 )  [ RunTime:0.0000s ]
SQL: SELECT * FROM `sh_category` WHERE ( parent_id=59 )  [ RunTime:0.0000s ]
SQL: SELECT * FROM `sh_category` WHERE ( parent_id=79 )  [ RunTime:0.0000s ]
SQL: SELECT * FROM `sh_category` WHERE ( parent_id=60 )  [ RunTime:0.0000s ]
SQL: SELECT * FROM `sh_category` WHERE ( parent_id=81 )  [ RunTime:0.0000s ]
SQL: SELECT * FROM `sh_category` WHERE ( parent_id=61 )  [ RunTime:0.0000s ]
SQL: SELECT * FROM `sh_category` WHERE ( parent_id=83 )  [ RunTime:0.0000s ]
SQL: SELECT * FROM `sh_category` WHERE ( parent_id=62 )  [ RunTime:0.0000s ]
SQL: SELECT * FROM `sh_category` WHERE ( parent_id=85 )  [ RunTime:0.0000s ]
SQL: SELECT * FROM `sh_category` WHERE ( parent_id=63 )  [ RunTime:0.0000s ]
SQL: SELECT * FROM `sh_category` WHERE ( parent_id=87 )  [ RunTime:0.0000s ]
SQL: SELECT * FROM `sh_category` WHERE ( parent_id=64 )  [ RunTime:0.0000s ]
SQL: SELECT * FROM `sh_category` WHERE ( parent_id=89 )  [ RunTime:0.0000s ]
SQL: SELECT * FROM `sh_category` WHERE ( parent_id=65 )  [ RunTime:0.0000s ]
SQL: SELECT * FROM `sh_category` WHERE ( parent_id=91 )  [ RunTime:0.0000s ]
SQL: SELECT * FROM `sh_category` WHERE ( parent_id=66 )  [ RunTime:0.0000s ]
SQL: SELECT * FROM `sh_category` WHERE ( parent_id=93 )  [ RunTime:0.0000s ]
INFO: [ app_end ] --START--
INFO: Run Behavior\ShowPageTraceBehavior [ RunTime:0.000000s ]
INFO: [ app_end ] --END-- [ RunTime:0.000000s ]

[ 2015-11-03T22:03:36+08:00 ] 127.0.0.1 /index.php/Home/Index/ajaxChkLogin
INFO: [ app_begin ] --START--
INFO: Run Behavior\ReadHtmlCacheBehavior [ RunTime:0.000000s ]
INFO: [ app_begin ] --END-- [ RunTime:0.000000s ]
SQL: SHOW COLUMNS FROM `sh_article_cat` [ RunTime:0.0156s ]
SQL: SELECT * FROM `sh_article_cat`  [ RunTime:0.0000s ]
SQL: SHOW COLUMNS FROM `sh_article` [ RunTime:0.0000s ]
SQL: SELECT * FROM `sh_article` WHERE ( cat_id=3 )  [ RunTime:0.0000s ]
SQL: SELECT * FROM `sh_article` WHERE ( cat_id=2 )  [ RunTime:0.0000s ]
SQL: SELECT * FROM `sh_article` WHERE ( cat_id=4 )  [ RunTime:0.0000s ]
SQL: SELECT * FROM `sh_article` WHERE ( cat_id=5 )  [ RunTime:0.0000s ]
SQL: SELECT * FROM `sh_article` WHERE ( cat_id=6 )  [ RunTime:0.0000s ]
SQL: SHOW COLUMNS FROM `sh_buttons` [ RunTime:0.0156s ]
SQL: SELECT * FROM `sh_buttons`  [ RunTime:0.0000s ]
SQL: SHOW COLUMNS FROM `sh_shop_config` [ RunTime:0.0000s ]
SQL: SELECT * FROM `sh_shop_config`  [ RunTime:0.0000s ]
SQL: SHOW COLUMNS FROM `sh_category` [ RunTime:0.0000s ]
SQL: SELECT * FROM `sh_category` WHERE ( parent_id=0 )  [ RunTime:0.0000s ]
SQL: SELECT * FROM `sh_category` WHERE ( parent_id=55 )  [ RunTime:0.0000s ]
SQL: SELECT * FROM `sh_category` WHERE ( parent_id=67 )  [ RunTime:0.0000s ]
SQL: SELECT * FROM `sh_category` WHERE ( parent_id=54 )  [ RunTime:0.0000s ]
SQL: SELECT * FROM `sh_category` WHERE ( parent_id=71 )  [ RunTime:0.0000s ]
SQL: SELECT * FROM `sh_category` WHERE ( parent_id=58 )  [ RunTime:0.0000s ]
SQL: SELECT * FROM `sh_category` WHERE ( parent_id=73 )  [ RunTime:0.0000s ]
SQL: SELECT * FROM `sh_category` WHERE ( parent_id=57 )  [ RunTime:0.0156s ]
SQL: SELECT * FROM `sh_category` WHERE ( parent_id=75 )  [ RunTime:0.0000s ]
SQL: SELECT * FROM `sh_category` WHERE ( parent_id=56 )  [ RunTime:0.0000s ]
SQL: SELECT * FROM `sh_category` WHERE ( parent_id=77 )  [ RunTime:0.0000s ]
SQL: SELECT * FROM `sh_category` WHERE ( parent_id=59 )  [ RunTime:0.0000s ]
SQL: SELECT * FROM `sh_category` WHERE ( parent_id=79 )  [ RunTime:0.0000s ]
SQL: SELECT * FROM `sh_category` WHERE ( parent_id=60 )  [ RunTime:0.0000s ]
SQL: SELECT * FROM `sh_category` WHERE ( parent_id=81 )  [ RunTime:0.0000s ]
SQL: SELECT * FROM `sh_category` WHERE ( parent_id=61 )  [ RunTime:0.0000s ]
SQL: SELECT * FROM `sh_category` WHERE ( parent_id=83 )  [ RunTime:0.0000s ]
SQL: SELECT * FROM `sh_category` WHERE ( parent_id=62 )  [ RunTime:0.0000s ]
SQL: SELECT * FROM `sh_category` WHERE ( parent_id=85 )  [ RunTime:0.0000s ]
SQL: SELECT * FROM `sh_category` WHERE ( parent_id=63 )  [ RunTime:0.0000s ]
SQL: SELECT * FROM `sh_category` WHERE ( parent_id=87 )  [ RunTime:0.0000s ]
SQL: SELECT * FROM `sh_category` WHERE ( parent_id=64 )  [ RunTime:0.0000s ]
SQL: SELECT * FROM `sh_category` WHERE ( parent_id=89 )  [ RunTime:0.0000s ]
SQL: SELECT * FROM `sh_category` WHERE ( parent_id=65 )  [ RunTime:0.0000s ]
SQL: SELECT * FROM `sh_category` WHERE ( parent_id=91 )  [ RunTime:0.0000s ]
SQL: SELECT * FROM `sh_category` WHERE ( parent_id=66 )  [ RunTime:0.0000s ]
SQL: SELECT * FROM `sh_category` WHERE ( parent_id=93 )  [ RunTime:0.0000s ]
INFO: [ app_end ] --START--
INFO: Run Behavior\ShowPageTraceBehavior [ RunTime:0.000000s ]
INFO: [ app_end ] --END-- [ RunTime:0.000000s ]

[ 2015-11-03T22:04:14+08:00 ] 127.0.0.1 /index.php/Home/Index/ajaxChkLogin
INFO: [ app_begin ] --START--
INFO: Run Behavior\ReadHtmlCacheBehavior [ RunTime:0.000000s ]
INFO: [ app_begin ] --END-- [ RunTime:0.000000s ]
SQL: SHOW COLUMNS FROM `sh_article_cat` [ RunTime:0.0156s ]
SQL: SELECT * FROM `sh_article_cat`  [ RunTime:0.0000s ]
SQL: SHOW COLUMNS FROM `sh_article` [ RunTime:0.0000s ]
SQL: SELECT * FROM `sh_article` WHERE ( cat_id=3 )  [ RunTime:0.0000s ]
SQL: SELECT * FROM `sh_article` WHERE ( cat_id=2 )  [ RunTime:0.0000s ]
SQL: SELECT * FROM `sh_article` WHERE ( cat_id=4 )  [ RunTime:0.0000s ]
SQL: SELECT * FROM `sh_article` WHERE ( cat_id=5 )  [ RunTime:0.0000s ]
SQL: SELECT * FROM `sh_article` WHERE ( cat_id=6 )  [ RunTime:0.0000s ]
SQL: SHOW COLUMNS FROM `sh_buttons` [ RunTime:0.0156s ]
SQL: SELECT * FROM `sh_buttons`  [ RunTime:0.0000s ]
SQL: SHOW COLUMNS FROM `sh_shop_config` [ RunTime:0.0000s ]
SQL: SELECT * FROM `sh_shop_config`  [ RunTime:0.0000s ]
SQL: SHOW COLUMNS FROM `sh_category` [ RunTime:0.0000s ]
SQL: SELECT * FROM `sh_category` WHERE ( parent_id=0 )  [ RunTime:0.0000s ]
SQL: SELECT * FROM `sh_category` WHERE ( parent_id=55 )  [ RunTime:0.0000s ]
SQL: SELECT * FROM `sh_category` WHERE ( parent_id=67 )  [ RunTime:0.0000s ]
SQL: SELECT * FROM `sh_category` WHERE ( parent_id=54 )  [ RunTime:0.0000s ]
SQL: SELECT * FROM `sh_category` WHERE ( parent_id=71 )  [ RunTime:0.0000s ]
SQL: SELECT * FROM `sh_category` WHERE ( parent_id=58 )  [ RunTime:0.0000s ]
SQL: SELECT * FROM `sh_category` WHERE ( parent_id=73 )  [ RunTime:0.0000s ]
SQL: SELECT * FROM `sh_category` WHERE ( parent_id=57 )  [ RunTime:0.0000s ]
SQL: SELECT * FROM `sh_category` WHERE ( parent_id=75 )  [ RunTime:0.0156s ]
SQL: SELECT * FROM `sh_category` WHERE ( parent_id=56 )  [ RunTime:0.0000s ]
SQL: SELECT * FROM `sh_category` WHERE ( parent_id=77 )  [ RunTime:0.0000s ]
SQL: SELECT * FROM `sh_category` WHERE ( parent_id=59 )  [ RunTime:0.0000s ]
SQL: SELECT * FROM `sh_category` WHERE ( parent_id=79 )  [ RunTime:0.0000s ]
SQL: SELECT * FROM `sh_category` WHERE ( parent_id=60 )  [ RunTime:0.0000s ]
SQL: SELECT * FROM `sh_category` WHERE ( parent_id=81 )  [ RunTime:0.0000s ]
SQL: SELECT * FROM `sh_category` WHERE ( parent_id=61 )  [ RunTime:0.0000s ]
SQL: SELECT * FROM `sh_category` WHERE ( parent_id=83 )  [ RunTime:0.0000s ]
SQL: SELECT * FROM `sh_category` WHERE ( parent_id=62 )  [ RunTime:0.0000s ]
SQL: SELECT * FROM `sh_category` WHERE ( parent_id=85 )  [ RunTime:0.0000s ]
SQL: SELECT * FROM `sh_category` WHERE ( parent_id=63 )  [ RunTime:0.0000s ]
SQL: SELECT * FROM `sh_category` WHERE ( parent_id=87 )  [ RunTime:0.0000s ]
SQL: SELECT * FROM `sh_category` WHERE ( parent_id=64 )  [ RunTime:0.0000s ]
SQL: SELECT * FROM `sh_category` WHERE ( parent_id=89 )  [ RunTime:0.0000s ]
SQL: SELECT * FROM `sh_category` WHERE ( parent_id=65 )  [ RunTime:0.0000s ]
SQL: SELECT * FROM `sh_category` WHERE ( parent_id=91 )  [ RunTime:0.0000s ]
SQL: SELECT * FROM `sh_category` WHERE ( parent_id=66 )  [ RunTime:0.0000s ]
SQL: SELECT * FROM `sh_category` WHERE ( parent_id=93 )  [ RunTime:0.0000s ]
INFO: [ app_end ] --START--
INFO: Run Behavior\ShowPageTraceBehavior [ RunTime:0.000000s ]
INFO: [ app_end ] --END-- [ RunTime:0.000000s ]

[ 2015-11-03T22:05:44+08:00 ] 127.0.0.1 /index.php/Home/Index/ajaxChkLogin
INFO: [ app_begin ] --START--
INFO: Run Behavior\ReadHtmlCacheBehavior [ RunTime:0.000000s ]
INFO: [ app_begin ] --END-- [ RunTime:0.000000s ]
SQL: SHOW COLUMNS FROM `sh_article_cat` [ RunTime:0.0000s ]
SQL: SELECT * FROM `sh_article_cat`  [ RunTime:0.0000s ]
SQL: SHOW COLUMNS FROM `sh_article` [ RunTime:0.0156s ]
SQL: SELECT * FROM `sh_article` WHERE ( cat_id=3 )  [ RunTime:0.0000s ]
SQL: SELECT * FROM `sh_article` WHERE ( cat_id=2 )  [ RunTime:0.0000s ]
SQL: SELECT * FROM `sh_article` WHERE ( cat_id=4 )  [ RunTime:0.0000s ]
SQL: SELECT * FROM `sh_article` WHERE ( cat_id=5 )  [ RunTime:0.0000s ]
SQL: SELECT * FROM `sh_article` WHERE ( cat_id=6 )  [ RunTime:0.0000s ]
SQL: SHOW COLUMNS FROM `sh_buttons` [ RunTime:0.0000s ]
SQL: SELECT * FROM `sh_buttons`  [ RunTime:0.0000s ]
SQL: SHOW COLUMNS FROM `sh_shop_config` [ RunTime:0.0000s ]
SQL: SELECT * FROM `sh_shop_config`  [ RunTime:0.0000s ]
SQL: SHOW COLUMNS FROM `sh_category` [ RunTime:0.0156s ]
SQL: SELECT * FROM `sh_category` WHERE ( parent_id=0 )  [ RunTime:0.0000s ]
SQL: SELECT * FROM `sh_category` WHERE ( parent_id=55 )  [ RunTime:0.0000s ]
SQL: SELECT * FROM `sh_category` WHERE ( parent_id=67 )  [ RunTime:0.0000s ]
SQL: SELECT * FROM `sh_category` WHERE ( parent_id=54 )  [ RunTime:0.0000s ]
SQL: SELECT * FROM `sh_category` WHERE ( parent_id=71 )  [ RunTime:0.0000s ]
SQL: SELECT * FROM `sh_category` WHERE ( parent_id=58 )  [ RunTime:0.0000s ]
SQL: SELECT * FROM `sh_category` WHERE ( parent_id=73 )  [ RunTime:0.0000s ]
SQL: SELECT * FROM `sh_category` WHERE ( parent_id=57 )  [ RunTime:0.0000s ]
SQL: SELECT * FROM `sh_category` WHERE ( parent_id=75 )  [ RunTime:0.0000s ]
SQL: SELECT * FROM `sh_category` WHERE ( parent_id=56 )  [ RunTime:0.0000s ]
SQL: SELECT * FROM `sh_category` WHERE ( parent_id=77 )  [ RunTime:0.0000s ]
SQL: SELECT * FROM `sh_category` WHERE ( parent_id=59 )  [ RunTime:0.0000s ]
SQL: SELECT * FROM `sh_category` WHERE ( parent_id=79 )  [ RunTime:0.0000s ]
SQL: SELECT * FROM `sh_category` WHERE ( parent_id=60 )  [ RunTime:0.0000s ]
SQL: SELECT * FROM `sh_category` WHERE ( parent_id=81 )  [ RunTime:0.0000s ]
SQL: SELECT * FROM `sh_category` WHERE ( parent_id=61 )  [ RunTime:0.0000s ]
SQL: SELECT * FROM `sh_category` WHERE ( parent_id=83 )  [ RunTime:0.0000s ]
SQL: SELECT * FROM `sh_category` WHERE ( parent_id=62 )  [ RunTime:0.0000s ]
SQL: SELECT * FROM `sh_category` WHERE ( parent_id=85 )  [ RunTime:0.0000s ]
SQL: SELECT * FROM `sh_category` WHERE ( parent_id=63 )  [ RunTime:0.0156s ]
SQL: SELECT * FROM `sh_category` WHERE ( parent_id=87 )  [ RunTime:0.0000s ]
SQL: SELECT * FROM `sh_category` WHERE ( parent_id=64 )  [ RunTime:0.0000s ]
SQL: SELECT * FROM `sh_category` WHERE ( parent_id=89 )  [ RunTime:0.0000s ]
SQL: SELECT * FROM `sh_category` WHERE ( parent_id=65 )  [ RunTime:0.0000s ]
SQL: SELECT * FROM `sh_category` WHERE ( parent_id=91 )  [ RunTime:0.0000s ]
SQL: SELECT * FROM `sh_category` WHERE ( parent_id=66 )  [ RunTime:0.0000s ]
SQL: SELECT * FROM `sh_category` WHERE ( parent_id=93 )  [ RunTime:0.0000s ]
INFO: [ app_end ] --START--
INFO: Run Behavior\ShowPageTraceBehavior [ RunTime:0.000000s ]
INFO: [ app_end ] --END-- [ RunTime:0.000000s ]

[ 2015-11-03T22:05:46+08:00 ] 127.0.0.1 /index.php/Home/Index/ajaxChkLogin
INFO: [ app_begin ] --START--
INFO: Run Behavior\ReadHtmlCacheBehavior [ RunTime:0.000000s ]
INFO: [ app_begin ] --END-- [ RunTime:0.000000s ]
SQL: SHOW COLUMNS FROM `sh_article_cat` [ RunTime:0.0156s ]
SQL: SELECT * FROM `sh_article_cat`  [ RunTime:0.0000s ]
SQL: SHOW COLUMNS FROM `sh_article` [ RunTime:0.0156s ]
SQL: SELECT * FROM `sh_article` WHERE ( cat_id=3 )  [ RunTime:0.0000s ]
SQL: SELECT * FROM `sh_article` WHERE ( cat_id=2 )  [ RunTime:0.0000s ]
SQL: SELECT * FROM `sh_article` WHERE ( cat_id=4 )  [ RunTime:0.0000s ]
SQL: SELECT * FROM `sh_article` WHERE ( cat_id=5 )  [ RunTime:0.0000s ]
SQL: SELECT * FROM `sh_article` WHERE ( cat_id=6 )  [ RunTime:0.0000s ]
SQL: SHOW COLUMNS FROM `sh_buttons` [ RunTime:0.0156s ]
SQL: SELECT * FROM `sh_buttons`  [ RunTime:0.0000s ]
SQL: SHOW COLUMNS FROM `sh_shop_config` [ RunTime:0.0000s ]
SQL: SELECT * FROM `sh_shop_config`  [ RunTime:0.0000s ]
SQL: SHOW COLUMNS FROM `sh_category` [ RunTime:0.0156s ]
SQL: SELECT * FROM `sh_category` WHERE ( parent_id=0 )  [ RunTime:0.0000s ]
SQL: SELECT * FROM `sh_category` WHERE ( parent_id=55 )  [ RunTime:0.0000s ]
SQL: SELECT * FROM `sh_category` WHERE ( parent_id=67 )  [ RunTime:0.0000s ]
SQL: SELECT * FROM `sh_category` WHERE ( parent_id=54 )  [ RunTime:0.0000s ]
SQL: SELECT * FROM `sh_category` WHERE ( parent_id=71 )  [ RunTime:0.0000s ]
SQL: SELECT * FROM `sh_category` WHERE ( parent_id=58 )  [ RunTime:0.0000s ]
SQL: SELECT * FROM `sh_category` WHERE ( parent_id=73 )  [ RunTime:0.0000s ]
SQL: SELECT * FROM `sh_category` WHERE ( parent_id=57 )  [ RunTime:0.0000s ]
SQL: SELECT * FROM `sh_category` WHERE ( parent_id=75 )  [ RunTime:0.0000s ]
SQL: SELECT * FROM `sh_category` WHERE ( parent_id=56 )  [ RunTime:0.0000s ]
SQL: SELECT * FROM `sh_category` WHERE ( parent_id=77 )  [ RunTime:0.0000s ]
SQL: SELECT * FROM `sh_category` WHERE ( parent_id=59 )  [ RunTime:0.0000s ]
SQL: SELECT * FROM `sh_category` WHERE ( parent_id=79 )  [ RunTime:0.0000s ]
SQL: SELECT * FROM `sh_category` WHERE ( parent_id=60 )  [ RunTime:0.0000s ]
SQL: SELECT * FROM `sh_category` WHERE ( parent_id=81 )  [ RunTime:0.0000s ]
SQL: SELECT * FROM `sh_category` WHERE ( parent_id=61 )  [ RunTime:0.0000s ]
SQL: SELECT * FROM `sh_category` WHERE ( parent_id=83 )  [ RunTime:0.0000s ]
SQL: SELECT * FROM `sh_category` WHERE ( parent_id=62 )  [ RunTime:0.0000s ]
SQL: SELECT * FROM `sh_category` WHERE ( parent_id=85 )  [ RunTime:0.0000s ]
SQL: SELECT * FROM `sh_category` WHERE ( parent_id=63 )  [ RunTime:0.0000s ]
SQL: SELECT * FROM `sh_category` WHERE ( parent_id=87 )  [ RunTime:0.0000s ]
SQL: SELECT * FROM `sh_category` WHERE ( parent_id=64 )  [ RunTime:0.0000s ]
SQL: SELECT * FROM `sh_category` WHERE ( parent_id=89 )  [ RunTime:0.0000s ]
SQL: SELECT * FROM `sh_category` WHERE ( parent_id=65 )  [ RunTime:0.0000s ]
SQL: SELECT * FROM `sh_category` WHERE ( parent_id=91 )  [ RunTime:0.0000s ]
SQL: SELECT * FROM `sh_category` WHERE ( parent_id=66 )  [ RunTime:0.0000s ]
SQL: SELECT * FROM `sh_category` WHERE ( parent_id=93 )  [ RunTime:0.0000s ]
INFO: [ app_end ] --START--
INFO: Run Behavior\ShowPageTraceBehavior [ RunTime:0.000000s ]
INFO: [ app_end ] --END-- [ RunTime:0.000000s ]

[ 2015-11-03T22:06:14+08:00 ] 127.0.0.1 /index.php/Home/Index/ajaxChkLogin
INFO: [ app_begin ] --START--
INFO: Run Behavior\ReadHtmlCacheBehavior [ RunTime:0.000000s ]
INFO: [ app_begin ] --END-- [ RunTime:0.000000s ]
SQL: SHOW COLUMNS FROM `sh_article_cat` [ RunTime:0.0000s ]
SQL: SELECT * FROM `sh_article_cat`  [ RunTime:0.0000s ]
SQL: SHOW COLUMNS FROM `sh_article` [ RunTime:0.0000s ]
SQL: SELECT * FROM `sh_article` WHERE ( cat_id=3 )  [ RunTime:0.0000s ]
SQL: SELECT * FROM `sh_article` WHERE ( cat_id=2 )  [ RunTime:0.0000s ]
SQL: SELECT * FROM `sh_article` WHERE ( cat_id=4 )  [ RunTime:0.0000s ]
SQL: SELECT * FROM `sh_article` WHERE ( cat_id=5 )  [ RunTime:0.0000s ]
SQL: SELECT * FROM `sh_article` WHERE ( cat_id=6 )  [ RunTime:0.0000s ]
SQL: SHOW COLUMNS FROM `sh_buttons` [ RunTime:0.0156s ]
SQL: SELECT * FROM `sh_buttons`  [ RunTime:0.0000s ]
SQL: SHOW COLUMNS FROM `sh_shop_config` [ RunTime:0.0000s ]
SQL: SELECT * FROM `sh_shop_config`  [ RunTime:0.0000s ]
SQL: SHOW COLUMNS FROM `sh_category` [ RunTime:0.0156s ]
SQL: SELECT * FROM `sh_category` WHERE ( parent_id=0 )  [ RunTime:0.0000s ]
SQL: SELECT * FROM `sh_category` WHERE ( parent_id=55 )  [ RunTime:0.0000s ]
SQL: SELECT * FROM `sh_category` WHERE ( parent_id=67 )  [ RunTime:0.0000s ]
SQL: SELECT * FROM `sh_category` WHERE ( parent_id=54 )  [ RunTime:0.0000s ]
SQL: SELECT * FROM `sh_category` WHERE ( parent_id=71 )  [ RunTime:0.0000s ]
SQL: SELECT * FROM `sh_category` WHERE ( parent_id=58 )  [ RunTime:0.0000s ]
SQL: SELECT * FROM `sh_category` WHERE ( parent_id=73 )  [ RunTime:0.0000s ]
SQL: SELECT * FROM `sh_category` WHERE ( parent_id=57 )  [ RunTime:0.0000s ]
SQL: SELECT * FROM `sh_category` WHERE ( parent_id=75 )  [ RunTime:0.0000s ]
SQL: SELECT * FROM `sh_category` WHERE ( parent_id=56 )  [ RunTime:0.0000s ]
SQL: SELECT * FROM `sh_category` WHERE ( parent_id=77 )  [ RunTime:0.0000s ]
SQL: SELECT * FROM `sh_category` WHERE ( parent_id=59 )  [ RunTime:0.0000s ]
SQL: SELECT * FROM `sh_category` WHERE ( parent_id=79 )  [ RunTime:0.0000s ]
SQL: SELECT * FROM `sh_category` WHERE ( parent_id=60 )  [ RunTime:0.0000s ]
SQL: SELECT * FROM `sh_category` WHERE ( parent_id=81 )  [ RunTime:0.0000s ]
SQL: SELECT * FROM `sh_category` WHERE ( parent_id=61 )  [ RunTime:0.0000s ]
SQL: SELECT * FROM `sh_category` WHERE ( parent_id=83 )  [ RunTime:0.0000s ]
SQL: SELECT * FROM `sh_category` WHERE ( parent_id=62 )  [ RunTime:0.0000s ]
SQL: SELECT * FROM `sh_category` WHERE ( parent_id=85 )  [ RunTime:0.0000s ]
SQL: SELECT * FROM `sh_category` WHERE ( parent_id=63 )  [ RunTime:0.0000s ]
SQL: SELECT * FROM `sh_category` WHERE ( parent_id=87 )  [ RunTime:0.0000s ]
SQL: SELECT * FROM `sh_category` WHERE ( parent_id=64 )  [ RunTime:0.0000s ]
SQL: SELECT * FROM `sh_category` WHERE ( parent_id=89 )  [ RunTime:0.0000s ]
SQL: SELECT * FROM `sh_category` WHERE ( parent_id=65 )  [ RunTime:0.0000s ]
SQL: SELECT * FROM `sh_category` WHERE ( parent_id=91 )  [ RunTime:0.0000s ]
SQL: SELECT * FROM `sh_category` WHERE ( parent_id=66 )  [ RunTime:0.0000s ]
SQL: SELECT * FROM `sh_category` WHERE ( parent_id=93 )  [ RunTime:0.0000s ]
INFO: [ app_end ] --START--
INFO: Run Behavior\ShowPageTraceBehavior [ RunTime:0.000000s ]
INFO: [ app_end ] --END-- [ RunTime:0.000000s ]

[ 2015-11-03T22:07:33+08:00 ] 127.0.0.1 /Home/Index/search/key/D-Link%E6%97%A0%E7%BA%BF%E8%B7%AF%E7%94%B1
ERR: SQLSTATE[42000]: Syntax error or access violation: 1064 You have an error in your SQL syntax; check the manual that corresponds to your MySQL server version for the right syntax to use near '%'D-Link'% or goods_desc like %'D-Link'% )' at line 1

[ 2015-11-03T22:07:46+08:00 ] 127.0.0.1 /Home/Index/search/key/D-Link%E6%97%A0%E7%BA%BF%E8%B7%AF%E7%94%B1
ERR: SQLSTATE[42000]: Syntax error or access violation: 1064 You have an error in your SQL syntax; check the manual that corresponds to your MySQL server version for the right syntax to use near '%D-Link% or goods_desc like %D-Link% )' at line 1

[ 2015-11-03T22:08:07+08:00 ] 127.0.0.1 /Home/Index/search/key/D-Link%E6%97%A0%E7%BA%BF%E8%B7%AF%E7%94%B1
ERR: SQLSTATE[42000]: Syntax error or access violation: 1064 You have an error in your SQL syntax; check the manual that corresponds to your MySQL server version for the right syntax to use near '%D-Link% or goods_desc like %D-Link% )' at line 1

[ 2015-11-03T22:08:16+08:00 ] 127.0.0.1 /Home/Index/search/key/D-Link%E6%97%A0%E7%BA%BF%E8%B7%AF%E7%94%B1
ERR: SQLSTATE[42000]: Syntax error or access violation: 1064 You have an error in your SQL syntax; check the manual that corresponds to your MySQL server version for the right syntax to use near '%D-Link% or goods_desc like %D-Link% )' at line 1

